0.670441 77
0.421095 11
0.000101 77
0.279762 11
0.000081 8
0.000016 69
0.288309 11
0.000078 8
0.000017 69
0.608369 1
0.127383 1
0.264336 1
0.640129 1
0.391325 1
0.328063 1
0.327836 14
0.520095 11
0.057598 1025
0.000066 957
0.000005 71
0.000134 697
0.000011 330
0.000098 617
0.000005 409
0.000340 248
0.001893 77
3.388238 11
0.000046 8
0.000015 69
0.287632 11
0.000093 8
0.000017 69
0.191977 11
0.000079 8
0.000015 69
0.175617 11
0.000074 8
0.000017 69
7.320354 1
0.383833 1
0.407924 1
1.776005 1
0.240048 1
1.143969 4
0.175692 4
0.232306 4
0.128012 1
0.135662 1
0.304263 1
0.240117 1
0.191984 1
0.303947 1
0.432439 1
0.255949 1
0.335562 1
0.696125 1
0.247982 1
0.288213 1
0.199602 1
0.400492 1
0.168055 1
0.072093 1
0.095287 1
0.432865 1
2.015325 1
0.180041 1
0.372033 1
0.476388 1
0.295346 1
0.288285 1
0.247927 10
1.112466 1
0.151534 1
0.343651 1
0.056026 1
0.192603 1
0.112114 1
0.191777 1
0.167857 1
0.247898 1
1.768574 1
0.192092 1
0.175778 1
0.183539 1
0.192179 1
0.184142 1
0.191629 1
0.111808 5
1.032685 2
0.000018 9
1.125794 68
0.240097 70
2.735820 12
0.000023 21
0.402555 12
0.000027 21
0.405302 12
0.000012 21
0.198419 12
0.000042 21
0.604047 12
0.000044 21
0.201344 12
0.000025 21
3.619465 12
0.000045 21
3.323259 12
0.082071 64
0.142027 110
0.715211 79
0.781209 71
0.310192 76
0.000145 36
0.000143 41
0.103941 41
0.091236 59
0.426590 35
0.288696 81
0.275506 49
0.000089 43
0.000082 50
22.624570 72
10.176277 72
10.245723 72
10.217760 72
10.280943 72
10.060854 72
5.806177 171
1.817813 82
0.613644 77
0.681807 87
1.244070 47
0.036418 59
0.068406 558
0.000574 41
1.890106 68
2.477656 48
0.000193 75
2.539450 77
5.795882 46
1.475905 4
0.739924 4
1.680160 1
0.215704 1
0.120286 1
0.456282 2
0.000019 9
2.428282 72
0.048302 20
5.088359 1
0.167261 1
0.103816 1
0.128183 1
0.360095 1
0.167958 1
0.263845 1
0.480324 2
0.106533 17
1.173294 1
0.087882 1
0.208051 2
0.000045 17
3.968676 93
0.487520 2
0.010475 183
0.000089 8
0.000008 1
0.000093 8
0.000101 7
0.000103 14
0.000202 1
0.000029 1
0.000047 16
0.123838 79
0.108817 81
0.003011 17
3.985303 27
0.880327 2
0.001689 17
4.574429 20
0.479170 2
0.012527 427
0.005677 21
14.778312 2
0.002128 138
0.621079 46
1.336735 3
0.499531 3
0.030236 3
0.030057 3
0.029919 3
0.030399 3
0.030376 3
0.028840 3
0.030475 3
0.029449 3
0.030964 3
0.030881 3
0.031170 3
0.030089 1
0.030336 1
0.267024 1
0.240135 2
0.487788 3
0.151774 3
0.232136 1
0.312142 1
0.295489 3
0.160044 3
0.248101 1
0.112337 1
0.536581 1
0.551305 1
0.424413 1
0.319687 1
0.199824 1
0.695966 1
0.263998 1
0.424075 1
0.455956 1
0.183860 1
0.608133 2
0.000101 39
0.192251 56
0.000011 50
2.119769 2
0.000084 110
0.000040 20
2.295855 2
0.000671 151
1.391459 2
0.000272 497
0.000156 29
3.223599 1
1.615943 3
0.175655 3
0.640600 2
0.000054 99
0.000156 28
2.547800 2
0.000249 355
0.000131 39
1.943235 2
0.000506 178
1.087698 2
0.214717 45
0.468323 211
0.311655 211
0.300114 211
0.300038 211
0.300082 211
0.300044 211
0.303266 211
0.299977 211
0.300057 211
0.300287 211
0.300117 211
0.300306 211
0.300012 211
0.300329 211
0.300036 211
0.178945 212
7.030008 211
0.314179 211
0.326681 211
0.303831 211
0.305223 211
0.309373 211
0.325862 211
0.300017 211
0.302465 211
0.306172 211
0.302310 211
0.313885 211
0.304163 211
0.313951 211
0.314939 211
0.302966 211
0.320410 211
0.329274 211
0.310481 211
0.309001 211
0.313795 211
0.300262 211
0.308855 211
0.324996 211
0.305348 211
0.321406 211
0.305393 211
0.307518 211
0.302145 211
0.370978 211
0.309154 211
0.307887 211
0.329393 211
0.300621 211
0.306303 211
0.306722 211
0.303351 211
0.311056 211
0.304242 211
0.309457 211
0.312244 211
0.324131 211
0.308845 211
0.314516 211
0.301502 211
0.314784 211
0.311725 211
0.354501 211
0.312673 211
0.318134 211
0.305511 211
0.323173 211
0.303343 211
0.304508 211
0.329420 211
0.322554 211
0.314231 211
0.361257 211
0.311654 211
0.301099 211
0.310567 211
0.346606 211
0.307756 211
0.308151 211
0.300215 211
0.301138 211
0.300738 211
0.303764 211
0.305137 211
0.321876 211
0.353934 211
0.308407 211
0.346086 211
0.311589 211
0.313706 211
0.314364 211
0.304954 211
0.311372 211
0.309643 211
0.305362 211
0.308913 211
0.331666 211
0.312510 211
0.316153 211
0.310420 211
0.325144 211
0.309394 211
0.346959 211
0.300008 211
0.301406 211
0.344728 211
0.301324 211
0.321269 211
0.305691 211
0.320243 211
0.311767 211
0.300698 211
0.305218 211
0.328761 211
0.300182 211
0.303071 211
0.316937 211
0.309231 211
0.334746 211
0.379938 211
0.303337 211
0.351061 211
0.311643 211
0.305292 211
0.304304 211
0.301562 211
0.336765 211
0.300903 211
0.300167 211
0.307977 211
0.305977 211
0.329699 211
0.302260 211
0.311992 211
0.310244 211
0.332466 211
0.306671 211
0.361495 211
0.306196 211
0.315354 211
0.320600 211
0.315886 211
0.338029 211
0.319993 211
0.315162 211
0.300963 211
0.324880 211
0.312204 211
0.307087 211
0.314705 211
0.305531 211
0.334491 211
0.301226 211
0.318745 211
0.325957 211
0.327047 211
0.317873 211
0.305299 211
0.326257 211
0.304791 211
0.337252 211
0.301340 211
0.336505 211
0.301129 211
0.323786 211
0.330498 211
0.339231 211
0.303491 211
0.305557 211
0.314239 211
0.319670 211
0.311901 211
0.302090 211
0.300045 211
0.317054 211
0.302142 211
0.339546 211
0.329390 211
0.330591 211
0.335202 211
0.341909 211
0.317214 211
0.302641 211
0.324532 211
0.309751 211
0.306697 211
0.303466 211
0.303166 211
0.317730 211
0.311298 211
0.304447 211
0.302044 211
0.314179 211
0.319819 211
0.307924 211
0.314847 211
0.309426 211
0.309736 211
0.312116 211
0.306814 211
0.301304 211
0.322867 211
0.302230 211
0.309011 211
0.350541 211
0.351760 211
0.312410 211
0.309513 211
0.308668 211
0.318625 211
0.349341 211
0.303266 211
0.317852 211
0.311390 211
0.331555 211
0.304624 211
0.315616 211
0.313277 211
0.304556 211
0.324725 211
0.317371 211
0.318547 211
0.302230 211
0.301095 211
0.306235 211
0.317998 211
0.304831 211
0.300901 211
0.323140 211
0.338131 211
0.306358 211
0.314206 211
0.329399 211
0.315399 211
0.332197 211
0.342335 211
0.316036 211
0.327138 211
0.302388 211
0.306957 211
0.321332 211
0.300106 211
0.345467 211
0.319782 211
0.315760 211
0.304373 211
0.302284 211
0.335958 211
0.323983 211
0.311253 211
0.331799 211
0.393392 211
0.337109 211
0.304774 211
0.337613 211
0.332015 211
0.304470 211
0.320893 211
0.309125 211
0.305004 211
0.300783 211
0.355735 211
0.536626 211
1.000134 211
0.306150 211
0.374845 211
0.318713 211
0.310027 211
0.300055 211
0.319787 211
0.305878 211
0.318066 211
0.323485 211
0.305089 211
0.321867 211
0.326139 211
0.307720 211
0.322246 211
0.325447 211
0.330622 211
0.353646 211
0.301960 211
0.323029 211
0.301665 211
0.310716 211
0.315969 211
0.307054 211
0.309293 211
0.320920 211
0.316359 211
0.302934 211
0.301657 211
0.301221 211
0.315617 211
0.314899 211
0.310890 211
0.300896 211
0.311131 211
0.308161 211
0.304951 211
0.317328 211
0.320812 211
0.301802 211
0.304177 211
0.311121 211
0.302188 211
0.326534 211
0.418767 211
0.319448 211
0.363184 211
0.323346 211
0.301911 211
0.306329 211
0.304008 211
0.360263 211
0.315558 211
0.335976 211
0.300287 211
0.308187 211
0.304402 211
0.310136 211
0.326298 211
0.321812 211
0.321250 211
0.302120 211
0.323817 211
0.311314 211
0.307947 211
0.312719 211
0.319477 211
0.308175 211
0.302021 211
0.327513 211
0.314540 211
0.308124 211
0.309864 211
0.306072 211
0.303731 211
0.344142 211
0.311404 211
0.312250 211
0.662805 211
1.012595 211
1.002966 211
0.999605 211
0.312674 211
0.343556 211
0.346167 211
0.312614 211
0.330511 211
0.326979 211
0.349116 211
0.326029 211
0.311946 211
0.355398 211
0.322733 211
0.317794 211
0.325753 211
0.320080 211
0.305290 211
0.322088 211
0.323722 211
0.322085 211
0.318823 211
0.317094 211
0.306791 211
0.338016 211
0.317360 211
0.319922 211
0.302947 211
0.312599 211
0.337111 211
0.315187 211
0.322393 211
0.342382 211
0.315000 211
0.310313 211
0.352319 211
0.352035 211
0.343211 211
0.324228 211
0.307153 211
0.341462 211
0.317787 211
0.308575 211
0.300237 211
0.303304 211
0.309798 211
0.326179 211
0.329873 211
0.309848 211
0.333909 211
0.351175 211
0.393150 211
0.314491 211
0.325341 211
0.317866 211
0.303034 211
0.307280 211
0.303978 211
0.332429 211
0.322635 211
0.351061 211
0.303309 211
0.312436 211
0.313201 211
0.325583 211
0.302705 211
0.310222 211
0.301392 211
0.319679 211
0.319957 211
0.324720 211
0.319143 211
0.340908 211
0.326476 211
0.331831 211
0.327930 211
0.317040 211
0.323001 211
0.304087 211
0.303589 211
0.319416 211
0.302783 211
0.312047 211
0.301718 211
0.304340 211
0.304851 211
0.355740 211
0.310163 211
0.307122 211
0.320349 211
0.334650 211
0.314781 211
0.333080 211
0.318137 211
0.314787 211
0.312440 211
0.326982 211
0.302674 211
0.320229 211
0.301661 211
0.335390 211
0.330623 211
0.304335 211
0.300138 211
0.314777 211
0.345954 211
0.327171 211
0.303417 211
0.306147 211
0.330108 211
0.303067 211
0.301124 211
0.301690 211
0.301165 211
0.337133 211
0.319560 211
0.303216 211
0.342022 211
0.300689 211
0.387024 211
0.300156 211
0.314282 211
0.331177 211
0.318691 211
0.302181 211
0.304875 211
0.307131 211
0.329539 211
0.332668 211
0.309680 211
0.352658 211
0.320199 211
0.321015 211
0.316914 211
0.323444 211
0.309904 211
0.300949 211
0.317587 211
0.301933 211
0.313478 211
0.326655 211
0.316078 211
0.301402 211
0.302196 211
0.333423 211
0.307224 211
0.326087 211
0.304862 211
0.306008 211
0.328485 211
0.314315 211
0.308761 211
0.324449 211
0.339967 211
0.306758 211
0.318136 211
0.332110 211
0.310001 211
0.318557 211
0.311043 211
0.303994 211
0.355305 211
0.333010 211
0.308646 211
0.325034 211
0.340336 211
0.335166 211
0.302911 211
0.306721 211
0.306199 211
0.313971 211
0.328652 211
0.337964 211
0.342460 211
0.314940 211
0.313904 211
0.320707 211
0.336298 211
0.305098 211
0.341788 211
0.307907 211
0.318947 211
0.300275 211
0.324093 211
0.326320 211
0.307180 211
0.313087 211
0.306933 211
0.311214 211
0.318970 211
0.314677 211
0.317415 211
0.303997 211
0.302665 211
0.348743 211
0.315126 211
0.301269 211
0.316261 211
0.306872 211
0.329978 211
0.302882 211
0.300089 211
0.352771 211
0.327565 211
0.313938 211
0.330530 211
0.324072 211
0.307154 211
0.310017 211
0.306990 211
0.300732 211
0.304045 211
0.320456 211
0.311714 211
0.310172 211
0.307070 211
0.324693 211
0.303063 211
0.339374 211
0.300997 211
0.300810 211
0.303265 211
0.316446 211
0.316900 211
0.315359 211
0.313821 211
0.318905 211
0.313317 211
0.313983 211
0.308704 211
0.380377 211
0.302874 211
0.323092 211
0.303708 211
0.365205 211
0.302026 211
0.300458 211
0.314023 211
0.320687 211
0.337482 211
0.320826 211
0.308374 211
0.302012 211
0.301056 211
0.301596 211
0.301159 211
0.300117 211
0.305438 211
0.334580 211
0.329989 211
0.301938 211
0.303134 211
0.307556 211
0.311869 211
0.307042 211
0.300236 211
0.301240 211
0.316030 211
0.330680 211
0.309419 211
0.301414 211
0.300365 211
0.300723 211
0.300220 211
0.308907 211
0.313257 211
0.301642 211
0.315031 211
0.309128 211
0.306205 211
0.308829 211
0.306827 211
0.306209 211
0.328807 211
0.308092 211
0.302323 211
0.321778 211
0.336815 211
0.305404 211
0.309058 211
0.301564 211
0.300397 211
0.304707 211
0.308303 211
0.304204 211
0.303293 211
0.316336 211
0.338464 211
0.300503 211
0.311615 211
0.302374 211
0.317199 211
0.311545 211
0.315353 211
0.305672 211
0.324388 211
0.310657 211
0.300920 211
0.302003 211
0.316568 211
0.303661 211
0.304809 211
0.304763 211
0.309390 211
0.309561 211
0.323298 211
0.333902 211
0.346373 211
0.318629 211
0.349291 211
0.303589 211
0.328003 211
0.300320 211
0.315854 211
0.321203 211
0.301370 211
0.327297 211
0.332159 211
0.306449 211
0.311411 211
0.311104 211
0.325371 211
0.312352 211
0.315278 211
0.305184 211
0.304850 211
0.321285 211
0.317817 211
0.304917 211
0.300548 211
0.330545 211
0.325848 211
0.313032 211
0.332286 211
0.307633 211
0.317340 211
0.309689 211
0.313185 211
0.384135 211
0.301629 211
0.304177 211
0.317070 211
0.362194 211
0.307797 211
0.341154 211
0.300992 211
0.345099 211
0.329851 211
0.337057 211
0.300120 211
0.433985 211
0.344873 211
0.303987 211
0.305916 211
0.354944 211
0.345658 211
0.499568 211
0.356477 211
0.355608 211
0.400839 211
0.360880 211
0.374822 211
0.325118 211
0.316016 211
0.308822 211
0.325986 211
0.357223 211
0.358005 211
0.353851 211
0.309191 211
0.474131 211
0.328826 211
0.433229 211
0.528784 211
0.466142 211
0.511870 211
0.406319 211
0.349660 211
0.350964 211
0.347205 211
0.489895 211
0.315705 211
0.408460 211
0.345756 211
0.346260 211
0.388279 211
0.346107 211
0.377394 211
0.317893 211
0.334847 211
0.317375 211
0.312711 211
0.310013 211
0.300001 211
0.307750 211
0.322227 211
0.428351 211
0.397791 211
0.302980 211
0.343846 211
0.314815 211
0.326104 211
0.393973 211
0.349991 211
0.346147 211
0.359046 211
0.338573 211
0.303076 211
0.347918 211
0.325068 211
0.363971 211
0.316438 211
0.399946 211
0.314032 211
0.301730 211
0.337005 211
0.331048 211
0.317875 211
0.309407 211
0.318831 211
0.331088 211
0.316869 211
0.341218 211
0.305696 211
0.338840 211
0.305817 211
0.302302 211
0.421016 211
0.371035 211
0.325996 211
0.312056 211
0.305667 211
0.332341 211
0.412829 211
0.367632 211
0.311336 211
0.335187 211
0.305628 211
0.319474 211
0.342571 211
0.338120 211
0.350278 211
0.300657 211
0.307156 211
0.304940 211
0.331039 211
0.308017 211
0.363971 211
0.300173 211
0.314587 211
0.321278 211
0.311011 211
0.361879 211
0.359181 211
0.369833 211
0.312201 211
0.338910 211
0.307809 211
0.302904 211
0.311436 211
0.333880 211
0.339935 211
0.343929 211
0.303894 211
0.342096 211
0.316112 211
0.333653 211
0.343651 211
0.315441 211
0.363002 211
0.347322 211
0.317842 211
0.305895 211
0.368542 211
0.326601 211
0.347876 211
0.310024 211
0.343269 211
0.360920 211
0.306618 211
0.356243 211
0.341005 211
0.406972 211
0.332066 211
0.344727 211
0.362142 211
0.348934 211
0.323548 211
0.314298 211
0.315240 211
0.327870 211
0.301814 211
0.345186 211
0.319149 211
0.311016 211
0.363760 211
0.346017 211
0.321349 211
0.352926 211
0.330709 211
0.343147 211
0.357054 211
0.334964 211
0.313869 211
0.380253 211
0.308028 211
0.321776 211
0.364932 211
0.302060 211
0.372300 211
0.325518 211
0.334206 211
0.312837 211
0.306142 211
0.337977 211
0.344913 211
0.447870 211
0.323377 211
0.321168 211
0.319771 211
0.394406 211
0.301709 211
0.348821 211
0.300111 211
0.335817 211
0.329147 211
0.320845 211
0.316796 211
0.311037 211
0.404420 211
0.320174 211
0.326417 211
0.359253 211
0.315174 211
0.376934 211
0.415848 211
0.355265 211
0.358701 211
0.495677 211
0.496907 211
0.354605 211
1.149099 211
0.369766 211
0.468172 211
0.336917 211
0.348965 211
0.374297 211
0.347442 211
0.347529 211
0.346360 211
0.349629 211
0.341523 211
0.372472 211
0.495954 211
0.314712 211
0.454000 211
0.310171 211
0.341560 211
0.354103 211
0.341188 211
0.331922 211
0.343964 211
0.305692 211
0.329121 211
0.311199 211
0.309764 211
0.364140 211
0.309854 211
0.360977 211
0.337179 211
0.340819 211
0.375040 211
0.336988 211
0.366147 211
0.302801 211
0.349100 211
0.300031 211
0.325922 211
0.347433 211
0.329433 211
0.348895 211
0.321173 211
0.344041 211
0.415985 211
0.305305 211
0.343776 211
0.339428 211
0.316866 211
0.321188 211
0.352644 211
0.325885 211
0.307630 211
0.331138 211
0.312530 211
0.346681 211
0.330826 211
0.308932 211
0.354327 211
0.332018 211
0.313745 211
0.300025 211
0.336840 211
0.312299 211
0.310823 211
0.339203 211
0.300818 211
0.368030 211
0.309045 211
0.313858 211
0.387990 211
0.346265 211
0.312777 211
0.323760 211
0.324468 211
0.356852 211
0.301864 211
0.301047 211
0.301001 211
0.323165 211
0.320650 211
0.306099 211
0.300034 211
0.349114 211
0.308041 211
0.316280 211
0.332682 211
0.331805 211
0.331211 211
0.345904 211
0.339868 211
0.319803 211
0.340465 211
0.301695 211
0.343606 211
0.332509 211
0.317124 211
0.335333 211
0.303599 211
0.353790 211
0.300160 211
0.302887 211
0.338168 211
0.386202 211
0.732816 211
0.317935 211
0.344951 211
0.316231 211
0.337876 211
0.304740 211
0.304099 211
0.342329 211
0.301721 211
0.299973 211
0.304121 211
0.309682 211
0.330227 211
0.344834 211
0.332532 211
0.339694 211
0.312065 211
0.353766 211
0.303568 211
0.338561 211
0.367981 211
0.346023 211
0.303723 211
0.335467 211
0.340863 211
0.330394 211
0.341444 211
0.300056 211
0.329149 211
0.338018 211
0.340967 211
0.394049 211
0.328030 211
0.305562 211
0.342045 211
0.323301 211
0.310085 211
0.314689 211
0.340957 211
0.315076 211
0.448212 211
0.341708 211
0.301174 211
0.340842 211
0.328899 211
0.304104 211
0.341335 211
0.315401 211
0.300095 211
0.338190 211
0.300182 211
0.342779 211
0.325864 211
0.342014 211
0.436328 211
0.373874 211
0.318913 211
0.385835 211
0.444687 211
0.303450 211
0.311885 211
0.384562 211
0.303590 211
0.314254 211
0.303881 211
0.354863 211
0.328269 211
0.302627 211
0.221772 212
7.570402 211
0.330223 211
0.258485 212
0.184881 211
0.307928 211
0.250167 212
0.375072 211
0.336769 211
0.300199 211
0.300188 211
0.300281 211
0.300115 211
0.300132 211
0.397861 211
0.300226 211
0.300197 211
0.143937 212
7.182287 60
0.725049 24
0.000947 1409
0.000805 27
0.000232 23
0.000946 211
0.506852 211
0.511406 211
0.012048 211
0.093385 423
0.028684 212
0.000338 213
0.000195 213
0.002313 27
0.023779 56
0.008010 29
0.002493 21
0.013065 636
0.015666 214
0.016624 211
0.000768 211
0.002026 211
0.000331 211
0.000362 211
0.000382 211
0.000528 211
0.004740 211
0.001053 211
0.000729 211
0.001846 211
0.000612 214
0.013169 214
0.009077 211
0.000192 211
0.000437 211
0.000336 214
0.007198 422
0.000190 211
0.000097 211
0.000213 211
0.000080 211
0.000236 211
0.000082 211
0.000288 211
0.000074 211
0.000231 214
0.010458 214
0.381599 428
0.000029 214
0.255013 2
0.119064 451
0.000380 11
0.178606 45
0.474978 211
0.391078 211
0.375308 211
0.300262 211
0.067215 212
1.936860 60
0.001138 61
0.001280 57
0.001193 75
0.001265 57
0.001292 55
0.007278 78
0.718323 24
0.003581 4095
0.000014 1151
0.002270 27
0.000407 23
0.002419 211
0.327748 211
0.393751 211
0.001116 211
0.199149 423
0.122029 423
0.005961 423
0.305010 211
0.329639 211
0.313051 211
0.340070 211
0.306638 211
0.300937 211
0.301511 211
0.301678 211
0.317010 211
0.310791 211
0.323458 211
0.154240 423
0.300836 211
0.300647 211
0.131612 423
0.300361 211
0.301498 211
0.291317 423
0.300352 211
0.324440 211
0.300614 211
0.306697 211
0.318842 211
0.300210 211
0.146982 423
0.302471 211
0.304774 211
0.304406 211
0.137817 212
0.000033 211
0.317005 211
0.069217 423
0.229217 212
0.000020 211
0.307171 211
0.344807 211
0.286737 423
0.306383 211
0.103569 212
0.000076 211
0.300710 211
0.317160 211
0.312703 211
0.311555 211
0.320371 211
0.344793 211
0.308254 211
0.325977 211
0.303558 211
0.361787 211
0.305185 211
0.319138 211
0.313211 211
0.309194 211
0.007794 423
0.329001 211
0.317611 211
0.308954 211
0.302997 211
0.300583 211
0.300499 211
0.303307 211
0.070687 423
0.310627 211
0.285697 423
0.302627 211
0.042628 212
0.000046 211
0.306021 211
0.309482 211
0.318086 211
0.300250 211
0.309050 211
0.301427 211
0.301292 211
0.304339 211
0.303573 211
0.309560 211
0.307887 211
0.303900 211
0.328287 211
0.333154 211
0.320206 211
0.332027 211
0.301334 211
0.321285 211
0.302755 211
0.316431 211
0.300147 211
0.300020 211
0.088028 423
0.318610 211
0.344365 211
0.319441 211
0.331496 211
0.301389 211
0.302930 211
0.303741 211
0.317552 211
0.118438 423
0.323076 211
0.317349 211
0.327474 211
0.308225 211
0.392189 211
0.425351 211
0.322461 211
0.371887 211
0.306610 211
0.302453 211
0.310125 211
0.305734 211
0.314880 211
0.310416 211
0.313522 211
0.304073 211
0.316342 211
0.368762 211
0.301063 211
0.392454 211
0.338529 211
0.318841 211
0.371238 211
0.303634 211
0.368472 211
0.329938 211
0.453691 211
0.336344 211
0.323819 211
0.407901 211
0.389240 211
0.343675 211
0.419370 211
0.358139 211
0.371735 211
0.341166 211
0.355099 211
0.386725 211
0.323791 211
0.390010 211
0.394900 211
0.739339 211
0.325776 211
0.368347 211
0.396455 211
0.336977 211
0.339960 211
0.315953 211
0.328060 211
0.302298 211
0.343890 211
0.301182 211
0.321948 211
0.346127 211
0.304853 211
0.329130 211
0.332924 211
0.307302 211
0.357068 211
0.303281 211
0.316209 211
0.340855 211
0.324152 211
0.351803 211
0.338201 211
0.371186 211
0.342735 211
0.319058 211
0.314960 211
0.317919 211
0.310023 211
0.314268 211
0.340658 211
0.522351 211
0.329232 211
0.303463 211
0.300171 211
0.330826 211
0.242962 212
0.000373 213
0.000290 213
0.042870 27
0.124533 56
0.260769 29
0.001756 21
0.102304 211
0.000331 211
0.000859 211
0.000249 211
0.001351 211
0.000230 211
0.000299 211
0.001999 211
0.000436 211
0.000423 211
0.000284 211
0.000273 211
0.000214 211
0.000329 211
0.000606 211
0.000940 211
0.000201 211
0.000347 211
0.000313 211
0.000282 211
0.000197 211
0.000219 211
0.000132 211
0.000284 211
0.000116 211
0.000258 211
0.000229 211
0.000196 211
0.000343 211
0.001094 211
0.000151 211
0.000324 211
0.000096 211
0.000389 211
0.000198 211
0.000233 212
0.000091 2
0.107805 214
0.022281 211
0.002481 211
0.001966 211
0.000660 211
0.001155 211
0.001162 211
0.001020 211
0.001145 211
0.000871 211
0.000882 211
0.000680 211
0.005596 211
0.002640 211
0.001939 214
0.012299 211
0.001587 211
0.001343 211
0.000745 211
0.000786 211
0.000727 211
0.005620 211
0.004299 211
0.001420 211
0.001012 211
0.000942 211
0.001211 211
0.000829 211
0.000909 211
0.000853 211
0.003202 211
0.001221 211
0.001683 211
0.000907 211
0.001431 211
0.001000 211
0.001614 211
0.001523 211
0.000972 211
0.000860 211
0.001703 211
0.000956 211
0.002277 211
0.000808 211
0.002264 211
0.000923 211
0.000824 211
0.002869 211
0.001025 211
0.000854 211
0.001010 211
0.000746 211
0.002999 211
0.000986 211
0.000858 211
0.000906 211
0.000857 211
0.001556 211
0.000965 211
0.002350 211
0.000897 211
0.000927 211
0.001018 211
0.000799 211
0.003243 211
0.002306 211
0.000852 211
0.001305 211
0.000897 211
0.000803 211
0.000762 211
0.000845 211
0.001658 211
0.002163 211
0.000944 211
0.000937 211
0.001006 211
0.000858 211
0.002323 211
0.000869 211
0.002388 211
0.000802 211
0.000807 211
0.004724 211
0.003313 211
0.003424 211
0.002101 211
0.002214 211
0.002757 211
0.002155 214
0.027485 214
0.010075 211
0.001940 211
0.000538 211
0.000923 211
0.000597 211
0.000682 211
0.001168 422
0.004930 1477
0.000421 211
0.000398 211
0.000702 214
0.009873 211
0.001612 211
0.002449 211
0.002909 211
0.001009 211
0.003708 211
0.002093 211
0.003734 211
0.003144 211
0.000502 211
0.001267 211
0.003428 211
0.004720 211
0.002020 211
0.005500 211
0.006362 211
0.004792 211
0.004219 211
0.001998 211
0.005999 211
0.003285 211
0.005699 211
0.004068 211
0.005459 211
0.003677 211
0.006795 211
0.004762 211
0.003123 211
0.007165 211
0.004343 211
0.004277 211
0.004180 211
0.002745 211
0.004364 211
0.005343 211
0.004758 211
0.001874 211
0.005633 211
0.006531 211
0.004660 211
0.002791 211
0.004422 211
0.006471 211
0.009582 211
0.000922 211
0.004091 211
0.000427 211
0.003482 211
0.001707 211
0.000599 211
0.002305 211
0.001890 211
0.002280 211
0.002271 211
0.002643 211
0.002661 211
0.000984 211
0.003240 211
0.001767 211
0.000520 211
0.002299 211
0.003252 211
0.001643 211
0.000962 211
0.002569 211
0.000967 211
0.001518 211
0.003063 211
0.002041 211
0.000425 211
0.002538 211
0.001056 211
0.003768 211
0.002051 211
0.001010 211
0.001498 211
0.001351 211
0.000900 211
0.001703 211
0.002389 211
0.000526 211
0.003600 211
0.001622 211
0.001691 211
0.000481 211
0.001550 211
0.001013 211
0.002960 211
0.000765 211
0.002686 211
0.005589 211
0.002680 211
0.001172 211
0.005233 211
0.005624 211
0.001546 211
0.005556 211
0.001979 211
0.001449 211
0.008703 211
0.010190 214
0.032500 211
0.000426 211
0.000616 211
0.000523 211
0.000254 214
0.009512 211
0.005655 211
0.002587 211
0.000256 211
0.003245 211
0.001926 211
0.000824 214
0.010401 214
0.009652 211
0.034791 211
0.050475 211
0.017134 211
0.001299 211
0.002477 211
0.000965 211
0.001081 211
0.000985 211
0.001629 211
0.001533 211
0.000812 211
0.001546 211
0.000912 211
0.001664 211
0.000737 211
0.001435 211
0.001401 211
0.000786 211
0.001587 211
0.001442 211
0.000820 211
0.001454 211
0.001491 211
0.000859 211
0.001575 211
0.001532 211
0.000806 211
0.000941 211
0.001496 211
0.001420 211
0.001531 211
0.000746 211
0.001433 211
0.001565 211
0.000772 211
0.001460 211
0.001429 211
0.000931 211
0.001550 211
0.000712 211
0.001074 211
0.001516 211
0.000916 211
0.001699 211
0.001183 211
0.001814 211
0.001395 211
0.001414 211
0.000768 211
0.001356 211
0.001600 211
0.000704 211
0.001543 211
0.001591 211
0.000851 211
0.002022 211
0.001556 211
0.000726 211
0.001464 211
0.000675 211
0.001268 211
0.000792 211
0.001539 211
0.000793 211
0.001396 211
0.001454 211
0.000969 211
0.000822 211
0.001686 211
0.000762 211
0.001522 211
0.001466 211
0.000853 211
0.000730 211
0.000997 211
0.001043 211
0.001479 211
0.001866 211
0.000940 211
0.000709 211
0.001067 211
0.001553 211
0.002780 211
0.002193 211
0.001220 211
0.001273 211
0.001277 211
0.001174 211
0.000966 211
0.000879 211
0.002587 211
0.006610 211
0.005350 214
0.025857 214
0.021743 214
0.010009 211
0.012064 211
0.001032 211
0.001009 211
0.000979 211
0.000990 211
0.001103 211
0.000841 211
0.000915 211
0.000948 211
0.000961 211
0.001002 211
0.001027 211
0.000976 211
0.001007 211
0.000943 211
0.000931 211
0.000989 211
0.000956 211
0.001052 211
0.000857 211
0.000876 211
0.000910 211
0.000872 211
0.000808 211
0.001045 211
0.000921 211
0.000986 211
0.000845 211
0.000916 211
0.000944 211
0.000883 211
0.000924 211
0.000897 211
0.000935 211
0.000938 211
0.000956 211
0.000932 211
0.000899 211
0.001002 211
0.001111 211
0.001120 211
0.000872 211
0.000904 211
0.001148 211
0.000982 211
0.000856 211
0.001044 211
0.001030 211
0.001006 211
0.000946 211
0.001054 211
0.000993 211
0.000938 211
0.000929 211
0.000993 211
0.001051 211
0.001047 211
0.000966 211
0.000945 211
0.001078 211
0.000966 211
0.001001 211
0.000947 211
0.001012 211
0.000977 211
0.001049 211
0.000886 211
0.001003 211
0.000947 211
0.000966 211
0.000719 211
0.001314 214
0.021012 214
0.798747 211
0.013936 211
0.006109 211
0.002304 211
0.001793 211
0.001823 211
0.001755 211
0.001583 211
0.002563 211
0.001212 211
0.001166 211
0.001189 211
0.001180 211
0.001231 211
0.002255 211
0.001783 211
0.001758 211
0.002803 211
0.001646 211
0.001311 211
0.001265 211
0.002100 211
0.001247 211
0.001267 211
0.000925 211
0.001240 211
0.001224 211
0.002288 211
0.001133 211
0.001193 211
0.002503 211
0.002164 211
0.002445 211
0.001983 211
0.001789 211
0.000415 211
0.000466 211
0.002372 211
0.001028 211
0.001110 211
0.001130 211
0.002043 211
0.001025 211
0.001213 211
0.001080 211
0.001188 211
0.001172 211
0.002163 211
0.001101 211
0.001104 211
0.001145 211
0.001057 211
0.000656 211
0.000737 211
0.001298 211
0.001249 211
0.001119 211
0.001159 211
0.001102 211
0.001172 211
0.002227 211
0.001294 211
0.001150 211
0.001388 211
0.002059 211
0.001702 211
0.001448 211
0.001838 211
0.001029 211
0.001091 211
0.001046 211
0.000911 211
0.000908 211
0.001596 211
0.000866 211
0.000925 211
0.000806 211
0.000777 211
0.000612 211
0.000636 211
0.001301 211
0.000509 211
0.001318 211
0.002214 211
0.002629 211
0.000623 211
0.000550 211
0.001795 211
0.001303 211
0.001191 211
0.001158 211
0.001148 211
0.001211 211
0.001219 211
0.002374 211
0.001356 211
0.000477 211
0.001025 211
0.000905 211
0.000661 211
0.005481 214
0.018677 214
0.012187 211
0.002485 211
0.001043 211
0.000845 211
0.000736 211
0.001517 211
0.001366 422
0.001921 636
0.012066 211
0.003574 211
0.001137 211
0.002337 211
0.002495 211
0.002353 211
0.002675 211
0.002210 211
0.002342 211
0.002234 211
0.002279 211
0.001775 211
0.002124 211
0.002037 211
0.002031 211
0.000769 211
0.005481 211
0.001400 211
0.002816 211
0.001050 214
0.011503 211
0.002823 211
0.001107 211
0.002788 211
0.002857 211
0.001304 211
0.001202 211
0.001227 211
0.001240 211
0.001178 211
0.001164 211
0.001192 211
0.001097 211
0.001083 211
0.001173 211
0.001000 211
0.001090 211
0.000997 211
0.001025 211
0.000524 211
0.002002 214
0.012171 211
0.000763 211
0.001152 211
0.001173 211
0.001167 211
0.002030 211
0.002229 211
0.000930 211
0.000398 211
0.002199 211
0.001316 211
0.000913 211
0.000817 211
0.000835 211
0.000915 211
0.000823 211
0.000341 211
0.001360 211
0.000861 211
0.000155 211
0.000721 211
0.001306 211
0.000343 211
0.000584 211
0.001797 211
0.000467 211
0.001213 211
0.003212 211
0.000639 211
0.001581 211
0.000559 214
0.015404 214
0.587558 211
0.009351 211
0.000712 211
0.001397 211
0.000856 211
0.001537 211
0.001244 211
0.001219 211
0.001178 211
0.001268 211
0.001219 211
0.001085 211
0.001047 211
0.001060 211
0.001253 211
0.001231 211
0.001260 211
0.001251 211
0.001216 211
0.001197 211
0.000871 211
0.000793 211
0.000835 211
0.000867 211
0.000953 211
0.000898 211
0.000851 211
0.001198 211
0.001794 211
0.000886 211
0.001278 211
0.000852 211
0.000819 211
0.000821 211
0.000791 211
0.000774 211
0.000805 211
0.001520 211
0.001170 211
0.004176 211
0.002601 211
0.000228 211
0.002130 211
0.005466 211
0.003683 211
0.006146 211
0.000222 211
0.001416 214
0.012548 214
0.029021 211
0.001420 211
0.000761 211
0.000518 211
0.000511 211
0.000516 211
0.000537 211
0.000499 211
0.001251 211
0.001674 211
0.000788 211
0.001186 211
0.001194 211
0.001368 211
0.001134 211
0.001155 211
0.001165 211
0.001142 211
0.000907 211
0.000819 211
0.000915 211
0.000725 211
0.000576 211
0.001598 211
0.000476 211
0.004286 211
0.000214 211
0.001995 211
0.002458 211
0.001291 211
0.001376 211
0.002285 211
0.002242 211
0.002223 211
0.002171 211
0.002483 211
0.001730 211
0.008415 211
0.001562 211
0.002013 211
0.002086 211
0.001779 211
0.001858 211
0.001139 211
0.001432 211
0.001576 211
0.001876 211
0.002250 211
0.001084 211
0.001923 211
0.002414 211
0.001872 211
0.002271 211
0.002061 211
0.002351 211
0.002587 211
0.002567 211
0.002032 211
0.002597 211
0.000999 214
0.026012 211
0.000850 211
0.001135 211
0.001215 211
0.000341 211
0.000387 211
0.001984 211
0.001073 211
0.000917 212
0.000009 2
0.009281 214
0.011125 211
0.002572 211
0.002422 211
0.001695 211
0.001949 211
0.000504 211
0.001420 211
0.001623 211
0.002174 211
0.001333 211
0.001198 211
0.002283 211
0.001224 211
0.001216 211
0.002316 211
0.001489 211
0.002475 211
0.001142 211
0.002287 211
0.001126 211
0.001196 211
0.001499 211
0.002167 211
0.001413 211
0.001308 211
0.002702 211
0.001520 211
0.001832 211
0.001256 211
0.002393 211
0.001243 211
0.002370 211
0.000984 211
0.001033 211
0.000996 211
0.001101 211
0.000586 214
0.012584 211
0.001001 211
0.001159 211
0.001380 211
0.001282 211
0.001300 211
0.001348 211
0.001141 211
0.001217 211
0.001381 211
0.001141 211
0.000935 211
0.000989 211
0.000876 211
0.001132 211
0.003068 211
0.001423 211
0.000657 211
0.002153 211
0.001277 211
0.000129 211
0.000200 211
0.000888 211
0.000230 211
0.000421 211
0.000908 211
0.001746 211
0.001603 211
0.000426 211
0.001143 211
0.000737 211
0.000859 211
0.000771 211
0.000987 211
0.000590 211
0.000835 211
0.000788 211
0.000823 211
0.000782 211
0.000595 211
0.000843 211
0.000659 211
0.000897 211
0.000600 211
0.001147 211
0.000977 211
0.000618 211
0.000855 211
0.000696 211
0.000842 211
0.000721 211
0.001537 211
0.000715 211
0.000832 211
0.000787 211
0.001028 211
0.000553 211
0.000898 211
0.000678 211
0.001002 211
0.000584 211
0.000965 211
0.000727 211
0.001036 211
0.000466 211
0.001544 211
0.000590 211
0.000854 211
0.000644 211
0.000803 211
0.000764 211
0.001348 211
0.000656 211
0.001024 211
0.000947 211
0.000668 211
0.001067 211
0.000737 211
0.000636 211
0.000898 211
0.000601 211
0.000316 211
0.000907 211
0.000555 211
0.000839 211
0.000706 211
0.001082 211
0.000551 211
0.000360 211
0.000831 211
0.000733 211
0.001053 211
0.000617 211
0.000923 211
0.000542 211
0.002257 214
0.012012 214
0.009763 211
0.001343 211
0.000788 211
0.001332 211
0.001268 211
0.001259 211
0.001225 211
0.001449 211
0.001139 211
0.001179 211
0.001290 211
0.001171 211
0.001018 211
0.000939 211
0.000833 211
0.000982 211
0.000925 211
0.003642 211
0.002011 211
0.004146 211
0.002269 211
0.000445 211
0.001971 211
0.001243 211
0.001269 211
0.000586 211
0.000396 211
0.001037 211
0.000799 211
0.000548 211
0.001163 211
0.001736 211
0.000756 211
0.000023 211
0.000950 211
0.000579 211
0.001081 211
0.000648 211
0.000240 211
0.002008 211
0.000572 211
0.000849 211
0.000582 211
0.000428 211
0.000825 211
0.000612 211
0.000297 211
0.001623 211
0.000817 211
0.000580 211
0.001172 211
0.000595 211
0.001518 211
0.006090 211
0.002828 211
0.001411 211
0.000584 211
0.000447 211
0.000892 211
0.000837 211
0.000622 211
0.001414 211
0.000840 211
0.000923 211
0.000563 211
0.001182 211
0.000853 211
0.000574 211
0.001334 211
0.000858 211
0.000548 211
0.000646 211
0.000945 211
0.000619 211
0.000330 211
0.000999 211
0.000801 211
0.000532 211
0.000579 211
0.000893 211
0.000533 211
0.001122 211
0.000669 211
0.001120 211
0.000511 211
0.000563 211
0.000899 211
0.000591 211
0.001476 211
0.000615 211
0.003644 211
0.000908 214
0.088713 214
0.014626 633
0.000167 211
0.000126 211
0.000144 211
0.000089 211
0.000057 211
0.000231 211
0.000055 211
0.000154 211
0.000088 211
0.000098 211
0.000167 211
0.000098 211
0.000163 211
0.000121 211
0.000059 211
0.000237 211
0.000052 211
0.000234 211
0.000051 211
0.000205 211
0.000078 211
0.000114 211
0.000182 211
0.000072 211
0.000185 211
0.000119 211
0.000043 211
0.000201 211
0.000105 211
0.000192 211
0.000035 211
0.000136 211
0.000164 211
0.000092 211
0.000171 211
0.000198 211
0.000033 211
0.000100 211
0.000133 211
0.000174 211
0.000191 211
0.000102 211
0.000049 211
0.000121 211
0.000192 211
0.000110 211
0.000158 211
0.000101 211
0.000048 211
0.000208 211
0.000093 211
0.000166 211
0.000093 211
0.000060 211
0.000230 211
0.000061 211
0.000192 211
0.000088 211
0.000166 211
0.000114 211
0.000050 211
0.000255 211
0.000090 211
0.000172 211
0.000098 211
0.000061 211
0.000194 211
0.000115 211
0.000183 211
0.000060 211
0.000126 211
0.000170 211
0.000076 211
0.000186 211
0.000092 211
0.000093 211
0.000237 211
0.000027 211
0.000170 211
0.000108 211
0.000167 211
0.000085 211
0.000109 211
0.000176 211
0.000108 211
0.000163 211
0.000117 211
0.000043 211
0.000206 211
0.000114 211
0.000170 211
0.000087 211
0.000130 211
0.000665 211
0.000090 211
0.000199 211
0.000033 211
0.000193 214
0.014729 633
0.000124 422
0.000026 211
0.000035 211
0.000118 211
0.000098 211
0.000065 211
0.000112 211
0.000076 211
0.000076 211
0.000120 211
0.000177 211
0.000091 211
0.000088 211
0.000059 214
0.012342 211
0.000140 211
0.000253 211
0.000301 211
0.000278 211
0.000258 211
0.000303 211
0.000268 211
0.000256 211
0.000251 211
0.000274 211
0.000273 211
0.000247 211
0.000262 211
0.000288 211
0.000291 211
0.000227 211
0.000318 211
0.000300 211
0.000225 211
0.000251 211
0.000239 211
0.000261 211
0.000186 211
0.000199 211
0.000235 211
0.000249 211
0.000246 211
0.000260 211
0.000275 211
0.000258 211
0.000262 211
0.000238 211
0.000317 211
0.000258 211
0.000267 211
0.000247 211
0.000294 211
0.000247 211
0.000266 211
0.000239 211
0.000292 211
0.000249 211
0.000260 211
0.000271 211
0.000273 214
0.010572 211
0.000521 211
0.000585 211
0.000626 211
0.000623 211
0.000602 211
0.000611 211
0.000578 211
0.000626 211
0.000611 211
0.000589 211
0.000647 211
0.000607 211
0.000583 211
0.000614 211
0.000582 211
0.000603 211
0.000630 211
0.000616 211
0.000590 211
0.000574 211
0.000630 211
0.000791 211
0.000455 211
0.000629 211
0.000580 211
0.000605 211
0.000624 211
0.000603 211
0.000634 211
0.000592 211
0.000621 211
0.000579 211
0.000602 211
0.000625 211
0.000584 211
0.000608 211
0.000680 211
0.000554 211
0.000674 211
0.000533 211
0.000611 211
0.000600 211
0.000589 211
0.000646 211
0.000576 211
0.000603 211
0.000615 211
0.000582 211
0.000626 211
0.000631 211
0.000593 211
0.000608 211
0.000595 211
0.000604 211
0.000612 211
0.000610 211
0.000676 211
0.000549 211
0.000594 211
0.000427 211
0.000439 211
0.000416 211
0.000464 211
0.000417 211
0.000472 211
0.000419 211
0.000439 211
0.000425 211
0.000292 211
0.000309 211
0.000291 211
0.000273 211
0.000277 211
0.000302 211
0.000285 211
0.000283 211
0.000298 211
0.000269 211
0.000276 211
0.000286 211
0.000302 211
0.000295 211
0.000292 211
0.000314 211
0.000284 211
0.000286 211
0.000285 211
0.000310 211
0.000275 211
0.000279 211
0.000383 211
0.000287 211
0.000273 211
0.000305 211
0.000285 211
0.000292 211
0.000268 211
0.000309 211
0.000275 211
0.000279 214
0.011438 214
0.005215 422
0.000064 211
0.000122 211
0.000120 211
0.000125 211
0.000160 211
0.000129 211
0.000124 211
0.000139 214
0.000546 214
0.018470 633
0.000083 211
0.000080 211
0.000174 211
0.000115 211
0.000144 214
0.008674 422
0.000107 211
0.000077 211
0.000128 211
0.000108 211
0.000111 211
0.000113 211
0.000156 211
0.000102 211
0.000150 211
0.000099 211
0.000169 211
0.000126 211
0.000100 214
0.007881 633
0.000092 211
0.000116 211
0.000116 211
0.001567 636
0.010671 214
0.007722 422
0.000155 211
0.000278 211
0.000114 211
0.000275 211
0.000150 211
0.000258 211
0.000305 211
0.000036 211
0.000254 211
0.000231 211
0.000110 211
0.000229 211
0.000209 211
0.000150 211
0.000205 211
0.000212 211
0.000123 211
0.000229 211
0.000131 211
0.000217 211
0.000198 211
0.000136 211
0.000229 211
0.000310 211
0.000048 211
0.000261 211
0.000206 211
0.000134 211
0.000332 211
0.000312 422
0.003807 4095
0.000006 1180
0.000102 211
0.000198 211
0.000146 211
0.000217 211
0.000258 211
0.000132 211
0.000234 211
0.000213 211
0.000155 211
0.000252 211
0.000227 211
0.000169 211
0.000177 211
0.000222 211
0.000290 211
0.000258 211
0.000296 211
0.000170 211
0.000299 211
0.000210 211
0.000127 211
0.000244 211
0.000148 211
0.000293 211
0.000293 211
0.000174 211
0.000255 211
0.000281 211
0.000135 211
0.000259 211
0.005976 422
0.000534 211
0.000252 211
0.000130 211
0.000263 211
0.000266 211
0.000401 211
0.000213 211
0.000223 211
0.000156 211
0.000251 211
0.000119 214
0.015926 211
0.000234 211
0.000367 211
0.000400 211
0.000390 211
0.000465 211
0.000358 211
0.000378 211
0.000370 211
0.000353 211
0.000368 211
0.000346 211
0.000357 211
0.000384 211
0.000370 211
0.000350 211
0.000380 211
0.000282 211
0.000344 211
0.000379 211
0.000345 211
0.000363 211
0.000368 211
0.000352 211
0.000383 211
0.000466 211
0.000307 211
0.000356 211
0.000346 211
0.000331 211
0.000391 211
0.000347 211
0.000375 211
0.000334 211
0.000298 211
0.000396 211
0.000319 211
0.000335 211
0.000345 211
0.000367 211
0.000362 211
0.000466 211
0.000421 211
0.000947 211
0.000766 211
0.000629 211
0.001024 211
0.000765 211
0.000655 211
0.000711 211
0.000621 211
0.000774 211
0.000789 211
0.000394 211
0.000668 211
0.000391 211
0.004589 1477
0.000293 211
0.000390 211
0.000715 211
0.000625 211
0.000484 211
0.000800 211
0.000667 211
0.000380 211
0.000637 211
0.000405 211
0.000870 211
0.000638 211
0.000745 211
0.000422 211
0.000761 211
0.000797 211
0.000755 211
0.000411 211
0.000678 211
0.000891 211
0.000725 211
0.000918 211
0.000631 211
0.000851 211
0.000480 211
0.000456 211
0.000440 211
0.000607 211
0.000869 211
0.000708 211
0.000731 211
0.000776 211
0.000597 211
0.000364 211
0.000821 211
0.000711 211
0.000595 211
0.000233 214
0.000241 214
0.045956 211
0.000013 422
0.000054 214
0.006144 211
0.000096 211
0.000097 211
0.000097 211
0.000131 211
0.000102 211
0.000118 211
0.000089 211
0.000113 211
0.000098 211
0.000102 211
0.000091 211
0.000113 211
0.000090 211
0.000170 211
0.000426 211
0.000116 211
0.000320 211
0.000127 211
0.000128 211
0.000130 211
0.000111 211
0.000110 211
0.000126 211
0.000113 211
0.000102 211
0.000114 211
0.000194 211
0.000112 211
0.000097 211
0.000110 211
0.000253 214
0.000059 214
0.022882 422
0.000014 211
0.000057 211
0.000123 211
0.000138 211
0.000095 211
0.000112 211
0.000105 211
0.000098 211
0.000107 211
0.000126 211
0.000105 211
0.000120 211
0.000088 211
0.000163 211
0.000109 211
0.000103 211
0.000124 211
0.000098 211
0.000103 211
0.000104 211
0.000105 211
0.000226 211
0.000098 211
0.000131 211
0.000139 211
0.000140 211
0.000177 211
0.000104 211
0.000123 211
0.000094 211
0.000096 211
0.000094 211
0.000090 211
0.000092 211
0.000091 211
0.000092 211
0.000089 211
0.000138 211
0.000107 211
0.000095 211
0.000091 211
0.000104 211
0.000082 211
0.000108 214
0.006691 422
0.000089 211
0.000139 211
0.000115 211
0.000102 211
0.000091 211
0.000156 211
0.000137 211
0.000104 211
0.000096 211
0.000125 211
0.000127 211
0.000555 211
0.000068 211
0.000143 211
0.000438 211
0.000091 211
0.000135 211
0.000146 211
0.000104 211
0.000139 211
0.000091 211
0.000097 214
0.006800 211
0.000253 211
0.000061 211
0.000119 211
0.000077 211
0.000111 211
0.000088 211
0.000109 211
0.000123 211
0.000464 211
0.000091 211
0.000102 211
0.000234 211
0.000143 214
0.006334 214
0.010184 422
0.000165 211
0.000238 211
0.000111 211
0.000143 211
0.000113 211
0.000193 211
0.000046 211
0.000091 211
0.000088 211
0.000137 211
0.000099 211
0.000128 211
0.000091 211
0.000109 211
0.000098 211
0.000105 211
0.000105 211
0.000109 211
0.000112 211
0.000123 211
0.000101 211
0.000110 211
0.000097 211
0.000109 211
0.000106 211
0.000109 211
0.000104 211
0.000134 211
0.000086 211
0.000117 211
0.000124 211
0.000086 211
0.000131 211
0.000103 211
0.000085 211
0.000101 211
0.000118 211
0.000105 211
0.000098 211
0.000105 211
0.000096 211
0.000110 211
0.000096 211
0.000105 211
0.000102 211
0.000112 211
0.000101 211
0.000119 211
0.000094 211
0.000117 211
0.001251 211
0.000085 211
0.000098 211
0.000108 211
0.000115 214
0.009606 214
0.008431 211
0.000013 211
0.000055 211
0.000118 211
0.000074 211
0.000102 211
0.000092 211
0.000113 211
0.000102 211
0.000087 211
0.000103 211
0.000110 211
0.000126 211
0.000094 211
0.000096 211
0.000098 211
0.000097 211
0.000096 211
0.000098 211
0.000085 211
0.000104 211
0.000109 211
0.000119 211
0.000093 211
0.000100 211
0.000103 211
0.000091 211
0.000092 211
0.000106 211
0.000098 211
0.000111 211
0.000107 211
0.000118 211
0.000089 211
0.000094 211
0.000086 211
0.000098 211
0.000089 211
0.000100 211
0.000108 211
0.000095 211
0.000123 211
0.000100 211
0.000085 211
0.000102 211
0.000096 211
0.000092 211
0.000089 211
0.000098 211
0.000153 211
0.000091 211
0.000147 211
0.000099 211
0.000075 214
0.012124 214
0.824673 214
0.479045 856
0.000014 214
0.000453 1070
0.000025 214
0.000042 214
0.000126 214
0.000023 214
0.000053 214
0.000094 214
0.000056 211
0.000031 3
0.000017 214
0.000111 214
0.000061 214
0.000086 211
0.000027 3
0.000057 214
0.000105 214
0.000088 214
0.000070 214
0.000100 214
0.000083 214
0.000081 214
0.000099 214
0.000084 211
0.000037 3
0.000039 214
0.000105 211
0.000046 3
0.000082 214
0.000069 214
0.000110 214
0.000053 211
0.000056 3
0.294404 2
0.135966 1146
0.000342 11
0.080612 105
0.090272 37
0.005966 73
0.079709 12
0.166787 40
0.082120 1229
0.003713 156
0.054628 12
0.066736 40
0.243918 302
0.066625 293
0.051579 202
0.000068 250
0.006041 2
0.046476 57
0.008990 62
0.000089 184
0.127930 173
0.031609 57
0.007633 62
0.000095 184
0.080838 109
0.000223 7
0.004742 211
0.252394 75
0.000522 46
0.000364 107
0.000065 14
0.000372 74
0.000264 41
0.000902 19
0.002733 107
0.004355 107
0.048702 57
0.008513 62
0.000074 184
0.077442 75
0.003303 97
0.003155 2
0.023112 142
0.000009 203
0.000339 33
0.000083 43
0.000007 78
0.000331 117
0.000048 151
0.000308 70
0.000269 33
0.188014 140
0.335661 136
0.172036 142
7.820330 1
0.287442 1
0.368328 1
0.111918 1
0.816672 2
0.000063 64
0.000008 2
0.000186 46
0.000107 33
0.000112 39
0.000262 25
2.727547 2
0.047487 57
0.007856 62
0.000163 184
0.080755 109
0.000201 7
0.004728 173
0.171858 75
0.000506 46
0.000322 102
0.000398 74
0.000247 41
0.001007 19
0.002691 88
0.003990 88
0.004072 20
0.009497 134
0.001092 17
0.958514 1
0.183899 1
0.311884 1
0.127557 1
0.111841 1
0.144105 1
0.272445 2
0.003763 137
0.000167 531
0.000243 17
11.752634 1
0.074980 1
0.880352 4
0.207556 4
3.716386 1
0.183708 1
0.232194 2
0.002790 10
0.000011 199
0.000099 2
0.000265 17
4.380848 1
0.191947 1
0.216065 1
0.183996 1
1.144180 1
0.159422 1
1.368935 4
0.159327 4
0.256046 1
0.159978 4
0.775961 1
0.143982 1
0.347919 6
1.308140 2
0.004170 62
0.000380 17
2.395571 1
0.175583 1
0.160469 1
0.415833 1
1.128234 1
0.183716 1
0.341485 1
0.570610 4
0.175560 4
0.288420 1
0.132685 4
0.883840 1
0.111300 1
0.349316 6
0.546806 1
0.116734 1
0.587341 4
0.199843 1
0.093706 9
1.210511 1
0.271720 1
0.112009 1
0.272029 1
0.087825 1
0.080371 1
0.216072 1
0.111940 1
1.040218 2
0.003084 17
1.500779 8
0.004765 20
1.067293 8
0.003062 77
1.008110 1
0.115901 1
0.260019 1
0.099847 1
0.107867 1
0.091999 1
0.160095 2
0.000017 9
0.004431 16
0.000057 129
0.000014 126
0.000012 145
0.000012 133
0.000005 120
0.000014 60
0.000007 60
0.000006 129
0.000309 8
0.000018 69
6.623254 1
0.095934 1
0.159839 1
0.224021 1
0.184186 2
0.000009 9
0.005200 717
0.000035 214
0.000008 263
0.000034 171
0.000016 288
0.000014 188
0.000006 100
0.000005 119
0.000012 123
0.000005 156
0.000018 171
0.000006 96
0.000306 8
0.000017 69
3.810359 1
0.456288 1
2.023915 2
0.536072 2
0.272213 2
0.087732 2
0.200032 2
0.215628 2
0.080207 2
0.231873 2
0.184291 2
0.143705 1
0.136282 2
0.271754 2
0.071959 2
0.408312 4
0.151778 4
0.231804 2
0.608346 2
0.111983 2
0.175595 2
0.304447 2
0.111700 2
0.224058 1
3.512420 1
0.079775 1
0.111911 1
0.192292 1
0.535890 1
0.231735 1
0.240113 1
0.816409 1
0.279608 1
0.196201 1
0.291693 1
0.144161 1
0.120022 1
0.079952 1
0.920124 1
0.095980 1
1.088035 1
6.611977 1
0.488237 1
1.175775 1
0.079771 1
0.960112 1
2.992056 1
0.495941 1
0.271781 1
2.816405 1
0.271875 1
0.780712 2
0.162924 1
0.584451 2
0.135780 2
0.119988 2
0.135955 2
0.264212 2
0.472025 2
0.167707 1
0.240292 2
0.103952 2
0.215703 2
0.720202 4
0.295886 2
0.120005 2
1.424305 1
0.183825 2
0.247878 2
0.336029 4
0.183970 4
0.280106 1
0.247857 1
0.192010 1
0.664292 2
0.000008 9
0.000105 8
0.000016 69
25.579870 1
0.495855 1
3.744080 2
0.215990 2
0.167932 1
0.576103 2
0.263888 2
0.271824 2
0.136187 2
0.288119 2
0.168007 2
0.119911 2
0.152288 2
2.167828 1
0.232229 1
0.287793 2
0.356318 2
0.883617 2
0.440092 2
0.199911 2
0.335763 2
1.924244 2
0.131777 2
0.079866 2
0.096224 1
0.204001 2
0.051954 2
0.232106 2
0.127696 2
0.092102 2
0.180016 2
0.096074 2
0.139915 2
0.164134 2
0.056039 2
0.111943 2
0.200053 2
0.852173 12
0.471947 38
0.127816 38
0.143923 38
0.272150 37
0.231824 37
0.404121 36
0.244065 2
0.000017 9
0.000104 8
0.000018 69
1.367809 76
0.192207 129
0.175600 137
0.192081 10
0.416169 53
0.960008 11
2.387854 125
0.045845 20
2.559263 1
0.183691 1
0.207845 1
0.159941 1
0.280382 1
0.448516 1
0.127443 1
0.063348 1
0.208220 1
2.920717 1
0.431745 1
0.175892 1
0.737276 2
0.486829 1
0.111745 1
0.069620 1
0.802971 1
0.137621 2
0.413944 1
0.330453 3
0.717639 1
0.223814 1
0.164206 5
1.532048 1
0.161416 5
0.854767 2
0.070129 15
0.001475 81
0.003964 4094
0.000024 2253
0.700998 24
0.000297 45
0.499212 24
0.000154 45
0.030417 24
0.000745 45
0.030724 24
0.000958 45
0.027481 24
0.000164 45
0.030885 24
0.000091 45
0.030037 24
0.000196 45
0.029729 24
0.000171 45
0.141752 24
0.000188 50
0.231852 25
0.000184 47
0.199647 25
0.000182 47
0.648075 99
0.000187 76
1.065459 347
0.574981 35
1.128063 66
0.671633 77
0.304193 66
0.352168 66
0.183424 34
0.360629 34
1.503362 75
0.272065 75
1.515954 16
0.000277 93
0.240046 1
0.127627 1
0.000075 32
0.004651 18
0.000121 40
0.000056 39
0.510989 41
0.000068 11
0.131761 1
0.095686 1
0.001280 49
0.003597 20
0.941462 34
0.246371 81
2.680410 31
0.439509 64
0.568014 1
0.175865 1
0.287401 1
0.424095 4
0.143863 4
0.296271 1
0.111849 1
0.152124 1
0.152092 1
0.167844 1
0.192447 1
0.295698 1
0.424011 1
0.095858 1
0.080107 1
0.208104 1
0.240016 1
0.119700 1
0.200263 1
0.304512 1
0.079525 1
0.279670 1
0.231990 1
0.136511 1
0.127894 1
0.231897 1
0.143900 1
0.167728 1
0.112281 1
0.159802 28
0.768268 2
0.087934 20
2.424377 1
0.047397 1
0.144214 1
0.176047 1
0.119783 2
0.002607 315
0.000053 1135
0.000280 20
3.053423 8
0.002906 8
0.000007 69
1.004694 47
0.263517 210
0.904247 129
1.615833 11
0.000119 8
0.000007 69
9.596125 11
0.000099 8
0.000007 69
0.199772 11
0.000098 8
0.000016 69
0.163690 11
0.000096 8
0.000022 69
0.548088 1
0.063940 1
0.228083 1
0.187794 1
0.104058 2
0.000009 9
0.004659 315
0.000013 239
0.000010 50
0.000010 207
0.000009 120
0.000010 144
0.000006 2
0.000021 117
0.000033 171
0.000018 288
0.000015 288
0.000058 242
0.000010 757
0.000312 8
0.000018 69
2.275208 1
0.351776 1
0.143944 1
0.167906 1
0.176129 1
0.472088 1
0.399968 1
0.751986 1
0.831990 1
0.680092 1
0.687836 1
0.487987 1
0.304269 1
0.807901 2
0.000009 9
0.004154 48
0.000635 57
1.010089 57
1.023625 57
1.024000 57
1.023965 57
1.024010 57
1.023922 57
1.023979 57
1.024051 57
1.024017 58
1.027934 58
0.317395 2
0.000021 36
0.000018 118
0.000413 8
0.000018 69
1.695547 3
0.319923 1
0.584223 4
0.223793 4
4.400304 11
0.000020 6
