0.729296 77
0.050611 11
0.000088 77
0.239971 11
0.000077 8
0.000014 69
0.223897 11
0.000081 8
0.000018 69
0.936123 18
1.311814 21
1.255973 1
0.120010 1
0.935989 1
0.047814 1
0.128192 1
0.087889 1
0.159965 1
0.160087 1
0.088051 1
0.255951 1
0.263876 2
0.000012 9
1.450832 68
0.000557 68
0.466383 70
2.726489 12
0.000049 21
0.401929 12
0.000024 21
0.401693 12
0.000078 21
0.402310 12
0.000054 21
1.204858 12
0.000099 21
0.200818 12
0.000087 21
4.017640 12
0.000050 21
2.802322 12
0.111161 64
0.179434 110
0.786878 79
0.771561 71
0.287903 76
0.000139 36
0.000110 41
0.098162 41
0.095232 59
0.418614 35
0.282097 81
0.273236 49
0.000054 43
0.000097 50
22.471888 72
10.152265 72
10.334270 72
10.314355 72
10.227617 72
10.211530 72
4.638672 171
2.150263 82
0.677768 77
0.656790 87
0.922504 47
0.055893 59
0.073983 558
0.000562 41
2.092594 68
2.570317 48
0.000175 75
2.470633 53
1.014926 49
0.439736 92
0.007252 92
2.192262 33
0.014636 92
56.217925 33
0.003448 92
7.057154 38
0.007353 92
0.688134 81
0.000354 38
0.008850 92
0.935915 38
0.008774 92
0.724660 38
0.004561 92
0.731492 38
0.006632 92
1.017035 38
0.026930 92
0.000306 162
0.319258 70
2.736398 12
0.000216 21
0.603229 12
0.000045 21
0.402225 12
0.000138 21
0.201082 12
0.000035 21
0.603325 12
0.000071 21
0.201075 12
0.000034 21
3.820038 12
0.000051 21
2.196847 12
0.109968 64
0.196124 110
0.693758 79
0.447940 76
0.395181 71
0.241353 76
0.000321 36
0.000117 41
0.089577 41
0.081500 59
0.266370 35
0.265562 81
0.195861 49
0.000072 43
0.000049 50
23.010244 72
10.043738 72
10.059452 72
10.276451 72
10.306031 72
10.000002 72
5.482579 171
1.857763 82
0.603967 77
0.637024 87
0.568534 47
0.030866 59
0.073057 558
0.000857 41
2.411616 68
2.589445 48
0.000183 75
2.457270 53
1.227491 49
0.435194 92
0.006998 92
3.834322 33
0.011797 92
38.400686 33
0.004440 92
7.145227 38
0.004720 92
0.719813 81
0.000439 38
0.009648 92
1.065301 38
0.007312 92
0.684885 38
0.006852 92
0.746087 38
0.008873 92
0.980880 38
0.028605 246
0.128774 77
64.285789 1
0.088486 1
0.215657 1
0.095905 1
0.080064 1
0.103690 1
0.144281 1
0.104020 1
0.136052 1
0.184173 1
0.071826 1
0.175714 1
0.176033 1
0.112193 1
0.224189 1
0.175841 1
0.120011 1
0.119930 1
0.360246 2
0.000020 9
2.566102 125
0.068195 20
3.455700 1
0.078336 1
0.103838 1
0.184111 1
0.111830 2
0.002115 1471
0.000330 20
1.845781 2
0.000099 20
0.184449 2
0.000059 20
0.167580 2
0.000074 20
0.959929 1
0.088239 1
0.242312 1
0.613138 1
0.144470 4
0.943785 1
0.376046 1
0.423932 1
0.599883 2
0.003350 20
1.612434 8
0.002588 8
0.000007 69
1.141003 18
1.047966 4
0.500443 4
0.030051 4
0.030606 4
0.110645 4
0.176433 4
0.247732 1
0.119927 1
0.135960 1
0.072248 1
0.183798 1
0.104116 1
0.235861 2
0.000032 9
2.452062 125
0.040802 20
4.364407 1
0.055415 1
0.288988 1
0.175382 1
0.176018 2
0.003940 418
0.000079 637
0.000084 415
0.000170 20
8.344141 31
0.639609 2
0.006755 42
0.044574 69
5.063893 146
5.000670 80
5.002435 80
5.002475 80
5.002340 80
5.003664 80
5.002492 80
5.117189 365
0.000382 20
31.197310 1
0.111661 1
0.168130 1
0.103647 1
0.224406 1
0.375633 1
0.087967 1
0.063986 1
0.312162 1
15.968626 24
0.519389 2
0.075657 15
0.002633 71
0.000079 10
0.004242 2047
0.000138 2047
0.000278 4094
0.000147 1896
1.612742 24
0.000220 45
0.319731 96
0.000053 17
0.152138 42
0.176110 42
0.171899 42
0.140304 34
0.223931 34
0.216202 34
0.903655 16
0.000202 79
0.000099 11
0.127577 1
0.104239 1
0.000443 32
0.005257 93
0.714326 51
0.355685 1
1.524402 1
0.000472 49
0.006305 20
10.061040 1
0.152116 1
0.111505 1
0.113405 1
0.198918 1
0.239823 1
0.295973 1
0.528156 1
0.287817 1
0.096618 1
0.127485 1
0.240111 1
0.232008 1
0.151815 1
0.248223 1
0.839536 1
0.072315 1
0.263882 1
0.207995 1
0.135893 1
0.128347 1
0.227798 1
0.172229 1
0.263817 1
0.079932 1
0.158321 21
4.489808 4
0.500295 4
0.029591 4
0.030074 4
0.029837 4
0.029800 4
0.030335 4
0.029412 4
0.030959 4
1.377549 2
0.072438 20
2.715891 1
0.063814 1
0.312054 1
0.143819 1
0.183990 2
0.003788 236
0.000036 481
0.000034 622
0.000172 114
0.000715 20
1.803337 8
0.003039 77
0.780363 18
1.792027 4
0.499724 4
0.484203 4
0.200029 4
0.183908 4
0.208043 4
0.128070 1
0.095918 1
0.248102 1
0.240049 1
0.128086 1
0.111760 1
0.480119 2
0.000026 9
2.481297 125
0.065966 20
7.565909 33
2.663279 2
0.074468 15
0.001838 71
0.000118 9
0.003743 2047
0.000081 4095
0.000020 2046
0.000051 2047
0.000059 229
1.159734 96
0.000290 17
0.208242 42
0.192139 42
0.167614 42
0.127968 34
0.220434 34
0.091713 34
0.883744 16
0.000253 79
0.000050 11
0.099598 1
0.084230 1
0.000148 32
0.004430 17
0.000145 75
1.498943 40
0.000049 11
0.111925 1
0.079994 1
0.000531 49
0.002628 20
0.444845 1
0.143985 1
0.159909 1
0.096155 1
0.200137 1
6.544359 1
0.967951 1
0.103772 1
0.280242 1
0.071642 1
0.487944 1
0.231870 1
0.232050 1
0.080203 1
0.208185 1
6.343610 1
0.064127 1
0.279948 1
0.391955 4
0.199956 4
0.167861 4
0.048004 1
0.055877 1
0.216186 1
0.215920 1
0.088496 1
0.135849 1
0.192085 1
0.191972 1
3.168149 1
0.095924 1
1.112047 1
0.183695 1
0.703915 1
0.224121 1
0.176332 17
0.711776 4
0.499918 4
0.029724 4
0.029938 4
0.030257 4
0.030816 4
0.029182 4
0.150451 4
0.231839 4
0.327916 2
0.077845 20
0.513857 1
0.063689 1
0.208046 1
0.192015 1
0.152370 2
0.002636 1454
0.000156 20
4.961511 2
0.000189 20
0.239924 2
0.000113 20
1.583744 1
0.159866 1
0.055929 1
0.112337 1
0.167662 1
0.223930 1
1.576117 1
0.312373 1
0.161723 1
0.805719 1
1.032239 4
0.983924 1
0.448066 1
1.911961 4
0.271836 4
0.656187 1
0.184069 1
0.215810 1
0.328018 1
0.360882 2
0.011713 6
0.001542 20
1.641688 8
0.003004 77
0.884669 18
0.199848 12
0.440055 11
2.378162 125
0.044806 20
0.377588 4
0.191819 41
0.568612 108
0.408056 96
1.911845 2
0.006632 42
0.045740 69
5.139902 146
5.004914 80
4.994899 80
5.000651 80
4.999285 80
4.999874 80
4.999930 80
5.090416 365
0.000329 20
9.965166 8
0.002696 77
2.244511 11
0.000019 6
