0.730684 124
1.605965 1
0.255992 1
0.567934 4
5.987981 1
0.127967 1
0.239671 1
0.072206 1
0.076086 1
0.095726 1
0.124133 1
0.107899 1
0.112061 1
0.160075 1
0.076068 1
0.108279 1
0.075538 1
0.160274 1
0.184181 2
0.000019 9
1.999495 362
0.015892 124
1.592468 1
0.047802 1
0.295968 1
0.063995 1
0.095951 1
0.136008 1
0.512480 4
0.499781 4
0.030797 4
0.030926 4
0.029904 4
0.030150 4
0.030889 1
0.030035 1
0.030596 1
0.029665 1
0.029931 1
0.018985 1
0.039986 1
0.184117 1
0.152726 1
0.639472 1
0.199954 1
0.198697 10
0.497320 2
0.000015 9
0.084026 1025
0.000012 1025
0.000119 1028
0.000126 1028
0.000092 1028
0.000083 1028
0.000125 1026
0.000100 1026
0.000100 1027
0.000127 841
0.000005 190
0.000534 538
0.001635 124
1.144476 11
0.000074 8
0.000008 116
0.216044 11
0.000098 8
0.000021 116
0.183889 11
0.000098 8
0.000019 116
0.175863 11
0.000098 8
0.000013 116
0.183999 11
0.000059 8
0.000018 116
0.175808 11
0.000095 8
0.000018 116
0.183985 11
0.000097 8
0.000019 116
0.328037 1
0.088015 1
0.231789 1
0.088167 1
0.048090 1
0.111663 1
0.120020 1
0.192270 1
0.136029 1
0.303922 1
0.343973 1
0.295858 1
0.096215 1
0.464056 1
0.327924 1
1.104065 1
0.143912 1
0.144008 1
0.143813 1
0.168272 1
0.255772 1
0.104178 1
0.160450 1
0.631512 2
0.000008 9
1.551565 74
0.251839 68
2.327017 12
0.000053 21
7.450499 12
0.000048 21
1.610409 12
0.000042 21
0.805100 12
0.000055 21
3.018825 12
0.000049 21
2.398341 12
0.100624 70
0.174444 96
0.671348 89
0.400662 77
0.246986 82
0.000155 42
0.000119 47
0.090043 47
0.085672 65
0.432497 67
0.424259 41
0.355244 87
0.273754 55
0.000073 49
0.000083 56
107.383958 189
2.278219 94
0.678310 83
0.705159 93
0.691180 53
0.048108 65
0.068116 612
0.000451 47
1.866820 74
3.718400 124
20.319664 11
0.000116 124
0.231639 11
0.000095 8
0.000019 116
0.167749 11
0.000100 8
0.000015 116
3.424205 1
0.095896 1
0.239879 1
0.152125 1
0.063848 1
0.168027 1
0.120040 1
0.119986 1
0.160178 1
0.199777 1
0.063955 1
0.248093 1
1.240116 1
0.855943 4
0.311992 1
0.183913 1
0.376081 1
0.239768 1
0.624141 1
0.728008 4
0.343945 1
0.103992 1
0.167892 1
0.132118 1
0.420168 1
0.223761 1
0.208062 1
0.624242 4
0.211968 4
0.243947 1
0.124125 1
0.127770 1
0.288080 2
0.000008 9
2.652629 18
0.000189 17
1.691642 1
0.135883 1
0.432063 1
0.127811 1
0.224249 1
0.183881 1
0.296163 1
0.216269 2
0.046192 29
0.241360 31
0.207972 31
0.184052 31
6.344789 38
1.872391 2
0.048000 29
2.118928 1
0.240131 1
0.255615 1
0.280480 1
0.287652 1
0.095863 1
0.047827 1
0.223977 1
0.072131 1
0.088113 1
0.175986 1
0.208013 1
1.272320 1
0.639950 1
0.248232 1
0.271682 1
0.159902 1
0.704246 1
0.215706 1
0.232231 1
0.279841 1
0.666245 2
0.189751 45
0.534804 211
0.369156 211
0.320923 211
0.300070 211
0.300348 211
0.300278 211
0.299981 211
0.300024 211
0.300062 211
0.344708 211
0.300482 211
0.300173 211
0.300866 211
0.300213 211
0.300175 211
0.300068 211
0.299973 211
0.301129 211
0.371310 212
6.589990 211
0.348446 211
0.316149 211
0.312413 211
0.300175 211
0.300185 211
0.358645 211
0.300054 211
0.299758 211
0.300450 211
0.299552 211
0.300156 211
0.300152 211
0.300133 211
0.300115 211
0.357970 211
0.306959 211
0.301838 211
0.300134 211
0.308281 211
0.302858 211
0.300241 211
0.306416 211
0.303017 211
0.226001 212
7.405576 211
0.250591 212
0.168464 211
0.299079 211
0.054542 212
0.146449 211
0.324139 211
0.386184 211
0.340022 211
0.331647 211
0.300011 211
0.300225 211
0.300764 211
0.495783 211
0.434658 211
0.309946 211
0.300180 211
0.300162 211
0.300041 211
0.304264 211
0.300652 211
0.468132 211
0.096655 212
4.101250 211
0.322525 211
0.308441 211
0.302545 211
0.021336 212
3.560094 55
0.146899 24
0.001668 27
0.063214 29
3.865151 1
0.279854 1
0.072031 1
0.263843 1
0.112037 1
0.368137 1
0.240308 1
0.279581 1
0.120015 1
0.255919 1
0.184085 1
0.112007 1
0.200171 1
0.304010 1
0.095913 1
0.168061 1
0.336111 1
2.688159 1
0.551712 1
0.768094 1
0.143843 1
0.288017 1
0.608057 1
1.352045 1
1.679996 1
0.199725 1
0.272129 1
0.144310 1
0.127830 1
0.232483 2
0.006240 94
7.377406 29
0.455692 3
0.199965 9
0.400144 18
0.279948 13
0.304374 2
0.151287 29
3.292538 1
0.204037 1
0.051815 1
0.248218 1
0.083805 1
0.556206 1
0.119831 1
0.240011 1
0.143910 1
0.151803 1
0.180241 1
0.236012 1
0.239947 1
0.512493 1
0.311738 1
0.392206 1
0.231710 1
0.071790 1
0.072060 1
0.416243 1
0.247809 1
0.120226 1
0.167631 1
1.920637 1
0.464207 2
0.162109 29
1.909276 1
0.191903 1
0.280078 1
0.416093 1
0.239823 1
1.224185 1
0.231846 1
0.128072 1
0.296077 1
0.111953 1
0.263949 1
1.584163 1
0.536224 4
0.127768 1
0.432913 2
0.004593 29
0.586828 31
0.175808 31
0.175929 31
0.167874 31
0.568222 1
0.136011 1
0.071554 1
0.160340 1
0.664278 4
0.175574 4
0.160032 1
0.616232 1
0.303640 1
0.103932 1
0.288015 1
0.160077 1
0.255712 1
0.128340 1
0.247804 1
0.287890 5
1.480325 1
0.071658 1
0.176010 5
0.352880 2
0.039270 128
0.005351 4095
0.000087 4095
0.000112 1189
0.014761 4095
0.000057 4095
0.000056 98
0.000218 1211
1.779747 64
0.224055 60
0.183921 60
0.184059 60
0.175885 60
0.191847 60
0.183990 110
0.312249 39
0.192148 39
0.167965 39
0.167700 39
0.176380 39
0.143952 39
0.191957 39
0.175772 39
0.207859 38
0.176135 31
0.444294 30
0.155936 30
0.111708 30
0.324177 30
0.212051 30
0.127747 30
0.400442 30
0.877075 41
0.100525 52
0.250182 57
0.119460 1
0.185066 28
0.003352 92
0.460010 55
0.135610 1
0.201933 99
2.590451 1
0.159854 1
0.128050 1
0.376089 1
1.079947 4
0.295998 1
0.095796 1
0.072161 1
0.320068 1
0.296099 1
0.399863 1
0.272097 1
0.071904 1
0.229479 2
0.602414 1
0.069351 1
0.370621 2
0.011393 161
0.000483 4095
0.000075 4095
0.000047 2530
0.015504 4095
0.000055 4095
0.000015 1633
0.000166 1050
0.932766 60
0.287807 116
0.752239 29
0.215453 29
0.151975 29
1.000633 29
0.543749 29
0.512142 29
0.296149 29
0.215927 29
0.944648 31
0.207024 30
0.216330 30
1.199826 30
0.472204 30
0.535667 29
0.543894 30
0.103989 30
0.695958 30
0.440363 39
0.784589 30
1.295775 30
1.559940 31
0.191864 30
0.264174 30
0.295977 30
0.768176 30
0.255627 30
0.079685 30
0.152315 30
0.384194 29
0.608125 30
0.095858 31
0.079518 30
1.953332 41
0.100445 52
0.337973 57
0.191685 1
0.184651 19
0.003887 91
0.475749 55
0.256090 1
0.133673 99
3.294466 1
0.239687 1
0.136334 1
0.287947 1
0.095992 1
0.103707 1
0.272121 1
0.328260 1
0.383896 1
0.231782 1
0.080027 1
0.280254 1
0.079939 1
0.656021 4
0.207765 4
0.336059 1
0.232096 1
0.226341 3
3.701740 1
0.225953 4
0.414390 2
0.022213 125
0.004952 4095
0.000073 4095
0.000127 1367
0.031481 4095
0.000047 4095
0.000048 98
0.000329 1384
0.748599 64
0.600342 113
0.216160 41
0.255936 39
0.424229 41
0.119907 39
0.416578 43
0.100549 54
0.162257 58
0.135763 1
0.072638 25
0.003656 94
0.451585 56
0.104009 1
0.081625 99
2.006492 1
0.247729 1
0.088080 1
0.704263 1
0.223825 1
0.088021 1
0.392260 1
0.840165 1
0.231543 1
0.440793 2
0.006504 65
1.097059 31
0.191720 31
0.176192 31
0.183985 31
0.175962 31
0.192041 31
1.436042 1
0.107940 1
0.143776 1
0.248173 1
0.112904 2
0.003750 1150
7.987499 1
1.100158 1
0.452056 1
0.223701 1
0.236072 1
0.088150 1
0.143746 1
0.192086 1
0.095594 1
0.088088 1
0.143997 1
0.172018 1
2.268198 1
0.575992 1
0.183757 1
0.960469 1
0.551680 1
0.328040 1
0.200039 1
1.431825 1
0.432179 1
0.087752 1
0.312092 1
0.352423 2
0.122051 45
0.612025 74
1.834788 4095
0.000037 4095
0.000065 4095
0.000072 1841
0.011142 4095
0.000030 3014
0.004470 211
0.372736 211
0.362868 422
0.304830 211
0.129943 423
0.026988 423
0.096759 423
0.056767 423
0.061372 423
0.064172 423
0.034372 423
0.029861 423
0.120971 423
0.096984 423
0.094202 423
0.032651 423
0.147255 423
0.052592 423
0.059779 423
0.188226 423
0.080360 423
0.176061 423
0.166086 423
0.126772 423
0.074632 423
0.058412 423
0.037361 423
0.098332 423
0.155196 423
0.050646 423
0.025297 423
0.109048 423
0.021742 423
0.078307 423
0.006734 423
0.171569 423
0.072178 423
0.118391 423
0.139128 423
0.056606 423
0.052702 423
0.072463 423
0.153230 423
0.118813 423
0.104073 423
0.173494 423
0.130974 423
0.146986 423
0.249534 423
0.125877 423
0.055172 423
0.052381 423
0.219804 423
0.033671 423
0.204405 423
0.056668 423
0.066902 423
0.091847 423
0.033761 423
0.197859 423
0.124037 423
0.113975 423
0.125982 423
0.246652 423
0.132623 423
0.105211 423
0.098291 423
0.092333 423
0.131280 423
0.033203 423
0.069259 423
0.047536 423
0.297517 211
0.191710 423
0.004640 423
0.159062 423
0.051747 423
0.079832 423
0.118730 423
0.057358 423
0.113523 423
0.065981 423
0.081990 423
0.008507 423
0.063470 423
0.149105 423
0.054975 423
0.261646 638
0.945162 27
0.275091 56
0.419810 29
0.005230 21
0.400090 4095
0.000026 2024
0.010905 8192
0.000033 3838
0.107032 211
0.008792 844
0.011131 2110
0.010945 2321
0.011046 2532
0.010840 2321
0.011169 2532
0.009672 2532
0.007140 214
0.021151 1688
0.004796 1058
0.007285 214
0.026738 2113
0.016155 1266
0.011074 1477
0.010884 2743
0.010982 1266
0.011049 1477
0.004558 1058
0.023484 1477
0.011006 2743
0.010914 1899
0.011027 2110
0.005288 1269
0.019785 2532
0.010993 1899
0.010953 1688
0.010990 1899
0.011208 1055
0.011786 1266
0.011057 844
0.010969 1266
0.011050 1055
0.006935 1058
0.023009 211
0.011010 844
0.011074 2321
0.010909 2321
0.011011 2110
0.013033 2743
0.011040 2532
0.010901 1899
0.005514 636
0.015184 1058
0.007206 214
0.018126 2110
0.001743 425
0.015786 1902
0.015487 1266
0.010907 2110
0.007422 1902
0.010276 211
0.014166 2110
0.007075 1058
0.008977 214
0.016265 214
0.064941 1899
0.002972 425
0.007346 214
0.025721 2110
0.005688 1269
0.015227 1688
0.011076 1688
0.011097 1266
0.010791 1266
0.011091 844
0.010880 1055
0.011156 1688
0.010949 1266
0.010908 844
0.010945 1688
0.011141 1266
0.010869 633
0.011091 633
0.009645 636
0.015286 1269
0.007183 214
0.012430 422
0.007433 1688
0.002524 633
0.001535 211
0.000511 214
0.017490 1477
0.010948 2532
0.010961 633
0.011069 1055
0.010951 1055
0.010979 1055
0.011072 844
0.011067 844
0.010894 844
0.011025 633
0.010990 844
0.011030 1055
0.010948 1055
0.009817 1691
0.016060 214
0.018232 2321
0.011069 2532
0.009353 2113
0.014836 2113
0.020724 2532
0.010983 2954
0.004770 1480
0.013542 1480
0.007726 1058
0.009247 1058
0.006698 214
0.014756 1058
0.015246 1477
0.012957 633
0.011079 1688
0.010961 1266
0.011299 1688
0.010703 2321
0.011134 1899
0.010918 1899
0.010878 633
0.011127 1266
0.010924 1055
0.011057 1477
0.010984 1266
0.010991 1055
0.010969 1266
0.001218 211
0.007604 214
0.027252 2324
0.021967 1477
0.010888 2321
0.011063 1902
0.022082 844
0.010917 1899
0.011009 2743
0.010951 1899
0.010998 1688
0.010969 2110
0.011149 2532
0.010904 1899
0.011043 2110
0.011087 2743
0.004781 847
0.019176 2110
0.011036 1899
0.010873 2743
0.011036 2743
0.010958 1899
0.011110 2110
0.002718 214
0.014444 1902
0.020475 1477
0.011432 4095
0.000013 125
0.011059 1266
0.010717 2110
0.011146 2743
0.013146 3376
0.010814 1055
0.011008 1477
0.010897 2110
0.010961 1266
0.010607 214
0.014686 214
0.165860 1477
0.013057 2743
0.010884 2321
0.011036 2321
0.011068 2954
0.011010 3376
0.010736 1058
0.028122 211
0.010986 1899
0.011042 2743
0.011018 3376
0.011026 3587
0.010898 2954
0.011091 2743
0.010945 1266
0.010961 422
0.003462 214
0.016605 214
0.022281 1480
0.011393 214
0.085578 1899
0.001991 636
0.015696 214
0.410086 2535
0.017019 1688
0.011159 3376
0.010725 2110
0.006224 425
0.012440 1269
0.014466 1058
0.016824 1477
0.011013 2743
0.011031 1899
0.009043 1902
0.023927 633
0.010909 633
0.011079 844
0.011052 1477
0.010949 2743
0.011022 2743
0.010969 2954
0.011014 3376
0.011026 1477
0.010982 633
0.010954 422
0.011060 422
0.010993 422
0.001899 214
0.020136 1899
0.010947 2110
0.010978 2743
0.011137 1899
0.000458 214
0.019944 2324
0.016612 1688
0.010989 2532
0.010915 1266
0.011032 2321
0.010927 2110
0.011013 1477
0.002972 636
0.022090 1899
0.010927 2321
0.011056 1477
0.008118 1902
0.018868 1688
0.011233 1266
0.010756 2321
0.011045 2532
0.011141 2321
0.004141 214
0.020740 422
0.011174 1055
0.010782 1899
0.011004 1055
0.011049 2954
0.010950 2532
0.010904 633
0.011003 422
0.011100 633
0.010946 1055
0.010993 211
0.010963 422
0.011110 1055
0.010933 1055
0.010927 633
0.011081 1055
0.010968 633
0.011076 422
0.011063 422
0.010880 422
0.011036 844
0.003048 425
0.027002 1899
0.006393 1691
0.016615 2743
0.002149 1058
0.017794 2321
0.011053 2532
0.002418 847
0.016636 1266
0.010819 1899
0.012062 2532
0.011024 1477
0.011071 2321
0.010893 1899
0.002946 214
0.018148 1899
0.011079 2110
0.010775 2532
0.004500 1058
0.017661 2532
0.001088 636
0.017897 211
0.010851 211
0.010969 211
0.022063 211
0.010910 211
0.011971 211
0.022082 211
0.009928 211
0.022091 211
0.010989 422
0.010996 422
0.011079 211
0.010931 422
0.011046 422
0.010868 211
0.011035 422
0.011031 211
0.011032 211
0.010899 211
0.011091 422
0.010944 211
0.011061 422
0.010987 422
0.010995 211
0.010920 211
0.011151 211
0.010846 211
0.011090 211
0.010989 422
0.011004 211
0.011100 633
0.010913 211
0.011028 422
0.010906 422
0.011009 211
0.011066 211
0.010919 422
0.011150 211
0.010816 422
0.011061 211
0.011085 211
0.010905 422
0.010995 422
0.011073 211
0.010940 422
0.011016 211
0.010962 422
0.022047 422
0.011098 422
0.010881 211
0.010948 422
0.011105 211
0.010961 422
0.010965 422
0.011064 422
0.011019 211
0.010963 422
0.010994 211
0.010949 211
0.010997 211
0.011082 211
0.010965 211
0.010976 422
0.011055 422
0.011014 211
0.010943 422
0.022084 211
0.010948 422
0.011020 422
0.004616 214
0.009608 214
0.019852 1688
0.010969 3165
0.011104 4095
0.000011 1180
0.009678 2113
0.017192 633
0.011077 844
0.010921 1055
0.010952 633
0.011131 211
0.010919 633
0.010950 633
0.011035 422
0.010973 422
0.011104 422
0.010992 633
0.010906 422
0.011943 633
0.011099 422
0.010943 633
0.010947 211
0.011071 633
0.011028 1477
0.010972 1266
0.010980 1266
0.010990 1266
0.011071 1688
0.010979 1266
0.011131 1477
0.010757 633
0.011214 422
0.010886 633
0.010596 425
0.027626 1266
0.002013 211
0.013874 4009
0.007775 2324
0.011626 214
0.010892 636
0.010283 214
21.871022 211
0.010437 1055
0.010876 2321
0.011033 2532
0.010923 2321
0.011012 4095
0.000009 125
0.011018 2954
0.011032 4009
0.007773 1691
0.024850 1902
0.010734 1058
0.015982 1899
0.001049 636
0.017534 211
0.021925 211
0.011194 211
0.010880 633
0.011002 422
0.010925 422
0.011050 633
0.011000 422
0.010965 633
0.011077 633
0.010983 422
0.010941 633
0.011074 633
0.010898 422
0.011056 422
0.010987 422
0.011015 422
0.010926 422
0.011115 211
0.010935 422
0.010987 422
0.011073 422
0.011076 422
0.010840 633
0.011044 844
0.010861 211
0.011118 422
0.010957 422
0.011114 422
0.010893 422
0.011064 422
0.010957 422
0.011070 633
0.010984 422
0.010918 633
0.010996 422
0.011106 633
0.011028 422
0.010957 422
0.010971 422
0.011107 211
0.010901 422
0.011015 422
0.010959 422
0.010981 422
0.011118 422
0.010951 422
0.007170 214
0.026913 2324
0.009265 214
0.022669 1899
0.011044 2743
0.009949 1691
0.018082 2110
0.010947 2743
0.001895 636
0.019058 2954
0.006424 1902
0.016561 211
0.010964 422
0.011055 211
0.011102 422
0.021907 211
0.011010 211
0.010973 422
0.011216 211
0.010730 422
0.011161 422
0.010970 211
0.007840 211
0.011061 422
0.011234 422
0.010697 211
0.010988 422
0.011098 211
0.054979 211
0.011035 211
0.010909 211
0.011043 422
0.011037 422
0.010891 211
0.033193 422
0.010895 422
0.010971 211
0.011965 422
0.011035 422
0.011057 422
0.011003 422
0.011044 211
0.010904 422
0.011000 211
0.010923 422
0.011145 211
0.010935 422
0.010979 211
0.011076 422
0.010870 211
0.011104 211
0.010983 422
0.010939 422
0.010981 211
0.011081 422
0.011012 211
0.010958 211
0.010954 422
0.011105 211
0.010963 211
0.011183 422
0.021859 211
0.011007 422
0.010941 211
0.010954 422
0.011019 422
0.011037 211
0.011024 422
0.010950 211
0.011014 422
0.011040 422
0.011009 211
0.010981 422
0.022000 422
0.011018 422
0.010930 211
0.011070 211
0.012969 214
0.028484 2113
0.016576 422
0.010965 1899
0.011029 2321
0.010986 1688
0.011008 1055
0.010923 1055
0.011115 1477
0.010938 1266
0.010974 1477
0.010947 1266
0.011086 1266
0.011015 1055
0.011052 633
0.010980 1266
0.010976 422
0.011075 422
0.010905 633
0.010922 1055
0.011086 211
0.008955 425
0.021132 844
0.010917 2110
0.010995 1899
0.010995 2110
0.011051 1477
0.010920 1477
0.011129 844
0.010882 422
0.011049 633
0.010920 633
0.011941 2110
0.011108 1055
0.011032 1688
0.011009 633
0.010894 422
0.011062 633
0.010990 211
0.010984 633
0.010993 422
0.001272 214
0.022839 2532
0.005761 1902
0.017302 1055
0.010922 2110
0.011011 1688
0.010924 2321
0.011034 633
0.011011 422
0.010985 633
0.010963 1266
0.011067 2532
0.010972 3376
0.011111 2321
0.010816 844
0.005928 636
0.021145 211
0.010944 844
0.011040 422
0.010949 211
0.011007 633
0.011019 1055
0.011066 633
0.010899 844
0.011028 1266
0.010998 633
0.011022 1055
0.011004 1266
0.010999 633
0.010990 1266
0.011004 1055
0.011013 633
0.011046 633
0.010909 211
0.021987 422
0.011080 633
0.011036 211
0.011005 422
0.010990 633
0.010865 633
0.013044 422
0.011013 422
0.011006 633
0.010960 633
0.010963 211
0.010983 422
0.011086 633
0.013943 633
0.011051 422
0.007776 425
0.023344 1691
0.007398 214
0.018432 1269
0.012435 1691
0.012607 1480
0.016139 1688
0.005012 1269
0.010601 214
0.013844 214
0.080554 2110
0.010986 1266
0.011204 422
0.010792 2532
0.010922 2743
0.010176 2532
0.012118 633
0.012672 422
0.001341 214
0.017010 214
0.328995 1055
0.011878 2532
0.003456 847
0.013594 214
0.020840 1688
0.010925 2321
0.011123 2954
0.010848 1477
0.010976 1266
0.011036 1055
0.002400 636
0.019625 4095
0.000041 4095
0.000038 4681
0.003254 5700
0.008932 1899
0.001198 1058
0.014512 8190
0.000094 4681
0.001185 636
0.020051 214
0.096263 214
0.862038 214
0.016299 214
0.508391 8192
0.000035 4095
0.000008 764
0.002671 4095
0.000024 1258
0.373022 2
0.121163 4095
0.000016 1808
0.104745 29
1.301967 31
0.239808 31
0.216328 31
0.143824 31
0.232129 23
0.744238 4
0.207670 4
0.168040 4
0.168059 4
0.192111 4
0.191859 4
0.200032 4
0.420366 4
0.679871 1
0.063468 1
0.183680 1
0.312457 1
0.191704 1
0.112089 1
0.255952 1
0.216022 1
0.128242 1
0.103697 1
0.192641 2
0.090971 45
0.717763 74
1.534007 24
0.019519 4095
0.000029 4095
0.000109 4095
0.000072 1783
0.000239 4095
0.010625 4095
0.000032 4095
0.000017 1789
0.000432 4095
0.000094 4095
0.000079 1831
0.010686 74
0.009495 211
0.463041 211
0.470515 211
0.364749 211
0.181576 211
0.296742 211
0.175108 423
0.300839 211
0.004882 423
0.299504 211
0.062580 423
0.229862 423
0.167349 423
0.153960 423
0.014332 423
0.132545 423
0.004313 423
0.023670 423
0.133052 423
0.019142 423
0.017082 423
0.064428 423
0.001248 423
0.077690 423
0.014740 423
0.099101 423
0.031609 423
0.051228 423
0.011211 423
0.037578 423
0.042746 423
0.062410 423
0.054715 423
0.087377 423
0.003901 423
0.025935 423
0.098959 423
0.071791 423
0.024500 423
0.031147 423
0.158861 423
0.007997 423
0.302495 211
0.120882 423
0.004782 423
0.066459 423
0.147256 423
0.011989 423
0.172853 423
0.103773 423
0.096128 423
0.006848 423
0.096622 423
0.055085 423
0.107140 423
0.003743 423
0.085473 423
0.045562 423
0.022496 423
0.214896 423
0.238990 423
0.114624 423
0.072262 423
0.073629 423
0.187712 423
0.155943 423
0.099332 423
0.153958 423
0.309268 211
0.059627 423
0.299550 211
0.111278 423
0.175542 423
0.261502 423
0.027076 423
0.085051 423
0.017000 423
0.058235 423
0.002381 423
0.064170 423
0.029089 423
0.034767 423
0.071951 423
0.007918 423
0.070671 423
0.004790 423
0.049208 423
0.034341 423
0.019759 423
0.092811 423
0.015405 423
0.162740 423
0.001956 423
0.130889 423
0.052847 423
0.036338 423
0.053761 423
0.076456 423
0.002629 423
0.082685 423
0.180293 423
0.065582 423
0.010578 423
0.182702 423
0.222319 423
0.003170 423
0.299516 211
0.096181 423
0.031198 423
0.225303 423
0.241999 423
0.268407 423
0.091499 423
0.270890 423
0.107379 423
0.088745 423
0.098826 423
0.124068 423
0.298957 211
0.188903 423
0.070520 423
0.301898 423
0.298847 211
0.169826 423
0.302912 423
0.171657 423
0.175488 423
0.031637 423
0.121579 423
0.100057 423
0.020439 423
0.205450 423
0.078196 423
0.045947 423
0.051781 423
0.111363 423
0.074634 423
0.018583 423
0.079383 423
0.030348 423
0.151635 423
0.299721 211
0.064177 423
0.155907 423
0.080235 423
0.118358 423
0.087209 423
0.052216 423
0.165803 423
0.054885 423
0.109902 423
0.084282 423
0.118726 423
0.081286 423
0.137301 423
0.166884 423
0.179039 423
0.080665 423
0.038814 423
0.042269 423
0.064515 423
0.077191 423
0.020035 423
0.103409 423
0.023977 423
0.066390 423
0.083859 423
0.034128 423
0.049228 423
0.079889 423
0.019847 423
0.297258 211
0.298986 211
0.037974 423
0.031573 423
0.299655 211
0.068678 423
0.299756 211
0.436740 638
1.938356 27
0.164002 56
0.826914 50
0.816947 214
0.013443 1691
0.009798 4095
0.000029 4095
0.000106 4095
0.000017 797
0.010810 4095
0.000014 2235
0.010922 425
0.084023 211
0.009481 4095
0.000018 1394
0.019476 2321
0.003378 211
0.008793 1688
0.011636 1269
0.030210 1055
0.011063 1899
0.010979 2321
0.011008 2532
0.010943 2532
0.011022 2532
0.010934 2110
0.010997 2321
0.011089 2110
0.006110 1058
0.010477 214
0.015704 1480
0.013733 2110
0.007527 2324
0.017462 1899
0.005185 1058
0.006375 214
0.013280 1480
0.006987 1269
0.014882 2113
0.006853 214
0.022130 1899
0.011321 3165
0.011008 3376
0.011012 3587
0.009939 2957
0.016993 1477
0.011039 1899
0.011005 2321
0.013726 1688
0.011142 1266
0.002028 636
0.011602 214
1.033519 1688
0.010855 2321
0.011144 2110
0.002682 847
0.020263 1266
0.010984 2110
0.010997 1899
0.011052 2321
0.010898 2110
0.007534 1480
0.012001 214
0.080548 2535
0.009715 214
0.079287 2532
0.001519 214
0.010183 214
0.031376 1688
0.007887 1691
0.023059 1477
0.007516 1691
0.016494 1477
0.009157 1269
0.012096 1480
0.016468 1899
0.003499 847
0.015633 1688
0.011074 1688
0.011031 1688
0.010890 1688
0.010977 1899
0.010996 1688
0.011000 1688
0.011105 2110
0.011024 1477
0.010778 1899
0.011091 1899
0.013656 1902
0.014350 422
0.011210 1899
0.010846 2321
0.013767 1899
0.011230 844
0.010946 1899
0.011004 1266
0.007942 425
0.012803 214
0.200446 1055
0.016946 2954
0.010937 1899
0.011302 1899
0.010520 1902
0.017238 2110
0.010304 2535
0.017897 2324
0.014170 2113
0.011739 1691
0.015919 1266
0.011032 1899
0.012746 2321
0.011120 2321
0.007060 2324
0.014203 847
0.013750 2957
0.013526 2324
0.015561 2954
0.001538 425
0.012038 2113
0.009869 1480
0.017485 1899
0.007458 1902
0.010987 214
0.022651 1688
0.010810 2321
0.009583 1902
0.015055 1480
0.012366 1269
0.016060 1477
0.010930 633
0.011254 844
0.010882 1055
0.010935 1055
0.011050 1055
0.011688 1266
0.011133 844
0.011198 633
0.010888 633
0.010984 844
0.011066 1055
0.010887 211
0.013942 1899
0.011182 844
0.010918 422
0.010273 1480
0.018611 1902
0.016346 2113
0.010379 214
0.076588 2110
0.010997 2110
0.010881 2532
0.010987 3165
0.009245 847
0.010022 214
0.014871 1688
0.008439 2324
0.021544 1899
0.010945 2110
0.010905 2110
0.014893 2321
0.011401 1899
0.010660 1266
0.011149 633
0.000899 214
0.019161 1688
0.010866 2532
0.011096 2321
0.010914 2110
0.004179 425
0.018857 422
0.010924 1055
0.011069 1899
0.010943 1477
0.010986 1477
0.010944 1477
0.011176 1477
0.010757 1477
0.011166 2110
0.010996 1055
0.010943 1055
0.011033 1477
0.010978 844
0.010996 633
0.010971 1055
0.011029 1477
0.010981 422
0.011013 425
0.024093 1899
0.010929 2110
0.011065 2110
0.010890 2110
0.011102 2321
0.011052 2110
0.011061 2532
0.010855 1266
0.000789 214
0.023262 2321
0.010999 2743
0.010123 2535
0.021766 3376
0.011111 2321
0.010968 2321
0.011081 2110
0.001995 425
0.018960 2532
0.010952 4095
0.000010 125
0.010983 844
0.010975 2532
0.010961 1688
0.011059 2532
0.007313 214
0.015618 214
0.015153 2532
0.002166 636
0.016787 2110
0.010972 2743
0.001030 425
0.018969 2321
0.011054 2532
0.001888 214
0.015299 2113
0.022850 1477
0.010842 2954
0.003324 425
0.015687 1269
0.017055 211
0.054937 211
0.033059 211
0.033010 211
0.032993 211
0.043975 211
0.032969 211
0.010904 211
0.022166 211
0.032960 211
0.032951 211
0.033050 211
0.032981 211
0.039953 211
0.036773 211
0.027212 211
0.038104 211
0.032902 211
0.022048 211
0.023791 211
0.022198 211
0.021946 211
0.011005 211
0.022087 211
0.021963 211
0.014940 211
0.035172 211
0.014844 211
0.033023 211
0.078027 211
0.056038 211
0.066006 211
0.062026 211
0.076919 211
0.078073 211
0.067079 211
0.022637 211
0.027246 211
0.022048 211
0.024966 211
0.021975 211
0.033025 211
0.022977 211
0.025109 211
0.032994 211
0.033006 211
0.032999 211
0.025843 211
0.033094 211
0.018909 211
0.036108 211
0.021901 211
0.033061 211
0.019930 211
0.033025 211
0.022025 211
0.033025 211
0.021950 211
0.022039 211
0.023969 211
0.037026 211
0.021980 211
0.019001 211
0.033001 211
0.019790 211
0.032187 211
0.030159 211
0.024939 211
0.032960 211
0.033011 211
0.022008 211
0.022920 211
0.037598 211
0.021695 211
0.033042 211
0.025264 211
0.033779 211
0.035061 211
0.023303 211
0.024075 211
0.027445 211
0.034170 211
0.035555 211
0.034295 211
0.021679 211
0.027049 211
0.032994 211
0.034545 211
0.024103 211
0.039341 211
0.043997 211
0.022979 211
0.033038 211
0.031971 211
0.037674 211
0.035436 211
0.036554 211
0.046394 211
0.027979 211
0.028805 211
0.039194 214
0.035794 214
0.228358 3376
0.002544 847
0.130367 2532
0.000289 214
0.008838 1902
0.014956 1477
0.010738 1266
0.005017 847
0.015266 1266
0.010702 1055
0.011114 1055
0.006530 1269
0.014431 1691
0.016093 1055
0.010808 1055
0.011216 1055
0.010923 1055
0.010983 1266
0.010935 1055
0.011190 1688
0.010956 2110
0.002820 847
0.015801 1691
0.016379 1477
0.010935 1477
0.014845 1477
0.011057 1055
0.011129 1055
0.010922 1055
0.010970 1055
0.011155 1688
0.002606 214
0.015393 1899
0.010909 1266
0.005575 847
0.015568 1477
0.004911 1269
0.017821 1266
0.011247 1055
0.010822 1055
0.011093 1055
0.014813 1477
0.011152 1055
0.010927 1055
0.011011 1055
0.011163 1055
0.010762 1055
0.011041 1266
0.011136 1477
0.005076 636
0.006652 214
0.017373 844
0.010879 1055
0.011063 1055
0.010896 1266
0.011053 1055
0.011019 1055
0.010869 1055
0.011110 1266
0.004552 847
0.007318 214
0.017287 1266
0.010740 1266
0.005453 1480
0.016715 1266
0.009818 1480
0.486189 1899
0.003579 1058
0.017423 1266
0.010941 1266
0.001683 425
0.014067 2113
0.013717 2535
0.009390 1269
0.015159 1266
0.011089 1266
0.005019 847
0.011653 1480
0.016223 844
0.010951 1055
0.011049 1055
0.010914 1055
0.011027 844
0.010896 1055
0.011001 1055
0.011084 1055
0.011717 1266
0.011238 1055
0.011091 844
0.010917 1055
0.010948 1055
0.010328 1691
0.014867 1899
0.000222 214
0.014880 1266
0.011503 1055
0.005775 1058
0.011027 1269
0.011335 1902
0.013704 1902
0.014635 2110
0.001471 425
0.014421 1266
0.010941 1055
0.011059 1055
0.010997 1055
0.011101 3165
0.001535 425
0.016378 1477
0.010873 1055
0.014944 1477
0.011048 1055
0.011088 2110
0.000706 214
0.012425 1480
0.015026 1688
0.006080 1269
0.012907 2113
0.015891 1688
0.000250 214
0.012738 1480
0.015932 1055
0.007333 1480
0.015782 1055
0.005973 1691
0.008794 1691
0.015214 1055
0.010974 1055
0.009617 1691
0.014385 1055
0.010885 1055
0.009438 1902
0.015764 1477
0.010823 1055
0.010901 1055
0.011934 1477
0.011116 1266
0.011143 1477
0.000801 214
0.015314 1055
0.010844 1266
0.011072 1266
0.010889 1055
0.010931 1055
0.011116 1266
0.010958 844
0.009539 1902
0.016599 1055
0.010867 1055
0.010872 1266
0.011192 1266
0.010980 1266
0.003377 214
0.016784 1055
0.010868 1899
0.010960 2954
0.011005 844
0.010903 844
0.011042 1266
0.011091 1266
0.010923 633
0.008057 636
0.015775 1480
0.015288 1899
0.010962 3587
0.009353 1902
0.018659 1899
0.011088 2110
0.011012 1477
0.010877 1477
0.007686 1269
0.006342 214
0.049648 1269
0.007287 214
0.020138 1688
0.010868 2532
0.003978 1480
0.007920 214
0.016738 1691
0.015451 422
0.010904 2321
0.011056 2321
0.011096 2743
0.005056 1269
0.018890 1477
0.011235 4095
0.000011 547
0.010692 422
0.010955 1055
0.011077 1055
0.010985 211
0.010919 1055
0.011112 422
0.010943 422
0.010942 422
0.003297 636
0.019834 2110
0.010882 2110
0.011240 1688
0.010689 1899
0.005509 1269
0.010992 1480
0.010678 1480
0.010005 1269
0.009542 1691
0.015492 1899
0.010904 2110
0.011073 2110
0.010962 2110
0.010995 1899
0.009993 2535
0.013380 1691
0.011733 1691
0.011889 1902
0.009985 1269
0.013597 1691
0.010416 1480
0.008340 1691
0.013641 1902
0.007534 214
0.022497 1477
0.010997 2535
0.015988 1477
0.010088 2113
0.017928 2321
0.011042 2321
0.000568 214
0.017427 1266
0.010863 1477
0.010977 1477
0.011160 1477
0.010913 1266
0.010944 1477
0.009636 1902
0.024240 2532
0.001027 425
0.017494 1688
0.010623 2321
0.008806 1691
0.007623 214
0.022728 2743
0.004747 1058
0.018185 1688
0.011000 2110
0.011036 2321
0.003575 425
0.010870 214
0.022573 1899
0.000241 3
0.016734 2113
0.014982 1477
0.009923 2113
0.019058 211
0.010912 211
0.033029 211
0.011030 1055
0.011120 1055
0.011047 1266
0.010779 1055
0.011100 1266
0.010932 1266
0.010991 1477
0.011094 1266
0.010922 1266
0.011024 1055
0.011033 844
0.010857 1477
0.011143 1688
0.010959 1266
0.011002 633
0.010928 633
0.011138 1266
0.021931 211
0.021975 211
0.043999 211
0.027539 214
0.026148 214
0.016772 214
0.154593 633
0.010994 844
0.011005 422
0.011153 211
0.010788 211
0.010932 422
0.011062 633
0.011127 2110
0.010940 3587
0.011112 4095
0.000017 547
0.010908 1899
0.010890 844
0.010994 211
0.011082 422
0.011103 422
0.008264 425
0.025563 211
0.011778 633
0.011243 422
0.011051 422
0.010946 211
0.010970 211
0.011012 844
0.010912 422
0.011183 633
0.010910 844
0.011055 633
0.010962 633
0.010982 422
0.011040 422
0.010983 422
0.011029 844
0.011040 844
0.010970 1055
0.010969 633
0.010929 633
0.010983 633
0.011056 633
0.011002 1055
0.011027 844
0.010958 844
0.011143 844
0.010899 633
0.010951 633
0.011086 633
0.010873 211
0.011043 211
0.011030 211
0.010954 211
0.011018 422
0.011086 211
0.011041 211
0.010853 211
0.011132 422
0.010878 211
0.011028 422
0.014261 214
0.034112 1902
0.011511 1691
0.013472 1691
0.017674 1688
0.004356 636
0.017699 633
0.010847 211
0.022077 211
0.022065 211
0.021914 211
0.022037 211
0.010895 422
0.011059 422
0.011023 633
0.011121 844
0.010832 633
0.011071 1055
0.010961 633
0.010944 1055
0.011079 844
0.011002 633
0.011006 844
0.011004 844
0.010981 844
0.011031 844
0.011124 422
0.010922 422
0.010867 211
0.011126 633
0.010929 844
0.011072 633
0.011019 633
0.010999 633
0.010968 633
0.010927 633
0.011156 844
0.010907 633
0.010982 633
0.011019 422
0.011097 422
0.006020 425
0.030903 2321
0.011040 2743
0.011090 2743
0.010736 2743
0.011197 2743
0.010896 2743
0.011025 2535
0.022016 422
0.010982 633
0.010947 633
0.011016 422
0.010886 633
0.010984 422
0.011194 633
0.010829 633
0.010994 633
0.011081 422
0.010881 633
0.011038 422
0.011096 633
0.011026 422
0.010879 633
0.011084 422
0.010987 633
0.010950 844
0.011115 633
0.010966 633
0.010949 633
0.011097 422
0.010947 844
0.011073 633
0.010984 633
0.010916 633
0.011049 633
0.011084 633
0.010982 844
0.010893 633
0.011055 633
0.011001 633
0.011105 633
0.010889 633
0.011000 633
0.004772 214
0.017592 214
0.022697 1899
0.010954 2110
0.011009 2110
0.011000 2532
0.011002 844
0.010993 633
0.010959 633
0.007952 847
0.013419 214
0.019748 1477
0.010861 2743
0.011021 2321
0.011129 2110
0.006062 1058
0.010658 214
0.015090 211
0.022157 211
0.021872 211
0.022021 422
0.010989 211
0.010902 422
0.011060 422
0.011060 211
0.010920 422
0.011008 422
0.011370 422
0.010608 211
0.011156 211
0.011082 422
0.010760 422
0.010952 211
0.011479 422
0.010571 211
0.011060 422
0.011133 422
0.010892 211
0.010891 422
0.011217 211
0.010840 211
0.011009 422
0.011081 211
0.010895 422
0.011078 211
0.010950 422
0.011095 211
0.010891 211
0.033118 211
0.021866 211
0.029290 211
0.018826 211
0.032021 211
0.022130 211
0.024962 211
0.011805 211
0.011109 422
0.012577 211
0.012978 211
0.011755 422
0.011693 211
0.010799 211
0.011036 422
0.010943 211
0.011032 211
0.011053 211
0.010953 211
0.011032 422
0.010981 211
0.011039 211
0.011001 211
0.011007 422
0.010895 211
0.011032 211
0.011129 211
0.010966 211
0.010876 422
0.011128 211
0.010886 211
0.011102 211
0.010952 211
0.010967 422
0.010926 211
0.011146 211
0.011016 211
0.011114 422
0.010913 211
0.010949 211
0.010943 211
0.011558 211
0.010837 211
0.011073 211
0.010955 211
0.012214 211
0.020931 214
0.051483 214
0.016056 2532
0.011087 2321
0.002289 425
0.007917 214
0.067957 844
0.010803 211
0.010953 633
0.010869 422
0.011065 633
0.010854 422
0.011128 633
0.010949 633
0.010951 422
0.010998 422
0.011088 633
0.010856 422
0.011086 633
0.011088 633
0.010884 422
0.011061 844
0.011068 422
0.010889 633
0.011076 422
0.011049 422
0.010976 633
0.010934 633
0.011126 422
0.010905 633
0.011000 422
0.011240 633
0.010775 422
0.011107 844
0.011025 422
0.010885 633
0.010990 633
0.011180 633
0.010851 422
0.011004 422
0.011022 633
0.010996 633
0.011058 422
0.011300 633
0.010991 211
0.007727 214
0.105939 214
0.022160 1480
0.009580 214
0.071287 844
0.011078 844
0.010805 633
0.010992 1055
0.011020 211
0.011125 633
0.010837 211
0.010957 633
0.010980 633
0.011125 422
0.010921 633
0.010915 422
0.011022 633
0.010946 422
0.011177 844
0.011000 422
0.011018 211
0.022089 211
0.010970 211
0.010968 422
0.011019 633
0.011017 422
0.011079 1266
0.043960 422
0.010905 211
0.011042 211
0.010922 422
0.011078 422
0.010979 211
0.010989 422
0.011020 211
0.022319 211
0.022680 211
0.011006 211
0.011001 211
0.024295 633
0.010779 1266
0.010977 633
0.011010 422
0.010856 844
0.011028 211
0.011097 633
0.010940 211
0.008816 214
0.025225 214
0.016025 844
0.010904 422
0.011018 211
0.011031 211
0.010951 422
0.011120 1477
0.010945 1266
0.011037 2110
0.011123 2321
0.011000 4095
0.000012 547
0.010934 4095
0.000014 758
0.004972 847
0.017953 1055
0.010838 1266
0.010943 1477
0.011121 1055
0.010947 844
0.011039 1055
0.011035 1055
0.011004 422
0.011049 211
0.010922 633
0.011012 844
0.010953 633
0.011027 422
0.011037 844
0.011001 1266
0.011081 422
0.010943 1055
0.010931 422
0.011140 1266
0.010901 1055
0.011098 633
0.010916 1055
0.010996 633
0.011014 1055
0.010943 422
0.000424 214
0.134608 1477
0.010968 1688
0.011054 1688
0.010974 2321
0.011003 2110
0.008642 1480
0.019405 1055
0.010884 1688
0.010985 1477
0.011132 1477
0.010915 1688
0.010929 1477
0.011098 1688
0.010963 1477
0.010954 2110
0.011059 1266
0.011061 1477
0.010983 1477
0.010928 2110
0.009336 847
0.019757 844
0.010988 1688
0.010965 1266
0.011000 1477
0.011059 1055
0.010893 1055
0.011004 633
0.010999 1055
0.011058 422
0.010995 422
0.010945 422
0.011004 633
0.011017 1266
0.011046 1055
0.011127 211
0.010858 211
0.010955 422
0.011063 211
0.010998 211
0.011000 633
0.010845 211
0.011098 211
0.011081 422
0.011143 844
0.010884 633
0.010903 422
0.011056 422
0.011047 844
0.010904 422
0.010991 211
0.011098 422
0.011008 211
0.010988 211
0.011022 422
0.007811 214
0.028199 422
0.010938 422
0.022016 211
0.022011 633
0.010928 633
0.010937 422
0.011124 633
0.010978 422
0.010967 1055
0.010967 422
0.010991 633
0.011005 844
0.011063 633
0.010931 1477
0.011182 1266
0.010943 422
0.010937 633
0.012081 844
0.011242 844
0.011369 422
0.015494 633
0.011810 844
0.011687 422
0.013682 422
0.010645 633
0.011428 633
0.013004 211
0.010476 422
0.011084 211
0.011095 1055
0.010881 211
0.011008 422
0.011117 211
0.032896 211
0.025549 214
0.031936 214
0.256983 1477
0.010706 2321
0.006733 1480
0.010622 214
0.019062 422
0.011478 2110
0.011076 2321
0.011066 2110
0.010877 1688
0.010933 1688
0.010951 844
0.009618 636
0.015031 214
0.204430 214
0.009398 214
0.012955 214
0.016486 214
0.016844 214
0.021623 214
0.652819 214
0.015728 214
0.045112 214
0.203072 1284
0.003619 4095
0.000030 4095
0.000174 5075
0.003376 4095
0.000053 4095
0.000163 5078
0.003556 4095
0.000023 2328
0.564019 2
0.125775 4095
0.000024 4095
0.000030 4095
0.000007 869
0.011078 3831
0.121509 29
3.327011 31
0.195819 31
0.183843 31
0.160168 31
0.783968 1
0.096008 1
0.584091 1
0.184075 1
0.159691 1
0.079973 1
0.232000 1
0.175950 1
0.128724 1
0.103327 1
0.143977 1
0.288503 1
0.135722 1
0.047910 1
0.191981 1
0.072437 1
0.103636 1
0.159837 1
0.312761 2
0.707042 641
0.031092 54
2.389573 210
1.562987 4
0.053301 106
1.480016 165
1.880272 340
4.775426 22
3.111919 165
3.103802 22
3.298433 4
0.929536 326
2.120414 75
2.364233 364
1.603508 1
0.271984 1
0.095808 1
0.443500 110
0.012107 24
0.049993 142
0.242996 39
6.011933 38
0.002465 113
0.011056 36
0.124820 35
0.277139 30
1.558029 92
1.482705 83
1.461853 91
1.430188 93
1.456288 94
1.440639 88
1.357555 79
1.406959 73
1.458934 90
2.285683 45
0.034890 37
4.215705 28
0.016637 69
0.013962 35
0.013068 38
0.015376 50
0.014057 42
0.013810 41
0.021369 36
0.026214 38
0.027511 35
0.012102 37
0.019533 39
0.011105 43
0.016031 40
0.020786 29
2.181980 50
0.011189 37
0.003818 55
0.013840 47
0.187031 43
0.017817 40
3.181175 50
0.168317 34
0.130653 37
0.120390 51
0.015652 44
0.015367 50
0.014480 44
0.030902 48
0.018164 38
0.013548 49
0.024724 51
0.013093 42
1.016717 32
0.020701 38
0.013183 49
0.021239 36
0.031330 37
0.013949 37
0.017590 51
0.185681 40
1.947432 45
0.039037 90
0.014665 27
0.037863 41
0.144841 31
0.026914 47
0.354776 45
1.302261 58
0.014174 40
0.112273 28
0.061401 45
0.373462 89
0.137668 46
0.359436 100
0.985298 46
0.012771 39
0.098542 33
0.381471 52
0.356096 32
0.011517 124
102.903991 65
0.778360 29
0.026308 36
0.182278 32
0.146794 30
1.020334 111
0.034579 112
0.003838 53
0.003876 52
0.011485 44
1.091992 49
14.610192 46
2.967161 46
17.045074 42
0.126657 46
0.352630 43
4.862517 48
0.057496 39
0.011075 33
0.451845 47
1.740545 51
0.038933 34
0.310774 34
0.176471 63
0.000493 35
0.710800 133
18.082182 38
0.102503 38
2.657440 45
15.862258 51
0.045791 48
0.488054 28
0.003410 65
0.029175 31
0.004643 79
0.002629 41
0.000648 45
0.001421 34
0.019542 67
0.180587 45
0.016827 36
0.049009 33
0.062401 27
1.689239 46
0.409322 28
0.022435 48
0.429417 32
0.233926 42
1.407185 36
0.001851 29
0.004740 27
0.668116 47
1.751751 29
0.924272 130
6.642156 42
0.345880 23
0.051974 90
2.439861 32
0.042887 31
0.037978 35
0.048296 35
0.011686 37
0.926820 28
9.301208 37
0.774203 35
0.048142 38
1.252254 7
0.002523 20
0.196047 67
0.008828 35
0.005392 27
0.002583 124
0.026346 91
8.318198 32
0.161998 51
0.016010 63
1.005541 7
0.101781 36
0.327920 56
0.016925 47
0.010585 122
0.021637 32
2.555445 33
0.001382 62
0.000474 60
0.002480 58
24.107177 37
0.686144 14
0.483277 36
0.005513 32
0.015726 33
0.052873 37
0.225203 79
0.127324 2
0.038778 89
2.180400 498
0.001865 179
0.011500 47
0.245910 15
0.001335 14
2.662378 31
0.206860 31
0.199694 31
0.216176 31
2.632840 18
0.586332 46
2.068825 1
1.391983 1
0.264051 1
0.059719 1
0.256033 1
0.560373 1
0.139693 1
0.135790 1
0.084149 1
0.175794 1
0.092137 1
0.344463 2
0.111284 29
4.243453 2
0.041083 29
9.643970 1
0.191885 1
0.216134 1
0.115824 1
0.160266 1
0.128581 2
0.014261 115
0.007689 64
0.000078 29
2.873405 31
0.167678 31
0.319909 1
0.056021 1
0.608190 4
0.175811 4
0.464201 1
0.128053 1
0.112039 1
0.239649 1
1.184077 1
0.192068 1
0.207993 1
0.624222 1
0.223686 1
0.184015 1
0.080388 1
0.223498 1
0.304324 1
0.680081 1
0.159884 1
0.200026 1
0.159857 1
0.215958 1
0.360199 1
0.152174 1
0.071877 1
0.295897 1
0.304080 1
2.472272 1
0.199602 1
1.208419 1
0.655709 1
0.055710 1
0.440448 1
0.199934 1
0.584019 1
0.776090 1
0.351968 1
0.248068 1
0.143821 1
0.400042 1
0.696105 1
0.183774 1
0.288464 1
0.127792 1
0.079686 1
0.255972 1
0.408074 1
0.384033 1
0.255902 1
0.056029 1
0.272139 1
0.287891 1
0.824399 1
0.175744 1
0.240046 1
0.152017 1
0.087871 1
0.203990 1
0.204150 1
0.183620 1
0.104156 1
0.304177 1
1.208072 2
0.781215 10
3.050615 65
4.060061 2
0.341066 560
0.051215 29
3.311819 31
0.272002 31
0.552348 8
0.040037 18
0.001463 17
5.361540 8
0.005096 124
3.758848 1
0.112126 1
0.271903 1
0.103930 1
0.047865 1
0.184004 1
0.127974 1
0.280102 1
0.215857 1
0.688198 1
2.079958 4
0.183900 4
0.224099 1
0.263983 1
0.087910 1
0.104049 1
0.088105 1
0.159980 1
0.128138 2
0.000009 9
2.923167 358
0.025231 8
0.000016 116
2.723937 1
0.159762 1
0.567913 1
0.007665 1
0.072295 1
0.183976 1
0.127988 1
0.232018 1
0.247903 1
0.280287 1
0.351797 2
0.000009 9
2.653915 74
0.098248 78
0.000735 78
0.454629 96
0.419071 531
0.596591 202
0.163853 72
2.146405 12
0.000089 21
3.017830 12
0.000098 21
2.212739 12
0.000098 21
0.603730 12
0.000080 21
3.220668 12
0.000129 21
0.538714 12
0.083809 74
0.160103 100
0.670157 97
0.432603 86
0.072909 81
0.230850 86
0.000414 46
0.000340 51
0.097244 51
0.118147 69
0.375356 71
0.372026 45
0.357456 91
0.315307 59
0.000147 53
0.000117 60
107.781792 201
1.780813 102
0.649120 87
0.673931 97
0.815297 57
0.056618 69
0.082622 648
0.002896 51
1.708225 78
3.644193 72
2.323400 12
0.000096 21
3.018106 12
0.000091 21
1.609733 12
0.000124 21
0.805104 12
0.000098 21
2.214143 12
0.000100 21
0.974444 12
0.092550 74
0.172827 100
0.703735 97
0.563517 86
0.085158 81
0.259986 86
0.000328 46
0.000283 51
0.098610 51
0.084099 69
0.280313 71
0.423733 45
0.382171 91
0.171947 59
0.000105 53
0.000241 60
107.340773 201
1.917633 102
0.678735 87
0.645697 97
1.271361 57
0.056665 69
0.081837 648
0.000475 51
1.845123 78
3.544839 63
0.835036 59
0.473252 92
0.007688 92
1.424907 43
0.012650 43
0.029997 92
52.495065 43
5.575145 43
0.008326 92
1.007224 48
0.047876 48
0.006122 92
0.722239 154
0.000472 48
0.002797 48
0.007739 92
0.496090 48
0.000368 48
0.003589 92
0.725273 48
0.075991 48
0.003546 92
0.598853 48
0.764127 48
0.007417 92
0.945828 48
0.006778 48
0.007467 92
34.362175 2
0.335998 1
0.824163 3
0.391901 6
20.161224 48
0.125791 48
0.007527 92
66.784277 48
0.375861 48
0.026500 244
0.000560 162
0.110803 124
12.563469 11
0.000123 8
0.000018 116
0.191578 11
0.000103 8
0.000016 116
0.175960 11
0.000093 8
0.000017 116
2.880175 1
0.079897 1
0.200122 1
0.095885 1
0.056037 1
0.159837 1
0.088144 1
0.128112 1
0.167725 1
0.192164 1
0.079990 1
0.167990 1
0.215879 1
0.104120 1
0.048049 1
0.095959 1
0.175881 1
0.112150 1
0.360018 1
0.600049 1
0.644092 1
0.235542 1
0.168244 1
0.167902 1
0.316126 1
0.508176 1
0.152012 1
0.099882 1
0.296036 2
0.000057 9
2.829977 57
0.040280 22
0.000300 21
0.569940 1
0.128033 1
0.095524 1
0.168177 1
0.128062 1
0.159999 1
0.544298 1
0.552566 2
0.091516 37
0.555649 1
0.336121 1
0.303865 1
0.055813 1
0.111933 1
0.288104 1
1.736424 1
0.119637 1
0.167911 1
0.120196 1
0.824104 1
0.551926 1
0.167862 1
0.103979 1
0.047859 1
0.368704 2
0.064097 33
4.538706 2
0.005714 64
3.470807 18
4.144614 2
0.187415 37
2.038772 51
0.469951 8
0.001821 124
1.925269 11
0.000009 6
