0.708713 77
1.795716 1
0.095853 1
0.408173 1
0.255958 1
0.504428 1
0.207805 1
0.231826 10
0.368241 2
0.000009 9
0.059094 1025
0.000035 1028
0.000124 1027
0.000459 957
0.001581 8
0.000019 69
3.346965 1
0.079659 1
0.279577 1
0.063908 1
0.048046 1
0.160180 1
0.111997 1
0.144037 1
0.328284 1
0.396390 1
0.303320 2
0.000007 9
1.218295 69
0.438760 63
2.333522 12
0.000031 21
3.020243 12
0.000028 21
2.816664 12
0.000048 21
2.413409 12
0.000025 21
4.021883 12
0.000057 21
1.229154 12
0.102120 65
0.189119 91
0.323692 486
0.748967 81
0.625212 72
0.074492 77
0.000293 37
0.070136 42
0.090955 60
0.416227 62
0.402314 36
0.391826 82
0.274059 50
0.000224 44
0.000236 51
107.358965 174
2.014314 84
0.680291 78
0.655522 88
1.032274 48
0.050666 60
0.078547 567
1.143231 77
6.304131 1
0.104081 1
0.263990 1
0.104004 1
0.055973 1
0.159893 1
0.135890 1
0.128028 1
0.183818 1
0.176217 1
0.080293 1
0.447769 11
2.502888 22
13.138966 136
2.499138 2
0.365177 45
1.255272 190
0.302614 190
0.304447 190
0.298541 190
0.299924 190
0.310523 190
0.300101 190
0.304748 190
0.300262 190
0.302666 190
0.300011 190
0.307971 190
0.300205 190
0.300463 190
0.310248 190
0.299733 190
0.300668 190
0.302760 190
0.300351 190
0.304120 190
0.299913 190
0.145423 191
12.798047 190
0.290550 190
0.354963 190
0.298853 190
0.335625 190
0.299895 190
0.300094 190
0.311543 190
0.300647 190
0.300241 190
0.312347 190
0.299936 190
0.302137 190
0.311965 190
0.300320 190
0.301903 190
0.307770 190
0.299758 190
0.305849 190
0.305680 190
0.299771 190
0.309932 190
0.299586 190
0.300439 190
0.314603 190
0.300407 190
0.300140 190
0.315698 190
0.299830 190
0.300046 190
0.310401 190
0.329130 190
0.325197 190
0.279440 191
8.850358 190
0.218952 190
0.071778 191
0.667264 190
0.325937 190
0.222655 191
0.193747 190
0.320684 190
0.357109 190
0.300375 190
0.300019 190
0.299956 190
0.300314 190
0.307364 190
0.300072 190
0.300773 190
0.103015 191
6.752372 190
0.286632 190
0.302493 190
0.010598 191
4.918237 174
0.392243 24
0.030865 4095
0.000032 4095
0.000180 4095
0.000468 842
0.140322 27
0.002295 23
0.038118 190
0.330194 190
0.330434 190
0.302160 190
0.328807 190
0.109919 190
0.145416 381
0.024041 381
0.009396 381
0.036168 381
0.009820 381
0.005416 381
0.056964 381
0.024886 381
0.017809 381
0.067912 381
0.052544 381
0.057450 381
0.231438 381
0.300319 190
0.077048 381
0.265161 381
0.146603 381
0.016770 381
0.058305 381
0.024503 381
0.042994 381
0.003927 381
0.033021 381
0.010612 381
0.030027 381
0.018241 381
0.001555 381
0.044222 381
0.012163 381
0.058333 381
0.125657 381
0.236257 381
0.054797 381
0.165972 381
0.269101 381
0.084400 381
0.007171 381
0.069059 381
0.078487 381
0.138179 381
0.004649 381
0.074727 381
0.021906 381
0.052488 381
0.021848 381
0.064266 381
0.060123 381
0.051258 381
0.006574 381
0.099509 381
0.071305 381
0.056995 381
0.002081 381
0.057884 381
0.300313 190
0.299832 190
0.207892 381
0.298165 190
0.301060 190
0.300117 190
0.300563 190
0.300298 190
0.300393 190
0.102221 381
0.301270 190
0.059208 381
0.287357 381
0.299029 190
0.208760 381
0.302316 190
0.300015 190
0.306830 190
0.303434 190
0.302890 190
0.306850 190
0.299869 190
0.300512 190
0.313056 190
0.300284 190
0.303477 190
0.306589 190
0.300926 190
0.304000 190
0.300288 190
0.132137 381
0.300216 190
0.324811 190
0.313695 190
0.319838 190
0.315640 190
0.313938 190
0.316738 190
0.313882 190
0.300123 190
0.299652 190
0.310184 190
0.300037 190
0.300182 190
0.310030 190
0.315523 190
0.319636 190
0.307854 190
0.302696 190
0.303712 190
0.315722 190
0.301193 190
0.299666 190
0.310805 190
0.299918 190
0.129780 191
0.015647 192
0.009766 192
1.176733 27
1.056392 30
0.001927 26
1.054401 29
0.119431 21
0.827121 190
0.001856 190
0.004068 190
0.004043 190
0.003610 380
0.001548 190
0.001846 190
0.000984 190
0.000633 190
0.001841 190
0.003284 190
0.002426 570
0.001142 190
0.004043 190
0.001602 190
0.000393 190
0.000539 190
0.000824 190
0.002915 190
0.000973 190
0.031575 190
0.001065 380
0.004586 190
0.000624 380
0.004047 1140
0.000088 190
0.001197 190
0.001437 1330
0.002061 950
0.010082 190
0.001777 570
0.001315 380
0.002817 190
0.001408 190
0.001907 760
0.001301 380
0.001000 570
0.000859 190
0.000642 3
0.230148 190
0.005210 570
0.006073 190
0.003173 190
0.004491 1143
0.018482 193
0.067269 190
0.023641 4095
0.000013 1225
0.010931 2660
0.007005 1710
0.007355 760
0.005008 763
0.014744 193
0.014352 190
0.012489 2090
0.003068 383
0.011438 193
0.011111 190
0.010704 1330
0.002599 383
0.007555 190
0.001238 383
0.005152 190
0.002486 380
0.004538 760
0.001384 190
0.005548 570
0.001649 190
0.004308 570
0.007207 950
0.001372 573
0.011272 190
0.006983 950
0.000415 190
0.001769 383
0.007816 190
0.006928 1333
0.008046 190
0.008687 1520
0.002141 383
0.009252 190
0.013265 2090
0.011130 2090
0.009085 1903
0.046495 1710
0.002464 190
0.006353 1330
0.001790 193
0.008789 193
0.032116 1520
0.008211 1900
0.011683 2280
0.003549 380
0.001935 193
0.016603 763
0.008141 573
0.006681 190
0.013087 1520
0.010926 2090
0.009989 1523
0.013230 190
0.069906 1330
0.004076 380
0.010826 2470
0.011012 1710
0.011018 1710
0.009679 1330
0.011211 2090
0.011135 2470
0.010829 1330
0.011290 1900
0.004565 1140
0.005344 1143
0.018418 190
0.006069 760
0.012472 1900
0.013189 2090
0.010895 2090
0.011835 2090
0.011870 1900
0.009485 1330
0.004724 193
0.040083 1713
0.009621 190
0.001781 573
0.023189 1900
0.010290 2090
0.011240 3800
0.005930 1140
0.008807 953
0.020125 1900
0.010946 2850
0.013299 3610
0.010702 2470
0.010923 3040
0.006810 2090
0.016992 763
0.044924 190
0.016311 1900
0.010965 2470
0.011036 1900
0.003531 953
0.017881 190
0.011101 190
0.011910 570
0.003800 190
0.010689 380
0.011005 570
0.003781 190
0.011263 570
0.010957 570
0.014335 760
0.006993 380
0.010927 570
0.004265 190
0.011199 380
0.005951 190
0.015386 380
0.015020 380
0.008192 190
0.000700 190
0.011592 190
0.010500 190
0.003285 190
0.010738 190
0.004638 190
0.012909 190
0.024436 190
0.017984 190
0.009313 190
0.021103 190
0.013430 190
0.009862 190
0.017202 190
0.018653 190
0.010413 760
0.006631 190
0.013413 570
0.003419 190
0.004844 190
0.010861 380
0.010957 190
0.015863 380
0.011864 190
0.011844 190
0.023365 190
0.012953 380
0.011148 570
0.011949 380
0.003763 190
0.009953 190
0.004436 190
0.010758 190
0.014179 1140
0.010743 1140
0.003813 380
0.011266 760
0.007151 573
0.079755 190
0.009071 1520
0.003764 380
0.002010 573
0.014206 193
0.061169 190
0.010900 190
0.010985 380
0.008524 190
0.027217 380
0.011375 190
0.013276 380
0.010496 380
0.011098 570
0.010895 380
0.011022 190
0.011098 190
0.010809 190
0.011072 190
0.011372 190
0.011727 190
0.023089 190
0.013349 190
0.011844 190
0.010680 190
0.011852 190
0.011176 190
0.025051 380
0.011011 190
0.010872 190
0.010918 190
0.011133 380
0.010975 190
0.011007 190
0.014356 380
0.010750 380
0.010946 190
0.010926 190
0.011049 190
0.011015 190
0.010857 190
0.011016 190
0.011158 190
0.010949 190
0.010885 190
0.013271 190
0.010807 190
0.010952 190
0.011532 190
0.011629 190
0.010942 190
0.010965 190
0.010937 190
0.010996 190
0.011108 190
0.010863 190
0.011030 190
0.013070 190
0.010896 190
0.011142 190
0.010920 190
0.010943 190
0.011562 190
0.011565 190
0.011209 190
0.010804 380
0.010786 190
0.011096 570
0.016045 380
0.011003 380
0.010899 380
0.011862 380
0.011237 190
0.017307 380
0.013760 380
0.010798 190
0.011058 380
0.017005 570
0.011025 380
0.007840 190
0.012265 190
0.015165 193
0.020506 193
0.014372 190
0.033944 190
0.011366 190
0.014467 190
0.011284 190
0.047667 190
0.022041 190
0.011083 190
0.010731 190
0.022428 190
0.010813 190
0.025158 190
0.005586 190
0.012912 190
0.053535 190
0.021842 190
0.022947 190
0.010996 190
0.010997 190
0.010974 190
0.011122 190
0.028078 190
0.021984 190
0.012501 190
0.026294 190
0.011167 190
0.010913 190
0.010988 380
0.010981 190
0.033068 190
0.010986 190
0.021927 190
0.029816 190
0.022418 190
0.023872 190
0.024984 190
0.010972 190
0.010918 190
0.011046 190
0.022057 190
0.019076 190
0.034030 190
0.025931 190
0.010933 190
0.019968 190
0.021995 190
0.022004 190
0.029503 190
0.024941 190
0.021639 190
0.016984 190
0.034050 190
0.010855 190
0.024248 190
0.011754 190
0.013620 190
0.010346 190
0.011072 190
0.014123 190
0.021882 190
0.011038 190
0.011341 190
0.023859 190
0.010798 190
0.010949 190
0.008357 190
0.017655 380
0.012539 380
0.012276 190
0.011629 380
0.010561 380
0.012766 190
0.010893 380
0.034022 190
0.023107 190
0.007861 190
0.010405 190
0.010872 190
0.011003 190
0.011001 190
0.012745 190
0.014442 190
0.010832 190
0.011789 190
0.013734 190
0.012250 190
0.014459 190
0.010754 190
0.010983 190
0.022149 190
0.010907 190
0.012917 190
0.011088 190
0.022022 190
0.005578 193
0.049617 193
0.039973 1330
0.010877 4095
0.000013 1228
0.018909 190
0.005670 763
0.007253 190
0.011395 2473
0.011216 190
0.003786 570
0.000408 190
0.002060 190
0.002319 763
0.013342 380
0.005771 1523
0.007750 193
0.017119 1710
0.007252 1713
0.009292 193
0.018521 1710
0.004839 1140
0.008085 953
0.016209 1143
0.007107 193
0.017217 190
0.012469 1520
0.010775 2470
0.002530 383
0.011411 193
0.025362 2090
0.001263 383
0.008838 193
0.014281 1140
0.003063 380
0.008416 2093
0.011371 193
0.010619 190
0.005710 380
0.000748 190
0.011459 2093
0.018936 193
0.103897 190
0.002410 763
0.013378 383
0.006693 573
0.007132 573
0.006809 573
0.013579 1903
0.010671 193
0.020558 2473
0.013311 193
0.013999 1523
0.007880 190
0.006917 1903
0.007535 190
0.011528 1520
0.000939 383
0.019942 380
0.011139 380
0.012810 380
0.011570 190
0.012180 380
0.010811 380
0.011883 190
0.011309 190
0.012278 380
0.011005 380
0.011042 570
0.010908 380
0.011252 190
0.010997 380
0.010770 190
0.011289 190
0.010754 380
0.010997 190
0.011304 760
0.010796 380
0.010899 380
0.011252 570
0.010769 190
0.010987 380
0.011266 570
0.011511 570
0.012435 570
0.010905 570
0.011732 570
0.011893 570
0.005583 190
0.011339 570
0.012875 380
0.010478 190
0.011057 570
0.010862 380
0.011109 190
0.011169 190
0.010758 190
0.011034 380
0.011310 190
0.010625 190
0.011302 190
0.010745 190
0.011024 190
0.010482 380
0.010516 380
0.011123 380
0.010859 190
0.012332 380
0.010669 760
0.011046 570
0.002731 193
0.119764 193
0.041434 190
0.011175 570
0.011020 760
0.010949 760
0.011101 570
0.013422 760
0.010421 380
0.011034 570
0.011017 380
0.010854 570
0.011018 570
0.011157 570
0.010906 380
0.011084 570
0.012408 570
0.010735 380
0.011127 570
0.011235 380
0.010352 570
0.011446 380
0.010610 570
0.010466 760
0.010873 950
0.010770 760
0.011096 570
0.010918 760
0.011199 1330
0.011536 1330
0.011482 950
0.011082 190
0.010790 190
0.012395 190
0.001126 193
0.026069 573
0.007939 573
0.018204 1143
0.023637 190
0.006775 1140
0.003922 760
0.000971 383
0.013208 190
0.012665 2280
0.007921 1523
0.007909 193
0.032448 570
0.013769 2090
0.010863 1330
0.006121 1333
0.043697 190
0.002132 190
0.011146 4095
0.000010 275
0.000938 190
0.011121 2090
0.001621 383
0.010437 190
0.005641 1330
0.000962 190
0.005862 1713
0.010320 190
0.015355 190
0.010741 190
0.010910 190
0.012840 380
0.011148 570
0.011039 380
0.015675 380
0.011314 190
0.011067 190
0.012152 190
0.012958 190
0.021737 190
0.007274 190
0.011915 190
0.010868 190
0.010999 190
0.021984 190
0.011079 190
0.011109 190
0.010841 190
0.010540 190
0.010378 190
0.010980 190
0.011120 190
0.010872 190
0.011001 190
0.004098 190
0.012011 380
0.011077 190
0.011006 190
0.010947 190
0.011083 190
0.010945 190
0.011026 190
0.010849 190
0.022092 190
0.010813 190
0.006774 190
0.010403 190
0.011378 190
0.022652 190
0.010938 190
0.010972 190
0.011100 190
0.016844 190
0.011151 190
0.010939 190
0.010919 190
0.011008 190
0.011060 190
0.012243 190
0.010763 190
0.023038 190
0.013135 190
0.010768 190
0.010915 190
0.011170 190
0.010889 190
0.010973 190
0.011137 190
0.010918 380
0.012070 380
0.011673 380
0.015054 570
0.011231 190
0.012929 380
0.010984 190
0.011100 380
0.010990 190
0.011086 190
0.011611 380
0.012711 190
0.010771 380
0.010875 380
0.010919 380
0.016974 380
0.011055 190
0.001940 190
0.010942 190
0.011678 190
0.011447 190
0.005461 193
0.036579 1520
0.001127 190
0.005498 953
0.024050 190
0.000489 1140
0.002339 4095
0.000080 1415
0.000735 1520
0.001076 950
0.001371 1333
0.015030 190
0.001109 190
0.001497 380
0.003194 570
0.003319 950
0.006501 1710
0.001281 380
0.001695 380
0.003823 950
0.001595 380
0.001081 190
0.002223 570
0.000816 190
0.002268 380
0.001008 190
0.001209 190
0.000955 380
0.000829 190
0.001043 190
0.000521 190
0.001515 190
0.001009 190
0.000950 190
0.000715 190
0.001144 190
0.001304 380
0.001321 190
0.002653 760
0.002900 760
0.001207 190
0.001592 380
0.003857 950
0.003802 950
0.004939 1330
0.000716 190
0.001366 190
0.010983 3040
0.001538 193
0.047045 2090
0.000731 1330
0.000509 380
0.000540 570
0.000817 1140
0.003198 766
0.024698 193
0.016340 4095
0.000032 4095
0.000017 2260
0.006773 6080
0.000869 190
0.000656 190
0.001264 190
0.000536 190
0.000672 190
0.000691 190
0.001467 190
0.002095 1333
0.044696 193
0.006818 4095
0.000008 1795
0.002547 763
0.011353 190
0.000884 760
0.001323 1336
0.027834 193
0.004782 380
0.000730 950
0.003213 766
0.022512 193
0.184500 193
0.020765 193
1.523845 4095
0.000025 4095
0.000079 4095
0.000952 646
1.840358 2
0.063749 2806
1.158305 22
1.485785 24
0.199468 24
0.160076 24
0.167808 24
0.164000 24
1.260007 1
0.211913 1
0.408118 1
1.944086 1
0.175811 1
0.096180 1
0.447575 2
0.272396 2
0.324001 2
0.095721 2
0.088641 2
0.207453 2
0.143999 2
0.208171 2
0.208087 2
0.112042 1
0.671789 1
0.231976 1
0.592478 1
0.064072 1
0.087842 1
0.319901 24
5.072499 77
0.599770 2
0.029545 99
0.123818 35
0.257655 114
0.063502 12
0.135577 40
0.125699 308
0.201192 190
0.186625 310
3.392283 16
0.516174 2
0.051941 95
0.018148 51
0.003440 52
0.002893 51
0.010946 52
0.003168 51
0.003543 52
0.003979 51
0.004443 52
0.002694 51
0.002790 52
0.002578 51
0.002917 52
0.002628 51
0.001921 52
0.002177 51
0.001312 52
0.001289 51
0.001363 52
0.001217 51
0.001347 52
0.001513 51
0.001267 52
0.001604 22
5.268724 24
0.191842 24
1.015647 1
0.296516 1
0.313916 4
0.165853 4
0.655939 3
0.399877 4
0.975829 1
0.232003 1
0.296381 1
0.183691 1
0.167915 1
0.095950 1
1.208273 2
0.127613 2
0.224287 2
0.096164 2
0.103833 2
0.271721 2
0.103787 2
0.416349 2
0.208227 2
0.215512 1
1.040430 1
0.095932 1
0.176244 1
0.183654 1
0.280166 1
0.216196 1
0.119879 1
0.432302 24
6.744274 83
0.432063 2
0.011318 105
0.115806 37
0.004713 73
0.063848 12
0.132672 40
0.197596 275
0.005415 93
0.068718 12
0.142547 40
0.300946 47
0.002160 231
0.200163 190
0.313457 190
0.196033 190
0.200298 190
0.200434 190
0.201254 190
0.199886 190
0.200011 190
0.201031 190
0.200565 190
0.202804 190
0.036230 275
0.000028 22
1.713890 30
0.631942 2
0.004445 78
0.012483 210
0.006128 60
0.002382 584
0.007898 1174
0.001668 338
0.007541 2009
0.011507 3134
0.010870 1629
0.002050 408
0.013153 2199
0.009447 2858
0.015273 4095
0.000085 3869
0.009169 3166
0.001337 64
0.005276 264
0.009527 326
0.008756 4095
0.000010 351
0.003825 133
0.011129 4095
0.000058 4095
0.000007 139
0.010962 3665
0.010889 3990
0.013070 4095
0.000038 3616
0.013888 4095
0.000016 1802
0.012670 4095
0.000040 2947
0.013214 4095
0.000013 1105
0.013596 4095
0.000051 3241
0.015720 8190
0.000306 507
0.014029 4095
0.000020 2476
0.011448 4095
0.000101 4095
0.000063 498
0.010947 4095
0.000033 4095
0.000007 728
0.012558 8190
0.000132 1166
0.011203 4095
0.000113 4095
0.000008 205
0.010927 4095
0.000032 4095
0.013172 862
0.000275 4095
0.000049 1793
0.018659 3863
0.024378 5199
0.016497 4095
0.000111 4095
0.000120 4095
0.000109 2057
0.010510 3650
0.055199 1742
0.010831 4095
0.000063 4095
0.000118 3180
0.010944 4095
0.000020 1372
0.015712 410
0.007008 4095
0.000050 4095
0.000126 4095
0.000038 918
0.012182 4095
0.000012 442
0.007329 882
0.015769 4095
0.000495 4095
0.000160 4095
0.000040 689
0.018359 4095
0.000058 3731
0.011456 4095
0.000012 1054
0.759433 1
0.139790 1
0.568664 2
0.006150 403
2.173565 24
0.175697 24
0.168528 24
0.143568 24
4.377870 140
0.463211 2
0.002219 22
3.637593 43
0.496147 2
0.328955 45
1.571500 74
1.377333 67
0.012743 120
0.311314 24
0.049582 2925
0.149207 28
0.004440 18
5.476915 1
0.309239 2
0.000875 23
0.057165 190
0.312454 190
0.005991 190
0.322244 190
0.012951 381
0.167052 381
0.158332 381
0.252659 381
0.304259 190
0.135142 381
0.299343 190
0.017348 381
0.145489 381
0.078078 381
0.311357 190
0.307079 381
0.308858 190
0.286323 191
0.005582 192
0.003638 192
0.345626 27
0.594108 56
0.761709 29
0.124323 21
0.346718 190
0.002783 190
0.002500 190
0.000797 190
0.030307 190
0.001152 570
0.000894 190
0.004659 190
0.000233 190
0.001172 380
0.000789 573
0.311235 193
0.155330 190
0.020507 570
0.010110 570
0.002325 380
0.000026 193
0.038579 190
0.016109 570
0.034079 1520
0.000013 570
0.001070 190
0.021824 3990
0.014478 3230
0.000023 380
0.010490 2090
0.018188 1140
0.000015 2470
0.010884 2280
0.003138 380
0.023322 193
0.036508 193
0.089790 190
0.012220 2090
0.022119 2090
0.000010 1523
0.024100 193
0.016785 190
0.016324 380
0.013884 570
0.010774 760
0.004061 190
0.011002 570
0.012135 760
0.011547 760
0.006578 190
0.012008 570
0.012022 190
0.042627 570
0.010940 570
0.010895 570
0.011057 570
0.010938 760
0.011090 570
0.003158 570
0.004911 570
0.007897 190
0.006573 190
0.048725 190
0.013684 190
0.011191 570
0.010972 570
0.011017 570
0.010558 760
0.010695 570
0.007951 380
0.003833 190
0.014821 570
0.011064 570
0.011031 570
0.006973 190
0.031951 190
0.011292 570
0.009943 380
0.003660 190
0.006710 190
0.003584 190
0.005603 190
0.014308 190
0.020921 190
0.026108 190
0.017199 190
0.045072 190
0.019823 193
0.153528 193
0.637141 190
0.012276 1900
0.001696 570
0.002398 190
0.002112 193
0.016166 190
0.011437 1900
0.002148 570
0.002669 190
0.002190 193
0.008213 190
0.002930 763
0.013022 190
0.006513 570
0.002500 190
0.003408 570
0.006180 1140
0.008707 570
0.010575 1330
0.010963 2090
0.011141 3040
0.006293 1900
0.004132 190
0.033381 190
0.011160 570
0.009051 953
0.032245 190
0.014610 760
0.001614 190
0.028613 570
0.016586 190
0.011570 760
0.003608 380
0.004848 190
0.011374 1140
0.010924 1330
0.011214 1330
0.011736 1140
0.011525 1330
0.010613 1710
0.011644 1520
0.006569 950
0.011557 1520
0.012704 1330
0.014709 1330
0.010640 760
0.002824 190
0.019608 190
0.031255 193
0.044984 193
0.436469 950
0.006842 570
0.001024 193
0.031703 2280
0.001360 570
0.001896 950
0.002451 950
0.001154 380
0.001133 570
0.008999 4095
0.000084 845
0.000677 190
0.003869 1900
0.004027 2090
0.001208 190
0.000618 190
0.000503 190
0.000941 190
0.000367 190
0.000462 190
0.000921 190
0.000621 190
0.000703 190
0.000544 190
0.001043 190
0.000553 190
0.000467 190
0.000826 190
0.001062 190
0.000537 190
0.001662 1140
0.002911 386
0.279968 1713
0.019526 193
0.006273 380
0.002216 760
0.004226 1520
0.010622 4370
0.006339 2280
0.003576 1520
0.003588 1330
0.005495 2090
0.000416 190
0.002244 190
0.002056 190
0.002410 190
0.001133 190
0.001847 190
0.001046 190
0.001411 190
0.001830 190
0.000920 190
0.002002 190
0.001193 190
0.002084 190
0.001433 190
0.001359 190
0.003953 950
0.001960 760
0.000750 190
0.004529 193
0.047758 190
0.000295 380
0.000583 950
0.000970 573
0.009848 190
0.001128 1710
0.000431 570
0.000841 380
0.000466 190
0.000400 380
0.000661 380
0.001248 573
0.016712 380
0.001137 573
0.015065 193
0.155162 193
0.786211 193
1.501039 772
0.000768 1544
0.000005 193
0.001335 579
1.753544 2
0.076227 405
0.005525 11
1.917032 22
0.968503 24
0.189703 24
0.175292 24
0.176014 24
3.457666 29
1.510788 2
0.051961 15
0.002903 72
0.001796 13
0.010122 2234
5.317407 51
0.615754 511
0.071934 458
0.672067 130
0.423903 130
0.287443 130
0.192538 130
0.119829 130
0.319820 72
0.368779 91
0.175877 91
0.168201 91
0.167778 91
0.184156 203
0.297724 431
0.680969 58
0.053169 2333
0.712168 106
0.448063 2493
2.272641 104
0.431216 91
0.808116 91
0.584243 91
0.219954 203
0.221022 431
2.751167 2391
3.707505 106
6.768201 2493
3.623609 43
0.100361 68
0.467604 53
3.575728 231
0.098118 7
0.006847 4095
0.000107 294
0.185094 7
0.006765 384
0.049253 7
0.005846 384
0.683123 7
0.005561 385
0.181475 3215
0.071735 86
0.295737 87
0.344707 82
0.466579 72
0.655763 72
0.439800 121
0.216627 46
0.175587 46
0.168030 75
0.168260 46
0.175859 46
0.167598 46
0.167951 46
0.176414 45
0.175647 51
0.215972 44
9.388455 35
0.512186 44
0.216655 93
1.110939 35
0.215627 34
0.184269 34
0.167694 34
0.176102 34
0.240355 93
0.168644 107
1.487161 109
0.183342 1
0.201370 34
0.004714 100
1.338089 52
0.448158 1
0.464152 1
0.003402 49
0.000474 22
4.115984 24
0.191835 24
0.143874 24
0.144018 1
0.224007 1
0.191957 1
0.176307 1
0.167688 1
0.096104 1
0.569930 2
0.110049 2
0.183694 2
0.168310 2
0.303989 2
0.103951 2
0.200081 2
0.175615 2
0.120418 1
2.904033 2
0.641571 4
0.902613 1
0.264427 1
0.623843 1
0.648218 24
4.495353 38
0.416111 2
0.100382 54
0.002594 106
0.003485 72
0.000474 23
0.090227 91
0.003323 10
0.002649 55
0.001231 67
0.001048 1149
0.000601 26
0.002094 345
0.000070 1614
0.113612 17
0.004521 66
0.160093 8
0.016847 25
0.007611 58
0.001368 33
0.044955 8
0.011469 61
0.045196 8
0.001198 30
0.037825 8
0.001225 46
0.046651 8
0.002337 36
0.049454 8
0.002104 36
0.043182 8
0.002096 44
0.037198 8
0.001873 25
0.030941 8
0.003737 27
0.029315 8
0.003679 25
0.030350 8
0.003769 28
0.008906 12
0.001985 28
0.037586 8
0.003726 28
0.033633 8
0.003843 30
0.031378 8
0.003787 24
0.031047 8
0.003938 38
0.004088 22
0.045588 8
0.003241 27
0.041757 8
0.002063 31
0.042230 8
0.002155 26
0.041127 8
0.003190 23
0.052851 8
0.013037 27
0.046457 8
0.002147 29
0.043894 8
0.002006 28
0.031767 8
0.003740 39
0.043647 8
0.001964 39
0.043368 8
0.001997 29
0.043467 8
0.002068 26
0.042243 8
0.002146 26
0.032268 8
0.008628 23
0.042023 8
0.001105 26
0.023671 12
0.002020 23
0.023493 12
0.003034 24
0.040008 12
0.001951 36
0.039254 8
0.001056 28
0.026430 12
0.002267 32
0.041907 8
0.002315 25
0.041553 8
0.003310 26
0.025356 12
0.002005 27
0.027585 12
0.002156 25
0.045057 8
0.002282 26
0.041221 8
0.002221 25
0.041474 12
0.002079 34
0.041199 8
0.002102 30
0.041867 8
0.003285 36
0.041362 8
0.002149 26
0.028669 12
0.002229 29
0.043709 8
0.002354 32
0.025938 12
0.002012 27
0.025871 12
0.002094 31
0.044913 8
0.002321 27
0.027097 12
0.002009 40
0.043485 8
0.002323 31
0.028235 12
0.002174 31
0.029183 12
0.002133 27
0.043659 8
0.002318 33
0.052649 8
0.002141 33
0.045025 8
0.002259 29
0.047316 8
0.002174 29
0.044978 8
0.002205 25
0.049722 8
0.002539 26
0.044684 8
0.002450 35
0.026120 12
0.002028 34
0.046444 8
0.005318 25
0.048736 10
0.001002 26
0.045587 10
0.000928 31
0.045562 10
0.000855 28
0.046681 10
0.002236 25
0.038994 8
0.001179 25
0.040259 8
0.001145 29
0.040551 8
0.001102 34
0.045903 10
0.001919 26
0.040211 8
0.001119 26
0.039481 8
0.001227 26
0.038984 8
0.001147 23
0.040035 8
0.001350 26
0.035701 18
0.001259 37
0.031196 16
0.002003 28
0.052437 10
0.003808 27
0.051249 10
0.003014 28
0.053073 10
0.004961 25
0.051495 8
0.002346 31
0.048448 12
0.002207 24
0.042935 8
0.002224 25
0.040715 8
0.002190 26
0.045314 8
0.002187 34
0.044574 12
0.002051 25
0.046594 8
0.003387 30
0.045575 8
0.002211 47
0.044368 8
0.002727 33
0.045062 8
0.003289 27
0.047552 8
0.002453 42
0.044052 8
0.002046 46
0.046497 8
0.002204 39
0.046601 8
0.002136 33
0.042859 12
0.002009 47
0.044466 8
0.002078 42
0.045940 8
0.002203 31
0.044735 8
0.002149 32
0.047813 8
0.002209 36
0.045068 8
0.002240 39
0.028898 12
0.002521 37
0.045213 8
0.002363 46
0.041781 8
0.002389 52
0.042514 8
0.002371 36
0.046823 8
0.002460 30
0.048704 8
0.072077 29
0.047310 8
0.002306 33
0.046417 8
0.005033 29
0.045208 8
0.015738 24
0.983461 179
0.001098 314
0.001525 413
0.000176 8
0.002546 23
0.006354 308
0.026275 42
0.188271 109
0.773089 24
0.021521 19
0.147383 1210
0.062246 128
0.063307 136
0.064228 26
0.007474 74
0.075418 73
0.000049 704
0.135611 614
0.467001 634
0.099170 610
0.175547 614
0.306218 630
0.131400 105
0.003243 29
0.000651 43
0.013710 650
0.022746 650
0.024030 654
0.161866 650
0.028248 650
0.112342 654
0.027227 650
0.021480 654
0.035755 91
0.098093 592
0.008742 95
0.216488 596
0.010410 99
0.325440 600
0.010889 85
0.236549 586
0.010403 85
0.039131 586
0.006636 642
0.154186 658
0.075681 658
0.069811 658
0.065289 646
0.050716 654
0.055403 658
0.049156 646
0.186246 654
0.095537 658
0.102145 654
0.037826 654
0.055191 650
0.085908 654
0.485718 658
0.063758 650
0.126869 650
0.055045 654
0.048645 650
0.059213 658
0.069776 662
0.105618 658
0.035126 658
0.148501 682
0.073513 658
0.097788 658
0.106446 658
0.227563 658
0.065003 662
0.079094 658
0.042873 658
0.082929 658
0.059146 650
0.072332 650
0.052172 658
0.050906 646
0.065259 658
0.063726 650
0.056794 650
0.046602 650
0.058129 646
0.055064 650
0.064379 658
0.077109 662
0.079505 654
0.068442 654
0.069952 650
0.054307 650
0.060540 658
0.184410 658
0.123709 658
0.065613 658
0.086926 658
0.183374 658
0.066817 658
0.085119 658
0.069351 654
0.070230 658
0.053754 650
0.054878 654
0.065078 650
0.060336 650
0.056910 646
0.062222 650
0.059946 646
0.056965 690
0.030853 694
0.024517 686
0.024490 650
0.073766 666
0.032094 670
0.056172 650
0.034164 642
0.025061 642
0.097671 650
0.029848 646
0.035654 646
0.110698 646
0.069191 650
0.267333 646
0.069172 650
0.064822 650
0.110183 650
0.090062 650
0.058600 650
0.050079 646
0.050642 650
0.033127 650
0.161931 654
0.061419 654
0.087899 650
0.101178 654
0.094838 658
0.100002 646
0.067014 654
0.071146 650
0.055184 650
0.087910 654
0.043794 654
0.059570 662
0.236951 662
0.195813 670
0.045336 670
0.045023 674
0.094778 642
0.052916 650
0.072980 650
0.038078 642
0.064227 646
0.038470 638
0.032839 642
0.066855 642
0.033004 651
0.258335 646
0.077205 642
0.104919 646
0.242041 654
0.057519 646
0.046677 642
0.191077 642
0.086914 646
0.089730 642
0.044071 642
0.124609 646
0.160885 650
0.114336 650
0.118419 646
0.088545 646
0.055492 650
0.064713 642
0.056503 646
0.065169 642
0.031219 646
0.063862 650
0.058153 77
0.120431 578
0.008817 81
0.101906 582
0.008130 650
0.069414 81
0.026792 582
0.006852 81
0.068519 582
0.007514 83
0.165932 584
0.008880 662
0.031766 658
0.055339 93
0.080636 594
0.007659 674
0.023788 674
0.020845 674
0.020940 678
0.023792 674
0.021125 654
0.032580 646
0.023061 646
0.093176 654
0.028474 650
0.120966 93
0.203043 594
0.009273 658
0.043069 658
0.079737 642
0.096340 654
0.086823 650
0.091796 646
0.060745 646
0.075344 650
0.091414 650
0.161067 650
0.034471 650
0.104049 646
0.077086 654
0.114732 650
0.146563 654
0.109013 646
0.198576 658
0.181997 650
0.040313 658
0.031686 658
0.050517 658
0.065703 658
0.203074 658
0.036992 658
0.083522 662
0.056568 658
0.116863 658
0.059755 658
0.059048 634
0.032228 638
0.052777 642
0.078853 642
0.032347 642
0.080621 642
0.117865 654
0.069712 642
0.076656 642
0.106737 658
0.089696 642
0.073940 654
0.068750 626
0.031572 435
0.005395 647
0.037887 654
0.041532 650
0.054128 654
0.089134 654
0.041898 650
0.077020 650
0.299553 654
0.029153 650
0.034026 646
0.057936 654
0.131184 654
0.034574 654
0.034409 650
0.045688 654
0.048548 654
0.037051 654
0.026846 650
0.060170 650
0.046179 654
0.057854 650
0.204663 646
0.054277 650
0.067111 646
0.039250 642
0.032655 642
0.045662 642
0.080607 642
0.069230 642
0.090078 646
0.054511 650
0.102462 642
0.043191 658
0.044215 658
0.049394 658
0.130083 654
0.060812 654
0.045167 650
0.032647 650
0.149120 650
0.044638 650
0.098436 654
0.059939 654
0.101002 658
0.083512 650
0.049555 654
0.039049 650
0.038054 646
0.029408 658
0.067134 650
0.032420 650
0.078312 666
0.028664 650
0.028740 658
0.030393 630
0.017021 658
0.621134 760
0.082206 736
0.436958 764
0.042362 724
0.080964 740
0.130339 728
0.249707 646
0.079926 650
0.163230 650
0.189727 646
0.185218 650
0.046434 650
0.112456 642
0.043094 642
0.035411 642
0.146671 650
0.090800 642
0.204151 646
0.165372 642
0.057711 650
0.111388 650
0.055252 650
0.052488 654
0.055117 658
0.100077 658
0.055173 654
0.042734 646
0.074169 650
0.068651 650
0.055505 666
0.016948 666
0.016647 666
0.017719 670
0.016283 97
0.303017 598
0.015146 666
0.194151 646
0.083211 650
0.256573 650
0.181851 85
0.047135 586
0.006888 662
0.056416 662
0.083867 666
0.088227 662
0.097983 662
0.033584 662
0.079731 666
0.068109 662
0.091114 666
0.106389 678
0.101031 666
0.073965 674
0.062987 670
0.091044 670
0.091815 670
0.069350 654
0.065532 670
0.069116 658
0.065124 666
0.065235 670
0.073409 662
0.065818 658
0.065311 634
0.272828 650
0.043430 650
0.047890 650
0.149416 650
0.092799 646
0.065066 646
0.106942 646
0.076406 646
0.057751 658
0.054045 646
0.098368 666
0.322863 713
0.218026 721
0.244022 670
0.198434 638
0.070198 686
0.084937 646
0.069077 698
0.145349 651
0.087340 655
0.112954 646
0.067673 646
0.044947 642
0.043417 642
0.080949 642
0.044938 678
0.080448 642
0.031112 646
0.076161 666
0.079160 654
0.053283 646
0.167620 650
0.075972 650
0.162459 650
0.034416 650
0.077265 650
0.108529 650
0.078259 654
0.070233 642
0.027641 642
0.058779 642
0.056435 662
0.068075 646
0.057557 646
0.055926 654
0.057120 646
0.067703 655
0.059316 654
0.091128 638
0.056730 642
0.068793 650
0.068109 654
0.090161 642
0.054181 642
0.053689 642
0.168819 646
0.059491 646
0.061430 646
0.059775 654
0.058426 662
0.121075 654
0.090546 654
0.071347 658
0.163407 634
0.095139 630
0.032861 658
0.053565 658
0.089572 642
0.084157 646
0.098498 654
0.032981 646
0.023275 654
0.029662 650
0.048767 622
0.112236 638
0.084262 650
0.031852 646
0.078582 654
0.082869 662
0.053428 650
0.089629 654
0.093572 650
0.037241 81
0.051189 582
0.007487 654
0.050960 650
0.032013 658
0.034912 658
0.048252 618
0.051499 634
0.032693 634
0.145689 97
0.059465 598
0.007051 654
0.065325 654
0.181476 654
0.084076 654
0.080719 654
0.122026 663
0.202522 89
0.101869 590
0.007797 654
0.211416 654
0.044836 658
0.066418 654
0.057764 626
0.039346 630
0.034020 634
0.034248 630
0.032430 626
0.069286 630
0.065925 666
0.091709 666
0.187409 666
0.032091 666
0.046091 670
0.059856 658
0.103518 654
0.106946 658
0.032368 658
0.124823 654
0.124727 658
0.092206 658
0.102413 658
0.106615 658
0.131261 654
0.098471 650
0.119280 650
0.032603 654
0.095277 650
0.219783 650
0.066309 650
0.096385 654
0.102064 654
0.064271 654
0.064030 654
0.062617 646
0.179654 662
0.072329 662
0.064822 666
0.063241 666
0.058878 662
0.086292 666
0.072763 666
0.058233 662
0.086279 666
0.090053 666
0.092682 666
0.074937 662
0.054125 662
0.063666 666
0.074340 662
0.093595 662
0.032626 658
0.037235 662
0.093264 662
0.074020 662
0.232881 658
0.123703 662
0.056876 666
0.145548 662
0.033373 101
0.162731 602
0.009012 674
0.046130 698
0.052572 698
0.085191 673
0.281277 658
0.156497 658
0.015564 658
0.033208 658
0.147967 662
0.106378 658
0.026119 658
0.041534 658
0.053513 650
0.069127 650
0.022910 654
0.039390 654
0.032114 654
0.029256 89
0.081833 590
0.007590 81
0.042939 582
0.007010 666
0.173130 662
0.031873 658
0.217405 654
0.072037 650
0.068922 654
0.057904 654
0.042371 650
0.034283 650
0.089150 650
0.124789 654
0.067448 646
0.048767 654
0.043844 654
0.140635 654
0.153533 650
0.078991 658
0.173793 650
0.046355 650
0.100930 654
0.062945 654
0.080739 650
0.076298 654
0.052792 658
0.059944 642
0.254756 658
0.029803 658
0.029543 658
0.030069 658
0.030711 95
0.031324 596
0.007207 89
0.371068 590
0.011452 83
0.369906 584
0.010363 654
0.031620 654
0.049833 93
0.372778 594
0.011157 87
0.371028 588
0.011070 646
0.071845 87
0.360626 588
0.010532 646
0.073161 666
0.064942 690
0.052385 690
0.087679 658
0.115926 650
0.032260 658
0.081733 654
0.093153 642
0.045620 634
0.275474 634
0.135158 650
0.092906 650
0.150620 650
0.126558 674
0.217201 666
0.032879 670
0.057684 666
0.137402 686
0.087603 682
0.052682 654
0.047319 666
0.027924 650
0.023984 646
0.119132 646
0.143023 642
0.035519 642
0.078005 666
0.068149 666
0.087898 666
0.084128 662
0.197447 666
0.110158 670
0.148929 670
0.080388 658
0.103834 642
0.033120 642
0.216812 646
0.052665 658
0.092523 646
0.072207 618
0.033487 89
0.049033 590
0.007392 670
0.074993 650
0.107778 654
0.079180 646
0.072163 646
0.089737 650
0.121703 658
0.110562 658
0.128039 654
0.058082 658
0.054927 658
0.033579 658
0.085253 654
0.185597 662
0.068151 658
0.080075 658
0.059369 658
0.098125 658
0.093860 658
0.104547 658
0.058479 654
0.099188 658
0.515685 658
0.155493 658
0.077669 658
0.107069 658
0.063426 658
0.065365 658
0.060494 646
0.131826 658
0.060591 646
0.129859 654
0.057210 650
0.128326 658
0.100847 646
0.064583 650
0.103077 654
0.093385 670
0.092692 666
0.069152 662
0.074599 662
0.069563 666
0.079211 666
0.145649 662
0.325847 666
0.122836 662
0.085613 666
0.064575 658
0.135978 662
0.193551 666
0.073877 666
0.072117 662
0.132798 666
0.155851 662
0.145378 662
0.063883 666
0.074706 662
0.092366 658
0.068193 662
0.087727 658
0.064622 658
0.109714 666
0.174757 658
0.107547 662
0.065662 666
0.073121 658
0.067901 666
0.076138 658
0.088135 662
0.206015 662
0.072935 666
0.095349 662
0.081771 658
0.267875 654
0.034763 71
0.029989 576
0.006930 638
0.147960 634
0.053555 87
0.052064 588
0.007138 646
0.057394 4095
0.000030 4095
0.000183 4095
0.010726 2571
0.133722 40
0.058152 622
0.161381 618
0.173187 618
0.075716 622
0.084443 622
0.090941 618
0.106875 618
0.084905 670
0.079900 670
0.176713 670
0.339941 666
0.095874 666
0.338691 690
0.095639 618
0.170227 618
0.137217 618
0.267109 618
0.081848 626
0.118437 626
0.232324 626
0.324235 626
0.239375 622
0.044328 626
0.080697 622
0.861092 626
0.112017 622
0.228110 626
0.234174 626
0.099336 622
0.103139 626
0.063509 662
0.246916 682
0.335846 682
0.141077 682
0.361376 646
0.157047 666
0.470107 666
0.222438 662
0.376405 666
0.527020 618
0.141530 618
0.494466 622
0.064621 630
0.163219 622
0.137211 811
0.001086 23
0.004050 37
0.012018 678
0.040962 638
0.034358 654
0.085320 682
0.166724 646
0.050872 686
0.023179 654
0.040318 654
0.066566 658
0.057189 678
0.032512 650
0.234490 682
0.032133 329
0.001610 33
0.000454 47
0.009891 57
0.104810 157
0.133020 133
0.500279 153
0.112321 137
0.325038 137
0.135548 149
0.105554 141
0.167711 153
0.110216 137
0.093700 157
0.099431 133
0.099418 153
0.126851 137
0.169421 149
0.160959 149
0.086309 149
0.084569 153
0.103376 149
0.092180 141
0.082486 141
0.347848 153
0.168370 149
0.258881 149
0.221141 145
0.093822 145
0.112404 141
0.095181 161
0.081493 153
0.134030 145
0.087666 141
0.087151 149
0.152209 137
0.341811 137
0.102821 149
0.106327 157
0.738440 157
0.591075 149
0.121625 153
0.095206 145
0.159973 145
1.776493 145
0.120227 137
0.179763 157
0.123065 133
0.190834 149
0.118717 153
0.082284 141
0.273236 20
0.003957 743
0.145019 130
0.123691 158
0.041793 22
0.000930 133
0.093062 150
0.061251 27
0.000452 137
0.097895 138
0.056680 24
0.000454 131
0.074538 134
0.049219 23
0.000818 129
0.077264 138
0.075366 24
0.000399 137
0.084999 126
0.066763 21
0.000811 125
0.077616 130
0.038919 22
0.000515 127
0.079261 126
0.055738 21
0.000527 125
0.081928 122
0.057227 20
0.000540 123
0.077957 138
0.096745 24
0.001040 137
0.123622 130
0.071680 22
0.000611 127
0.089639 150
0.029181 22
0.000653 113
0.018338 150
0.079404 22
0.000670 132
0.095433 178
0.058898 29
0.000827 146
0.087496 178
0.121981 29
0.000544 146
0.125037 190
0.080690 31
0.000486 153
0.080886 202
0.042493 35
0.000438 158
0.077434 170
0.086602 27
0.000409 142
0.077213 158
0.131040 158
0.201832 24
0.000609 160
0.131006 150
0.075517 22
0.000903 113
0.086465 166
0.135297 26
0.000421 146
0.094391 138
0.089086 19
0.000452 126
0.078387 182
0.071927 30
0.000416 148
0.093433 162
0.097665 25
0.000453 138
0.081630 178
0.085370 29
0.000473 146
0.079575 162
0.067857 25
0.000401 138
0.079392 138
0.652503 19
0.000940 126
0.082653 69
0.013263 166
0.022604 28
0.000908 129
0.016377 71
0.005458 170
0.033683 29
0.000548 131
0.016177 73
0.005248 174
0.034430 30
0.000455 133
0.014986 73
0.005515 174
0.025392 30
0.000444 133
0.015801 69
0.005522 166
0.029136 28
0.000458 129
0.016106 79
0.005537 186
0.022515 33
0.000479 139
0.017451 67
0.005337 162
0.028979 27
0.000462 127
0.016069 75
0.005580 178
0.027925 31
0.000431 135
0.015657 79
0.005522 186
0.022429 33
0.000461 139
0.015113 71
0.005468 170
0.022202 29
0.000452 131
0.015834 71
0.005471 170
0.038551 29
0.000532 131
0.015912 69
0.005441 166
0.066291 28
0.000450 129
0.015822 71
0.005481 170
0.028926 29
0.000559 131
0.016034 71
0.005435 170
0.030858 29
0.000431 131
0.015704 79
0.005537 186
0.031466 33
0.000453 139
0.017717 75
0.006842 178
0.028433 31
0.000527 135
0.016006 67
0.005511 162
0.051653 27
0.000633 127
0.016445 69
0.005727 166
0.024697 28
0.000593 129
0.016265 67
0.005617 162
0.037219 27
0.000524 127
0.016135 69
0.005614 166
0.037921 28
0.000514 129
0.016161 73
0.005626 174
0.023504 30
0.000761 133
0.015284 73
0.005264 174
0.022622 30
0.000480 133
0.017306 75
0.005393 178
0.023960 31
0.000538 135
0.014085 67
0.005100 162
0.033891 27
0.000502 127
0.014224 71
0.005153 170
0.034161 29
0.000518 131
0.014207 73
0.005611 174
0.034677 30
0.000523 133
0.014177 75
0.005130 178
0.054053 31
0.000464 135
0.015841 69
0.005673 166
0.038079 28
0.000502 129
0.016120 71
0.005556 170
0.040582 29
0.000574 131
0.014958 71
0.005617 170
0.022150 29
0.000517 131
0.016222 69
0.005625 166
0.024591 28
0.000523 129
0.016518 73
0.005554 174
0.032034 30
0.000551 133
0.015936 69
0.005609 166
0.024543 28
0.000522 129
0.016137 69
0.005686 166
0.026001 28
0.000555 129
0.016067 71
0.005608 170
0.027613 29
0.000519 131
0.015226 73
0.005077 174
0.022020 30
0.000619 133
0.015463 77
0.005140 182
0.023737 32
0.000546 137
0.015045 77
0.005202 182
0.044524 32
0.000470 137
0.014241 71
0.005399 170
0.064182 29
0.000409 131
0.014263 79
0.005169 186
0.021086 33
0.000505 139
0.014425 79
0.005221 186
0.022136 33
0.000449 139
0.014180 69
0.005180 166
0.049907 28
0.000418 129
0.014170 71
0.005111 170
0.022159 29
0.000438 131
0.014296 75
0.005213 178
0.050582 31
0.000473 135
0.014258 73
0.005140 174
0.034717 30
0.000406 133
0.014079 71
0.005172 170
0.024799 29
0.000407 131
0.014543 81
0.005562 190
0.025214 34
0.000418 141
0.014288 69
0.005099 166
0.021149 28
0.000438 129
0.014107 69
0.005141 166
0.021321 28
0.000449 129
0.014694 75
0.005125 178
0.021935 31
0.000465 135
0.014146 69
0.005170 166
0.033419 28
0.000410 129
0.014174 81
0.005477 190
0.022831 34
0.000501 141
0.014211 71
0.005121 170
0.027275 29
0.000401 131
0.014038 69
0.006197 166
0.023893 28
0.000407 129
0.014251 69
0.005146 166
0.030093 28
0.000418 129
0.014168 71
0.005176 170
0.061565 29
0.000462 131
0.014353 69
0.005262 166
0.057574 28
0.000442 129
0.014600 71
0.005092 170
0.021028 29
0.000447 131
0.014186 73
0.005158 174
0.021231 30
0.000496 133
0.014182 73
0.005331 174
0.052178 30
0.000431 133
0.014193 79
0.005302 186
0.021672 33
0.000407 139
0.014255 71
0.005152 170
0.049877 29
0.000406 131
0.014243 67
0.005152 162
0.060749 27
0.000396 127
0.014319 75
0.005250 178
0.029597 31
0.000412 135
0.014326 67
0.005180 162
0.050621 27
0.000436 127
0.014417 79
0.005193 186
0.022107 33
0.000460 139
0.014137 71
0.005185 170
0.049297 29
0.000395 131
0.014282 79
0.005130 186
0.049459 33
0.000417 139
0.014249 75
0.005129 178
0.058227 31
0.000453 135
0.014338 146
0.046865 21
0.000558 130
0.080938 198
0.046010 33
0.000597 157
0.095947 198
0.101888 33
0.000789 160
0.103740 178
0.089158 181
0.092805 174
0.091394 28
0.000495 150
0.097428 174
0.105966 28
0.000492 150
0.099053 174
0.120047 28
0.000561 150
0.092819 146
0.080285 21
0.000442 133
0.074977 154
0.079850 23
0.000125 134
0.084250 182
0.067757 30
0.000544 148
0.081791 186
0.145258 31
0.000537 150
0.087939 142
0.093207 20
0.000548 128
0.084492 142
0.139507 20
0.000762 128
0.083533 194
0.064904 32
0.000571 155
0.078113 227
0.087647 35
0.000484 161
0.085344 146
0.085553 21
0.000478 130
0.081315 146
0.164620 21
0.000665 136
0.097160 142
0.196110 20
0.000411 128
0.078167 138
0.118884 19
0.000500 126
0.078345 181
1.882592 181
0.137516 27
0.001156 164
0.168481 146
0.176119 21
0.000410 133
0.079383 206
0.069452 36
0.000437 160
0.078068 142
0.051390 20
0.000474 128
0.078172 170
0.125989 26
0.000440 164
0.097444 146
0.116833 21
0.000399 154
0.088060 178
0.077556 29
0.000625 152
0.087578 190
0.108071 29
0.000428 149
0.077334 150
0.142753 22
0.000529 132
0.093405 162
0.072448 25
0.000450 138
0.080535 138
0.489915 19
0.000972 126
0.084263 154
0.110735 23
0.000550 134
0.077027 142
0.033055 20
0.002730 128
0.117205 170
0.278420 27
0.000447 142
0.078099 146
0.498003 21
0.000763 130
0.080376 154
0.071312 23
0.000429 134
0.076942 142
0.072830 20
0.000408 128
0.094066 162
0.084973 25
0.000441 162
0.103125 154
0.046244 23
0.000423 134
0.077878 150
0.079674 21
0.000503 154
0.093844 146
0.094153 21
0.000695 130
0.092909 146
0.051962 21
0.000509 130
0.078736 142
0.096868 20
0.000483 128
0.082985 154
0.068744 23
0.000404 134
0.078692 142
0.032547 20
0.000609 128
0.084872 190
0.046749 31
0.000430 150
0.079938 146
0.050374 21
0.000429 130
0.080490 158
0.037492 24
0.000455 136
0.015003 194
0.090164 32
0.000411 155
0.081707 158
0.101729 24
0.000397 136
0.087506 154
0.203338 23
0.000438 134
0.080840 150
0.054290 22
0.000477 132
0.077320 142
0.081609 20
0.000666 128
0.083343 186
0.069293 31
0.000976 150
0.086872 170
0.058995 27
0.000592 142
0.077940 206
0.053105 35
0.000554 161
0.088171 142
0.036751 20
0.000625 128
0.078747 142
0.052378 20
0.000523 128
0.083159 142
0.042370 20
0.000529 128
0.078592 182
0.036117 30
0.000592 151
0.088270 166
0.094922 26
0.000632 164
0.104259 158
0.037423 24
0.000747 108
0.015351 158
0.055351 24
0.000533 136
0.088024 146
0.085283 21
0.000506 130
0.080369 154
0.047720 23
0.000591 134
0.080428 154
0.061013 23
0.000779 134
0.087790 174
0.125486 28
0.000609 168
0.110365 202
0.088522 34
0.000603 159
0.076806 182
0.098336 30
0.000498 151
0.084027 186
0.042759 30
0.000527 151
0.077722 142
0.068227 20
0.000550 128
0.091680 230
0.087319 41
0.000578 170
0.075985 162
0.075830 25
0.000538 144
0.093546 182
0.306015 146
0.148516 162
0.270096 21
0.001013 180
0.087562 182
0.100875 30
0.000642 174
0.101572 158
1.253465 23
0.000576 158
0.094865 166
0.087705 26
0.000483 164
0.086486 170
0.093157 27
0.002795 166
0.105898 162
0.544925 24
0.000432 123
0.092552 154
0.093738 23
0.000381 134
0.077086 170
0.065109 27
0.000389 148
0.095106 150
0.241790 22
0.000400 132
0.086407 158
0.054146 24
0.000479 136
0.079778 178
0.070195 29
0.000440 146
0.082212 162
0.147619 25
0.000763 162
0.106422 194
0.114689 32
0.000403 161
0.093206 149
0.089254 19
0.000584 147
0.100715 134
0.115030 18
0.000455 124
0.080571 154
0.126142 23
0.000402 134
0.087413 182
0.109274 30
0.000390 148
0.075879 146
0.027517 21
0.000393 111
0.015534 158
0.127698 24
0.000412 145
0.079193 214
0.070994 38
0.000508 164
0.081458 186
0.060024 31
0.000422 150
0.090519 190
0.090474 31
0.000481 153
0.078199 170
0.093815 27
0.000421 142
0.077926 142
0.080748 20
0.000366 128
0.083904 100
0.091037 22
0.004944 103
0.060688 25
0.002761 108
0.060676 26
0.002108 116
0.065819 30
0.005458 73
0.048058 73
0.039832 107
0.008017 74
0.288111 73
0.065758 195
0.005292 150
0.001891 34
0.002761 34
0.002960 81
0.000526 89
0.004093 110
0.005122 112
0.003353 120
0.003462 118
0.003261 114
0.003473 114
0.003421 120
0.003456 110
0.003347 116
0.003292 120
0.003439 108
0.003370 114
0.003271 116
0.003621 122
0.003397 120
0.003434 112
0.003460 112
0.003335 110
0.003550 116
0.003420 112
0.003432 118
0.003457 112
0.003282 120
0.003459 118
0.003247 116
0.003322 122
0.003330 108
0.003492 114
0.003484 110
0.003408 108
0.003318 114
0.003347 110
0.003168 116
0.003308 114
0.003469 114
0.003288 116
0.003415 108
0.003490 112
0.003445 114
0.003431 114
0.003057 116
0.003206 122
0.003141 110
0.003037 110
0.003096 116
0.002940 112
0.003205 112
0.003096 110
0.003204 116
0.003196 114
0.003028 110
0.003167 110
0.003148 110
0.003155 112
0.003174 114
0.003209 118
0.003057 118
0.003117 124
0.002965 112
0.003169 118
0.003174 126
0.002991 120
0.003090 120
0.003033 110
0.002941 112
0.003309 116
0.003026 116
0.003166 122
0.003155 114
0.003004 120
0.003004 112
0.003024 122
0.003154 118
0.002934 110
0.003175 110
0.003189 110
0.003180 116
0.003135 110
0.003027 116
0.002986 122
0.003034 112
0.003124 110
0.002991 110
0.003079 112
0.003273 110
0.003302 112
0.003342 112
0.003364 116
0.003461 114
0.003026 114
0.003181 120
0.003168 120
0.002988 112
0.003258 108
0.003195 114
0.003131 116
0.003124 108
0.003236 114
0.003203 120
0.003088 112
0.003043 120
0.003001 118
0.002993 116
0.003087 122
0.003001 110
0.003286 112
0.003224 120
0.003217 118
0.003209 114
0.003311 114
0.003203 120
0.003169 110
0.003297 116
0.003223 120
0.003236 108
0.003259 114
0.003221 116
0.003302 122
0.003227 120
0.003219 112
0.003223 112
0.003260 110
0.003192 116
0.003190 112
0.003189 118
0.003273 112
0.003220 120
0.003216 118
0.003247 116
0.003270 122
0.003268 108
0.003254 114
0.003156 110
0.003177 108
0.003191 114
0.003222 110
0.003237 116
0.003095 114
0.003307 114
0.003168 116
0.003290 108
0.003292 112
0.003212 114
0.003134 114
0.003259 116
0.003213 122
0.003244 110
0.003169 110
0.005307 116
0.002106 112
0.005325 112
0.005226 110
0.004825 116
0.003708 114
0.003519 110
0.003413 110
0.003392 110
0.003486 112
0.003590 114
0.003248 118
0.003366 118
0.003208 124
0.003216 112
0.003191 118
0.003141 126
0.003354 120
0.003199 120
0.003182 110
0.003318 112
0.003350 116
0.003208 116
0.003215 122
0.003280 114
0.003192 120
0.003163 112
0.003194 122
0.003177 118
0.003198 110
0.003208 110
0.003195 110
0.003181 116
0.003248 110
0.003947 116
0.003755 122
0.004090 112
0.005339 110
0.003413 110
0.005132 112
0.003646 110
0.003573 112
0.003411 112
0.003579 116
0.003474 114
0.003209 114
0.003210 120
0.003181 120
0.003244 112
0.003514 108
0.003188 114
0.003334 116
0.003294 108
0.003381 114
0.003505 120
0.003242 112
0.003281 120
0.003281 118
0.003148 116
0.003215 122
0.006872 92
0.069119 86
0.023273 87
0.000909 104
0.004041 98
0.003999 100
0.003261 36
0.020542 74
0.073436 73
0.009097 198
0.003490 89
0.000873 24
0.001229 37
0.020214 74
0.081062 73
0.055044 199
0.003507 77
0.000792 33
0.002336 89
0.015415 94
0.003266 73
0.025504 599
0.462638 603
0.215312 609
0.174230 607
0.133587 605
0.121091 605
0.286805 603
0.157466 607
0.123161 621
0.222510 609
0.416165 607
0.163330 617
0.171233 605
0.310134 605
0.287000 607
0.126751 617
0.134435 603
0.199800 605
0.272417 609
0.188476 617
0.196287 605
0.245122 607
0.197494 607
0.147775 617
0.309878 607
0.349394 613
0.126578 609
0.126841 611
0.120921 615
0.314995 609
0.182580 613
0.869291 627
0.324614 607
0.167876 625
0.160884 609
0.165387 609
0.242234 621
0.129843 623
0.122155 623
0.176354 617
0.200501 625
0.151981 619
0.250295 611
0.124261 613
0.123659 613
0.121984 613
0.207521 615
0.119358 611
0.137559 625
0.152677 619
0.127328 611
0.136617 627
0.152363 619
0.119278 637
0.152132 617
0.139744 613
0.119735 617
0.199181 615
0.122361 625
0.118416 627
0.125589 623
0.125310 611
0.117434 615
0.113982 629
0.309473 623
0.118050 639
0.224568 643
0.155128 631
0.130038 619
0.194443 625
0.126388 627
0.125523 621
0.115050 625
0.724967 643
0.430074 607
0.156166 652
0.419564 676
0.760624 686
0.189648 668
0.603573 664
0.407747 690
0.384737 678
0.275887 672
0.480067 666
0.379097 670
0.929809 694
0.256682 674
0.517733 692
0.181628 694
0.198754 712
0.170094 692
0.447222 708
0.230715 706
0.242580 698
0.147930 704
0.636279 712
0.356005 704
0.284735 714
0.151378 710
0.189646 710
0.228013 712
0.224035 690
0.157679 722
0.153919 708
0.194905 664
0.813473 676
0.169834 678
0.134388 688
0.151912 688
0.138106 678
0.174160 696
0.160299 706
0.156642 690
0.258383 702
0.292752 694
0.199922 708
0.170337 696
0.166997 702
0.188828 708
0.166356 704
0.189067 696
0.170917 704
0.213795 702
0.276018 696
0.188439 690
0.359009 690
0.188758 710
0.155795 698
0.200475 698
0.245501 690
0.269119 694
0.745991 698
0.589830 694
0.395688 692
0.355810 692
0.719874 702
0.204758 702
0.130802 698
0.193387 706
0.161727 690
0.154856 690
0.608454 710
0.238058 716
0.158574 722
0.163193 714
0.184221 720
0.181849 710
0.159196 706
0.148551 617
0.193110 641
0.216575 633
0.254537 629
0.275539 639
0.182789 641
0.160529 643
0.168996 641
0.148194 643
0.178191 641
0.151572 643
0.239945 651
0.345381 643
0.287934 645
0.141136 627
0.213124 647
0.293047 641
0.248478 643
0.169345 651
0.240788 649
0.336878 653
0.380624 645
0.210158 669
0.251865 667
0.156582 649
0.230145 655
0.157400 663
0.203138 655
0.160848 649
0.328439 649
0.180748 669
0.147581 655
0.137437 649
0.139182 669
0.235366 681
0.153462 673
0.176545 669
0.150026 665
0.242798 598
0.122993 4095
0.000027 3987
0.708856 216
0.014266 72
0.021309 127
0.007530 1149
0.003650 26
0.004402 345
0.000064 1556
0.136476 17
0.004901 39
0.000822 27
0.107567 8
0.007960 25
0.004233 58
0.001710 33
0.035625 8
0.001725 61
0.055921 8
0.001244 30
0.039305 8
0.001169 46
0.042606 8
0.002410 36
0.047401 8
0.002205 36
0.044991 8
0.002036 44
0.035767 8
0.002821 25
0.031080 8
0.004195 27
0.030665 8
0.004195 25
0.031252 8
0.003816 28
0.008696 12
0.001982 28
0.039015 8
0.003846 28
0.035922 8
0.004113 30
0.033031 8
0.003905 24
0.031599 8
0.004265 38
0.004152 22
0.045785 8
0.003239 27
0.043435 8
0.002190 31
0.041860 8
0.002343 26
0.041008 8
0.003270 23
0.050767 8
0.002232 27
0.045715 8
0.002118 29
0.044143 8
0.002382 28
0.033439 8
0.003912 39
0.043076 8
0.002067 39
0.043327 8
0.002405 29
0.043515 8
0.002295 26
0.042750 8
0.002304 26
0.031990 8
0.006781 23
0.043124 8
0.001190 26
0.023175 12
0.002181 23
0.023755 12
0.003138 24
0.038942 12
0.002083 36
0.039016 8
0.001132 28
0.025526 12
0.002180 32
0.042926 8
0.002301 25
0.041883 8
0.003291 26
0.025634 12
0.002097 27
0.028916 12
0.002207 25
0.045807 8
0.002289 26
0.041195 8
0.002308 25
0.041608 12
0.002193 34
0.041134 8
0.002251 30
0.041927 8
0.002406 36
0.041995 8
0.002281 26
0.028009 12
0.002133 29
0.041939 8
0.002255 32
0.025872 12
0.002085 27
0.026418 12
0.002807 31
0.046211 8
0.002873 27
0.026299 12
0.002190 40
0.044912 8
0.002341 31
0.028256 12
0.002150 31
0.027368 12
0.002153 27
0.044302 8
0.002396 33
0.046099 8
0.003423 33
0.046794 8
0.002276 29
0.044421 8
0.002321 29
0.043951 8
0.002507 25
0.046231 8
0.002289 26
0.042485 8
0.002387 35
0.025194 12
0.002060 34
0.046160 8
0.006438 25
0.047640 10
0.000965 26
0.045943 10
0.000965 31
0.045169 10
0.000908 28
0.045453 10
0.002804 25
0.039191 8
0.001270 25
0.042172 8
0.001427 29
0.045326 8
0.001182 34
0.051904 10
0.002206 26
0.045010 8
0.001193 26
0.044445 8
0.001244 26
0.044587 8
0.001839 23
0.044690 8
0.001610 26
0.037331 18
0.002403 37
0.033032 16
0.002118 28
0.047198 10
0.003139 27
0.046880 10
0.003467 28
0.048044 10
0.004449 25
0.045538 8
0.002387 31
0.049521 12
0.002238 24
0.044250 8
0.002279 25
0.043255 8
0.002486 26
0.044025 8
0.002289 34
0.045125 12
0.002149 25
0.047218 8
0.003156 30
0.045849 8
0.003703 47
0.044939 8
0.002295 33
0.045075 8
0.002431 27
0.053711 8
0.002337 42
0.045339 8
0.002371 46
0.049777 8
0.002155 39
0.047489 8
0.002448 33
0.049321 12
0.002049 47
0.048764 8
0.002685 42
0.049856 8
0.002552 31
0.047578 8
0.002425 32
0.046700 8
0.002816 36
0.048614 8
0.002406 39
0.029424 12
0.002089 37
0.045304 8
0.002250 46
0.041180 8
0.002261 52
0.041266 8
0.002205 36
0.045834 8
0.002243 30
0.047005 8
0.072621 29
0.047302 8
0.002274 33
0.046720 8
0.002944 32
0.146258 8
0.004035 29
0.050460 8
0.016610 24
0.997451 142
0.001237 314
0.001606 141
0.000006 280
0.002451 23
0.006148 609
0.362227 540
0.202338 546
0.170646 544
0.135359 542
0.129491 542
0.280742 540
0.157532 544
0.127633 558
0.225767 546
0.415879 544
0.145764 554
0.157446 542
0.297985 542
0.279634 544
0.119479 554
0.122154 540
0.190463 542
0.241833 546
0.168183 554
0.174503 542
0.227985 544
0.173726 544
0.140425 554
0.301893 544
0.349517 550
0.120077 546
0.129805 548
0.122438 552
0.305579 546
0.167178 550
0.841024 564
0.304332 544
0.170798 562
0.179556 546
0.182314 546
0.246148 558
0.131339 560
0.123934 560
0.180273 554
0.205200 562
0.154342 556
0.263491 548
0.122350 550
0.126029 550
0.123322 550
0.210504 552
0.120095 548
0.128317 562
0.153894 556
0.123091 548
0.126855 564
0.157349 556
0.125174 574
0.154678 554
0.146864 550
0.125422 554
0.218840 552
0.130347 562
0.120127 564
0.127932 560
0.126981 548
0.118217 552
0.118838 566
0.310512 560
0.119323 576
0.225364 580
0.157722 568
0.134866 556
0.195676 562
0.127384 564
0.126624 558
0.117486 562
0.750453 580
0.462976 544
0.158510 589
0.429802 613
0.783827 623
0.190784 605
0.608526 601
0.423775 627
0.392718 615
0.305614 609
0.477216 603
0.379464 607
0.939364 631
0.253876 611
0.520222 629
0.183651 631
0.202540 649
0.171788 629
0.445686 645
0.233612 643
0.248389 635
0.152323 641
0.643898 649
0.369218 641
0.285324 651
0.151891 647
0.192026 647
0.235532 649
0.228226 627
0.157484 659
0.156473 645
0.197502 601
0.817365 613
0.176130 615
0.137903 625
0.155704 625
0.140818 615
0.169269 633
0.158835 643
0.159260 627
0.277279 639
0.314111 631
0.197108 645
0.170056 633
0.152648 639
0.184173 645
0.168532 641
0.189434 633
0.170544 641
0.216138 639
0.280406 633
0.191969 627
0.355352 627
0.190953 647
0.157908 635
0.204225 635
0.248570 627
0.267745 631
0.757945 635
0.622040 631
0.404406 629
0.358568 629
0.733837 639
0.203757 639
0.133402 635
0.197547 643
0.164626 627
0.155239 627
0.606252 647
0.242205 653
0.158402 659
0.163382 651
0.189729 657
0.190258 647
0.167740 643
0.150716 554
0.193913 578
0.218043 570
0.257423 566
0.295762 576
0.186682 578
0.162348 580
0.177055 578
0.152697 580
0.185847 578
0.167078 580
0.263679 588
0.351899 580
0.302831 582
0.151399 564
0.221093 584
0.292035 578
0.249517 580
0.173373 588
0.242782 586
0.339750 590
0.387659 582
0.213434 606
0.249770 604
0.159423 586
0.234374 592
0.162576 600
0.208481 592
0.165142 586
0.351874 586
0.201981 606
0.151942 592
0.141827 586
0.142741 606
0.231823 618
0.155778 610
0.179302 606
0.153585 602
0.227069 535
0.117133 4095
0.000029 3869
0.468004 216
0.015427 72
0.012231 10
0.028601 57
0.002239 202
0.002453 75
0.001062 45
0.001680 72
0.001027 101
0.000798 115
0.001384 40
0.013160 244
0.003240 173
0.001654 270
0.000923 95
0.007452 175
0.002677 92
0.008919 92
0.003680 92
0.001343 196
0.003756 114
0.001106 204
0.005223 126
0.001210 200
0.002721 118
0.000974 200
0.002152 122
0.000956 198
0.002188 120
0.000960 207
0.002129 114
0.000987 171
0.001539 183
0.001502 182
0.002446 183
0.001238 72
0.000287 100
0.001223 173
0.001958 579
0.001014 104
0.000930 98
0.001062 98
0.001102 100
0.001128 108
0.001219 126
0.001612 162
0.001159 177
0.007856 101
0.001216 99
0.000908 156
0.003406 173
0.003426 179
0.003448 107
0.001457 171
0.003695 183
0.003410 129
0.001233 190
0.003770 200
0.003361 100
0.001163 156
0.003317 169
0.059311 96
0.003133 96
0.000935 96
0.000971 332
0.111376 106
0.773341 112
1.950740 68
0.174147 13
0.020919 32
0.052011 36
0.005839 182
0.000230 29
0.006560 56
0.590741 44
0.015179 36
0.003735 83
0.046595 55
0.001935 157
0.005396 83
0.001362 42
0.002052 17
0.001079 10
0.002615 49
0.131908 1316
0.028567 470
0.757352 77
0.779144 87
0.003656 55
0.001503 149
0.003649 10
0.045693 22
10.120282 24
0.496831 24
0.030660 24
0.030014 24
0.030957 24
0.031228 24
0.028900 24
0.029838 24
0.030185 24
0.029440 24
0.030435 24
0.172753 1
0.528050 1
0.159938 1
0.191893 1
0.144149 1
0.071980 1
0.887848 2
0.168066 2
0.063640 2
0.080061 2
0.127925 2
0.096177 2
0.176603 2
0.239808 2
0.215815 2
0.472217 24
4.640430 24
0.655709 2
0.008375 12
0.000902 234
1.118541 24
0.231900 24
0.183918 24
0.500759 24
0.029534 24
0.030028 24
0.030308 24
0.031138 24
0.028590 24
0.030107 24
0.029695 24
0.030222 24
0.030285 24
0.030435 24
5.119246 1
0.551947 1
1.103679 1
0.207792 1
0.208019 1
0.464200 1
0.264128 1
0.223792 1
0.442640 4
0.153472 4
0.425174 2
0.130712 2
0.135439 2
0.116064 2
0.140494 2
0.143620 2
0.144418 2
0.263996 2
0.120242 2
0.103676 2
0.092450 2
0.255508 2
0.175856 2
0.099937 1
0.112206 2
0.211978 2
0.163776 2
0.232227 2
0.112081 2
0.284329 1
0.296074 2
0.103414 1
0.120178 2
0.091979 2
0.067879 2
0.087676 2
0.104267 2
0.087979 2
0.136181 2
0.176188 2
0.183906 2
0.080045 1
0.191931 2
0.096189 2
0.111689 2
0.096034 2
0.080262 2
0.199882 2
0.368067 24
13.624578 79
0.503804 2
0.296865 45
0.891818 190
0.320266 190
0.000343 191
0.171488 190
0.325924 190
0.151103 191
0.279525 190
0.322717 190
0.060246 191
0.005430 190
0.299414 190
0.003786 191
0.009905 190
0.356786 190
0.353661 190
0.167572 191
0.214115 190
0.327588 190
0.311013 190
0.011836 191
1.662143 24
0.015981 1025
0.001580 42
0.000473 23
0.012757 27
0.458966 30
0.000127 26
0.368768 29
0.065016 21
0.231286 190
0.000090 3
0.255803 193
0.301803 190
0.043465 1140
0.015592 760
0.010399 2470
0.010875 1330
0.037116 4095
0.000012 1035
0.054962 760
0.030560 4095
0.000032 3125
0.015113 193
0.060414 193
0.669790 483
1.278095 193
1.359769 2
0.092667 206
0.001481 11
1.222664 22
1.790163 26
0.326578 2
0.158328 22
2.251677 26
0.384278 67
0.302241 12
0.151102 30
0.255850 18
0.360681 17
0.175652 17
0.199782 17
0.416076 13
0.240193 13
0.167524 13
0.152495 13
0.311901 2
0.045894 1062
1.073984 24
0.183606 24
0.176062 24
0.152054 24
0.168432 24
0.159786 24
2.928178 1
0.448270 1
0.231934 1
0.167690 1
0.160137 1
0.079848 1
0.384687 46
0.439737 24
0.360222 24
0.167499 24
0.144205 24
0.160182 24
5.535517 1
0.556067 1
0.916132 1
0.159896 1
0.175884 1
0.087904 1
0.720239 2
0.120052 2
0.343834 2
0.256186 2
0.111687 2
0.208620 2
0.159336 2
0.120428 1
0.223834 2
0.215833 2
0.199816 2
0.112402 2
0.192341 2
0.047612 2
0.143806 2
0.184008 2
0.200114 2
0.295938 2
0.152086 1
0.143868 2
0.120246 2
0.135746 2
0.416193 1
3.952087 2
0.215765 2
0.224053 2
0.224793 2
0.143098 2
0.096145 2
0.088431 2
0.263456 2
0.002294 22
3.406217 37
0.736156 2
0.028575 22
1.211234 3
0.599910 4
0.559606 1
0.192688 1
0.103130 1
0.184102 1
0.168403 1
0.071510 1
0.721539 2
0.194269 2
0.236143 2
0.103923 2
0.873169 2
0.151395 2
0.264264 2
0.191469 2
0.160135 1
0.184295 2
0.088064 2
0.159746 2
0.136650 2
0.135289 1
0.263929 2
0.120243 2
0.127596 2
0.144385 1
0.764102 2
0.248096 2
0.247778 2
0.259784 2
0.135933 2
0.191827 1
0.112190 2
0.124334 1
0.235910 2
0.451838 2
0.164190 2
0.199567 1
0.232327 2
0.179864 2
0.203745 2
0.132324 2
0.107786 1
0.132010 2
0.280241 2
0.176123 1
0.164106 2
0.148002 2
0.207897 2
0.120374 2
0.143199 2
0.380500 2
0.076519 2
0.155157 2
0.112329 2
0.324381 24
6.143794 90
0.544048 2
0.034519 22
3.200688 189
0.000797 77
0.507626 2
0.039311 200
0.117504 59
0.104523 128
0.145411 12
0.164126 40
0.156601 336
0.287313 190
0.288471 190
0.377918 190
0.200220 190
0.209258 190
0.215967 190
0.213847 190
0.217767 190
0.211771 190
0.098986 328
0.000990 22
2.518380 29
0.559787 2
0.006428 234
2.497338 24
0.175655 24
0.176196 24
2.200537 1
0.551763 1
0.120132 1
0.151659 1
0.169121 1
0.463084 1
0.679548 2
0.256189 2
0.103971 2
0.824329 2
0.111759 2
0.152187 2
0.151724 2
0.119817 2
1.664470 2
0.223977 2
0.223994 2
0.111659 2
0.244358 2
0.207722 2
0.047859 1
0.216360 2
0.067677 2
0.156235 2
0.124266 2
0.199752 2
0.275848 2
0.204374 2
0.116204 2
0.111358 2
0.176194 2
0.115942 2
0.416239 24
4.736435 43
1.428294 2
0.080963 178
0.036979 15
0.017541 22
5.756004 39
1.148299 2
0.061010 15
0.003348 88
0.002669 2104
1.216706 69
0.283827 69
0.188021 73
0.183926 73
0.196021 73
0.168006 73
0.164149 69
0.228251 69
0.535586 52
1.672195 52
2.772114 174
0.583938 36
8.808247 52
1.509225 43
0.026295 119
0.143635 1
0.128399 39
0.003644 110
0.484397 53
0.095461 1
0.064230 1
0.002493 71
6.765969 13
0.544204 2
0.029999 156
4.033506 20
0.468456 2
0.030576 22
3.809253 30
0.535936 2
0.015967 576
11.208098 24
0.136123 24
0.175623 24
0.351819 1
0.176013 1
0.335991 1
0.184012 1
0.160390 1
0.103499 1
0.652824 2
0.203501 2
0.239636 2
0.111833 2
0.063916 2
0.136296 2
0.128084 2
0.232241 2
0.167551 2
0.064218 1
0.200584 2
0.087704 2
0.143968 2
0.192078 1
0.287792 2
0.112010 2
0.127950 2
0.463969 2
0.247987 2
0.232039 2
0.232616 2
0.119066 2
0.127985 2
0.192677 2
0.103568 2
0.119761 1
0.376576 2
0.103646 1
0.144080 2
0.128270 2
0.103715 2
0.111728 2
0.112093 2
0.184191 2
0.120385 2
0.244172 24
5.383309 1
0.148045 1
0.119458 1
0.136708 1
0.319905 1
0.239649 1
0.384220 1
0.408427 2
0.091001 19
4.313234 136
0.944372 2
0.004551 19
0.867123 1
0.303296 1
0.152546 1
0.175423 1
0.464343 10
0.003887 22
4.011961 1
0.072353 1
0.247764 1
0.168186 1
0.391967 26
0.264077 2
0.002081 101
6.341475 1
0.223785 1
0.264038 1
0.120177 1
0.168005 1
0.119913 1
0.656137 2
0.352226 2
0.111818 2
0.064139 2
0.151606 2
0.608283 2
0.096273 2
0.248012 2
0.191466 2
0.368091 24
4.792315 32
0.600799 2
0.194955 45
0.282820 66
0.020642 22
4.276437 3
0.268066 1
0.320008 4
0.171946 4
0.587969 1
0.199814 1
0.179994 1
0.196010 1
0.151926 1
0.084242 1
0.195708 1
0.164270 1
0.111795 1
0.364666 4
0.159650 4
0.167972 4
0.402635 2
0.046936 2
0.078305 2
0.232427 2
0.087775 2
0.312054 2
0.207822 2
0.136017 1
0.144065 2
0.144432 2
0.127642 2
0.135920 2
0.095902 2
0.208125 2
0.079780 2
0.128092 2
0.176125 2
0.200148 2
0.175705 1
0.328400 2
0.263607 2
0.216765 2
0.223241 2
0.136112 2
0.464195 1
0.136101 2
0.240153 2
0.143518 1
0.584187 2
0.215806 2
0.071803 2
0.111957 2
0.160285 2
0.183814 2
0.104022 1
0.280264 2
0.087911 2
0.151732 2
0.208036 2
0.240522 2
0.231790 2
0.233928 2
0.085790 2
0.152180 2
0.175542 2
0.096401 2
0.256185 24
3.632418 47
0.792069 2
0.175351 45
1.517852 190
0.016781 191
2.680693 24
0.020237 1464
0.092340 28
0.000827 22
0.000785 23
0.044444 190
0.366869 190
0.167912 190
0.148848 381
0.045171 381
0.110510 191
0.004110 192
0.007398 192
0.201984 27
0.150511 56
0.438708 29
0.049279 21
0.158758 190
0.003880 190
0.001600 190
0.000278 3
0.284177 190
0.023328 3230
0.008376 1520
0.002008 193
0.039875 193
0.089974 190
0.005365 190
0.024477 1710
0.007863 1330
0.003065 190
0.000453 193
0.041678 190
0.013810 190
0.011069 570
0.010901 380
0.006090 190
0.010910 380
0.010940 570
0.007596 190
0.010449 380
0.010977 570
0.013089 570
0.010938 380
0.011008 570
0.011119 380
0.014184 570
0.014151 380
0.015851 570
0.010832 570
0.010816 380
0.011037 190
0.011005 380
0.011002 760
0.009852 380
0.010200 380
0.011681 570
0.011517 760
0.010968 570
0.015913 570
0.012209 380
0.010735 190
0.010995 190
0.010929 380
0.011106 570
0.013926 380
0.011449 570
0.054659 380
0.003414 2470
0.010567 190
0.010979 190
0.013987 190
0.011129 380
0.015360 193
0.084443 193
1.587233 386
0.000276 193
2.474303 2
0.063870 204
0.004617 11
2.093134 22
1.175312 3
0.702358 4
0.639939 1
0.252381 1
0.392428 1
0.151655 1
0.112847 1
0.199317 1
0.184010 1
0.152431 1
0.135647 1
0.344842 1
0.303955 2
0.005048 22
0.734839 8
0.011392 77
0.919530 11
0.000009 6
