1.138332 77
1.496473 11
0.000086 8
0.000014 69
1.047953 1
0.087979 1
0.295742 1
0.112055 1
0.056024 1
0.216613 1
0.119697 1
0.135792 1
0.159752 1
0.192213 1
0.080010 1
0.119865 1
0.124020 1
0.115883 1
0.228082 2
0.000007 9
2.121668 307
0.023766 77
0.918688 1
0.063819 1
0.260162 1
0.104381 1
0.087672 1
0.183829 1
0.128176 1
0.992152 4
0.500148 4
0.030225 4
0.029388 4
0.030168 4
0.031017 4
0.029962 4
0.030115 1
0.029993 1
0.030614 1
0.030173 1
0.148186 1
0.112075 1
0.207780 1
0.088139 1
0.103887 1
0.096082 1
0.752105 4
0.304094 2
0.000008 9
0.003782 428
0.000215 8
0.000017 69
1.163950 1
0.135996 1
0.183907 1
0.279861 1
0.328158 1
0.287988 1
0.335984 1
0.031678 1
0.120362 1
0.135805 1
0.224230 1
1.687342 5
0.400630 2
0.000009 9
0.063861 4095
0.000039 4095
0.000027 4095
0.000005 32
0.000020 1027
0.000477 155
0.001636 77
3.669872 11
0.000104 8
0.000021 69
0.239848 11
0.000099 8
0.000018 69
0.175735 11
0.000094 8
0.000017 69
0.167891 11
0.000096 8
0.000018 69
0.552290 1
0.087686 1
0.272026 1
0.095874 1
0.015657 1
0.312571 1
0.119947 1
0.271985 1
1.088080 1
0.287858 1
0.183772 1
0.384240 1
0.136356 1
0.671919 1
0.600058 1
0.288631 1
0.639061 1
0.316034 1
0.667901 1
0.184137 1
0.111651 1
0.248197 2
0.000007 9
1.200102 71
0.294373 65
1.136675 12
0.000042 21
1.610877 12
0.000038 21
2.215190 12
0.000026 21
2.214995 12
0.000070 21
3.457888 12
0.107929 67
0.189754 98
0.693190 85
0.903964 74
0.266109 79
0.000232 39
0.000145 42
0.000138 44
0.108184 44
0.092504 62
0.000181 62
0.378303 38
0.258638 84
0.241002 52
0.000053 46
0.000058 53
15.994940 180
1.850150 88
0.640846 80
0.668838 90
0.617005 50
0.057301 62
0.067163 585
0.000417 44
1.586787 71
3.187615 51
0.000411 78
2.431968 56
1.463770 52
0.410620 92
0.006541 92
1.705463 36
0.017897 92
0.482462 96
0.262975 93
0.009397 92
0.287876 96
0.263796 93
0.010709 92
17.506550 41
0.006043 92
0.564963 41
0.003393 92
0.546966 41
0.004147 92
109.414688 41
0.004540 92
0.739802 41
0.004349 92
0.904938 41
0.006588 92
0.325289 41
0.003500 92
0.579688 41
0.006452 92
0.479275 41
0.004198 92
0.314993 62
0.283918 63
0.294339 63
0.319207 63
0.318027 60
0.269322 64
0.007007 92
0.677791 62
0.419778 59
0.010186 92
0.612382 41
0.006420 92
0.682230 41
0.003924 92
0.612341 41
0.014100 92
0.000441 162
0.096762 77
9.251908 1
0.120043 1
0.280170 1
0.079699 1
0.096318 1
0.119966 1
0.187533 1
0.112146 1
0.696327 1
0.291718 1
0.104136 1
0.172004 1
0.132049 1
0.155944 1
0.816055 2
0.000009 9
3.223789 303
0.022040 8
0.000012 69
5.466386 11
0.000009 6
