0.789380 77
4.656260 1
0.488023 4
0.143609 1
0.140137 1
0.128152 1
0.167527 1
0.096160 1
0.207903 1
0.072382 1
0.095614 1
0.096082 1
0.240556 1
0.111490 1
0.079686 1
0.208099 1
0.104475 1
0.256182 1
0.215926 1
0.095572 1
0.183741 1
0.175674 1
0.512870 2
0.000012 9
0.097665 23
0.000669 288
0.004542 65
0.002489 2047
0.000107 4094
0.000042 4023
0.000103 2047
0.000082 167
0.503325 607
0.460374 719
0.235682 568
1.822276 18
0.122613 18
0.161181 18
0.343602 18
0.511473 18
0.351916 18
0.271732 18
0.191760 18
1.697231 18
0.191754 18
0.235237 18
0.147856 18
0.184033 18
0.232359 18
2.523840 18
0.448002 18
2.848256 18
5.344492 18
0.215238 18
0.688372 18
0.223594 18
0.065310 18
1.303236 18
0.279858 18
0.207914 18
0.047752 18
0.087652 18
0.095900 18
1.720153 568
0.568735 18
0.135614 18
0.119880 18
0.200246 18
0.128101 18
0.760104 18
0.279902 18
0.255972 18
0.544057 18
0.240524 18
0.327424 18
0.207315 18
0.183926 18
0.368379 18
1.807817 18
0.160307 18
0.200254 18
0.208006 18
0.232023 18
0.250401 18
0.189052 18
0.088015 18
0.087697 18
0.064002 18
1.126643 52
0.001316 173
0.094545 1
0.120235 1
0.000079 18
0.014959 83
0.004641 19
0.444466 57
0.139780 1
0.091661 1
0.012093 65
0.008021 77
1.036033 11
0.000090 8
0.000022 69
0.199800 11
0.000084 8
0.000023 69
0.191753 11
0.000090 8
0.000022 69
1.480086 1
0.107828 1
0.244296 1
0.087774 1
0.048292 1
0.135631 1
0.107822 1
0.140112 1
0.120433 1
0.175691 1
0.064025 1
0.116141 1
0.091841 1
0.116110 1
0.176495 11
1.738017 310
0.019357 77
1.874587 1
0.119548 1
0.176214 1
0.151695 1
0.280126 1
0.160161 1
0.245937 10
0.378382 2
0.000012 9
0.092516 1025
0.000088 1028
0.000136 1028
0.000081 1026
0.000093 1026
0.000136 1028
0.000113 1025
0.000111 1028
0.000519 226
0.002250 8
0.000023 69
2.343562 11
0.000098 8
0.000023 69
0.191405 11
0.000098 8
0.000020 69
0.176179 11
0.000099 8
0.000023 69
0.175741 11
0.000090 8
0.000021 69
0.752035 1
0.104372 1
0.271774 1
0.055930 1
0.088064 1
0.096076 1
0.103902 1
0.151673 1
0.128260 1
0.320184 1
0.312257 2
0.000012 9
1.688254 66
0.000458 68
0.316315 60
2.589173 12
0.000154 21
2.817758 12
0.000017 21
1.609114 12
0.000028 21
0.805631 12
0.000029 21
2.011420 12
0.000033 21
2.151365 12
0.107017 62
0.213088 88
0.906786 75
0.634333 69
0.307769 74
0.000234 34
0.000186 39
0.139594 39
0.115703 57
0.562797 59
0.602037 33
0.523502 79
0.355306 47
0.000088 41
0.000105 48
108.162471 165
2.002115 78
0.656459 75
0.718466 85
1.119241 45
0.053952 57
0.104973 540
0.121435 66
3.788919 51
1.211860 47
0.430614 92
0.005731 92
1.379610 31
0.019419 92
52.177008 36
0.004454 92
1.320709 36
0.004574 92
0.778528 154
0.000509 36
0.007757 92
1.385713 66
1.030948 66
1.017206 72
1.045347 62
0.010423 92
0.658362 36
0.024421 246
0.371509 62
2.605491 12
0.000059 21
2.821413 12
0.000077 21
2.014399 12
0.000048 21
0.604535 12
0.000053 21
2.215782 12
0.000043 21
1.553624 12
0.114953 64
0.262577 90
0.870137 79
0.702469 76
0.097373 71
0.319509 76
0.000403 36
0.000187 41
0.151009 41
0.125203 59
0.420981 61
0.608405 35
0.546413 81
0.266176 49
0.000046 43
0.000055 50
108.171373 171
1.940653 82
0.644831 77
0.690526 87
1.309401 47
0.050396 59
0.096330 558
0.133258 68
3.779590 53
1.495931 49
0.429597 92
0.005844 92
1.317662 33
0.020409 92
137.110156 38
0.008208 92
1.775274 38
0.005416 92
7.158273 38
0.008740 92
19.567973 38
0.008447 92
5.190973 38
0.004169 92
10.848173 38
0.009035 92
6.390844 38
0.013648 246
0.099899 77
7.986876 1
0.550922 1
0.104069 1
0.335821 1
0.184015 1
0.344349 1
0.175553 1
1.160144 1
0.127949 1
0.215888 1
0.776179 1
0.216134 1
0.152012 1
0.471729 1
0.431938 1
0.192223 1
0.095921 1
0.088107 1
0.079843 1
0.468089 2
0.000008 9
0.089493 1136
0.000014 424
0.000015 303
0.000069 883
0.000014 599
0.000025 115
0.000010 35
0.000008 23
0.000012 85
0.000009 39
0.000009 88
0.000009 53
0.000023 179
0.000022 282
0.000012 393
0.000011 375
0.000026 502
0.000014 216
0.000012 269
0.000014 465
0.000024 359
0.000013 288
0.000013 337
0.000009 107
0.000038 668
0.000012 426
0.000011 222
0.000011 281
0.000010 61
0.000010 75
0.000016 637
0.000012 297
0.000009 115
0.000010 118
0.000008 19
0.000022 2
0.002299 8
0.000025 69
6.731610 11
0.000012 6
