0.903970 8
0.000017 69
1.607529 11
0.000099 8
0.000026 69
0.231805 11
0.000095 8
0.000024 69
0.592323 1
0.135482 1
0.280274 1
0.343705 1
0.440492 1
0.279710 1
0.328267 1
0.151577 1
0.326738 8
0.521814 2
0.000012 9
0.097496 1025
0.000064 870
0.000007 159
0.000110 743
0.000006 284
0.000158 1027
0.000093 535
0.000006 495
0.000101 322
0.000007 705
0.000097 498
0.000016 529
0.000111 399
0.000015 627
0.000127 502
0.000007 527
0.000093 606
0.000006 421
0.000717 222
0.000015 657
0.002637 8
0.000011 69
4.697989 1
0.135774 1
0.312280 1
0.111897 1
0.064048 1
0.199786 1
0.152095 1
0.143864 1
0.152025 1
0.240032 1
0.064131 1
0.127850 1
0.135992 1
0.144033 1
2.776171 2
0.000028 9
1.536698 310
0.019664 77
3.227464 11
0.000144 8
0.000012 69
0.231990 11
0.000089 8
0.000026 69
0.200016 11
0.000090 8
0.000069 69
0.223264 11
0.000056 8
0.000015 69
0.168414 1
0.159964 1
0.403931 1
0.079867 1
0.059935 1
0.212070 1
0.103903 1
0.140112 1
0.339948 1
1.560232 1
1.272104 2
0.000012 9
1.530953 68
0.001106 67
0.564378 54
2.088990 12
0.000048 21
0.805117 12
0.000055 21
0.805022 12
0.000023 21
1.409026 12
0.000059 21
2.865806 12
0.115910 64
0.231213 83
0.866659 79
0.621887 71
0.322074 76
0.000264 36
0.000201 41
0.137440 41
0.118633 59
0.510216 61
0.099398 35
0.326912 81
0.293930 49
0.000049 43
0.000135 50
16.204297 171
2.228477 82
0.515769 77
0.573708 87
1.208695 47
0.062711 59
0.217265 475
0.001164 41
1.604665 68
3.342069 93
2.302401 51
0.691215 44
0.140430 53
0.956694 49
0.457937 92
0.010663 92
28.289257 38
0.003720 92
0.950920 33
0.005562 92
2.565739 38
0.004202 92
7.690414 38
0.004616 92
2.305197 38
0.007100 92
0.875524 38
0.006931 92
32.017028 38
0.007262 92
1.025084 60
0.602922 71
0.611376 67
0.610886 66
0.606138 62
0.007012 92
3.959873 38
0.007073 92
0.310420 38
0.003505 92
0.346319 38
0.007475 92
0.610542 38
0.004650 92
0.499950 38
0.009287 92
1.171611 38
0.004102 92
0.498871 38
0.004515 92
0.021021 39
0.002953 92
0.019923 39
0.013483 257
0.376047 53
2.100583 12
0.000226 21
0.804793 12
0.000186 21
0.805162 12
0.000043 21
1.308344 12
0.000081 21
2.463488 12
0.124326 63
0.227128 82
0.817010 77
0.580155 75
0.113710 70
0.299515 75
0.000224 35
0.000253 40
0.120967 40
0.107047 58
0.327675 60
0.093688 34
0.352843 80
0.248449 48
0.000061 42
0.000099 49
15.462461 59
0.677054 71
9.530875 59
4.063914 71
6.082245 59
3.229827 168
2.044871 80
0.546203 76
0.642027 86
1.490266 46
0.054064 58
0.201571 468
0.001145 40
1.586437 67
3.401635 92
2.107330 50
0.605006 43
0.158558 52
0.904957 48
0.436204 92
0.010916 92
26.966654 37
0.004132 92
0.971789 32
0.004930 92
2.397542 37
0.005956 92
8.610567 37
0.007401 92
2.437616 37
0.004388 92
0.868205 37
0.004340 92
27.185778 37
0.003727 92
0.923377 59
0.590660 70
0.634558 66
0.657407 65
0.624505 61
0.010809 92
3.979797 37
0.007095 92
0.366287 37
0.003656 92
0.363093 37
0.004549 92
0.681840 37
0.004598 92
0.018867 38
0.007041 92
0.017464 38
0.003764 92
0.018542 38
0.006136 92
1.175795 37
0.009604 92
0.506370 37
0.027288 92
0.000728 173
0.131536 77
2.756875 11
0.000114 8
0.000030 69
0.255008 11
0.000055 8
0.000011 69
0.199778 11
0.000065 8
0.000021 69
0.183701 11
0.000091 8
0.000021 69
3.999880 1
0.111921 1
0.304318 1
0.087617 1
0.087982 1
0.168169 1
0.163877 1
0.187727 1
0.168461 1
0.211592 1
0.164264 1
0.360246 1
2.203670 1
0.151991 1
0.103933 1
0.319875 1
0.136353 1
0.111692 1
0.128080 2
0.000009 9
2.772837 57
0.029424 20
0.622145 1
0.424264 1
0.120014 1
0.183733 1
0.280434 1
0.176569 1
0.343291 1
0.377598 2
0.005273 494
0.617061 7
0.327858 3
0.800259 1
0.375946 2
0.073038 17
2.047793 19
0.199690 19
0.175345 19
0.288605 1
0.375534 1
0.208990 1
0.119511 1
0.119090 1
0.520820 2
0.008860 59
0.000922 467
1.677562 1
0.152182 1
0.015887 1
1.216774 1
0.279581 1
0.183919 1
0.175971 1
0.472124 1
0.552085 3
0.479956 1
0.256164 2
0.003367 134
0.001495 25
1.242901 1
0.111675 1
0.792192 3
0.152204 3
0.175672 1
0.152334 1
0.175873 1
0.135723 1
0.184184 1
0.135896 1
0.112076 1
0.144269 1
0.199682 1
0.151976 1
0.096130 1
0.239654 1
0.761185 2
0.000407 277
0.784315 1
0.110272 1
0.096151 1
0.128298 1
0.119698 1
0.271562 1
0.256917 1
0.295661 1
0.223975 1
0.227964 1
0.091791 1
0.119629 1
0.088395 1
0.215899 1
0.737153 1
0.183451 1
0.191425 1
0.152004 1
0.744212 1
0.144329 5
0.368122 1
0.336092 237
3.140474 22
1.735158 8
0.003483 20
3.444464 8
0.004471 77
1.546745 11
0.000092 8
0.000010 69
0.288183 11
0.000067 77
0.216000 11
0.000064 8
0.000029 69
2.368102 18
0.655863 4
0.208026 4
0.207668 4
0.208234 4
0.216085 4
0.215774 4
0.247923 1
0.279885 1
0.144421 1
0.367655 1
0.119783 1
1.561324 2
0.000032 9
2.803630 57
0.030482 19
2.901431 1
1.239742 1
0.160044 1
0.168057 1
0.275995 1
0.172227 1
0.255731 1
0.537335 2
0.077196 16
2.693903 1
0.148042 1
0.351488 1
0.096233 1
0.095560 1
0.176430 1
0.175589 1
1.512154 3
0.499859 3
0.030401 3
0.031138 3
0.030337 3
0.029690 3
0.030783 3
0.030469 1
0.029611 1
0.030999 1
0.030070 1
0.029373 1
0.029737 1
0.030299 1
0.429849 18
0.203817 18
0.319415 1
0.308263 1
0.159701 1
0.040285 1
0.175877 1
0.345261 2
0.009985 59
0.000917 467
1.548002 1
0.076245 1
0.059513 1
0.208257 1
0.184143 1
0.128598 1
0.151203 1
0.248842 1
2.343242 3
0.499982 3
0.029671 3
0.029923 3
0.029751 3
0.030827 3
0.029706 3
0.030600 3
0.030198 1
0.030108 1
0.029882 1
0.029667 1
0.055423 1
0.128243 1
0.176170 1
0.095971 1
0.216161 1
0.136256 1
0.071304 1
0.272382 1
0.056025 1
0.311930 1
0.319994 1
0.119927 1
0.256012 1
0.784090 1
0.247840 1
0.689856 253
2.205794 1
0.160639 1
0.095496 1
0.416353 1
0.263858 1
0.144087 1
0.167794 1
0.111920 1
0.508444 161
10.308290 1
0.159188 1
0.312790 1
0.103242 1
0.232310 1
0.143829 1
0.096224 1
0.103696 1
0.208166 1
0.224126 1
0.080165 1
0.168171 1
0.424210 208
0.911535 1
0.079939 1
0.168317 1
0.095464 1
0.111824 1
0.260317 1
0.236350 1
0.719550 1
0.424344 1
0.343623 1
0.080394 1
0.119228 1
0.088092 1
0.357083 1
1.319523 1
0.183673 1
0.123740 8
0.660300 1
0.437339 2
0.000036 235
1.532443 21
1.918103 8
0.006971 19
1.241221 8
0.004906 77
0.514277 17
0.992631 11
2.567544 11
2.740672 53
0.025042 20
3.122709 7
0.561484 2
0.040593 17
0.502702 5
0.767758 2
0.007154 59
0.000285 467
2.032327 1
0.079967 1
0.071976 1
0.272176 1
0.247429 1
0.128171 1
0.200142 1
0.144047 1
0.272050 2
0.001721 134
0.000820 25
3.141663 8
0.175663 32
0.183569 44
0.512177 32
0.344854 2
0.000113 235
4.049607 1
0.093443 1
0.335983 1
0.160257 1
0.139955 1
0.211847 1
0.204031 1
0.463838 1
0.380477 1
0.227693 3
0.464109 1
0.167750 1
0.288394 1
0.303601 3
0.192111 3
0.168084 3
0.184118 3
0.775984 1
0.192042 1
0.368165 1
0.007300 1
0.079890 1
0.064789 1
0.263695 1
0.375715 1
0.240481 1
0.335971 1
0.751640 1
0.096447 6
0.455654 1
0.288485 237
3.088909 9
0.222525 9
1.168245 37
1.159974 2
0.680185 3
0.499814 3
0.030100 3
0.030497 3
0.029906 3
0.029436 3
0.029465 3
0.030299 3
0.030007 3
0.030282 3
0.030935 3
0.030934 3
0.030256 3
0.030309 3
0.029836 3
0.030151 3
0.029786 3
0.030027 3
0.030547 3
0.029875 3
0.029604 3
0.030530 3
0.030098 3
0.029520 3
0.029729 3
0.030167 3
0.030556 3
0.030233 3
0.030178 3
0.030942 3
0.030646 3
0.029534 3
0.030270 3
0.029849 3
0.030327 3
0.029611 3
0.029624 3
0.030850 1
0.030640 1
0.029581 1
0.030481 1
0.029963 1
0.030347 1
0.029736 1
0.029935 1
0.029725 1
0.030692 1
0.520059 1
0.192097 1
0.199953 1
0.184296 1
0.943592 2
0.591835 1
0.183774 1
0.184098 1
0.183975 1
0.848478 13
5.280415 60
2.360500 2
0.001148 46
1.774517 60
0.216010 100
1.087500 262
7.093385 22
0.769501 28
1.798388 8
0.003664 8
0.000012 69
0.746126 11
0.000093 8
0.000024 69
0.279813 11
0.000072 8
0.000023 69
0.200039 11
0.000091 8
0.000015 69
0.303955 18
0.535864 15
1.904229 11
2.778095 53
0.027038 19
2.403878 7
0.848615 2
0.060510 16
1.706869 18
0.239416 18
0.224261 18
1.696218 5
0.327554 1
0.496308 1
0.519381 15
1.184344 5
0.351933 2
0.006953 59
0.000415 467
0.640805 24
0.512202 44
0.768069 24
0.631893 2
0.001964 134
0.000648 25
1.301025 8
0.399889 32
2.088883 2
0.000190 260
2.871899 21
1.476995 27
0.663397 8
0.003225 77
2.291138 11
0.000011 6
