0.725232 77
1.869097 1
0.199898 1
0.296536 1
0.087269 1
0.143874 1
0.232152 2
0.000008 9
0.004890 14
0.000022 167
0.000013 57
0.000273 8
0.000015 69
2.515075 1
0.504163 4
0.095896 1
0.112000 1
0.200434 1
0.191214 1
0.408160 1
0.272419 1
0.351386 1
0.144125 1
0.112262 1
0.215596 1
0.128313 1
0.367510 5
0.448896 2
0.000008 9
0.091489 1025
0.000050 1030
0.000124 1028
0.000153 1028
0.000084 1028
0.000094 1026
0.000104 755
0.000006 271
0.000116 725
0.000007 302
0.000110 1027
0.000261 769
0.000006 257
0.000116 780
0.000006 250
0.000450 314
0.001574 77
6.953154 1
0.159700 1
0.403772 1
0.023964 1
0.051955 1
0.588339 4
0.187893 4
0.199916 4
0.071872 1
0.091859 1
0.076555 1
0.328123 1
0.123980 1
0.927917 1
0.272102 1
0.255564 1
0.360278 2
0.000008 9
1.298735 65
0.434449 59
2.152075 12
0.000011 21
2.614848 12
0.000014 21
1.408223 12
0.000049 21
0.804498 12
0.000032 21
2.615983 12
0.000010 21
10.971655 12
0.107982 61
0.194678 87
0.805825 72
0.859995 68
0.317682 73
0.000220 33
0.000190 38
0.117451 38
0.097354 56
0.408970 58
0.448551 32
0.371928 78
0.282352 46
0.000124 40
0.000121 47
107.434091 162
1.945146 76
0.690234 74
0.752617 84
0.919056 44
0.037139 56
0.072685 531
0.000633 38
1.758498 65
3.355210 48
0.619779 41
0.201101 77
1.243702 1
0.159770 1
0.472083 1
0.063867 1
0.072022 1
0.216155 1
0.103880 1
0.215913 1
0.167966 1
0.207948 1
0.088185 1
0.448055 2
0.000008 9
2.344606 17
1.263736 2
0.000035 17
0.215986 19
0.199747 2
0.000026 17
0.183953 2
0.000007 17
0.816288 1
0.535992 4
0.180011 1
0.164101 1
0.155742 1
0.171886 1
0.152126 1
0.167993 1
0.304326 1
0.372453 2
0.052047 14
1.019642 16
0.179632 16
0.171863 2
0.000091 14
0.160482 2
0.000017 14
1.331800 1
0.156167 1
0.087562 1
0.047915 1
0.296534 1
0.096020 1
0.199559 1
0.168081 1
3.216406 1
0.143399 1
0.392431 1
0.215534 1
1.200625 1
0.063720 1
0.191881 1
0.336298 1
0.423860 1
0.223829 1
0.320278 1
1.672068 1
0.152049 1
0.111658 1
0.072069 1
0.472170 1
0.071679 1
0.191960 1
0.392243 1
0.912230 1
0.159548 1
0.328012 1
0.360489 1
0.512662 2
0.161300 14
7.134459 83
2.719537 2
0.011318 37
0.049403 57
0.008430 34
0.019356 57
0.001503 14
1.438038 2
0.000031 14
0.191902 2
0.000024 14
0.167996 16
1.784118 1
0.215895 1
0.143832 1
0.127960 1
0.112126 1
0.364090 1
0.075819 1
0.207999 1
0.144149 1
0.455878 1
0.088105 1
0.159782 1
0.192221 1
0.087968 1
0.292141 1
0.147675 1
0.140012 1
0.936942 2
0.044951 14
4.866095 16
0.215965 2
0.000008 14
0.144120 2
0.000073 14
0.192302 86
1.216270 2
0.131485 14
2.279334 25
1.516626 8
0.003045 77
0.804319 11
0.000087 8
0.000018 69
0.167848 11
0.000076 8
0.000015 69
0.167717 11
0.000078 8
0.000016 69
0.160026 11
0.000079 8
0.000017 69
5.272369 91
2.199624 214
0.000010 9
0.035928 79
0.099199 1
0.000009 31
4.856862 2
0.215803 14
1.688662 1
0.231888 1
0.231972 1
0.384035 1
0.112006 1
0.336026 1
0.496164 2
0.003641 6
0.000031 14
5.056736 8
0.000100 38
0.001151 8
0.000008 69
0.997826 82
0.711911 2
0.215882 3
0.199893 4
0.304006 4
0.520403 1
0.351743 29
0.104115 29
0.127932 29
0.712228 2
0.000010 9
0.036852 79
0.092480 35
1.302737 2
0.195917 17
3.100681 1
0.079863 1
0.479414 1
0.528510 1
0.263773 1
0.600041 1
0.464264 2
0.001063 9
0.000104 17
1.158691 8
0.000037 38
0.001169 8
0.000009 69
1.469884 1
0.144066 1
0.351992 1
0.079836 1
0.064171 1
0.183987 1
0.103985 1
0.183772 1
0.136216 1
0.191892 1
0.064143 1
0.304023 2
0.000009 9
2.354419 53
0.030790 17
2.687662 1
0.127487 1
0.127735 1
0.096478 1
0.183610 1
0.160059 1
0.360196 1
0.007514 1
0.480541 4
0.248107 2
0.051309 14
1.501000 16
0.175622 16
0.159848 2
0.000007 14
6.841093 27
1.043227 2
0.002270 66
7.542130 27
1.568790 2
0.035630 15
0.001282 81
0.008804 4095
0.000035 4095
0.000012 2047
0.000045 2331
1.297156 51
0.456102 1
0.072022 1
0.143693 1
0.144007 1
0.160158 1
0.103989 1
0.351954 1
0.271857 1
0.096083 1
0.488169 1
0.000070 23
1.344644 86
6.823272 1514
1.893872 41
0.025913 18
0.000298 55
0.000057 11
0.263793 1
0.136005 1
0.000110 31
0.004703 24
0.000082 18
1.499439 52
0.159738 1
0.079930 1
0.000392 49
0.000944 14
4.887043 32
0.536003 2
0.001298 14
1.186288 2
0.000035 14
0.167979 2
0.000125 14
0.167569 2
0.000010 14
0.144213 2
0.000058 14
3.872433 38
3.056224 2
0.004971 14
3.594726 19
0.560604 2
0.024945 15
0.001231 72
0.009833 6141
0.000301 2047
0.000214 2047
0.000061 490
6.234891 69
0.671505 23
0.000105 76
0.000320 28
0.872713 112
1.382834 16
0.000195 64
0.000039 31
0.263631 1
0.152092 1
0.000368 23
0.003679 18
0.000110 41
0.000021 40
0.524065 53
0.119778 1
0.089397 64
5.247044 22
0.864178 2
0.037602 14
0.525803 2
0.000009 14
0.195916 2
0.000029 14
0.167956 16
0.140189 16
4.683289 25
2.045116 8
0.002261 8
0.000019 69
1.460505 11
0.000081 8
0.000016 69
0.159701 11
0.000085 8
0.000021 69
0.160160 11
0.000088 8
0.000017 69
0.183642 11
0.000081 8
0.000015 69
9.088521 11
0.471923 96
1.480030 35
1.687888 11
0.042034 79
0.083100 32
0.990573 2
2.621861 40
0.000012 31
1.470248 2
2.603554 71
2.852398 2
0.000709 2
0.000081 8
0.000018 69
0.627400 82
1.111969 2
0.271774 3
0.223989 4
0.240431 4
0.511825 1
0.239820 29
0.184270 29
0.143879 29
0.608019 2
0.000017 9
0.035449 79
0.084120 35
1.248547 2
0.196234 57
0.040568 17
1.283489 1
0.136033 1
0.231948 1
0.535970 1
0.591935 1
0.560125 1
0.408053 2
0.001072 26
2.406994 8
0.000719 38
0.001423 77
1.997325 11
0.000016 6
