0.684199 77
0.549110 11
0.000092 8
0.000018 69
0.183738 11
0.000079 8
0.000019 69
0.192016 11
0.000097 8
0.000018 69
0.571608 1
0.120164 1
0.264016 1
0.239911 1
0.744268 1
0.199884 1
0.216345 10
0.343590 2
0.000009 9
0.087228 1025
0.000087 1028
0.000111 1027
0.000414 891
0.002233 77
4.982227 1
0.063484 1
0.248391 1
0.079713 1
0.079871 1
0.128601 1
0.127823 1
0.111933 1
0.231790 1
0.264178 1
2.568046 2
0.000009 9
1.228935 69
0.428268 63
2.333784 12
0.000152 21
5.226234 12
0.000027 21
4.824684 12
0.000109 21
0.804308 12
0.000044 21
3.210666 12
0.000261 21
0.006923 12
0.000043 21
2.761415 12
0.096457 65
0.165532 91
0.560980 486
0.803245 81
0.743841 72
0.082093 77
0.001299 37
0.086477 42
0.097527 60
0.365213 62
0.256232 36
0.374204 82
0.270932 50
0.000097 44
0.000129 51
107.465829 174
1.825932 84
0.690899 78
0.643567 88
1.116961 48
0.035917 60
0.090325 567
1.080417 52
0.669679 45
26.703027 101
43.588487 101
12.793437 101
1.369476 101
15.537863 101
5.795937 101
3.256766 95
0.127320 48
0.000975 106
0.000203 105
0.000229 106
0.000204 37
0.000230 105
0.000309 26
0.000226 45
0.000245 106
0.000210 44
0.000228 26
0.000886 52
0.000456 47
0.000399 47
1.491557 101
0.000664 106
0.000497 101
0.020607 51
0.045493 54
0.000635 50
0.055448 53
0.003176 45
0.090066 105
0.006688 105
0.220208 105
0.344084 105
0.000157 26
0.000165 36
0.000240 49
0.000165 26
0.000257 35
0.124776 77
9.437454 1
0.090581 1
0.296058 1
0.096477 1
0.128238 1
0.087268 1
0.199961 1
0.144424 1
0.191773 1
0.200030 1
0.080051 1
0.560059 2
0.000009 9
2.630371 22
2.498502 1
0.175528 1
0.104889 1
0.215010 1
0.200562 1
0.383346 1
0.368206 1
0.336301 2
0.047362 19
0.440477 2
0.000008 19
0.223841 21
0.176190 2
0.000060 19
0.520046 1
0.167750 1
0.159824 1
0.175980 1
0.168322 1
0.207719 1
2.312162 1
0.095694 1
0.328567 1
0.279874 1
0.095906 1
0.175937 1
0.200274 1
0.219862 1
0.083995 1
0.367939 4
0.184167 4
0.175858 4
0.656190 4
0.255867 1
0.199974 1
0.088001 1
1.168155 2
0.000046 19
0.868118 2
0.000076 19
0.227588 21
1.692074 1
0.179648 1
0.092426 1
0.099580 1
0.440466 1
0.251762 1
0.084032 1
0.315881 1
0.160036 1
1.408124 1
0.327894 1
0.104206 1
0.258334 1
1.229977 1
0.159337 1
0.112872 5
2.375612 1
0.231695 1
0.320107 1
0.296197 1
0.088786 1
0.679051 1
0.223713 1
0.087873 1
0.736327 2
0.041945 15
0.000827 81
0.003251 2047
0.000091 2047
0.000043 2047
0.000326 2047
0.000171 913
0.794093 122
10.874103 34
0.789776 42
0.497048 270
0.750904 236
1.047279 16
0.000101 62
0.000071 31
0.288338 1
0.248418 32
0.004540 102
0.578382 23
0.000008 29
0.216079 1
1.272414 1
0.000551 49
0.001037 19
0.986426 2
0.000045 19
0.323644 2
0.000076 19
4.520103 1
0.435916 1
0.112200 1
0.359956 1
0.279763 1
0.200147 1
0.151780 1
0.144174 1
0.192070 1
0.231861 1
0.224024 1
0.095900 1
0.251324 1
0.564948 1
0.128246 1
0.295590 1
0.287716 1
0.096276 1
0.303930 1
0.199969 1
0.087992 1
0.183771 1
0.264266 1
4.024143 1
0.096082 1
0.743918 2
0.019062 15
0.001313 79
0.002906 2047
0.000096 2047
0.000090 2047
0.000083 2047
0.000211 913
0.776509 50
1.032194 113
0.616170 36
0.207842 34
0.199866 34
0.175789 34
0.168504 34
0.231883 44
0.167817 34
0.232071 34
0.127750 34
0.232487 34
0.159736 34
0.336280 44
0.471376 34
0.200114 34
0.304370 34
0.183898 34
0.352253 34
0.543705 44
1.880555 34
0.479427 34
0.175844 34
0.712588 34
0.399777 34
0.496013 34
0.207590 34
0.872493 44
0.759500 34
0.199897 34
0.239998 34
0.184109 34
0.112139 34
2.775966 106
0.159385 1
0.136693 30
0.002543 97
0.573025 51
0.303948 1
0.121245 69
6.443096 1
0.295923 1
0.103650 1
0.135800 1
0.520442 1
0.303682 1
0.104032 1
0.101122 2
0.531626 1
0.239196 1
0.336420 1
0.295928 1
0.111834 1
0.528110 1
0.199795 1
0.087995 1
0.304109 1
0.424155 1
0.127914 1
0.464281 2
0.019760 15
0.000732 74
0.010266 2047
0.000084 4094
0.000044 2960
0.873068 113
7.642644 69
1.269683 45
0.304261 42
0.183732 42
0.356736 563
0.963296 34
0.500407 34
0.029704 34
0.030111 36
0.030162 33
0.030637 33
0.029822 33
0.029787 33
0.029890 33
0.030769 33
0.030641 33
0.030112 33
0.029604 1
0.320383 53
0.311689 33
0.500702 33
0.029958 33
0.031309 33
0.030495 33
0.028728 33
0.029795 33
0.029892 33
0.030683 37
0.029377 34
0.029975 34
0.030318 34
0.029659 1
0.369875 235
2.070970 16
0.000156 93
0.439816 1
0.152444 25
0.001202 103
0.694440 52
0.368085 1
0.833304 69
4.698758 1
0.163853 1
0.336097 1
0.163758 1
0.139721 1
0.252028 1
0.352496 1
0.255510 1
0.320261 1
0.191844 1
0.336039 1
0.071831 1
0.173441 1
0.418824 4
0.200013 4
0.480252 1
0.095736 1
0.084995 2
1.131159 1
0.408090 1
0.132943 10
1.227366 2
0.001395 19
1.949877 2
0.000040 19
0.248072 21
0.615852 2
0.000042 19
21.476514 1
0.175707 1
0.104014 1
0.087624 1
0.420609 36
1.387841 2
0.020663 15
0.000788 94
0.007632 2047
0.000206 2047
0.000166 4095
0.000038 912
6.858926 113
1.712113 39
0.839939 42
0.247898 42
0.223779 42
1.312598 42
0.504776 315
0.815246 236
0.839637 109
0.183544 1
0.512216 1
0.000181 44
0.003093 23
0.000114 79
0.508429 41
0.000056 11
0.176031 1
0.143790 1
0.000517 49
0.001309 19
7.903360 40
0.142892 89
0.552097 98
0.375932 4
0.191889 4
0.175878 4
0.184392 4
0.183726 4
0.192124 4
0.215861 4
0.151762 1
0.232085 1
0.128163 1
0.087811 1
0.104266 1
1.088823 2
0.019429 15
0.000771 92
0.003231 2047
0.000152 2047
0.000284 2047
0.000128 2047
0.000010 913
1.459391 113
1.314081 419
0.734602 237
1.159646 111
0.199195 1
0.176302 1
0.000340 42
0.003155 24
0.000069 41
0.000043 40
0.556306 42
0.000021 11
0.335676 1
0.121946 69
9.094407 1
0.255632 1
0.144114 1
0.544165 1
0.103974 1
0.119933 1
0.399904 1
0.264169 1
0.176209 1
0.247838 1
0.440005 1
0.247924 1
0.088048 1
0.151885 1
0.240123 1
0.295821 1
0.296256 1
0.127882 1
0.323064 8
1.157235 1
0.285867 5
0.434385 2
0.014620 19
0.664986 31
0.271967 58
0.272043 27
0.199760 18
0.376197 5
0.191841 5
0.200221 5
0.235684 5
0.444450 5
0.327904 5
0.103764 5
0.320329 2
0.010905 415
3.509090 1
0.303685 1
0.536294 1
0.215772 1
0.175897 1
0.096073 1
0.807842 2
0.200469 2
0.127693 2
0.183821 2
0.087826 2
0.232558 2
0.599727 2
0.104032 2
0.088207 2
0.155734 1
0.664419 2
0.107820 2
0.444494 2
0.147612 2
2.228151 2
0.135969 2
0.223612 1
0.264313 2
0.143641 2
0.264461 2
0.127830 2
0.168086 2
0.223873 2
0.199792 1
1.408196 1
0.111900 1
1.088113 1
0.279855 1
0.103839 1
0.792478 1
0.223833 1
0.151727 1
4.144597 1
0.935602 4
0.992251 21
0.895763 1
0.560023 1
0.991990 1
0.231784 1
0.248147 1
0.448087 4
0.207934 4
0.167734 4
0.192675 4
0.183547 4
8.000257 2
0.456020 2
0.111647 2
0.456503 4
0.175405 4
0.176147 4
0.463791 1
0.184115 1
0.131943 1
0.224164 1
0.095994 1
0.147770 1
0.160235 1
0.256087 1
0.111922 1
0.180016 1
1.808069 1
0.335803 1
0.083991 1
0.172111 1
0.232027 1
0.164048 1
0.219804 1
0.119979 1
0.297002 15
0.527383 4
0.938752 1
0.261067 2
0.030211 19
0.681810 33
0.207891 117
0.640179 94
1.800392 2
0.011982 431
0.000171 19
7.187742 25
0.735794 2
0.004643 741
1.179151 2
0.207824 2
0.176026 2
0.175780 2
1.744102 94
69.515717 227
0.000322 67
60.017681 294
5.642751 2
0.002400 2
0.000081 19
7.541717 21
0.255723 2
0.000138 19
0.167884 2
0.000074 19
0.287522 1
0.176384 1
0.215691 1
0.168115 1
0.168234 1
0.079595 1
0.360808 1
0.335380 4
0.252074 1
0.119975 1
0.832114 1
0.271961 1
0.736166 1
0.191799 1
2.200463 4
0.263563 1
0.344195 1
0.816091 1
0.167986 1
3.439821 4
0.499886 4
0.030944 4
0.030143 4
0.030248 4
0.031201 4
0.030202 4
0.029281 4
0.117869 4
0.336321 1
0.087763 1
0.368053 4
0.240038 4
1.144638 1
0.151546 1
0.872091 1
0.495840 1
0.175995 1
0.736021 1
0.459799 1
0.652137 1
0.560125 1
0.663888 4
0.167619 1
0.216231 1
2.688272 4
0.215869 4
0.192130 4
0.351937 1
0.291933 1
0.212271 1
0.615936 21
0.679864 2
0.000162 19
0.239705 21
0.183780 21
7.021827 67
0.126563 45
0.278235 190
0.483800 190
0.308902 190
0.295438 191
0.103813 190
0.361875 190
0.090671 191
0.135776 190
0.299886 190
0.349709 190
0.024690 191
0.001516 190
0.413517 190
0.357160 190
0.047692 381
0.457518 190
0.473179 190
0.326457 190
0.334128 190
0.038813 191
0.198516 190
0.388699 190
0.315730 190
0.001505 191
1.084475 60
0.107077 24
0.001051 1233
0.000297 27
0.000234 23
0.003012 190
0.415558 190
0.212272 190
0.272780 381
0.051860 191
0.000381 192
0.000343 192
0.032150 27
0.030654 30
0.000248 26
0.006227 29
0.004106 21
0.023515 190
0.000382 190
0.000203 190
0.000283 193
0.010014 193
0.018451 190
0.000589 190
0.003451 190
0.000523 190
0.000478 190
0.000149 190
0.000758 190
0.009144 190
0.001180 190
0.000701 190
0.002284 190
0.001030 193
0.000360 116
0.006984 193
0.005914 190
0.000298 190
0.000288 190
0.000131 190
0.000053 3
0.005930 573
0.004930 760
0.000115 190
0.000117 190
0.000057 190
0.000211 190
0.000163 190
0.000072 190
0.000228 190
0.000129 190
0.000046 3
0.010797 193
0.281736 772
0.212757 2
0.077766 205
0.000049 11
0.148436 45
0.630503 74
1.177867 24
0.002744 4095
0.000012 652
0.000893 28
0.000050 22
0.000439 18
9.792685 1
0.406060 2
0.000195 18
0.439699 1
0.183733 2
0.000398 23
0.004069 190
0.451667 190
0.354021 190
0.377334 190
0.012446 190
0.217175 381
0.103178 191
0.000026 190
0.066170 381
0.155749 191
0.000058 190
0.196337 381
0.096762 191
0.000061 190
0.307701 190
0.104215 191
0.000097 190
0.243295 381
0.304175 190
0.005227 191
0.000060 190
0.312103 190
0.301852 190
0.306111 190
0.317519 190
0.309124 190
0.311990 190
0.305136 190
0.300883 190
0.210675 381
0.318757 190
0.308601 190
0.300892 190
0.156938 191
0.000121 190
0.263736 191
0.000116 190
0.343454 190
0.300249 190
0.301101 190
0.068506 191
0.000101 190
0.316966 190
0.301969 190
0.317329 190
0.301637 190
0.315098 190
0.235469 191
0.000241 190
0.325374 190
0.310711 190
0.089159 381
0.031325 191
0.000380 192
0.000311 192
0.322945 27
0.060227 56
0.134396 29
0.003046 21
0.098382 3043
0.070722 190
0.005719 190
0.011210 190
0.003111 190
0.002057 190
0.001222 190
0.003309 190
0.001400 190
0.000377 190
0.000760 190
0.000705 190
0.000698 190
0.000676 190
0.000696 190
0.000705 190
0.000647 190
0.000552 190
0.000631 190
0.000633 190
0.000716 190
0.000662 190
0.000740 190
0.000643 190
0.000686 190
0.000709 190
0.000388 190
0.000630 190
0.000699 190
0.000688 190
0.000643 190
0.000667 190
0.000673 190
0.000701 190
0.000684 190
0.000688 190
0.000718 190
0.000723 190
0.000635 190
0.000717 190
0.000718 190
0.000681 190
0.000628 190
0.000334 190
0.000657 190
0.000673 190
0.000702 190
0.000701 190
0.000644 190
0.000606 190
0.000645 190
0.000668 190
0.000651 190
0.000640 190
0.000667 190
0.000630 190
0.000631 190
0.000646 190
0.000642 190
0.000609 190
0.000646 190
0.000384 190
0.000613 190
0.000573 190
0.000641 190
0.000681 190
0.000571 190
0.000624 190
0.000579 190
0.000658 190
0.000676 190
0.000629 190
0.000712 190
0.000646 190
0.000624 190
0.000630 190
0.000587 190
0.000680 190
0.000331 190
0.001008 190
0.001016 190
0.000531 190
0.000609 190
0.001131 190
0.000559 190
0.000798 190
0.002996 190
0.001735 190
0.002746 190
0.002306 190
0.002214 190
0.002264 190
0.000769 190
0.002843 190
0.001688 190
0.003951 190
0.001579 190
0.002651 190
0.003582 190
0.004746 190
0.001572 190
0.006477 193
0.014502 193
0.093070 190
0.000680 190
0.000280 190
0.000174 190
0.000436 190
0.000162 190
0.000256 190
0.000182 190
0.000456 190
0.000296 190
0.000232 190
0.000085 190
0.000098 3
0.009590 570
0.000885 190
0.001273 190
0.001298 190
0.001220 190
0.000901 190
0.000724 190
0.001092 190
0.001069 190
0.001085 190
0.000606 190
0.001346 193
0.005560 193
0.016581 1333
0.007340 1143
0.005308 190
0.002058 190
0.001072 190
0.001203 190
0.001229 190
0.001427 190
0.000731 190
0.000499 190
0.000764 190
0.000298 190
0.001024 190
0.001013 193
0.005771 193
0.012357 190
0.001390 190
0.000979 190
0.001962 380
0.004898 760
0.001193 190
0.000671 190
0.001058 190
0.000827 190
0.000605 190
0.000757 190
0.001512 193
0.008014 190
0.004920 190
0.001773 190
0.001719 190
0.001516 190
0.001706 190
0.001755 190
0.001932 190
0.001344 190
0.001548 190
0.002908 190
0.003347 190
0.003416 190
0.003609 190
0.003538 190
0.003295 190
0.003447 190
0.003011 190
0.002921 190
0.003058 190
0.003271 190
0.004265 190
0.003154 190
0.003128 190
0.003352 190
0.003340 190
0.003363 190
0.003218 190
0.003290 190
0.003021 190
0.003359 190
0.003446 190
0.002666 190
0.002247 190
0.003267 190
0.002775 190
0.003435 190
0.003532 190
0.003101 190
0.002314 190
0.002869 190
0.002966 190
0.002648 190
0.002574 190
0.002184 190
0.001345 190
0.001440 190
0.001447 190
0.001829 190
0.001692 190
0.001512 190
0.003151 190
0.002012 190
0.001585 190
0.001475 190
0.001565 190
0.001714 190
0.001661 190
0.001914 190
0.001498 190
0.003178 190
0.003254 190
0.003444 190
0.003586 190
0.003607 190
0.003295 190
0.003439 190
0.003155 190
0.003085 190
0.003319 190
0.003289 190
0.003143 190
0.004145 190
0.003010 190
0.003502 190
0.003404 190
0.003204 190
0.003341 190
0.003440 190
0.003173 190
0.003277 190
0.003304 190
0.002642 190
0.002706 190
0.002539 190
0.003772 190
0.003909 190
0.003195 190
0.002667 190
0.002328 190
0.003364 190
0.002531 190
0.002632 190
0.002556 190
0.001699 190
0.001258 190
0.001557 190
0.001362 190
0.001581 190
0.003494 190
0.008585 193
0.008218 190
0.001481 190
0.000720 190
0.000695 190
0.000733 190
0.000808 190
0.000494 193
0.005584 193
0.079146 190
0.000354 190
0.000276 190
0.000270 190
0.000262 190
0.000262 190
0.000779 190
0.000236 190
0.000184 193
0.006851 190
0.006847 190
0.002058 190
0.000776 190
0.001061 190
0.000653 190
0.001121 190
0.001039 190
0.000577 190
0.001176 190
0.000632 190
0.001180 190
0.000640 190
0.001079 190
0.000563 190
0.000982 190
0.000977 190
0.000558 190
0.001497 190
0.001051 190
0.002317 190
0.001037 190
0.002295 190
0.001290 190
0.002397 190
0.002367 190
0.001173 190
0.002419 190
0.001253 190
0.002145 190
0.001252 190
0.002135 190
0.000984 190
0.002144 190
0.002034 190
0.001024 190
0.002268 190
0.001073 190
0.002347 190
0.001140 190
0.002224 190
0.001105 190
0.002276 190
0.002104 190
0.001126 190
0.002221 190
0.001233 190
0.002301 190
0.001309 190
0.002228 190
0.002202 190
0.000974 190
0.002329 190
0.001210 190
0.002332 190
0.001092 190
0.002159 190
0.001127 190
0.002279 190
0.002240 190
0.001212 190
0.001813 190
0.000945 190
0.001598 190
0.000737 190
0.001681 190
0.000856 190
0.001733 190
0.001933 190
0.001275 190
0.002302 190
0.001124 190
0.002701 190
0.001037 190
0.002485 190
0.000642 190
0.001551 190
0.001671 190
0.000968 190
0.002434 190
0.000959 190
0.001732 190
0.000903 190
0.001783 190
0.000957 190
0.001745 190
0.001490 190
0.000545 190
0.000953 190
0.000554 190
0.000986 190
0.000570 190
0.001024 190
0.000515 190
0.000923 190
0.001191 190
0.000624 190
0.001018 190
0.000595 190
0.001180 190
0.006622 193
0.016694 193
0.020486 190
0.001316 190
0.001747 380
0.004348 1143
0.005174 190
0.002995 190
0.001166 190
0.001228 190
0.001278 190
0.001149 190
0.001159 190
0.001028 190
0.001048 190
0.001701 190
0.001315 190
0.000172 190
0.002145 190
0.000759 190
0.001145 190
0.001060 190
0.000496 193
0.013856 190
0.016067 190
0.037738 190
0.001276 190
0.003165 190
0.001748 190
0.003302 190
0.001860 190
0.001553 190
0.003745 190
0.001134 190
0.002080 190
0.001390 190
0.001565 190
0.002770 190
0.001615 190
0.001470 190
0.001935 190
0.002109 190
0.001663 190
0.000730 190
0.001960 190
0.002199 190
0.002452 190
0.002506 190
0.001995 190
0.001794 190
0.002089 190
0.002299 190
0.002126 190
0.002741 190
0.002550 190
0.001540 190
0.002247 190
0.001580 190
0.002865 190
0.001331 190
0.003192 190
0.001631 190
0.002164 190
0.001274 190
0.001176 190
0.002056 190
0.001636 190
0.002063 190
0.000681 190
0.003286 190
0.002245 190
0.002319 190
0.001522 190
0.001516 190
0.001804 190
0.002730 190
0.003436 190
0.001076 190
0.001959 190
0.002169 190
0.002797 190
0.002093 190
0.002105 190
0.002268 190
0.002652 190
0.002764 190
0.004462 190
0.001354 190
0.001436 190
0.000529 190
0.002202 190
0.001152 190
0.001111 190
0.002319 190
0.001306 190
0.002582 190
0.000875 190
0.000944 190
0.001711 190
0.000939 190
0.002171 190
0.002758 190
0.001599 190
0.000796 190
0.001596 190
0.000796 190
0.000992 190
0.003548 190
0.006868 190
0.003258 190
0.002240 190
0.003380 190
0.003014 190
0.004532 190
0.005789 190
0.001015 190
0.000428 190
0.000753 190
0.001015 190
0.000414 190
0.017328 190
0.025286 190
0.046151 190
0.032175 193
0.098658 193
0.015824 190
0.001675 380
0.003161 570
0.000665 190
0.000568 190
0.001073 190
0.000623 190
0.001169 190
0.000674 190
0.001119 190
0.000561 190
0.000973 190
0.000506 190
0.000983 190
0.000513 190
0.001138 190
0.000529 190
0.002118 190
0.001258 190
0.002058 190
0.001216 190
0.002314 190
0.001270 190
0.002478 190
0.001433 190
0.002565 190
0.002400 190
0.001023 190
0.002501 190
0.001166 190
0.002028 190
0.001198 190
0.002000 190
0.001064 190
0.002188 190
0.001053 190
0.002246 190
0.001191 190
0.002191 190
0.001197 190
0.002202 190
0.001162 190
0.002135 190
0.001239 190
0.002249 190
0.001277 190
0.002327 190
0.001298 190
0.002228 190
0.001208 190
0.002103 190
0.002457 190
0.001293 190
0.002191 190
0.001168 190
0.002148 190
0.001172 190
0.002287 190
0.001173 190
0.002258 190
0.000944 190
0.001817 190
0.000877 190
0.001446 190
0.000899 190
0.001656 190
0.000932 190
0.001884 190
0.001160 190
0.002344 190
0.001567 190
0.001976 190
0.001663 190
0.001439 190
0.000841 190
0.001495 190
0.002281 190
0.001163 190
0.001759 190
0.000906 190
0.001770 190
0.000943 190
0.001815 190
0.000926 190
0.001387 190
0.000611 190
0.001077 190
0.000503 190
0.001008 190
0.000584 190
0.001006 190
0.000473 190
0.000962 190
0.000692 190
0.001178 190
0.000661 190
0.000829 190
0.002769 190
0.000019 3
0.007851 190
0.000273 190
0.000450 190
0.001075 190
0.000862 190
0.000413 190
0.000627 190
0.000625 190
0.000591 190
0.000639 190
0.000560 193
0.006502 193
0.124198 193
0.027404 193
0.237396 193
0.164115 772
0.000105 193
0.000051 193
0.000132 193
0.000012 193
0.000100 193
0.000039 193
0.000161 190
0.000015 196
0.000066 193
0.000068 193
0.000062 193
0.000066 193
0.248858 2
0.081360 1038
0.000054 11
0.072898 19
0.731304 2
0.000182 19
0.190240 2
0.000174 19
0.167914 21
0.216465 25
0.599637 58
0.295831 87
0.255913 90
0.088080 93
0.103726 96
0.296599 2
0.021926 15
0.001341 72
0.000070 9
0.004755 2047
0.000064 4095
0.000012 1770
1.012069 69
0.207508 69
0.200794 69
0.175347 24
0.000434 45
0.199299 24
0.000370 45
0.183855 24
0.000296 45
0.336343 128
0.271815 24
0.000008 45
0.160312 218
0.415724 74
0.295780 75
0.499465 75
0.030457 26
0.000555 49
0.030022 26
0.000427 49
0.030045 26
0.000367 49
0.028795 26
0.000402 49
0.029937 26
0.000239 49
0.029079 26
0.000211 49
0.030064 26
0.000408 49
0.030239 26
0.000165 49
0.030640 25
0.000148 47
0.029737 25
0.000013 47
0.029635 72
0.030325 25
0.000014 47
0.029448 25
0.000016 47
0.030398 25
0.000016 47
0.030402 25
0.000019 47
0.031442 72
0.030914 72
0.029287 25
0.000228 48
0.029570 25
0.000129 47
0.030610 25
0.000215 47
0.030492 25
0.000177 47
0.030678 25
0.000228 47
0.029449 25
0.000155 47
0.030322 72
0.029720 25
0.000019 47
0.029573 25
0.000019 47
0.030379 25
0.000011 47
0.030331 73
0.030648 72
0.030151 72
0.029586 25
0.000066 47
0.030256 25
0.000045 47
0.031019 25
0.000140 47
0.029118 25
0.000026 47
0.029075 25
0.000043 47
0.030366 72
0.030194 25
0.000010 47
0.030115 25
0.000010 48
0.029398 72
0.030623 25
0.000009 47
0.030196 25
0.000098 47
0.030111 25
0.000100 47
0.029847 25
0.000116 47
0.682713 26
0.000007 47
0.535950 78
0.000142 56
0.072347 84
0.239485 23
0.000011 63
0.207852 23
0.000420 65
0.191498 23
0.000229 62
0.736080 23
0.000011 86
0.543802 25
0.000260 63
2.559947 25
0.000524 57
0.703584 95
0.000080 65
0.711868 73
0.888032 109
0.135888 1
0.128420 34
0.003887 96
0.627243 52
0.360407 1
0.153455 69
9.571915 1
0.414524 1
0.071762 1
0.079886 1
0.400857 38
0.592298 2
0.019158 15
0.000773 96
0.003384 2047
0.000112 4094
0.000307 2047
0.000052 913
0.967664 113
8.682499 39
0.909826 42
0.207478 42
0.200072 42
0.216314 42
0.489333 582
0.814946 237
0.871554 111
0.207978 1
0.288101 99
0.695921 53
0.191459 1
0.160024 1
0.000029 46
0.003329 24
0.000080 41
0.000149 40
0.852761 53
0.336028 1
0.079513 1
0.000185 46
0.002925 18
0.000281 81
1.700813 42
0.000042 11
0.404275 1
3.732837 69
7.019322 26
0.416125 2
0.062526 19
6.179129 26
0.549994 58
0.319866 27
0.207971 18
0.391925 27
0.168097 27
0.519955 23
0.127859 23
0.152038 23
0.368241 2
0.023936 1044
0.000418 890
0.002233 19
1.373336 2
0.000139 19
0.183912 2
0.000191 19
0.167633 21
0.184040 2
0.000089 19
0.191810 21
0.175846 2
0.000021 19
0.184184 2
0.000054 19
0.183819 2
0.000097 19
0.184051 2
0.000074 19
0.184510 2
0.000023 19
0.615510 1
0.207962 1
0.160837 1
0.191531 1
0.991622 1
0.472058 1
0.776071 1
0.159986 1
0.119879 1
0.240121 1
0.135947 1
0.112156 1
0.351869 4
0.500317 4
0.029344 4
0.029819 4
0.031051 4
0.153578 4
0.456017 1
0.551885 1
0.112036 1
0.280064 1
0.135748 1
0.095899 1
0.248227 1
0.215817 1
0.176206 1
0.584052 1
0.183867 1
0.360013 1
0.384240 2
0.000132 19
0.723781 2
0.000061 19
0.196664 21
0.183145 2
0.000157 19
9.093794 1
0.181983 1
0.080135 1
0.087687 1
0.520679 37
0.255354 2
0.017518 15
0.000444 84
0.000050 10
0.003230 2047
0.000018 2103
0.883481 24
0.000406 49
0.499686 73
0.029402 24
0.000248 45
0.029960 24
0.000408 45
0.029645 24
0.000223 49
0.029887 24
0.000274 49
0.030159 24
0.000280 45
0.029518 24
0.000288 45
0.029363 24
0.000342 52
0.029666 25
0.000310 51
0.030488 25
0.000279 47
0.030659 25
0.000329 51
0.030452 25
0.000872 72
0.029290 25
0.000421 69
0.030155 25
0.000264 47
0.030073 25
0.000249 47
0.029915 25
0.000221 47
0.030660 25
0.000178 51
7.766995 23
0.000254 46
1.191876 23
0.000063 94
0.376790 84
1.207045 111
0.391955 1
0.175804 1
0.000031 45
0.002956 18
0.000239 81
3.941099 24
0.000009 29
0.399736 1
0.104037 1
0.000755 49
0.001254 19
0.869880 2
0.000176 19
0.176058 2
0.000143 19
0.159551 2
0.000112 19
20.814068 1
0.181893 1
0.120119 1
0.159779 1
0.424363 26
1.119775 2
0.010185 15
0.000230 84
0.001526 2047
0.000144 4094
0.000033 2960
6.028419 64
0.000453 105
2.151794 419
1.319204 114
0.536999 63
1.215584 109
0.351289 1
0.104279 35
0.001003 101
0.743056 52
0.111938 1
0.120626 50
0.000195 19
2.295324 30
1.639874 4
0.231894 4
0.192205 4
0.188185 4
0.191724 4
0.092038 1
0.083822 1
0.328132 1
0.184357 1
0.095503 1
0.087942 1
1.168508 2
0.019955 15
0.000718 85
0.002430 2047
0.000132 2047
0.000189 2047
0.000091 2960
0.761213 96
0.000123 26
5.439601 62
1.391157 16
0.000167 93
0.191727 1
0.136603 36
0.002497 22
0.000098 79
0.605095 52
0.175801 1
0.113885 69
2.894239 1
0.095842 1
0.280264 1
0.239747 1
2.048196 1
0.311879 1
0.244719 2
0.651333 1
0.119866 1
0.184106 1
0.196329 3
1.627816 1
0.295766 1
0.170509 3
0.457662 2
0.000268 22
0.619595 1
0.199727 1
0.368501 2
0.002295 115
0.000502 22
1.749189 1
0.199855 1
0.167996 1
1.104051 1
0.135846 1
0.183987 1
0.294011 8
1.254080 1
0.243876 1
0.088206 1
0.247776 1
0.208047 1
0.752291 1
2.012262 1
0.095701 1
0.115781 1
0.540226 1
0.583923 2
0.004082 22
2.356178 24
0.487943 4
0.199835 6
0.408132 15
0.279849 15
0.168076 15
0.183708 15
0.176607 15
0.207535 15
0.151904 11
0.072030 11
0.288204 11
0.200120 11
0.112014 11
0.087854 11
0.664340 2
0.002607 22
2.092999 1
0.183752 1
0.088253 1
0.063676 1
0.352519 1
0.111978 1
0.321200 10
0.526861 2
0.019734 15
0.000901 58
0.000032 13
0.009436 2031
0.000019 58
2.762007 22
0.000276 50
0.199566 69
0.192489 23
0.000045 300
0.183122 23
0.001397 589
0.430751 69
0.720908 25
0.000971 51
0.470314 101
0.000320 19
0.624138 36
0.063744 36
0.352426 81
4.239864 35
0.591665 35
0.161562 35
0.518678 35
0.207416 35
0.104317 35
0.031641 51
1.096929 34
0.335596 37
0.320068 36
0.159823 36
0.656626 36
0.399509 36
0.419928 36
0.323738 36
0.112296 36
0.424280 46
0.167586 46
0.175804 46
0.087928 36
0.239998 36
0.120486 36
0.704114 36
0.512031 36
0.199743 37
0.196301 36
0.179634 36
0.656637 36
1.875806 36
0.231477 36
0.080318 36
0.247881 36
0.167906 36
0.056484 36
0.055560 37
0.312017 36
0.300083 36
0.340082 36
0.516003 46
0.219754 36
0.152250 36
2.087889 111
0.287076 1
0.104239 1
0.000163 19
0.004123 21
0.000130 81
0.523655 42
0.000077 11
0.111780 1
0.096034 1
0.001613 49
0.000770 22
2.797773 1
0.271860 1
0.168228 1
0.408097 1
0.095789 1
0.296077 1
0.391989 1
0.271843 1
0.136144 1
1.280126 1
0.407839 1
0.231850 1
0.120656 1
0.143812 1
0.239769 1
0.271708 1
0.352164 1
0.112501 1
0.183311 1
0.175899 1
0.552283 1
0.480059 1
0.632082 1
1.176137 1
0.039736 1
0.232188 1
0.207751 1
2.872531 2
0.088778 22
1.311318 27
0.295593 4
0.159910 4
0.175908 4
0.175853 4
0.200249 4
0.120093 1
0.055534 1
0.256315 1
0.135934 1
0.087806 1
0.080075 1
2.888395 2
0.075423 22
0.596660 2
0.000027 22
0.207752 24
0.160198 24
4.463952 22
0.604487 2
0.050989 474
0.000117 22
3.204490 24
0.199552 24
0.159978 2
0.000099 22
0.576751 1
0.271127 1
1.480427 1
0.407719 1
0.176060 1
0.376038 1
0.215737 1
0.192212 1
0.143925 1
0.719996 1
0.343983 2
0.000115 22
1.215543 8
0.003085 22
1.085179 8
0.003684 8
0.000007 69
1.427563 11
0.000020 6
