0.987624 77
0.861051 11
0.000087 8
0.000024 69
0.175818 11
0.000062 8
0.000015 69
0.159571 11
0.000070 8
0.000021 69
0.144034 11
0.000075 8
0.000018 69
2.272193 1
0.087861 1
0.255963 1
0.096088 1
0.047974 1
0.135955 1
0.128005 1
0.128158 1
0.247914 1
0.279995 1
0.344277 2
0.000008 9
1.179425 65
0.386698 51
1.826651 12
0.000114 21
1.005531 12
0.000076 21
0.603184 12
0.000038 21
1.810038 12
0.000047 21
4.004914 12
0.096569 61
0.185652 80
0.737076 73
0.724875 68
0.083237 73
0.000203 33
0.079217 38
0.127310 56
0.404810 58
1.529895 32
0.315040 78
0.309806 46
0.000042 40
0.000053 47
31.220543 162
1.818711 76
0.586068 74
0.608909 84
1.479018 44
0.056731 56
0.196822 454
0.000747 38
2.750687 90
24.992119 48
0.578601 41
0.265968 51
1.989232 111
0.003381 99
0.000143 44
0.000099 51
0.000108 79
0.406586 56
0.101521 22
0.000092 43
0.000127 22
0.000107 102
0.000126 101
0.000147 102
0.000083 33
0.000101 101
0.000127 22
0.000094 41
0.000091 102
0.000130 40
0.000078 22
0.000333 39
0.000153 43
0.000145 43
0.000085 47
0.000147 46
0.000546 48
0.001740 41
0.065117 101
0.048703 101
0.000166 22
0.000108 32
0.000117 50
0.000139 22
0.000110 31
0.121619 51
0.053568 49
6.483048 51
0.000094 53
0.000107 54
7.923056 44
0.000119 51
0.000192 79
0.010474 95
0.000111 107
0.106961 77
0.021006 101
0.000116 102
0.000138 100
0.000210 102
0.000137 103
0.000133 92
0.000198 107
0.000141 110
0.000128 105
0.000127 107
0.009601 108
0.000219 51
0.000156 84
0.000188 83
0.000133 81
0.000129 83
0.000125 83
0.010012 123
0.000114 112
0.000253 119
0.000131 104
0.000131 102
0.000132 114
0.000203 106
0.000135 107
0.009883 110
0.000118 110
0.000176 107
0.000185 105
0.000166 111
0.000158 117
0.000138 118
0.000200 111
0.000129 117
0.000139 109
0.000197 115
0.000118 120
0.000115 109
0.000114 109
0.000202 107
0.000113 102
0.008907 103
0.000110 112
0.000136 85
0.000132 117
0.000186 82
0.000125 105
0.000165 93
0.000171 51
0.000146 78
0.002006 108
0.011620 104
0.000120 108
0.000103 110
0.010708 107
0.000098 106
0.000109 108
0.000158 84
0.000117 86
0.000099 87
0.000165 90
0.010200 84
0.000164 89
0.000120 121
0.000098 119
0.000097 87
0.000170 88
0.010344 124
0.000125 110
0.000098 97
0.000095 85
0.000152 86
0.000101 90
0.000104 90
0.010611 86
0.000095 88
0.000101 90
0.000146 85
0.000100 92
0.000136 82
0.000098 105
0.000127 51
0.000095 78
0.012043 88
0.000088 126
0.000097 118
0.021978 109
0.000091 79
0.006183 81
0.000155 80
0.000104 82
0.000099 80
0.000151 78
0.000099 84
0.009921 93
0.000089 87
0.000101 118
0.000131 111
0.000170 93
0.000136 82
0.000104 105
0.000166 51
0.000106 80
0.010129 119
0.000119 82
0.000101 90
0.000097 121
0.021522 112
0.000097 89
0.011004 109
0.000096 113
0.000096 88
0.000129 82
0.000067 105
0.000149 51
0.000093 87
0.000096 89
0.000096 97
0.000155 88
0.009916 87
0.000141 82
0.000104 105
0.195268 56
0.010539 83
0.000317 71
0.000100 58
0.303775 74
0.119838 51
0.055205 102
0.000083 27
0.000123 34
0.000156 35
0.000094 67
0.000115 79
0.000118 31
0.000129 60
0.000129 50
0.000124 53
0.000127 33
0.000095 56
0.000126 43
0.000090 33
0.000089 41
0.000115 31
0.000130 47
0.000092 46
0.000091 73
0.000132 32
0.000088 37
0.000091 69
0.000143 77
0.000092 66
0.000091 40
0.000129 35
0.000141 34
0.000126 38
0.000122 39
0.000098 47
0.000157 44
0.000120 31
0.000150 46
0.000094 64
0.000098 32
0.000075 33
0.000096 34
0.000105 47
0.000077 56
0.000103 42
0.000118 32
0.000077 66
0.000080 67
0.000075 35
0.000123 34
0.000073 38
0.000079 38
0.000086 43
0.000103 34
0.000100 49
0.000100 55
0.000097 33
0.000093 37
0.000093 36
0.000104 38
0.000094 34
0.000126 36
0.000096 40
0.000118 50
0.000078 33
0.000104 32
0.000116 22
0.080414 51
0.056072 102
0.000109 32
0.000126 34
0.000123 35
0.000119 67
0.000125 84
0.000114 31
0.000111 65
0.000137 50
0.000094 53
0.000117 33
0.000111 56
0.000105 43
0.000132 33
0.000119 41
0.000111 31
0.000150 47
0.000148 46
0.000163 78
0.000110 32
0.000137 37
0.000147 74
0.000119 77
0.000116 71
0.000143 40
0.000121 35
0.000178 34
0.000259 38
0.006812 39
0.000107 47
0.000119 44
0.000089 31
0.000139 46
0.000096 64
0.000122 32
0.000118 33
0.000088 34
0.000116 47
0.000160 56
0.000106 42
0.000086 32
0.000243 71
0.000106 72
0.000092 35
0.000084 34
0.000086 38
0.000083 38
0.000239 43
0.000114 34
0.000091 49
0.000086 55
0.000086 33
0.000085 37
0.000225 36
0.000094 38
0.000087 34
0.000086 36
0.000088 45
0.000093 50
0.000212 33
0.000116 32
0.000076 22
0.076816 51
0.053387 64
0.000269 51
0.000081 53
0.000092 54
1.467088 44
0.011084 51
0.000096 77
0.010820 101
0.123054 102
0.010965 100
0.000093 102
0.000114 103
0.000097 92
0.000178 107
0.000102 110
0.000164 105
0.000047 107
0.000146 108
0.000101 51
0.000180 82
8.341692 84
0.000064 83
0.000158 81
0.000090 83
0.000071 85
0.010349 117
0.000116 51
0.000088 108
0.054535 56
0.089515 22
0.000061 43
0.000082 22
0.000093 102
0.000092 101
0.000158 102
0.000083 33
0.000088 101
0.000085 50
0.000086 101
0.000088 101
0.000087 101
0.000184 101
0.000086 101
0.000085 101
0.000102 101
0.000075 22
0.000081 41
0.000088 102
0.000170 64
0.000075 22
0.000081 48
0.000097 42
0.000148 43
1.764758 111
0.000362 182
0.094217 88
1.223185 102
0.000083 97
0.000138 86
0.008636 51
0.000198 104
0.000093 85
0.000096 91
0.000154 73
0.013405 47
3.011379 46
0.039402 48
0.000066 41
0.141409 101
0.034090 101
0.088266 101
0.015605 101
0.066958 101
0.211002 101
18.722508 101
0.132603 101
0.004889 101
0.005164 101
0.005441 101
0.030281 101
0.020086 101
0.036495 101
0.019837 101
0.167136 101
0.000080 22
0.000100 32
0.000192 48
0.000089 22
0.000097 43
0.000098 53
0.000096 55
0.000095 54
0.000222 52
0.000103 54
0.000094 79
0.000095 56
0.000081 22
0.000201 31
2.573711 51
0.062843 64
0.000076 51
0.000098 53
0.000083 54
0.153922 44
0.000091 51
0.000150 82
0.173852 56
0.091143 22
0.000089 43
0.000081 22
0.000094 102
0.000094 101
0.000090 102
0.000084 33
0.000131 101
0.000075 22
0.000084 41
0.000085 102
0.000081 40
0.000131 22
0.000090 48
0.000082 43
0.000080 43
0.238468 47
0.000069 46
0.010329 48
0.000074 41
0.108706 101
0.058216 101
0.000034 22
0.000084 32
0.000087 53
0.000137 22
0.000055 31
0.054508 77
2.293380 1
0.110336 1
0.400097 1
0.112274 1
0.079762 1
0.311835 1
0.520488 1
0.231870 1
0.191760 1
0.200132 1
0.079857 1
0.404333 2
0.000007 9
2.482078 17
1.054343 1
0.192026 1
0.135953 1
0.207852 1
0.191993 1
0.195722 1
0.368433 1
0.481598 2
0.032382 14
0.573955 16
0.191960 16
0.171915 16
6.616268 1
0.223837 1
0.752586 1
0.255764 1
0.151585 1
0.624889 78
0.831223 16
1.728068 16
0.195495 16
1.088834 1
0.155682 1
0.495746 1
0.200342 1
0.120209 1
0.367807 2
0.004401 399
8.399873 43
0.456192 2
0.652397 14
5.187501 43
0.608119 2
0.690094 14
3.574122 43
0.383536 2
0.595508 14
3.772647 43
0.384407 2
0.621307 14
2.098088 16
0.183731 16
0.152440 16
0.263658 1
1.136136 1
0.095763 1
0.251972 1
0.147866 1
0.136368 1
0.187851 1
0.460212 3
0.167610 3
0.175977 3
0.184014 3
0.680228 1
0.195903 1
0.148168 1
0.195583 1
0.120156 1
0.083965 1
0.195801 1
0.076464 2
0.010656 425
15.573749 1
0.239445 1
0.752972 107
0.760196 16
0.503177 16
0.191873 16
4.496620 30
0.503573 2
0.069547 14
3.770550 29
0.536079 2
0.071922 14
3.587939 32
0.515783 2
0.078542 14
3.645236 29
0.480682 2
0.074604 14
1.916830 16
0.168028 16
0.168261 16
4.095559 30
0.476377 2
0.007396 318
7.868237 1
0.232156 1
0.544371 87
0.359746 16
6.008701 100
0.571697 2
0.005910 85
0.010837 43
0.222966 114
0.173386 12
0.694259 40
0.177921 279
0.212980 190
0.302627 190
0.214947 190
0.516808 190
0.304183 190
0.202153 190
0.200655 190
0.288008 190
0.201349 190
0.201046 190
0.256851 190
0.203390 190
0.200076 190
0.236471 190
0.345349 190
0.224206 190
0.203647 190
0.232728 190
0.200172 190
0.254629 190
0.227563 190
0.209607 190
0.224982 190
0.201737 190
0.227112 190
0.207176 190
0.254754 190
0.201338 190
0.206793 190
0.201720 190
0.222907 190
0.202119 190
0.200719 190
0.200773 190
0.207381 190
0.253974 190
0.214453 190
0.251483 190
0.213604 190
0.202687 190
0.201179 190
0.212306 190
0.208271 190
0.222012 190
0.215616 190
0.216355 190
0.206347 190
0.224319 190
0.216544 190
0.216234 190
0.205388 190
0.224778 190
0.215276 190
0.217509 190
0.203432 190
0.216285 190
0.201180 190
0.201804 190
0.206929 190
0.261089 190
0.311104 190
0.213183 190
0.210750 190
0.211928 190
0.218475 190
0.206176 190
0.201049 190
0.200749 190
0.209494 190
0.212782 190
0.211877 190
0.201768 190
0.201983 190
0.083073 287
0.011147 85
0.004130 43
0.000694 114
0.168873 12
0.763775 40
0.173764 279
0.336433 190
0.334974 190
0.336105 190
0.336393 190
0.336944 190
0.287457 190
0.216482 190
0.199994 190
0.255990 190
0.215708 190
0.200360 190
0.256526 190
0.210560 190
0.201307 190
0.309111 190
0.200941 190
0.210142 190
0.210198 190
0.220110 190
0.200367 190
0.252189 190
0.261577 190
0.201319 190
0.211391 190
0.219134 190
0.203520 190
0.249956 190
0.219487 190
0.200197 190
0.251905 190
0.213034 190
0.203977 190
0.212164 190
0.211666 190
0.212229 190
0.203092 190
0.214406 190
0.209779 190
0.212307 190
0.205869 190
0.212736 190
0.209915 190
0.211600 190
0.204359 190
0.215195 190
0.209957 190
0.210891 190
0.204914 190
0.215086 190
0.210572 190
0.210859 190
0.205472 190
0.212144 190
0.213118 190
0.215510 190
0.199928 190
0.214908 190
0.208954 190
0.217863 190
0.201387 190
0.209905 190
0.211501 190
0.218844 190
0.202203 190
0.210223 190
0.210437 190
0.215972 190
0.201497 190
0.210950 190
0.209904 190
0.218240 190
0.202565 190
0.210780 190
0.209289 190
0.218076 190
0.200474 190
0.210702 190
0.212109 190
0.210278 190
0.203639 190
0.200042 190
0.226336 190
0.215586 190
0.200682 190
0.200258 190
0.223715 190
0.210123 190
0.205418 190
0.012214 287
0.010203 85
0.004043 43
0.000568 114
0.172690 12
0.766591 40
0.178720 279
0.343688 190
0.342741 190
0.220566 190
0.297077 190
0.215577 190
0.301321 190
0.215550 190
0.299498 190
0.215714 190
0.298440 190
0.200549 190
0.317368 190
0.200135 190
0.507476 190
0.242062 190
0.273353 190
0.200281 190
0.212083 190
0.275193 190
0.201710 190
0.211122 190
0.274570 190
0.202390 190
0.208483 190
0.277878 190
0.200355 190
0.209812 190
0.276417 190
0.202532 190
0.208909 190
0.275415 190
0.202905 190
0.208689 190
0.255297 190
0.258811 190
0.610970 190
0.217211 190
0.233436 190
0.229404 190
0.221882 190
0.236740 190
0.230095 190
0.223537 190
0.235036 190
0.226207 190
0.223074 190
0.236988 190
0.215624 190
0.235295 190
0.237988 190
0.214430 190
0.200332 190
0.207333 190
0.234542 190
0.368238 190
0.206965 190
0.233591 190
0.208763 190
0.210854 190
0.204014 190
0.219927 190
0.202918 190
0.200742 190
0.203911 190
0.203271 190
0.214357 190
0.209994 190
0.200618 190
0.202289 190
0.203672 190
0.237527 190
0.211393 190
0.206930 190
0.203858 190
0.215244 190
0.211037 190
0.200849 190
0.354209 190
0.267723 190
0.208769 190
0.211112 190
0.219973 190
0.204922 190
0.218807 190
0.201659 190
0.208840 190
0.201095 190
0.201095 190
0.217038 190
0.201023 190
0.210413 190
0.201033 190
0.200258 190
0.219278 190
0.201011 190
0.209426 190
0.201849 190
0.202045 190
0.217739 190
0.203380 190
0.206529 190
0.245630 190
0.218844 190
0.208091 190
0.212010 190
0.220720 190
0.200243 190
0.200992 190
0.211868 190
0.205783 190
0.212066 190
0.200848 190
0.201746 190
0.200910 190
0.064052 287
0.007349 128
0.000469 114
0.164738 12
0.332028 40
0.168823 279
0.328349 190
0.327147 190
0.209734 190
0.282218 190
0.210436 190
0.215764 190
0.231151 190
0.210114 190
0.283159 190
0.208812 190
0.206446 190
0.241771 190
0.207482 190
0.206154 190
0.244112 190
0.200956 190
0.211989 190
0.243671 190
0.200770 190
0.213959 190
0.241204 190
0.200037 190
0.213307 190
0.242104 190
0.341679 190
0.212109 190
0.348082 190
0.257383 190
0.204122 190
0.200789 190
0.205963 190
0.210689 190
0.204582 190
0.200417 190
0.212552 190
0.201682 190
0.205333 190
0.200841 190
0.203249 190
0.211411 190
0.204470 190
0.201385 190
0.350665 190
0.312427 190
0.202804 190
0.247369 190
0.200826 190
0.210122 190
0.240959 190
0.200772 190
0.213937 190
0.242095 190
0.200025 190
0.209077 190
0.206937 190
0.204878 190
0.203240 190
0.211113 190
0.201755 190
0.203368 190
0.202640 190
0.207158 190
0.044505 301
1.920473 16
0.197893 16
0.159925 16
0.343921 1
0.144499 1
0.135981 1
0.175516 1
0.160083 1
0.080134 1
0.680167 2
0.103702 2
0.071952 2
0.088211 2
0.095834 2
0.079909 2
0.175710 2
0.208160 2
0.175936 2
0.160535 16
0.424201 16
0.183497 16
0.176541 16
1.519672 2
0.055542 2
0.248575 1
0.551653 3
0.167811 3
0.168515 3
0.471481 1
0.368121 3
0.207889 1
0.127886 1
0.160307 1
0.143875 1
0.600206 3
0.192147 1
0.287911 1
0.183536 1
1.288555 1
0.960166 1
0.167735 1
0.223886 1
0.127995 1
0.976615 1
0.504033 2
0.000572 46
1.931640 14
0.911210 14
0.279979 28
0.647855 26
0.684501 2
0.003852 380
7.519815 1
0.224092 1
0.183866 1
0.287923 1
0.271769 1
0.080333 1
0.063700 1
0.160016 1
0.832638 2
0.013561 213
9.154227 1
0.352129 1
0.423650 1
0.216183 1
0.128014 1
0.151756 1
0.400154 1
0.231929 1
0.671987 2
0.423990 3
0.159986 1
0.184106 1
0.232003 2
0.580480 3
0.835673 2
0.299914 2
0.243654 2
0.176132 2
0.207672 2
0.576374 2
0.199733 1
0.680308 2
0.191808 2
0.240167 2
0.408124 2
0.207641 2
0.120053 2
0.292822 16
0.931473 16
0.199925 16
0.176135 16
0.175676 16
5.444047 3
0.319874 1
0.320144 3
0.192341 3
0.479616 1
0.192054 1
1.344353 1
0.488147 1
0.440002 1
0.480171 48
1.127971 2
0.000618 54
2.975239 16
0.232093 16
0.199656 16
1.848107 1
0.551990 1
0.320212 1
0.191593 1
0.616209 1
0.689076 48
0.566908 16
0.840126 16
0.191933 16
0.159619 16
10.874308 1
0.041732 1
0.235884 1
0.072140 1
0.127749 1
0.304293 1
0.259908 1
0.484389 1
0.127962 1
0.235531 1
0.076430 1
0.067568 1
0.099900 1
0.144127 1
0.112053 1
0.672242 3
0.228322 2
0.002880 878
7.093039 1
0.119566 1
0.247765 1
0.856231 1
0.176089 1
0.120099 1
0.357062 1
0.987011 1
0.600090 1
0.322215 4
1.717511 1
0.440066 1
0.296368 1
0.283427 1
0.420427 3
0.147962 3
0.124061 1
0.175720 1
0.294025 1
0.273598 3
0.420493 3
0.787782 1
0.103891 1
0.276191 14
3.300128 1
0.239951 1
0.231773 1
0.180453 1
0.127562 1
0.119788 1
0.079841 1
0.216169 1
1.048383 1
0.183987 1
0.103806 1
0.240076 1
0.520005 1
0.096104 1
0.496469 2
0.006804 14
0.496962 16
0.200069 16
0.200026 1
0.191325 1
0.120269 2
0.002221 211
11.510761 24
0.423815 2
0.004801 33
2.749486 19
2.860821 14
12.726291 16
0.189804 16
0.216448 28
0.312197 2
0.101078 313
10.598116 1
0.420014 1
0.440372 69
0.319792 16
0.407991 16
0.191933 16
0.152092 16
4.056083 33
0.392335 2
0.135313 14
3.768456 12
0.408821 2
0.012340 1621
6.254880 16
0.191711 16
0.191966 16
0.184387 16
10.423925 18
0.576333 2
0.008208 4095
0.000008 17
14.123453 22
0.600223 2
0.007117 73
4.448640 21
1.184275 2
0.007138 79
5.712729 23
0.471891 2
0.006711 83
4.449345 24
0.624272 2
0.006489 87
4.785365 21
0.872392 2
0.007290 83
0.552520 16
0.191578 16
0.191951 16
0.184248 16
0.191668 16
0.168241 16
1.159725 1
0.304027 1
1.880243 1
0.583944 1
0.531996 3
0.215852 1
0.187823 1
4.604951 99
0.583475 16
0.591944 16
0.183766 16
0.184207 16
0.183995 16
5.793067 133
0.575393 2
0.014876 111
0.001189 49
0.005042 113
0.037527 12
0.076982 40
0.155826 222
0.000192 94
4.005577 694
0.003595 153
0.034111 12
0.070130 40
0.481082 281
0.200101 190
0.279531 190
0.190461 190
0.003148 287
4.920252 1
0.087720 1
0.263960 1
0.152196 1
0.072096 1
0.784312 2
0.003167 332
13.944151 1
0.280337 1
0.688513 76
0.351639 16
5.384263 45
0.696089 2
0.351428 14
6.236488 38
0.599992 2
0.009249 57
11.806294 1
0.095753 1
0.304443 1
0.199891 1
0.408099 41
0.312394 2
0.002306 55
13.413112 1
0.160065 1
1.119926 1
0.280282 1
0.119912 1
0.191541 1
0.264209 1
0.135911 1
0.135862 1
0.336445 3
0.159543 3
0.168462 3
0.247421 1
0.231902 1
0.064195 1
0.520483 1
0.848470 3
0.607495 1
0.408115 2
0.000840 14
1.287032 8
0.009164 17
1.742974 8
0.003523 77
2.403343 11
0.000021 6
