0.632442 77
0.733478 11
0.000080 8
0.000017 69
0.196140 11
0.000067 8
0.000018 69
0.179525 11
0.000067 8
0.000007 69
0.184076 11
0.000064 8
0.000016 69
1.700491 1
0.131638 1
0.223488 1
0.119940 1
0.504710 4
0.500881 4
0.030127 4
0.030284 4
0.031031 1
0.030174 1
0.029290 1
0.030520 1
0.925492 1
0.103869 1
0.184028 1
0.200120 1
0.288237 1
0.223634 1
0.232622 10
0.487586 2
0.000008 9
0.067277 1025
0.000046 1029
0.000146 1026
0.000129 1024
0.000055 1024
0.000072 1026
0.000114 1028
0.000190 1025
0.000082 1024
0.000053 1024
0.000112 1029
0.000125 1025
0.000089 1024
0.000088 1024
0.000129 803
0.000008 227
0.000117 1026
0.000111 1027
0.000092 1026
0.000168 157
0.866774 4
0.000036 258
0.000151 1029
0.000050 896
0.000020 17
0.231531 26
0.280229 19
0.002365 8
0.000008 69
0.477547 11
0.000090 8
0.000018 69
0.200221 11
0.000092 8
0.000016 69
0.167486 11
0.000087 8
0.000009 69
0.128046 1
0.048142 1
0.239769 1
0.072053 1
0.047909 1
0.156399 1
0.087635 1
0.215789 1
0.288146 1
0.271913 1
0.304012 2
0.000010 9
1.587702 69
0.000449 69
0.000410 69
0.429477 270
0.000163 270
0.000116 270
0.038228 61
5.440905 12
0.000054 21
3.630729 12
0.095142 65
0.220386 270
0.000080 270
0.000119 270
0.000371 95
0.715334 81
0.796893 72
0.287905 77
0.000136 37
0.000117 40
0.000108 40
0.000112 40
0.000161 42
0.088034 42
0.078358 60
0.422610 62
0.172582 36
0.334193 82
0.282573 50
0.000099 44
0.000084 51
16.946672 174
1.571521 84
0.467396 78
0.488250 88
1.249142 48
0.034813 60
0.067601 567
0.000992 42
1.334937 69
4.331681 49
0.000186 76
2.129548 270
0.028816 61
5.434002 12
0.000058 21
0.200682 12
0.000159 21
3.021968 12
0.100467 65
0.187504 270
0.000450 95
0.769847 81
0.512842 77
0.423693 72
0.266796 77
0.000198 37
0.000222 40
0.000500 40
0.000229 40
0.000208 42
0.095756 42
0.084497 60
0.266890 62
0.169137 36
0.309848 82
0.203321 50
0.000252 44
0.000065 51
15.420636 61
0.707399 73
2.199522 174
1.576545 84
0.459614 78
0.505832 88
0.928728 48
0.043879 60
0.057265 567
0.000435 42
1.263024 69
4.449521 49
0.000313 76
2.099562 270
0.000124 270
0.041260 61
5.471034 12
0.000111 21
2.957465 12
0.101920 65
0.194887 270
0.000160 270
0.000588 95
0.684465 81
0.641890 77
0.417386 72
0.244236 77
0.000246 37
0.000219 40
0.000400 40
0.000197 40
0.000193 42
0.096006 42
0.105097 60
0.302815 62
0.146523 36
0.267770 82
0.173417 50
0.000038 44
0.000065 51
16.841320 174
1.148641 84
0.478324 78
0.487015 88
0.872892 48
0.048515 60
0.069895 567
0.000754 42
1.134502 69
4.424727 49
0.000270 76
1.904230 54
0.791727 50
0.417616 92
0.005913 92
1.571531 34
0.056708 34
0.119971 34
0.030594 92
23.915802 39
0.094006 39
0.609722 39
0.004378 92
1.132229 39
0.050823 39
0.050100 39
0.009572 92
1.240851 39
0.751852 39
0.157681 39
0.004861 92
8.389356 39
0.459791 39
4.510327 39
0.008103 92
10.822759 39
0.833734 39
0.275688 39
0.005040 92
0.319555 39
0.019711 39
0.013156 39
0.005660 92
0.654985 39
0.015390 39
0.011745 39
0.005169 92
0.412112 39
0.027870 39
0.005571 39
0.006675 92
5.621293 39
0.107958 39
0.310258 39
0.083629 396
0.000500 162
0.120197 77
6.482769 1
0.106203 1
0.232227 1
0.067722 1
0.071981 1
0.135908 1
0.136026 1
0.163952 1
0.096062 1
0.200259 1
0.099970 1
0.151723 1
0.340202 1
0.156055 1
0.139912 1
0.056156 1
0.167943 1
0.091893 1
0.516089 1
0.680109 2
0.000011 9
3.100661 1161
0.042026 45
0.769942 1
0.375773 1
0.104164 1
0.119917 1
0.112267 1
0.935943 1
1.559908 4
1.216014 1
0.239845 1
0.120212 1
0.223781 1
0.255981 1
0.480262 1
0.367873 1
0.263775 1
0.408201 1
0.176017 1
0.351977 1
0.191691 1
0.280225 2
0.002848 56
0.001196 59
1.013331 59
1.001035 59
1.001337 59
1.008142 59
1.000458 59
1.000862 59
1.001169 59
0.999716 61
1.011136 62
1.019706 62
1.102438 62
1.008587 62
1.023898 62
1.023591 62
0.552735 2
0.000393 174
0.000217 45
0.615506 17
0.335880 1
0.207803 3
0.199985 4
0.200009 4
0.191929 5
0.324339 12
0.703972 29
0.352087 27
0.811949 27
0.687773 29
0.288064 27
0.223921 27
0.472100 27
0.536091 27
0.279840 27
0.488212 27
0.327739 27
0.183833 27
0.288084 27
0.176035 27
0.280517 27
0.135425 27
0.303960 2
0.001174 76
0.000514 61
1.032865 61
1.023165 61
1.023788 61
0.198640 2
0.000020 104
0.000068 51
0.000421 45
1.047664 2
0.000024 45
0.207767 47
0.176042 2
0.000047 45
4.559986 33
0.672032 33
0.568556 5
1.047953 5
0.375722 5
0.199737 5
0.280246 9
0.343976 5
0.619977 99
0.592048 1
0.291821 1
0.192566 1
3.279523 1
0.255984 1
0.103988 1
0.167441 1
0.512615 1
0.447983 1
0.567635 1
0.232425 1
0.295548 1
0.852409 1
0.351958 2
0.000466 55
0.003572 56
0.228109 2
0.000125 45
0.711543 2
0.000099 45
0.208008 47
0.279912 1
0.111883 1
0.071994 1
0.079877 1
0.184029 1
0.192191 1
0.156105 1
0.135813 1
0.220011 1
0.212112 1
0.120228 1
0.412222 4
0.171524 4
0.276207 1
0.231720 1
0.112188 1
0.116106 6
0.731978 2
0.003720 381
0.157333 61
1.023270 61
0.375569 2
0.011540 2
0.000187 45
1.332323 8
0.004532 77
0.539054 19
1.391936 4
0.079725 1
0.256220 2
0.000020 9
2.863136 68
0.000116 1093
0.038189 45
0.555072 1
0.111609 1
0.151930 1
0.128396 1
0.191723 1
0.152175 1
0.263893 1
0.536061 4
0.319886 1
0.248200 2
0.039441 16
0.768640 2
0.000096 16
0.187496 2
0.000031 16
0.192186 2
0.000037 16
1.184197 1
0.263526 1
0.112058 1
0.560546 1
0.185549 4
0.742345 1
0.303815 1
0.015585 1
0.448445 4
0.264193 1
1.319846 1
0.128133 1
0.129552 4
1.241997 1
0.320353 2
0.075224 153
2.124663 2
0.199766 2
0.183935 2
1.662400 77
0.002666 75
2.087305 2
0.191796 2
0.176062 2
3.991758 2
0.000008 2
0.000165 79
0.016359 16
0.963695 18
0.176010 2
0.000092 16
0.159580 2
0.000021 16
0.175941 17
0.728398 4
0.352016 1
0.023930 1
0.448173 4
0.280053 2
0.055338 153
0.010341 75
0.968959 172
1.016680 172
1.023543 85
0.000040 87
0.857216 2
0.000023 2
0.000171 79
0.032517 16
1.055186 2
0.000039 16
0.187867 2
0.000066 16
0.299681 1
0.160113 1
1.104212 1
0.239613 1
0.096221 1
0.087738 1
0.280373 1
0.247678 1
0.232175 1
0.207974 1
0.095868 1
0.096050 1
0.199802 1
2.212641 1
0.187684 1
0.091889 1
0.084038 1
0.156085 1
0.103953 1
0.424150 1
0.523959 2
0.000025 16
3.104221 8
0.001390 45
2.886454 8
0.006361 77
1.025066 1
0.120076 1
0.308425 1
0.071566 1
0.064232 1
0.175627 1
0.159869 1
0.176208 1
0.239824 1
0.136114 1
0.456119 1
0.392002 1
0.071709 1
0.135994 1
0.512194 1
0.267899 1
0.219924 1
0.152170 1
0.323836 2
0.000009 9
3.789423 270
0.000071 270
0.786267 48
1.477927 61
0.710348 270
0.815010 48
1.215487 61
0.656032 270
0.000116 270
0.000065 270
0.849295 48
1.555306 61
0.470682 77
1.546725 11
0.000010 6
