0.708496 77
2.337647 1
0.080200 1
0.299817 1
0.107938 1
0.095998 1
0.479909 1
0.104090 1
0.135983 1
0.183809 1
0.203989 1
0.068124 1
0.103881 1
0.135981 1
0.136453 1
0.231708 11
1.764643 414
0.018822 77
3.012645 1
0.419835 1
0.236069 1
0.307948 1
0.388125 1
0.263830 1
0.241720 10
0.462244 2
0.000024 9
0.171041 1025
0.000048 1029
0.000071 1026
0.000138 1025
0.000033 1028
0.000129 1027
0.000078 1024
0.000078 1024
0.000063 1024
0.000070 1024
0.000084 1024
0.000088 1028
0.000082 1027
0.000075 1024
0.000103 1029
0.000082 1026
0.000097 1030
0.000156 728
1.195990 4
0.000032 311
0.000090 1026
0.000133 1029
0.000049 1027
0.000102 1030
0.000007 592
0.000030 17
0.815787 19
0.002573 77
2.317376 1
0.095472 1
0.223897 1
0.120525 1
0.047437 1
0.312394 1
0.112101 1
0.191534 1
0.071923 1
0.272108 1
0.400179 2
0.000008 9
1.725680 72
0.000445 75
0.000475 75
0.000480 73
0.222769 282
0.036381 58
1.819311 12
0.000058 21
0.805557 12
0.000052 21
0.605017 12
0.000043 21
1.208903 12
0.000034 21
2.678537 12
0.093286 68
0.176314 282
0.000266 87
0.692514 87
0.438498 75
0.248075 80
0.000137 40
0.000110 43
0.000108 45
0.100062 45
0.075623 63
0.408968 39
0.336481 85
0.277693 53
0.000089 47
0.000073 54
15.997075 183
1.646694 90
0.559418 81
0.609427 91
0.914644 51
0.052163 63
0.170956 503
0.000718 45
1.503310 72
3.851139 97
2.076551 57
0.963660 53
0.429236 92
0.006092 92
1.057053 37
0.009197 92
14.756480 42
0.003603 92
33.311083 42
0.006174 92
0.769501 42
0.006520 92
0.615145 42
0.003373 92
0.323454 42
0.003992 92
0.317119 42
0.003843 92
0.642017 42
0.003190 92
1.179774 42
0.003245 92
0.365621 37
0.004793 92
0.230182 42
0.003630 92
0.347139 42
0.006292 92
21.521225 42
0.004700 92
0.477476 42
0.003814 92
0.337784 42
0.003015 92
0.416947 42
0.023007 246
0.329430 294
0.059232 61
1.746855 12
0.000035 21
0.805430 12
0.000033 21
0.804835 12
0.000184 21
1.207615 12
0.000062 21
2.239147 12
0.091275 71
0.209158 294
0.000868 90
0.704583 93
0.448285 83
0.105051 78
0.256727 83
0.000164 43
0.000163 46
0.000143 46
0.000206 46
0.000138 46
0.000137 46
0.000236 46
0.000149 48
0.130408 48
0.089477 66
0.271029 42
0.281088 88
0.203337 56
0.000036 50
0.000057 57
16.003215 192
1.407075 96
0.528400 84
0.564014 94
1.304714 54
0.049229 66
0.179662 524
0.000601 48
1.671388 75
6.992682 100
2.127004 60
1.194713 56
0.382466 92
0.006543 92
1.116168 40
0.021822 92
17.369969 45
0.003988 92
34.009161 45
0.007398 92
0.363585 45
0.007501 92
0.337627 45
0.004430 92
0.225042 45
0.004030 92
0.261300 45
0.005113 92
0.212056 45
0.005092 92
1.156063 45
0.004858 92
2.385895 45
0.007329 92
0.385764 40
0.005922 92
1.005035 45
0.004560 92
0.425729 45
0.014780 92
0.000344 162
0.265589 61
1.818502 12
0.000114 21
0.803845 12
0.000046 21
0.804204 12
0.000069 21
1.373139 12
0.000104 21
0.218324 12
0.089338 71
0.164080 90
0.640346 93
0.571729 83
0.110763 78
0.270970 83
0.000253 43
0.000367 46
0.000227 48
0.095518 48
0.081894 66
0.261965 42
0.272273 88
0.171298 56
0.000031 50
0.000062 57
15.947521 192
1.898518 96
0.474608 84
0.525441 94
0.984854 54
0.036324 66
0.162306 524
0.000487 48
1.564022 75
3.666723 100
1.936240 60
1.281871 56
0.404431 92
0.004153 92
1.023425 40
0.009185 92
23.238360 45
0.004226 92
23.901156 45
0.006116 92
0.388420 45
0.003613 92
0.232945 45
0.003718 92
0.955129 45
0.003853 92
1.331070 45
0.007184 92
25.103725 45
0.003316 92
0.443193 45
0.012079 92
0.000492 162
0.295977 59
2.028125 12
0.000060 21
0.804530 12
0.000053 21
0.804221 12
0.000047 21
1.408082 12
0.000619 21
1.871176 12
0.110868 69
0.169387 88
0.666938 89
0.644665 81
0.100193 76
0.220234 81
0.000186 41
0.000294 46
0.085050 46
0.080885 64
0.285134 40
0.281230 86
0.179564 54
0.000117 48
0.000049 55
15.856585 186
1.754677 92
0.592366 82
0.608724 92
1.009864 52
0.027735 64
0.156625 510
0.000693 46
1.456888 73
3.084726 98
1.999185 58
1.435862 54
0.411349 92
0.006674 92
1.087288 38
0.017956 92
13.809706 43
0.004783 92
35.187455 43
0.006537 92
0.810157 43
0.006754 92
0.716621 43
0.005943 92
0.358010 43
0.006957 92
0.257214 43
0.012983 246
0.117424 77
28.307518 34
0.721965 52
0.000010 9
2.492741 53
0.030249 27
15.399099 1
0.087746 1
0.352253 1
0.071831 1
0.088112 1
0.504127 3
0.167969 3
0.151896 3
0.160155 3
0.167890 3
0.160044 1
0.231971 1
0.207872 1
0.160057 1
0.199927 1
1.312208 1
0.255809 1
0.128122 1
0.207862 1
0.152182 1
0.936254 1
0.248043 1
0.303965 1
1.367946 1
0.287869 1
0.223751 1
0.248211 1
0.167986 1
1.089585 2
7.798723 31
2.711695 1
0.087795 1
0.616295 1
0.063678 1
0.128271 7
1.304216 1
0.111692 1
0.135828 1
0.152217 1
0.600068 1
0.751948 1
0.308119 1
0.267716 1
0.636211 1
0.179726 1
0.023763 1
0.208320 1
0.368318 3
0.203706 3
0.199866 3
0.388185 1
0.207866 1
0.152000 1
0.164167 1
0.808157 1
0.959891 1
0.255819 1
0.175964 1
0.184114 1
0.456246 1
0.439873 1
0.080048 1
0.207812 1
0.183828 1
0.232136 1
0.256071 1
0.096159 1
0.184064 1
0.175575 1
0.248397 1
1.159753 3
0.424623 2
0.045002 66
0.341447 329
0.019370 66
0.322291 322
0.018801 66
0.322286 324
0.000771 27
0.905775 29
0.191635 29
0.175971 29
0.592349 29
0.215722 29
0.167843 29
0.664317 39
0.199938 89
0.624360 2
0.037380 292
1.074170 1
0.096034 1
0.071751 1
0.160050 2
0.002350 81
0.195423 53
0.027048 24
0.760506 2
0.000052 24
0.207314 26
0.167755 26
0.184112 26
2.824690 8
0.002800 65
1.740385 29
0.207716 29
0.176273 29
0.175904 29
0.663931 17
0.223796 56
0.944280 3
0.500477 3
0.030327 3
0.030273 3
0.030403 3
0.029921 3
0.029828 3
0.030053 3
0.029492 3
0.030947 3
0.030502 3
0.029618 3
0.105814 3
0.176145 3
0.664237 1
0.215907 1
0.159779 1
0.168130 1
0.344185 1
1.015914 1
0.055681 1
0.191841 1
0.196240 1
0.416282 1
0.664615 1
0.487425 1
0.151708 1
0.167898 1
0.792830 2
0.028700 66
0.339861 114
0.006126 210
0.029282 66
0.344647 146
0.006119 176
0.026869 66
0.346006 114
0.006668 215
0.000945 27
0.520348 29
0.220091 29
0.151920 29
0.160057 29
0.155832 29
0.207943 39
0.192088 89
0.704492 2
4.755358 2
0.000413 29
1.183654 8
0.002725 77
0.604829 11
0.000058 8
0.000007 69
0.175758 11
0.000059 8
0.000018 69
0.168079 11
0.000060 8
0.000016 69
0.159672 11
0.000053 8
0.000007 69
0.192077 25
3.344308 4
0.499703 4
0.029902 4
0.030444 4
0.030108 4
0.031019 4
0.030459 4
0.029969 4
0.030445 4
0.029204 4
0.154581 4
0.191952 4
0.172043 4
0.420006 1
0.071791 1
0.136179 1
0.167866 1
0.471984 1
0.215909 1
0.088508 1
0.135617 1
0.175978 1
0.119999 1
2.168560 1
0.623830 2
0.000028 9
2.365078 53
0.027906 25
0.567856 27
0.207311 27
0.167991 27
0.159817 27
0.296114 1
0.159851 1
0.095895 1
0.160339 1
0.167990 1
0.151914 1
0.167776 1
0.096254 1
0.087859 1
0.031977 1
0.272118 1
0.208177 1
0.087861 1
0.136165 1
0.199960 1
0.712232 1
0.504047 1
0.512051 3
0.183822 3
0.607982 1
0.071987 1
0.191748 1
0.063971 1
0.776651 2
0.015420 4095
0.000017 919
4.868406 8
0.003677 8
0.000008 69
2.579578 11
0.000010 6
