0.691488 77
0.485683 1
0.079347 1
0.240180 1
0.088163 1
0.071419 1
0.103803 1
0.168123 1
0.080392 1
0.232288 1
0.175170 1
0.072231 1
0.111716 1
0.096056 1
0.151936 1
0.152215 2
0.000016 9
3.233854 570
0.016339 77
1.269967 1
0.071724 1
0.263918 1
0.104660 1
0.023580 1
0.240200 1
0.136142 1
0.191445 1
0.752283 1
0.015654 1
0.504727 4
0.223753 1
0.488008 2
0.000011 9
3.214475 72
0.000480 75
0.000441 75
0.000470 73
0.000434 73
0.000463 73
0.000424 73
0.445871 66
2.144620 12
0.000034 21
2.412260 33
1.607753 12
0.000014 21
0.804231 12
0.000061 21
2.010638 12
0.000034 21
4.062938 12
0.089472 68
0.167068 94
0.692169 85
0.399016 75
0.225906 80
0.000237 40
0.000182 43
0.000179 43
0.000171 45
0.082948 45
0.079287 63
0.420539 65
1.397319 39
0.341589 85
0.242961 53
0.000058 47
0.000070 54
107.410908 183
2.042602 90
0.644708 81
0.658629 91
1.017736 51
0.032372 63
0.068848 594
0.000751 45
1.740353 72
3.771343 55
0.715771 48
0.339439 69
2.133745 12
0.000030 21
2.612971 12
0.000052 21
1.606568 12
0.000112 21
0.603231 12
0.000043 21
2.010160 12
0.000026 21
2.062296 12
0.100359 71
0.156142 97
0.646355 93
0.439678 83
0.074440 78
0.217914 83
0.000224 43
0.000215 46
0.000208 46
0.000209 46
0.000202 48
0.084152 48
0.109874 66
0.318334 68
1.410663 42
0.315050 88
0.175710 56
0.000056 50
0.000047 57
107.450181 192
1.917344 96
0.614316 84
0.664360 94
1.199499 54
0.057319 66
0.077470 621
0.000637 48
1.729815 75
4.208762 58
0.680816 51
0.381583 69
2.337794 12
0.000035 21
2.611144 12
0.000014 21
1.808574 12
0.000070 21
0.803966 12
0.000063 21
2.010183 12
0.000009 21
2.001166 12
0.091087 71
0.161179 97
0.673342 93
0.528397 83
0.059552 78
0.216086 83
0.000198 43
0.000654 46
0.000199 46
0.000181 46
0.000181 46
0.000184 46
0.000176 48
0.093000 48
0.099300 66
0.302509 68
1.383424 42
0.424609 88
0.184005 56
0.000044 50
0.000097 57
107.391021 192
1.886090 96
0.649385 84
0.690705 94
1.207447 54
0.033289 66
0.083485 621
0.000719 48
1.897960 75
4.343071 58
0.718938 51
0.383932 67
2.123808 33
2.610484 33
1.606782 12
0.000011 21
0.804056 12
0.000033 21
1.809464 12
0.000034 21
2.051217 12
0.087003 69
0.181645 95
0.598498 89
0.616533 81
0.086769 76
0.203238 81
0.000243 41
0.000217 44
0.000229 46
0.092426 46
0.092279 64
0.245335 66
1.283667 40
0.377444 86
0.169925 54
0.000038 48
0.000060 55
107.308394 186
2.183214 92
0.671180 82
0.685178 92
0.990059 52
0.032004 64
0.073559 603
0.000473 46
1.663406 73
3.499622 56
0.665451 49
0.359708 67
2.338524 12
0.000051 21
2.816168 12
0.000037 21
1.809236 12
0.000027 21
0.804034 12
0.000051 21
2.617060 12
0.000038 21
0.200870 12
0.000040 21
0.748181 12
0.088293 69
0.158207 95
0.622358 89
0.718287 81
0.060722 76
0.208592 81
0.000234 41
0.000215 44
0.000205 46
0.080206 46
0.081550 64
0.282835 66
1.387447 40
0.370760 86
0.180577 54
0.000129 48
0.000056 55
107.423358 186
1.895102 92
0.685389 82
0.653473 92
1.183728 52
0.057092 64
0.081682 603
0.002557 46
1.706172 73
3.445184 56
0.662729 49
0.362751 65
9.366954 12
0.000038 21
1.905830 12
0.102758 69
0.166198 99
0.355105 522
0.708146 89
0.821076 81
0.372014 76
0.221104 81
0.000199 41
0.000176 44
0.000259 46
0.073443 46
0.083576 64
0.232050 66
1.260988 40
0.298917 86
0.170434 54
0.000089 48
0.000114 55
16.686135 186
1.717662 92
0.463373 82
0.502125 92
1.462074 52
0.056359 64
0.066118 603
0.000627 46
1.169156 73
3.577270 53
0.000320 80
2.013256 56
0.520053 49
0.309496 65
10.176335 12
0.000166 21
0.497205 12
0.089555 69
0.173586 99
0.778905 89
0.935785 81
0.393307 76
0.207251 81
0.000212 41
0.000195 44
0.000724 46
0.085099 46
0.081545 64
0.265210 66
1.282918 40
0.317519 86
0.200041 54
0.000128 48
0.000115 55
17.448712 186
1.942932 92
0.473656 82
0.497014 92
1.439234 52
0.033653 64
0.066253 603
0.000552 46
1.183994 73
3.706029 53
0.000359 80
1.994178 58
0.923155 54
0.461739 92
0.008859 92
1.676380 37
0.009520 38
0.010631 38
0.091409 40
0.045188 40
1.216570 38
0.016658 38
0.058045 92
141.198221 42
0.008501 44
0.007189 44
52.503469 45
22.235705 43
88.309460 43
1.372168 45
0.004520 92
0.024066 43
0.008388 46
0.010893 46
0.009558 44
0.010932 44
22.487552 43
7.373431 43
0.009311 92
0.047956 46
0.015922 44
0.015475 44
0.015860 44
0.008193 44
1.084503 42
0.007698 45
0.005075 92
0.041590 68
0.002051 68
0.004392 66
0.002230 66
0.005270 66
0.001654 66
0.009085 46
0.010969 44
0.000776 44
0.007255 66
0.001646 66
0.001970 44
0.005783 66
0.001814 66
0.001757 44
0.610464 63
0.022939 66
0.669696 66
0.003162 63
0.007161 92
0.041881 46
0.010553 44
0.012935 44
0.000312 44
0.010865 44
105.093433 45
11.642231 42
0.006961 92
0.016229 43
0.014277 46
0.024707 46
0.026110 44
0.008940 44
1.258266 43
0.012236 43
0.009953 92
0.018252 43
0.015522 46
0.014025 46
0.038179 44
0.009768 44
0.928495 43
0.004563 43
0.004269 92
0.023923 43
0.009339 46
0.012912 46
0.011788 44
0.009053 44
1.349025 43
0.041230 43
0.005049 92
0.014010 43
0.021128 46
0.008294 46
0.011437 44
0.010270 44
3.443610 43
0.275016 43
0.146299 255
0.000574 988
0.140181 56
0.877019 49
0.306269 8
0.000007 69
10.160072 11
0.000100 8
0.000022 69
0.202312 11
0.000088 8
0.000018 69
0.147678 11
0.000095 8
0.000018 69
0.155804 1
0.084114 1
0.260153 1
0.092175 1
0.080045 1
0.171861 1
0.124072 1
0.124037 1
0.239740 1
0.608302 1
0.095917 1
0.147936 1
0.219908 1
0.199897 1
0.432161 2
0.000008 9
10.079797 542
0.022392 77
2.857812 1
0.071820 1
0.239850 1
0.088099 1
0.080187 1
0.199988 1
0.135951 1
0.135944 1
0.160081 1
0.175898 1
0.095995 1
0.216073 1
0.728184 1
0.159997 1
0.287932 1
1.224036 4
0.191955 4
0.183948 4
0.368107 1
0.079843 1
0.304101 1
0.128032 1
0.592122 1
0.239942 1
0.247921 1
0.284218 1
0.195965 1
0.151854 1
0.616103 1
1.656069 2
0.000011 9
3.112472 57
0.048985 25
0.870961 1
0.095798 1
0.247788 1
0.232305 1
0.255859 2
0.014453 188
0.000063 1333
0.000612 25
3.837125 27
0.239928 2
0.000008 25
0.200013 2
0.000076 25
0.207900 2
0.000146 25
0.199810 2
0.000038 25
1.599902 1
1.224327 1
0.087857 1
0.167993 1
0.231990 1
0.600320 1
0.415840 1
0.440079 1
0.696045 1
0.127573 1
0.480207 1
0.432366 1
0.359936 1
0.496078 1
0.279968 1
0.647934 1
0.440006 1
0.400411 2
0.007325 56
0.000551 61
1.043258 61
1.023970 61
1.023956 61
1.023902 61
0.148285 2
0.000144 155
0.000724 25
4.135252 8
0.003642 8
0.000014 69
1.851872 23
0.703957 4
0.415836 1
1.656019 2
0.000019 9
3.337529 1064
0.056948 49
1.814231 1
0.071737 1
0.251892 1
0.352232 1
0.187934 2
0.005332 236
0.000066 1084
0.000005 371
0.000398 49
3.342400 1
1.367886 1
0.103827 1
0.127833 1
0.344378 1
0.463993 1
0.255788 1
0.384045 1
0.311949 1
0.175942 1
0.496084 1
1.512029 1
0.136121 1
0.311909 1
1.384039 1
0.311931 1
0.344040 1
0.472098 2
0.003777 56
0.001609 61
1.039053 61
1.012688 61
1.023696 61
1.055861 61
1.022894 61
1.032068 2
0.000007 108
0.000131 2
0.000049 49
0.000013 2
0.000373 49
1.255733 8
0.003316 8
0.000008 69
1.148152 11
0.000092 8
0.000019 69
0.287767 2
0.000006 9
0.000080 8
0.000019 69
0.255731 11
0.000082 8
0.000018 69
0.199885 2
0.000005 9
0.000079 8
0.000018 69
0.608686 1
0.095384 1
0.295788 1
0.096155 1
0.055934 1
0.336294 1
0.167773 1
0.372127 1
0.219869 1
0.208012 1
0.104035 1
0.199759 1
0.207968 1
0.112167 1
0.223779 1
0.144268 1
0.544220 1
0.255793 1
0.104398 1
0.103852 1
0.159561 1
0.120264 1
0.412074 2
0.000016 9
3.230120 57
0.048964 24
1.101424 2
0.000045 24
0.215698 2
0.000036 24
0.172230 2
0.000048 24
0.195774 2
0.000090 24
0.436036 1
0.067887 1
0.219836 1
0.340167 1
0.221064 2
0.015325 93
0.000207 941
0.000146 493
0.000286 24
1.579615 2
0.000187 24
0.283496 2
0.000244 24
0.215693 2
0.000133 24
0.215790 2
0.000039 24
5.920132 1
0.431846 1
0.128084 1
0.127934 1
0.176114 1
0.864007 1
0.439848 1
0.263898 1
0.360127 1
0.247661 1
0.640553 1
0.367976 1
0.295778 1
0.568135 1
0.655854 1
0.208023 1
0.247870 1
0.263926 1
1.232162 2
0.007251 58
0.000582 62
1.018454 62
1.019740 62
1.028583 62
1.020484 62
0.561672 2
0.000110 180
1.439355 2
0.000044 24
0.247995 2
0.000063 24
0.455864 8
0.003690 77
0.699567 22
0.871963 4
0.499178 4
0.030088 4
0.029663 4
0.030591 4
0.030249 4
0.132154 4
0.232183 4
0.199635 4
0.256185 4
0.320437 1
0.103610 1
0.319967 1
0.167989 1
0.103705 1
0.336558 1
0.119951 1
0.784261 1
0.295555 1
0.135968 1
0.080068 1
0.167961 1
0.160030 1
1.511995 2
0.000040 9
3.226304 57
0.050969 27
1.415186 1
0.183896 1
0.215807 1
0.224080 1
0.192695 2
0.012530 152
0.000031 1679
0.001205 27
1.825789 1
0.375977 1
0.055904 1
0.136054 1
0.144283 1
1.120076 1
0.304038 1
0.103865 1
0.232075 1
0.279788 1
0.592071 1
0.392012 1
0.303958 1
0.952146 1
0.295925 1
0.303951 1
0.191816 1
0.416467 1
0.376295 2
0.004763 58
0.000338 62
1.063510 62
1.023808 62
1.023997 62
0.699762 2
0.000148 156
0.000098 27
1.599276 1
0.055736 1
0.159945 1
0.336389 1
0.183935 1
0.328033 1
0.263913 1
0.648061 1
1.231785 1
0.120135 1
0.160455 1
0.239276 1
1.056228 1
0.359757 1
0.199702 1
0.152390 1
0.495958 1
0.456027 1
0.088066 1
0.143849 1
0.587975 1
1.084126 4
0.091903 1
0.540003 21
1.168265 5
0.143852 5
0.096064 5
0.208070 5
0.175964 5
0.460569 2
0.094751 27
1.256552 2
0.000248 27
0.211550 2
0.000212 27
0.183943 29
0.608499 1
0.059576 1
0.183867 1
0.220207 1
1.404208 2
0.002248 152
0.000018 261
0.000160 667
0.000071 21
0.000140 126
0.000121 178
0.000105 76
0.000133 50
0.000131 108
0.000164 56
0.000097 126
0.000566 27
15.068286 2
0.000093 27
0.223767 2
0.000065 27
0.256032 2
0.000107 27
0.151816 29
0.255859 4
0.384003 30
0.600125 48
0.671850 2
0.003229 58
0.000627 62
1.037323 62
1.023790 62
1.023728 62
1.024250 62
0.479039 2
0.000701 156
0.000338 27
0.887424 8
0.004893 8
0.000011 69
0.714016 25
2.152071 27
2.079913 11
3.141011 53
0.037833 24
0.501419 18
1.148998 2
0.001836 58
0.000387 62
1.010286 62
1.024113 62
1.024000 62
0.282465 2
0.000406 156
0.000272 24
0.711724 8
0.002253 77
2.764894 11
0.000020 6
