0.352778 124
1.191360 11
0.000201 124
0.208860 11
0.000170 124
0.334608 1
0.077685 1
0.200989 1
0.267344 1
0.279989 1
0.239681 1
0.214519 10
0.325128 11
0.007622 706
0.000741 124
14.255558 11
0.000264 124
0.183141 11
0.000142 124
0.461919 1
0.152263 1
0.310515 1
0.102667 1
0.032706 1
0.138015 1
0.121461 1
0.187366 1
0.077921 1
0.340528 1
0.590331 11
1.172875 65
0.000440 65
0.458908 51
1.730874 12
0.000084 21
0.807849 33
0.605888 12
0.000108 21
1.415671 12
0.000267 21
1.190543 12
0.073848 61
0.158762 80
0.573926 73
0.447809 68
0.251278 73
0.000296 33
0.000221 38
0.101635 38
0.092140 56
0.306272 58
0.130385 32
0.292317 78
0.216238 46
0.000045 40
0.000096 47
15.949784 162
1.909620 76
0.646279 74
0.703132 84
0.579668 44
0.031476 56
0.141720 454
0.000502 38
1.806151 65
3.852144 90
2.276600 50
0.838422 46
0.411272 92
0.007403 92
1.129966 30
0.010778 92
0.335090 35
0.004166 92
0.514630 35
0.004441 92
21.538471 35
0.003231 92
27.311738 35
0.002846 92
0.356686 35
0.004092 92
0.236118 35
0.004078 92
0.326458 30
0.004012 92
0.368192 35
0.003637 92
0.244037 90
0.220313 90
0.005190 92
0.315818 35
0.003671 92
0.230992 35
0.003596 92
0.227467 35
0.003527 92
1.462835 35
0.013164 246
0.247346 51
1.930628 12
0.000080 21
0.807160 12
0.000098 21
0.605063 12
0.000025 21
1.212465 12
0.000083 21
3.577688 12
0.075496 61
0.164335 80
0.616187 70
0.536070 73
0.082204 68
0.232874 73
0.000254 33
0.000204 38
0.084918 38
0.085200 56
0.223224 58
0.130668 32
0.248525 78
0.167692 46
0.000033 40
0.000556 47
15.976811 162
2.473245 76
0.609810 74
0.717605 84
1.058847 44
0.044415 56
0.152992 454
0.000401 38
1.784641 65
3.970680 90
2.424648 50
0.998529 46
0.403756 92
0.006705 92
1.159155 30
0.009681 92
0.334395 35
0.004230 92
0.585305 35
0.004754 92
19.202592 35
0.003180 92
0.341261 66
0.211939 76
0.211709 66
0.214802 76
0.214273 114
0.217362 61
0.213352 49
0.005715 92
0.345191 35
0.003398 92
0.305013 30
0.003854 92
0.226972 35
0.004079 92
1.540884 35
0.013788 246
0.097090 124
5.849224 11
0.000298 124
0.178934 11
0.000092 8
0.000034 116
0.154926 11
0.000192 124
0.152830 11
0.000072 8
0.000027 116
1.089752 1
0.118961 1
0.363269 1
0.094478 1
0.069991 1
0.444743 4
0.498072 4
0.030068 4
0.029811 4
0.029860 4
0.030172 1
0.029994 1
0.030314 1
0.145098 1
0.136386 1
0.539542 4
0.163694 4
0.505183 1
0.154550 1
0.176105 1
0.080491 1
0.233140 1
0.722968 1
0.185843 1
0.092458 1
0.149913 1
0.159131 1
0.515956 1
0.366165 1
0.286746 1
1.267310 1
0.425108 1
0.982734 4
0.309241 1
0.316736 1
0.552079 4
0.248761 1
1.100227 1
0.178225 1
0.500209 11
0.231097 434
0.056106 8192
0.000015 4095
0.000106 4095
0.000011 962
0.034566 124
2.070851 1
0.927251 18
0.495312 1
0.246357 1
0.089498 1
0.048504 1
0.169960 1
0.052786 1
0.068803 1
0.163137 1
0.095545 1
0.019610 1
0.274622 11
0.213091 340
0.060321 4095
0.000085 4095
0.000008 2478
0.033577 124
2.567223 11
0.000424 124
0.196908 11
0.000279 124
0.305302 1
0.078889 1
0.247975 1
0.108838 1
0.049120 1
0.208767 1
0.106450 1
0.548243 1
0.133847 1
0.202485 1
0.078149 1
0.267199 1
0.211369 1
0.247859 1
0.100629 1
0.737503 11
2.081345 53
0.029985 18
0.000098 25
0.385235 1
0.144834 1
0.117686 1
0.156154 1
0.230241 1
0.158112 1
0.276982 1
0.518272 2
0.074107 37
0.579890 1
0.068149 1
0.315399 1
0.151250 1
0.148852 1
0.112264 1
0.139236 1
0.606464 1
0.250823 1
0.231703 1
0.113325 1
0.729718 1
0.251324 1
1.298927 1
0.262800 1
0.243207 6
1.157615 1
0.116201 1
0.252039 2
0.354227 52
0.306848 1
0.178107 1
0.106419 2
0.009056 176
0.671218 1
0.096666 1
0.150625 1
0.217698 1
0.222949 1
0.104681 1
0.150404 1
0.066945 1
0.063294 3
1.285550 1
0.239489 1
0.953586 3
0.170787 3
0.612476 1
0.306737 1
0.152532 9
0.378925 2
0.003263 311
0.876166 1
0.087335 1
0.238681 1
0.190456 1
0.267039 1
0.168129 1
0.245218 5
0.954413 1
0.199264 1
0.268275 8
0.489636 2
0.003706 297
6.559727 52
0.239399 52
0.200295 52
0.442526 8
0.002806 35
0.407678 8
0.001416 124
0.703004 11
0.000088 124
0.262167 11
0.000075 124
0.204421 135
0.807380 1
0.188286 1
0.443859 1
0.207755 1
0.360914 1
0.144604 1
0.321861 1
0.075952 1
0.069925 1
0.175380 1
0.124588 1
0.150200 1
0.263679 1
0.260761 1
0.480286 1
1.174487 4
0.191574 4
0.189307 4
0.505508 1
0.090577 1
0.284363 1
0.482978 11
0.012553 80
0.000459 8
0.000087 116
2.001415 1
0.128991 1
0.248783 1
0.079214 1
0.053875 1
0.124506 1
0.117613 1
0.136575 1
1.222369 1
0.199816 1
0.114309 1
0.174391 1
0.248365 1
0.003514 1
0.379250 4
0.197595 4
0.095119 1
0.087820 1
0.241027 1
0.187744 11
2.051164 53
0.031379 18
0.000086 25
2.505293 1
0.158658 1
0.122966 1
0.210598 1
0.645672 1
0.223130 1
0.308035 1
0.268533 2
0.070653 37
0.813080 1
0.075695 1
0.268165 1
0.100263 1
0.122195 1
0.195732 1
0.885137 1
0.393562 3
0.289111 1
0.208786 1
0.245053 1
0.500524 1
1.355062 1
0.071474 1
1.852769 1
0.212444 1
0.288240 1
0.104723 1
0.155639 1
0.061549 1
0.048248 2
0.276718 1
0.139560 1
0.130519 1
0.038465 1
0.063969 7
0.879511 2
0.001451 29
0.566850 8
0.002749 35
0.222614 8
0.001531 124
1.181122 15
0.191818 38
0.496042 30
0.927198 11
2.022372 53
0.027117 43
0.351527 1
0.108504 1
0.115877 1
0.141285 1
0.157160 1
0.200935 1
0.275443 1
0.335938 2
0.073080 37
1.387605 1
0.084496 1
0.114593 1
0.186645 1
0.251242 1
0.246568 1
0.083155 1
0.274677 1
0.465208 1
1.075502 1
0.149517 1
0.121871 1
0.176806 1
0.745576 1
0.210956 1
0.238619 1
0.171398 1
0.191939 1
1.040333 1
0.540032 1
0.079961 4
0.567151 1
0.079884 9
0.476679 2
0.008354 4095
0.000474 1927
0.001056 4095
0.000174 1425
0.001391 4095
0.000025 1477
0.001209 4095
0.000249 1402
0.001223 1212
8.783308 43
0.916714 8
0.000983 124
2.255785 1
0.515541 1
0.348303 1
0.192548 1
0.124011 1
0.280081 1
0.338833 1
0.713291 1
0.115989 1
0.327687 1
0.302481 11
0.000334 124
0.451411 17
