0.633389 77
0.978889 11
0.000090 8
0.000018 69
0.207868 11
0.000076 8
0.000018 69
0.464511 1
0.119885 1
0.191681 1
0.183945 1
0.140524 1
0.471953 2
0.000008 9
0.004599 14
0.000031 71
0.000007 56
0.000006 56
0.000005 57
0.000328 8
0.000017 69
5.530627 1
0.079730 1
0.192177 1
0.296148 1
0.592417 1
0.271723 1
0.295886 10
1.073803 2
0.000010 9
0.084501 1025
0.000015 1029
0.000053 1026
0.000098 1025
0.000012 1028
0.000100 1027
0.000052 1024
0.000058 1024
0.000040 1024
0.000050 1024
0.000052 1024
0.000062 1028
0.000058 1027
0.000073 1025
0.000050 1028
0.000057 1026
0.000086 1025
0.000052 1024
0.000050 1024
0.000056 1024
0.000129 761
2.137080 4
0.000018 99
0.000136 1028
0.000108 1025
0.000098 1026
0.000030 281
0.000103 1026
0.000165 1025
0.000092 1024
0.000093 1024
0.000067 1025
0.000095 1028
0.000137 1026
0.000080 1026
0.000007 183
0.000113 1025
0.000101 1027
0.000128 1029
0.000194 797
1.165844 4
0.000132 1027
0.000066 823
0.000020 17
1.144032 19
0.002679 77
4.293438 1
0.131459 1
0.272067 1
0.088313 1
0.083497 1
0.111976 1
0.147902 1
0.112353 1
0.175758 1
0.220103 1
0.071830 1
0.111954 1
0.132016 1
0.123909 1
0.180211 2
0.000008 9
2.516951 570
0.017286 77
3.485801 1
0.136106 1
0.343932 1
0.095926 1
0.072421 1
0.175393 1
0.136299 1
0.168023 1
0.288128 1
0.279640 1
0.312407 11
2.472764 72
0.000400 75
0.000494 75
0.000399 75
0.000482 75
0.000431 75
0.000424 75
0.423774 282
0.044431 58
1.836615 12
0.000012 21
0.602806 12
0.000024 21
0.803533 12
0.000028 21
1.406288 12
0.000011 21
4.051307 12
0.094625 68
0.205569 282
0.000294 87
0.638973 87
0.460402 75
0.217799 80
0.000152 40
0.000129 43
0.000118 45
0.088681 45
0.070691 63
0.399852 39
0.264142 85
0.281106 53
0.000067 47
0.000100 54
15.926212 183
1.575395 90
0.578846 81
0.604801 91
1.036593 51
0.026796 63
0.153142 503
0.000611 45
1.497784 72
3.565017 97
1.874755 57
0.889697 53
0.374874 92
0.005816 92
0.935352 37
0.017506 92
13.160412 42
0.006326 92
32.809947 42
0.008121 92
0.766386 42
0.007018 92
0.643142 42
0.003802 92
0.355225 42
0.005269 92
0.342379 42
0.006802 92
0.620493 42
0.007212 92
1.217716 42
0.013132 246
0.297701 294
0.028444 61
1.825802 12
0.000009 21
0.804905 12
0.000011 21
0.603941 33
1.107266 33
3.362363 12
0.089176 71
0.159259 294
0.000481 90
0.711783 93
0.382158 83
0.092070 78
0.244358 83
0.000212 43
0.000173 46
0.000165 46
0.000183 46
0.000215 46
0.000144 46
0.000155 46
0.000231 48
0.088658 48
0.078720 66
0.253631 42
0.284570 88
0.184672 56
0.000082 50
0.000092 57
15.876857 192
1.487177 96
0.533098 84
0.593299 94
1.326754 54
0.025509 66
0.161291 524
0.000800 48
1.641803 75
6.754833 100
1.895945 60
1.074596 56
0.379033 92
0.005992 92
0.986058 40
0.012888 92
10.691557 45
0.003975 92
57.415341 45
0.004350 92
0.402857 45
0.006356 92
0.306709 45
0.008004 92
0.267970 45
0.007618 92
0.234389 45
0.004201 92
0.225879 45
0.004754 92
1.126516 45
0.007317 92
2.347691 45
0.027522 92
0.000624 162
0.299530 61
1.824260 12
0.000064 21
0.805509 12
0.000062 21
0.603476 12
0.000080 21
1.206486 12
0.000094 21
3.428762 12
0.076475 71
0.162281 90
0.607264 93
0.527232 83
0.093056 78
0.204875 83
0.000775 43
0.000247 46
0.000218 48
0.083619 48
0.075134 66
0.271498 42
0.265480 88
0.154300 56
0.000036 50
0.000046 57
15.877813 192
1.606743 96
0.494103 84
0.560409 94
1.309899 54
0.046556 66
0.173360 524
0.000703 48
1.494017 75
3.555991 100
1.924010 60
1.197881 56
0.409373 92
0.005359 92
0.991641 40
0.017635 92
15.497571 45
0.003614 92
23.480386 45
0.003128 92
0.350580 45
0.004216 92
0.214028 45
0.003877 92
0.817135 45
0.003494 92
1.267060 45
0.012041 92
0.000274 162
0.241590 294
0.054534 67
5.559602 12
0.000046 21
3.415791 12
0.077484 71
0.155473 294
0.000304 101
0.595730 93
0.643118 83
0.387739 78
0.230178 83
0.000211 43
0.000160 46
0.006222 46
0.000144 46
0.000111 46
0.000111 46
0.000105 48
0.080511 48
0.081332 66
0.239444 68
0.153076 42
0.264866 88
0.200134 56
0.000050 50
0.000062 57
17.285707 192
1.295109 96
0.459496 84
0.520473 94
1.242314 54
0.049152 66
0.065518 621
0.000665 48
1.231712 75
4.482251 55
0.000356 82
1.923220 60
1.509538 56
0.409568 92
0.005915 92
1.635184 40
0.024291 92
14.192871 45
0.008900 92
5.366764 45
0.009311 92
0.327867 45
0.004711 92
0.639247 45
0.004543 92
1.392839 45
0.016588 246
0.246161 67
5.653936 12
0.000044 21
2.715035 12
0.100015 71
0.171759 101
0.609297 93
0.710851 83
0.348910 78
0.210924 83
0.000277 43
0.000135 46
0.000138 48
0.085778 48
0.076575 66
0.262152 68
0.151988 42
0.283147 88
0.186047 56
0.000030 50
0.000045 57
16.507650 192
2.029724 96
0.439083 84
0.481579 94
1.357922 54
0.054054 66
0.065890 621
0.000382 48
1.163078 75
4.430550 55
0.000226 82
1.867613 60
1.612066 56
0.379017 92
0.005608 92
1.480460 40
0.013260 92
13.142049 45
0.003643 92
4.851920 45
0.004994 92
0.635541 45
0.004682 92
1.501188 45
0.015738 92
0.000379 162
0.260851 294
0.034254 70
0.915847 12
0.000049 21
0.602875 12
0.000097 21
0.402058 12
0.000276 21
2.619513 12
0.096621 71
0.185585 294
0.000364 105
0.701922 92
0.810271 83
0.371540 78
0.226843 83
0.000148 43
0.000123 46
0.000126 46
0.000126 46
0.000135 46
0.000890 48
0.091785 48
0.080683 66
0.249343 42
0.232479 88
0.171127 56
0.000049 50
0.000065 57
15.844365 192
4.180017 96
0.423267 84
0.460860 94
0.922234 54
0.039216 66
0.162387 628
0.000479 48
9.842063 75
1.474427 55
0.000334 82
1.830884 60
1.738596 56
0.385745 92
0.005904 92
0.976156 40
0.013896 92
6.287521 45
0.006797 92
3.680233 45
0.006366 92
0.332147 45
0.003291 92
0.325978 45
0.005822 92
0.328295 45
0.024647 92
0.000286 162
0.299066 70
0.725504 12
0.000059 21
0.201077 12
0.000045 21
0.201160 12
0.000058 21
0.201017 12
0.000059 21
0.804748 12
0.000056 21
2.856288 12
0.085040 71
0.164163 105
0.626084 93
0.878644 83
0.379613 78
0.233605 83
0.000146 43
0.000130 46
0.000118 48
0.082648 48
0.078348 66
0.239921 42
0.213253 88
0.162477 56
0.000054 50
0.000179 57
15.827799 192
4.469179 96
0.466951 84
0.471984 94
0.604994 54
0.036203 66
0.188571 628
0.000505 48
16.559347 75
1.565124 55
0.000240 82
1.920986 60
1.966832 56
0.432784 92
0.006089 92
1.105897 40
0.015186 92
5.580264 45
0.003063 92
4.690348 45
0.005690 92
0.329285 45
0.005464 92
0.314999 45
0.017069 92
0.000500 162
0.072296 10
0.000319 315
0.000041 10
0.000183 315
0.035386 77
4.448352 11
0.000062 8
0.000017 69
0.223622 11
0.000057 8
0.000015 69
0.175650 11
0.000055 8
0.000015 69
0.176064 11
0.000055 8
0.000015 69
0.175892 11
0.000055 8
0.000016 69
0.152245 11
0.000057 8
0.000014 69
0.647907 1
0.095815 1
0.328003 1
0.079872 1
0.088211 1
0.231763 1
0.040064 1
1.056152 1
0.255940 1
0.192316 1
0.087585 1
0.096177 1
0.167683 1
0.168178 1
0.311921 2
0.000007 9
8.030912 542
0.019804 8
0.000005 69
1.825640 11
0.000084 8
0.000016 69
0.215732 11
0.000046 8
0.000014 69
0.167882 11
0.000060 77
0.151799 11
0.000050 8
0.000007 69
0.800014 1
0.095972 1
0.391979 1
0.128038 1
0.079878 1
0.144167 1
0.159991 1
0.264095 1
0.240042 1
0.231656 1
0.088262 1
0.199947 1
0.303986 1
0.135952 1
0.168113 1
0.215912 1
0.039917 1
0.344425 1
0.263469 1
0.688304 1
0.247718 1
0.256058 1
0.296240 1
0.135925 1
0.119809 1
0.528101 2
0.000010 9
2.580896 53
0.029059 27
2.127642 29
0.262818 29
0.224141 29
0.183721 29
4.240181 1
0.063730 1
0.376254 1
0.199990 1
0.167913 1
0.440152 1
1.376075 1
0.088874 4
0.663055 1
0.680045 1
0.127889 1
0.103901 1
0.087917 1
0.152404 1
0.031629 1
0.191928 1
1.128786 2
0.003425 63
0.006124 57
0.002377 63
5.191890 35
0.005624 61
0.000425 93
0.000406 94
0.000461 96
0.000381 79
0.004838 48
0.465763 43
0.005028 47
0.005520 46
0.004986 43
0.005409 45
0.089172 46
0.100483 43
0.005747 45
0.094831 46
0.004962 39
0.281659 2
0.000481 29
1.451652 29
0.195870 29
0.187747 29
0.200015 29
0.192111 29
0.184115 29
1.112008 8
0.003172 77
1.668347 25
1.367990 4
0.499354 4
0.030262 4
0.029709 4
0.030397 4
0.029721 4
0.029797 4
0.030339 4
0.030017 4
0.029702 4
0.164790 4
0.207886 4
0.175829 4
0.688179 1
0.199721 1
0.208100 1
0.175858 1
0.120321 1
0.095983 1
0.992005 1
0.544037 1
0.271971 1
0.440110 1
0.319949 1
0.144061 1
0.119725 1
1.256381 2
0.000057 9
3.070619 112
0.000096 951
0.040730 51
2.464990 2
0.000183 51
0.215644 2
0.000163 51
0.175851 2
0.000172 51
0.167683 2
0.000155 51
0.087865 1
0.087888 1
0.320254 1
0.208137 1
0.159964 1
0.303747 1
0.241221 5
0.695170 1
0.704151 1
0.159525 1
0.088098 1
0.103644 1
0.104016 1
0.088214 1
0.151879 1
0.624264 2
0.001216 61
0.000765 2
0.008810 58
0.000010 2
0.005389 65
0.003231 63
0.029043 29
0.009340 11
0.008845 6
0.000988 93
0.000466 94
0.000670 67
0.018036 11
0.000278 13
0.001025 80
0.000275 13
0.000464 67
0.821559 43
0.000291 66
0.019672 59
0.108845 45
0.010302 46
0.010615 43
0.183356 43
0.444698 2
0.000375 2
0.000255 51
5.023196 8
0.005599 8
0.000015 69
0.869849 11
0.000063 8
0.000012 69
0.219905 11
0.000058 8
0.000013 69
0.187825 11
0.000055 8
0.000015 69
0.203707 2
0.000004 9
0.000055 8
0.000014 69
0.195888 2
0.000004 9
0.000056 8
0.000013 69
1.360226 1
0.127909 1
0.263939 1
0.072006 1
0.088098 1
0.223819 1
0.112249 1
0.167771 1
0.144019 1
0.199796 1
0.128254 1
0.191777 1
1.288424 1
0.504014 1
0.167696 1
0.488156 1
0.183948 1
0.063753 1
0.392229 1
0.591877 1
0.216026 1
0.256077 1
0.223921 1
0.104077 1
0.111786 1
0.576364 2
0.000016 9
2.571782 428
0.016351 59
1.380746 11
0.000182 59
0.199429 11
0.000247 8
0.000213 51
0.175562 11
0.000165 59
0.231869 1
0.071809 1
0.296363 1
0.167993 1
0.167897 1
0.247888 1
0.224440 5
0.607721 1
0.656062 1
0.143844 1
0.104243 1
0.095639 1
0.111971 1
0.072172 1
0.151851 1
1.568456 11
0.001999 61
0.002015 2
0.002891 58
0.001623 65
0.001615 63
0.048814 22
0.000086 7
0.006624 13
0.000009 4
0.000459 93
0.000334 94
0.000320 67
0.023285 11
0.004473 11
0.065748 7
0.000362 66
0.002053 4
0.197748 46
0.000256 77
0.004947 48
0.099209 43
0.005497 47
0.005371 46
0.004295 45
0.005220 45
0.533474 46
0.112225 41
0.111760 45
0.184803 46
0.100168 2
0.000556 10
0.000048 51
4.351807 70
0.191680 11
0.000070 8
0.000273 51
0.432041 11
0.000273 8
0.004663 77
1.809964 11
0.000018 6
