0.748844 162
2.844153 1
0.199794 1
0.475889 2
0.000010 9
0.004753 15
0.000023 127
0.000010 141
0.000008 58
0.000008 58
0.000007 139
0.000367 8
0.000019 154
2.710553 1
0.112305 1
0.315634 1
0.243962 1
0.347916 1
0.228346 1
0.248553 10
0.327440 2
0.000008 9
0.063204 1025
0.000049 1028
0.000113 1028
0.000118 1029
0.000087 1025
0.000149 1028
0.000073 1027
0.000403 627
0.001493 8
0.000009 154
1.558211 1
0.104005 1
0.359636 1
0.087901 1
0.088095 1
0.192139 1
0.096301 1
0.127457 1
0.112041 1
0.296766 1
1.311619 2
0.000009 9
1.384134 66
0.000941 68
0.487276 52
1.830748 12
0.000109 21
0.603990 12
0.000047 21
0.805503 12
0.000050 21
1.208502 12
0.000049 21
3.513075 12
0.080792 62
0.178404 81
0.642691 93
0.668892 69
0.077876 74
0.000121 34
0.000102 37
0.075037 39
0.109915 57
0.332554 59
0.086779 33
0.266375 79
0.253945 47
0.000088 41
0.000138 48
15.905326 165
1.300756 78
0.518176 75
0.607593 85
1.418181 45
0.057194 57
0.146668 461
0.000619 39
1.411568 66
3.016561 110
1.955329 51
0.847525 47
0.386350 92
0.005155 92
1.021298 31
0.016369 92
63.146269 36
0.024449 92
0.009782 92
0.622565 31
0.017851 92
0.707929 36
0.003766 92
0.439026 145
0.422539 151
0.008443 92
0.421815 36
0.005945 92
0.427884 36
0.005863 92
0.438748 36
0.005539 92
0.461101 36
0.005612 92
0.439542 36
0.005875 92
0.461594 36
0.005813 92
0.343172 36
0.005803 92
0.231872 36
0.005923 92
0.783359 36
0.020848 87
0.000530 215
0.000458 162
0.345421 54
1.841283 12
0.000040 21
0.805167 12
0.000037 21
0.602989 12
0.000050 21
1.207005 12
0.000022 21
3.766716 12
0.092807 64
0.184485 83
0.664351 97
0.718848 76
0.097585 71
0.082731 76
0.000210 36
0.000143 39
0.082630 41
0.098812 59
0.293191 61
0.087057 35
0.280807 81
0.163516 49
0.000037 43
0.000048 50
15.864119 171
1.954507 82
0.563929 77
0.609061 87
0.847567 47
0.028977 59
0.158229 475
0.000371 41
1.465897 68
2.976931 112
1.905473 53
1.036120 49
0.409720 92
0.005859 92
0.951050 33
0.016561 92
95.929128 38
0.011542 131
0.000473 92
0.004312 92
0.619609 33
0.011254 92
0.659951 38
0.005786 92
0.434381 38
0.006066 92
0.427447 38
0.003082 92
0.426225 38
0.020468 244
0.000489 10
0.109708 162
12.921851 11
0.000175 8
0.000027 154
0.239133 2
0.000007 9
0.000184 8
0.000033 154
0.191221 11
0.000128 8
0.000018 154
4.880142 1
0.127980 1
0.288177 1
0.103795 1
0.072019 1
0.391845 1
0.496124 4
0.304521 1
0.095765 1
0.215896 1
0.119826 1
0.240402 1
0.055571 1
0.144151 1
0.391798 1
0.516019 4
0.251962 1
0.160066 1
0.455971 2
0.000015 9
2.795986 302
0.019828 162
0.896315 1
0.119924 1
0.356019 1
0.027898 1
0.031868 1
0.232142 1
0.120107 1
0.168131 1
2.731977 1
0.143854 1
0.127923 1
0.112069 1
0.156065 1
0.119954 1
0.164205 1
0.311782 1
0.352019 1
0.191992 1
1.312209 4
0.559768 4
0.199996 4
0.544706 4
0.303300 6
0.351790 13
0.231918 13
0.080090 13
0.232455 13
0.239973 2
0.000008 9
2.131596 648
0.022938 21
0.000025 28
1.078174 43
0.207169 43
0.192026 43
0.688344 39
0.649209 2
0.011207 2
2.683682 1
0.111893 1
0.256107 1
0.247939 1
0.120279 1
0.095694 1
0.168238 1
1.000036 1
0.431898 1
0.112072 1
0.223902 1
1.368111 1
0.840067 1
0.327884 1
0.560158 1
1.567931 1
0.207959 1
0.344021 1
0.848074 1
0.152176 1
0.459727 4
1.816095 1
0.163949 1
0.159987 1
0.127769 1
0.248038 1
0.536031 1
1.384092 1
0.239855 1
0.176151 1
0.263853 1
0.360031 1
0.136627 1
0.199396 1
0.532253 4
4.991883 43
0.585117 4
1.703072 1
0.111612 1
0.264399 1
0.447395 3
0.280008 1
0.112117 1
0.416709 2
0.001612 27
1.957635 1
0.368596 1
0.271885 1
0.095722 1
0.447779 2
0.001361 41
0.446558 1
0.112037 1
0.159941 1
0.136060 1
0.144015 1
0.199942 1
0.296240 1
0.488841 2
0.063089 43
6.896364 40
1.159965 2
0.184322 35
0.935602 37
0.200006 37
0.248909 8
0.002128 41
0.484879 8
0.002403 8
0.000007 154
5.933132 18
0.159747 18
0.576365 14
0.367899 4
0.239973 4
0.144088 4
0.199793 4
0.187913 4
0.188098 4
0.372137 1
0.124183 1
0.179700 2
0.000031 9
1.026881 99
0.010225 162
1.327296 14
0.451933 1
0.135797 1
0.191782 2
0.000019 9
2.282908 53
0.032075 19
0.000084 26
1.687109 1
0.102454 1
0.143882 1
0.128303 1
0.223623 1
0.136812 1
0.311111 1
0.600493 3
0.191540 1
0.361495 2
0.058077 39
6.693014 40
0.543983 2
0.242705 381
0.024034 31
13.213197 18
0.656281 2
0.002433 561
1.656983 33
0.208071 33
0.168024 33
15.344180 33
0.616510 2
0.204515 512
0.001588 916
0.001622 562
0.001746 863
0.001665 1655
0.001697 896
0.001634 540
0.001768 799
0.001901 2177
0.010968 1050
9.850393 33
0.192640 33
0.175179 33
0.159955 33
0.304519 35
0.383851 2
0.002562 31
6.281225 18
0.512632 2
0.002358 571
3.165376 33
0.191208 33
0.175963 33
0.167997 33
0.151958 33
7.386379 8
0.003658 37
1.258330 8
0.003295 8
0.000021 154
0.428291 16
5.568375 4
0.391627 4
0.208531 4
0.191250 4
0.240120 1
0.216175 1
0.095787 1
0.143950 1
0.216035 1
0.120123 1
0.752075 2
0.000025 9
2.306499 648
0.031201 49
5.327115 39
0.636601 2
0.010926 2
3.651727 20
0.528471 2
0.000182 2
4.287816 13
0.431987 2
0.000142 2
4.975701 43
0.528071 2
0.000902 2
0.591236 1
0.112084 1
0.175759 1
0.175786 1
0.233335 2
0.010123 2
1.596653 1
0.344042 1
0.207831 1
0.680064 1
0.528039 2
0.002124 41
2.374467 43
0.191944 43
0.167524 43
3.655824 16
1.169003 2
0.008906 674
0.001442 41
8.960810 1
0.223712 1
0.064268 1
0.199581 1
0.088266 1
0.224204 1
0.111630 1
0.127910 1
0.136039 1
0.160118 1
0.056190 1
1.424794 2
0.083976 49
0.001856 162
29.239096 18
1.077864 11
2.185435 53
0.003299 595
0.028721 49
1.447995 31
1.784402 2
0.021420 709
0.001233 41
1.576717 8
0.002451 162
2.516384 18
1.663978 14
0.599738 11
2.207896 53
0.026029 45
0.631864 39
0.214804 39
0.208542 39
1.203275 1
0.332427 1
0.111757 1
0.160315 1
0.223495 1
0.232035 1
0.280430 1
0.536081 2
0.035467 39
14.184761 27
0.736869 2
0.011380 1095
1.798469 45
0.789708 8
0.001948 8
0.000023 154
1.972735 1
0.256061 1
0.295761 1
0.143917 1
0.504228 4
0.500460 4
0.030224 4
0.029399 4
0.030044 1
3.129873 11
0.000020 6
