0.800057 77
1.531122 1
0.575270 4
6.551996 1
0.103890 1
0.235935 1
0.084127 1
0.048027 1
0.896347 4
0.175654 4
0.176196 4
0.167801 4
0.183850 4
0.120534 1
0.095608 1
0.223784 1
0.207813 1
0.312847 1
0.255866 1
0.216957 10
0.563030 2
0.000010 9
0.090756 1025
0.000045 1030
0.000110 1029
0.000138 1026
0.000100 1026
0.000105 1025
0.000098 1027
0.000130 607
0.000017 421
0.000096 777
0.000014 252
0.000107 690
0.000014 339
0.000436 219
0.001706 8
0.000010 69
2.678184 11
0.000083 8
0.000019 69
0.211886 11
0.000087 8
0.000016 69
0.183282 11
0.000069 8
0.000016 69
0.176262 11
0.000079 8
0.000015 69
0.704283 1
0.135487 1
0.263938 1
0.112140 1
0.047723 1
0.152103 1
0.103889 1
0.152383 1
0.071920 1
0.304062 1
0.007531 1
0.496697 4
0.239761 2
0.000009 9
1.162568 69
0.402776 55
1.854960 12
0.000059 21
0.804743 12
0.000047 21
0.604182 12
0.000039 21
1.207906 12
0.000056 21
4.734413 12
0.083141 65
0.176793 84
0.728412 81
0.729115 72
0.080984 77
0.000112 37
0.077865 42
0.075401 62
0.000101 60
0.347652 62
0.078050 36
0.272638 82
0.275795 50
0.000094 44
0.000037 51
15.844475 174
2.425939 84
0.591658 78
0.599852 88
1.279483 48
0.038240 60
0.154801 482
0.000645 42
2.471505 94
1.942060 52
0.551171 45
0.252870 55
0.046968 53
0.944483 58
0.000076 55
0.000107 56
8.477538 48
0.002536 55
0.000096 83
0.389852 60
0.105228 26
0.000015 47
0.000084 26
0.000063 106
0.000075 105
0.000097 106
0.000082 37
0.000117 105
0.000128 26
0.000101 45
0.000110 106
0.000137 44
0.000091 26
0.000102 51
0.000140 46
0.000113 47
0.156341 86
0.000313 159
0.005422 90
0.004825 55
0.000086 108
0.000088 89
0.000080 95
0.000075 77
0.006225 51
0.000051 50
0.003124 52
0.000050 45
0.197371 105
0.068073 105
0.000116 26
0.000092 36
0.000247 54
0.000122 26
0.000043 35
0.099956 55
0.049368 68
12.995500 58
0.000083 52
0.000093 55
0.000087 56
2.801623 48
0.000069 55
0.000088 85
0.011182 129
0.196646 133
0.011032 130
0.000096 130
0.000099 111
0.000100 111
0.000149 107
0.000095 120
0.000093 120
0.000093 117
0.000094 55
0.000120 97
0.000118 98
0.000181 93
0.000102 96
0.000102 93
0.173560 60
0.090816 26
0.000082 47
0.000088 26
0.000139 106
0.000099 105
0.000130 106
0.000110 37
0.000111 105
0.000105 54
0.000186 105
0.000101 105
0.000102 105
0.000102 105
0.000103 105
0.000086 26
0.000147 45
0.000104 106
0.000097 68
0.000128 26
0.000113 51
0.000101 46
0.000096 47
1.225207 88
0.000234 159
1.190144 106
0.000117 101
0.000134 88
0.000410 55
0.000108 82
0.000193 89
0.000121 74
0.000101 75
0.011917 51
0.003731 50
0.031518 52
0.000105 45
0.627007 105
0.111116 105
0.035641 105
0.050726 105
0.067337 105
0.086359 105
0.004159 105
0.003610 105
0.003739 105
0.004265 105
0.003648 105
0.051572 105
0.000157 26
0.000069 36
0.000070 56
0.000069 26
0.000070 47
0.000073 68
0.000095 69
0.000252 64
0.000091 67
0.000087 64
0.000080 26
0.000082 35
0.049799 177
0.006521 85
0.000097 118
0.000083 106
0.000081 105
0.000122 116
0.000070 26
0.000084 113
0.000079 127
0.000093 131
0.000115 122
0.000115 121
0.000069 118
0.000100 102
0.000081 83
0.151880 231
0.018723 77
1.858186 1
0.568143 1
0.375969 1
0.039622 1
0.111397 1
0.152145 1
0.167887 1
0.200022 1
0.216251 1
0.223897 1
0.119929 1
0.352297 2
0.000009 9
2.256266 21
0.512802 1
0.126979 1
0.112337 1
0.176085 1
0.200001 1
0.167847 1
1.048022 1
0.257075 2
0.035040 18
3.419926 1
0.280018 1
0.079765 1
0.272045 1
0.088185 1
0.079940 1
0.207836 1
0.240055 1
0.152254 1
0.199595 1
0.640327 1
0.231874 1
0.063791 1
0.152432 1
0.160103 1
0.216509 1
0.439063 1
1.276569 1
0.275860 1
0.119741 1
0.071817 1
0.536416 1
0.240139 1
0.167543 1
0.183712 1
0.128017 1
0.249149 2
0.011556 233
4.431941 20
0.207570 20
0.207812 20
0.320506 1
0.143905 1
0.151727 1
0.063963 1
0.111969 1
0.231881 1
0.120572 1
0.151745 1
0.280889 2
0.005964 152
2.273096 1
0.144068 1
0.095594 1
0.352531 1
0.175984 1
0.136381 1
1.216312 51
0.200252 51
0.527147 1
0.343850 3
0.104264 1
0.160745 5
0.471477 2
0.002292 29
1.701987 20
0.207220 20
0.608610 1
0.767919 3
0.352018 1
0.080469 1
0.415261 1
0.200023 1
0.167599 1
0.112429 1
0.231618 1
0.111978 1
0.063896 1
0.207991 1
0.088451 1
0.183787 1
0.168426 1
0.183655 1
1.776208 1
0.343489 1
0.272090 1
0.128175 1
0.152038 1
0.432357 1
1.391667 1
0.175782 1
0.191841 1
1.528665 20
3.103560 1
0.263936 1
0.271937 1
0.576453 1
0.631920 1
0.103793 1
0.031730 1
0.216097 1
0.072043 1
0.087981 1
0.176056 1
0.252153 1
0.700349 1
0.087434 1
0.179629 1
0.220028 1
0.175989 1
0.468221 1
2.312170 1
0.367745 1
0.104317 1
0.111915 1
0.920295 1
0.143433 1
0.112046 1
0.095988 1
0.122345 1
0.958077 1
0.319700 1
0.367875 1
0.080121 1
0.095787 1
0.103958 1
0.120496 1
0.232651 2
0.084754 70
0.052986 44
6.691803 130
0.243697 55
0.010774 181
0.185525 111
0.010426 1233
0.010961 129
0.160364 36
0.092417 2182
1.439407 1
0.104323 2
0.004756 23
0.284256 181
0.002488 181
0.052055 181
0.018022 181
0.011950 181
0.049097 181
0.101930 181
0.013846 387
0.010934 26
0.018156 49
0.055725 1071
0.025278 890
0.010960 1068
0.010850 890
0.011237 1068
0.010898 1246
0.009441 1605
0.024971 1427
0.012944 1783
0.016689 1602
0.001064 181
0.016907 890
0.012099 890
0.010843 1958
0.003918 537
0.020246 1424
0.010070 1780
0.010883 1246
0.009044 1068
0.003323 356
0.001204 178
0.012348 356
0.011063 1068
0.010984 890
0.002248 178
0.011738 890
0.009797 537
0.017725 181
0.004472 181
0.003884 181
0.005170 181
0.003700 181
0.003509 181
0.004131 181
0.047956 454
0.022121 18
1.517219 20
0.207822 20
0.175580 20
0.200379 20
0.223706 20
1.936133 1
0.191915 1
0.063903 1
0.232227 1
0.063641 1
0.112546 1
0.199833 1
0.223734 1
0.103816 1
0.184305 1
1.800310 1
0.239807 1
0.064298 1
0.135698 1
0.104216 1
0.160296 1
0.263310 1
0.207947 1
0.120156 1
0.136052 1
0.056296 1
0.127898 1
0.200600 2
0.009613 1237
2.238107 20
0.247863 20
0.191895 20
0.913063 1
0.086932 1
0.155935 1
0.132186 1
0.759818 1
0.176140 1
0.107970 1
0.139569 1
0.212272 1
0.256037 1
0.256650 1
0.085243 1
0.718370 1
0.272618 1
0.543513 1
0.123693 1
0.159895 1
0.023898 1
0.101366 2
1.818921 1
0.431782 1
0.082140 1
1.758034 3
0.500896 3
0.029426 3
0.030418 3
0.028975 3
0.030444 3
0.219930 3
0.255838 3
0.255638 1
0.224321 1
0.098598 4
0.877424 1
0.175909 1
0.082255 8
1.782071 1
0.215466 1
0.367996 1
0.039773 1
0.144685 1
0.271583 1
0.280144 1
0.944016 1
0.375809 1
0.151894 1
0.072392 1
0.384088 2
0.002118 257
6.269598 20
0.167702 20
0.167927 20
2.032934 1
0.063504 1
0.335993 1
0.239720 1
1.048055 36
0.472459 3
0.191926 3
0.175924 3
0.183851 3
0.224171 18
0.607906 1
0.007701 4
0.800331 1
0.519734 22
0.392388 55
0.351987 3
0.251761 2
0.001710 720
2.206830 54
0.376054 1
0.375341 1
0.116004 1
0.972405 1
0.535950 3
0.503776 1
0.312064 1
0.447914 1
0.167644 1
0.176143 1
0.264123 1
0.608135 1
0.207802 1
1.136855 1
0.343759 2
0.131577 389
0.010166 18
2.514169 20
0.207882 20
0.167806 20
6.023979 26
0.544739 2
7.597838 18
3.369534 1
0.200053 1
0.095763 1
0.255969 1
0.063766 1
0.168040 1
0.264094 1
0.264319 1
0.119737 1
0.191945 1
1.168258 1
0.071742 1
0.223785 1
0.196413 1
0.059536 1
0.151989 1
0.196280 1
0.171934 1
0.183934 1
0.128265 1
0.128322 1
0.067596 1
0.107944 1
0.152641 2
0.041889 18
2.178467 23
0.259491 5
0.183737 8
0.452417 7
0.311746 15
0.175915 15
0.184259 15
0.175518 15
0.184119 15
0.184070 15
0.208089 15
0.136393 13
0.199336 13
0.080191 13
0.143553 13
0.072169 13
0.192049 13
0.184624 2
0.007806 1070
1.296270 1
0.191431 1
0.199790 1
0.168023 1
0.392444 1
0.399863 1
0.191884 1
0.080171 1
0.120046 1
0.047561 1
0.248331 1
0.199901 1
0.095815 1
0.160218 1
0.175662 1
1.040888 1
0.303604 1
0.175877 1
0.064045 1
0.232802 2
0.012284 5007
7.451295 20
0.319791 20
0.240068 20
0.208450 20
0.175373 20
7.056203 1
0.151773 1
0.167918 1
0.404351 1
0.267731 1
0.479921 1
0.247911 1
0.168275 1
0.199592 1
0.192694 1
1.183805 1
0.123823 1
0.220049 1
0.231623 1
0.135957 1
0.248524 1
0.095597 1
0.047850 1
0.175971 1
0.184285 1
0.463885 1
0.260099 1
0.367916 1
0.311873 1
0.576416 1
0.487877 1
0.119926 1
0.240830 1
0.143285 1
0.151779 1
0.160039 1
0.529003 2
0.017466 55
3.565873 31
0.223916 62
0.240405 41
0.559664 25
0.544148 45
0.815651 3
0.240047 1
0.320098 2
1.482421 18
1.213447 26
0.191665 50
1.257174 2
0.009323 56
0.726241 31
2.079894 55
0.439895 50
0.391957 62
0.608260 41
1.119758 25
0.592162 2
0.043237 153
0.001098 18
0.651679 23
0.192187 50
0.439534 55
0.832366 50
0.399619 62
0.600170 2
0.008495 82
0.799729 20
0.199424 20
0.176160 20
0.168233 20
0.159416 20
0.376266 20
0.184220 20
0.184230 20
0.183733 20
0.704247 1
0.159729 1
9.364565 3
0.215247 3
0.184042 1
9.128063 1
0.240015 1
0.871725 2
0.808329 2
0.191660 2
0.231995 2
0.167860 2
0.480708 2
1.120154 3
0.183366 3
0.160028 3
0.168021 3
0.176122 3
0.184334 3
6.184904 124
0.790928 20
1.359972 20
0.195844 20
0.180269 20
0.175703 20
0.184184 20
0.976001 2
0.096345 2
0.859682 3
0.171995 3
0.427506 1
0.068102 1
0.271979 1
0.108363 1
0.147985 1
0.095899 1
0.267970 1
0.039973 1
1.176349 1
0.231859 1
0.088086 1
0.391882 1
0.199994 1
0.608178 1
0.215775 1
0.312076 1
0.248063 1
0.319742 1
0.160091 1
0.352337 1
0.103568 1
0.096110 1
0.207873 1
0.207894 1
0.248016 1
0.176003 1
0.096305 1
0.167992 1
0.272189 2
0.001020 47
0.000146 18
0.582757 30
0.255684 3
0.151884 3
0.168010 3
0.183951 1
0.192361 1
0.111941 1
0.264220 2
0.001651 47
0.000278 18
1.510104 20
0.191961 20
0.175570 20
0.504111 1
0.096157 1
0.271894 1
0.175925 1
0.119985 1
0.112060 1
0.231976 1
0.120019 1
0.664316 1
0.223699 1
0.104154 1
0.119877 1
0.063993 1
0.176134 1
0.215817 1
0.240107 1
0.144005 1
0.208163 1
0.127802 1
0.247705 1
0.048224 1
0.071858 1
0.112024 1
0.168170 1
0.232227 1
0.111869 1
0.175863 1
0.103958 1
0.272332 2
0.190837 376
0.004862 18
6.308151 1
0.079889 1
0.216111 1
0.119851 1
0.176121 1
0.121175 4
1.470854 1
0.095576 1
0.136166 1
0.088249 1
0.159797 1
0.120024 1
0.176311 1
0.015575 1
0.140374 1
0.780078 3
0.187427 3
0.195984 3
0.560648 1
0.239698 1
0.095799 1
0.183857 1
0.248218 1
1.328130 1
0.151967 1
0.183951 1
0.095840 1
0.475568 1
0.660837 1
0.415859 1
0.088030 1
0.073419 1
0.618362 1
0.256182 1
0.331794 1
0.212056 1
3.256421 1
0.183932 1
0.280077 1
0.183700 1
1.112770 1
0.391691 1
0.151700 1
0.191756 1
1.185036 1
0.447845 1
0.215569 1
0.127928 1
1.440152 2
1.548289 18
0.572099 43
0.175704 71
0.696508 2
0.179287 400
4.003897 20
0.232228 20
0.207509 20
4.256638 28
0.191076 41
0.208443 71
0.175888 49
0.199691 6
0.408802 151
0.231613 189
0.663967 42
0.272914 50
0.615370 58
0.808338 2
0.054865 18
1.592712 23
0.199682 47
0.191996 41
0.400175 71
0.224239 49
0.247673 6
0.376207 151
0.504073 189
0.247645 42
0.456341 46
0.288409 2
0.010022 4095
0.000011 912
2.729807 20
0.207724 20
0.192209 20
1.919678 19
0.384451 42
0.799760 47
1.199902 41
1.688178 19
0.359518 8
0.200299 5
0.169847 3
0.365764 57
0.063959 55
4.000574 2
1.560262 18
2.391481 43
0.207929 86
0.591943 42
0.743989 47
0.856788 2
0.163068 376
0.002667 18
1.529994 20
0.231793 20
0.167929 20
0.311960 28
0.208141 41
0.367457 86
0.344286 42
1.840317 2
0.049089 153
0.000586 18
0.454243 23
0.183550 47
0.432275 41
0.391864 86
0.704854 2
0.009629 82
0.565799 20
0.192189 20
0.183919 20
0.183552 20
0.200310 20
0.196080 20
0.971984 1
0.263668 1
3.576878 91
0.723582 20
9.592386 20
0.207392 20
0.175956 20
6.224259 1
0.087405 1
0.048081 1
0.216203 1
0.440071 1
0.448051 1
0.183842 1
0.095939 1
0.055827 1
0.191848 1
1.104278 1
0.471767 1
0.705396 1
0.118617 1
0.568280 1
0.680327 1
0.183708 1
0.215907 1
0.078052 1
0.922472 1
0.219859 1
0.731982 1
0.223273 1
0.085084 4
0.507344 1
0.082471 9
2.877624 1
0.707957 3
0.252057 3
0.368122 2
0.001426 4236
2.267078 35
0.326771 1
0.176234 1
0.136326 1
2.719983 1
0.591772 1
0.136022 1
0.120310 1
0.088878 1
1.047584 1
0.351143 1
0.192896 1
1.695584 1
0.183911 1
0.152683 4
1.359671 1
0.367443 1
0.248094 1
0.456118 1
0.199727 1
0.088012 1
0.079883 1
1.048457 1
1.089271 2
0.169976 146
1.109012 1
0.183751 1
0.319729 2
0.002199 250
3.885694 1
0.111867 1
0.320383 1
0.239658 1
0.239934 1
0.103919 1
0.256383 1
0.047646 1
0.224045 1
1.040553 1
1.120193 1
0.191313 1
0.287979 1
0.167916 1
0.242615 5
1.022011 1
0.167923 1
0.327960 2
7.391974 18
11.300219 1
0.063684 1
1.560186 1
0.535806 1
0.183851 1
0.256092 1
0.216005 1
0.032142 1
0.752269 3
0.175547 3
1.064371 3
0.511871 3
1.968140 3
0.344723 1
0.255778 1
0.176524 4
0.678763 1
0.223645 1
0.280155 1
0.424239 1
0.312574 1
0.119193 1
0.255847 1
0.088351 1
0.079532 1
0.480276 1
0.224107 1
0.159915 1
0.160106 1
0.128059 1
0.063491 1
0.136312 1
0.273263 2
2.209236 46
3.141947 1
0.235697 1
0.240140 1
0.283759 1
0.087518 1
0.108401 1
0.436055 1
0.236031 1
0.120227 1
0.151758 1
0.191611 1
0.207910 1
0.100594 1
0.131761 1
0.208053 1
0.128144 1
0.151855 1
0.123925 1
0.140254 1
0.043972 1
0.107837 1
0.272252 2
0.042523 18
0.613602 21
0.199769 43
0.175969 32
0.216064 57
0.255748 60
0.432263 69
0.303998 112
0.551969 150
0.800240 2
0.009297 4095
0.000012 912
1.190954 20
0.207149 20
0.200622 20
0.207772 20
3.664156 1
0.224147 1
0.327585 1
0.215948 1
0.215793 1
0.120102 1
0.311965 1
0.071956 1
0.264260 1
0.856478 1
0.095867 1
0.231508 1
0.128150 1
0.199895 1
0.079903 1
0.056055 1
0.160008 1
0.304473 2
0.103767 120
7.203739 18
1.772129 17
0.215924 36
1.193469 2
0.009696 4095
0.000013 912
2.949512 19
0.411594 40
0.263435 36
0.684878 40
1.243382 5
0.207740 6
0.207999 10
0.384722 9
0.247666 6
0.311945 5
0.328161 23
0.116164 23
0.256646 2
0.074359 153
0.000898 18
0.615736 23
0.175971 46
0.696317 2
0.007521 82
1.392119 20
0.183745 20
0.176035 20
0.152021 20
4.652958 29
1.068719 8
0.001806 77
0.964500 11
0.000024 6
