0.682099 124
3.682778 11
0.000106 8
0.000021 116
0.191860 11
0.000105 8
0.000020 116
0.808075 1
0.047774 1
0.408227 1
0.080155 1
0.087646 1
0.199787 1
0.056214 1
0.135928 1
0.292143 1
0.571863 1
0.944139 4
0.500109 4
0.030012 4
0.029599 4
0.030439 4
0.030868 4
0.028770 4
0.030023 4
0.030559 4
0.029896 4
0.029558 1
0.030062 1
0.029841 1
0.029816 1
0.160446 1
0.075952 1
0.263799 1
0.288480 1
0.335537 1
0.240257 1
0.223831 10
0.399852 2
0.000017 9
0.152871 1025
0.000039 1028
0.000116 1027
0.000140 1026
0.000060 1027
0.000095 1025
0.000464 868
0.002363 124
4.323889 15
0.800024 18
0.624102 1
0.119980 1
0.255926 1
0.096150 1
0.079852 1
0.152016 1
0.104105 1
0.179990 1
0.071969 1
0.296016 1
0.327980 2
0.000008 9
1.379967 66
0.000424 66
0.449491 52
1.841745 12
0.000053 21
0.804464 12
0.000042 21
0.603340 12
0.000048 21
1.206329 12
0.000047 21
2.662679 12
0.087751 62
0.185213 81
0.736014 75
0.681631 69
0.084619 74
0.000357 34
0.000236 37
0.073636 39
0.073925 57
0.455557 59
0.161036 33
0.254619 79
0.284727 47
0.000137 41
0.000093 48
15.881546 165
1.606983 78
0.486466 75
0.550711 85
1.204112 45
0.041822 57
0.143094 461
0.000776 39
1.515735 66
3.085055 91
2.275652 52
1.829842 12
0.000072 21
0.804134 12
0.000053 21
0.603020 12
0.000055 21
1.406814 12
0.000059 21
2.076722 12
0.080621 62
0.171630 81
0.643483 75
0.616033 74
0.123693 69
0.084683 74
0.000275 34
0.000209 37
0.086800 39
0.089347 57
0.273186 59
0.156544 33
0.261823 79
0.178008 47
0.000096 41
0.000065 48
15.881246 165
1.636286 78
0.532084 75
0.616519 85
1.157640 45
0.029753 57
0.154424 461
0.000747 39
1.509733 66
3.098530 91
0.935518 2
0.259933 1
0.750362 126
0.093546 4
5.552331 1
0.119918 1
0.239945 1
0.095956 1
0.272081 2
0.000018 9
0.017335 168
0.000489 483
0.000092 77
0.000326 483
0.007333 8
0.641490 81
0.661010 1
0.103882 1
0.287841 1
0.080071 1
0.056283 1
0.184072 1
0.135791 1
1.880193 4
0.919953 1
0.280022 1
0.215976 1
0.191812 1
0.080125 1
0.215694 1
1.648546 1
0.303747 1
0.240054 1
0.211977 1
0.488076 2
0.000013 8
2.247783 18
3.917741 241
0.264137 21
0.440075 2
0.143263 39
0.022617 31
0.057491 46
0.002284 18
1.945184 1
0.195573 1
0.055783 1
0.160236 1
0.191882 1
0.136143 1
0.280338 1
0.312438 2
0.050934 15
0.557636 21
0.302775 2
0.085563 39
0.010926 31
0.049433 29
0.600858 100
0.058533 197
0.058794 197
0.031679 197
0.318131 197
0.225361 197
0.051427 197
0.261147 197
0.310056 197
0.310151 197
0.310081 197
0.309939 197
0.310059 197
0.207952 197
0.247365 197
0.313722 197
0.067783 197
4.489702 119
0.006358 68
0.564201 36
0.103178 25
0.000520 1085
0.909849 1
0.311298 2
0.000389 23
0.001378 42
0.273404 413
0.005314 66
0.004007 365
0.819722 1
0.175478 32
0.016417 62
0.071541 61
0.046133 63
0.003047 56
0.082565 189
0.009344 190
0.006355 190
0.003137 190
0.015024 190
0.000998 190
0.000994 190
0.010518 190
0.011048 190
0.000874 190
0.007891 190
0.008956 232
0.306509 232
0.161049 232
0.004543 232
0.160949 268
0.047639 15
1.121128 48
0.199353 48
0.192066 48
0.176508 48
0.143526 48
4.800409 1
0.439924 1
0.488051 25
0.287826 48
4.912414 32
0.400210 32
0.052668 302
0.315709 15
5.375011 1
0.383990 1
0.464434 67
0.304347 48
0.335339 48
0.195853 48
3.148951 163
0.447569 32
0.314385 60
4.021182 21
0.496204 32
0.460312 44
0.000977 15
9.326618 1
0.856006 3
0.279918 48
0.168135 48
0.167937 48
0.263873 1
0.336029 1
0.082044 1
0.174049 1
0.191727 1
0.159814 1
0.489508 34
0.132529 237
0.058206 48
0.672513 48
1.319832 34
1.719875 3
0.499843 3
0.030203 3
0.030882 3
0.030586 3
0.031245 3
0.029626 3
0.029703 3
0.029333 3
0.030206 3
0.030207 3
0.030403 3
0.029366 3
0.029992 3
0.029934 3
0.029899 3
0.030515 3
0.029430 3
0.030418 3
0.029605 3
0.031133 3
0.031090 3
0.029172 3
1.003356 44
0.000118 15
3.263700 26
0.464039 32
0.016297 167
0.223362 15
6.524498 9
0.399469 1
0.375863 1
0.135953 1
0.776589 1
0.127577 1
0.055680 1
0.104154 1
0.224253 1
3.408119 1
0.423738 1
0.792064 3
0.207757 1
0.536347 1
0.079998 1
0.704787 32
0.064227 455
4.671349 21
1.431638 42
4.872219 26
0.504496 32
0.002260 15
3.109269 39
0.439956 32
0.001610 15
3.022353 28
0.508322 32
0.001130 15
3.303453 129
0.535927 32
0.003016 15
3.076194 11
0.400500 32
0.003439 15
2.704127 11
0.476609 32
0.001463 160
6.124571 237
0.903592 2266
0.000473 200
0.682809 81
2.817781 1
0.079934 1
0.287774 1
0.144227 1
0.039969 1
0.224067 1
0.128398 1
0.271510 1
0.255970 1
0.200107 1
0.144045 1
0.839895 1
0.872004 1
0.319894 1
0.088199 1
0.259659 1
0.228010 2
0.000007 8
2.313382 18
1.467562 1
0.243725 1
0.088285 1
0.327882 1
0.255944 1
0.288008 1
0.348142 1
0.424780 2
0.035302 15
5.384143 21
0.456585 2
0.162115 39
0.020480 31
0.049952 29
1.015232 95
0.061807 197
0.076653 197
0.036724 197
0.337776 197
0.022417 197
0.195951 197
0.310037 197
0.310297 197
0.024665 197
0.290738 197
0.311105 197
0.310024 197
0.310860 197
0.310277 197
0.310313 197
0.310041 197
0.310189 197
0.310104 197
0.309987 197
0.310187 197
0.254547 197
4.322573 119
0.003252 68
0.496600 36
0.118003 25
0.000643 1143
1.713502 1
0.376042 33
0.000384 59
0.001375 78
0.264733 456
0.006105 102
0.004178 375
1.475161 1
0.095773 33
0.011569 63
0.076620 62
0.036245 64
0.004744 57
0.087306 189
0.008810 190
0.006418 190
0.003374 190
0.016302 190
0.002355 190
0.011141 190
0.011063 190
0.001493 190
0.008482 190
0.011122 190
0.002255 233
0.308376 233
0.159288 233
0.005445 233
0.151140 255
0.002125 47
0.053488 15
0.654746 1
0.590459 3
5.392256 32
0.508302 33
0.037531 303
0.327535 15
2.710960 26
0.592246 33
0.010294 511
0.006055 492
1.959339 49
0.195853 49
0.168037 49
0.183812 49
4.656491 103
0.463537 49
3.431974 23
0.479872 33
0.061232 15
1.018465 237
2.312675 34
0.431796 33
0.019975 15
0.980101 49
0.191759 49
0.191980 49
0.176172 49
2.664487 16
1.407491 33
0.005008 182
32.070828 16
0.248377 33
0.003177 166
0.000414 15
2.059956 1
0.199628 1
0.227973 1
0.064086 1
0.079825 1
0.192400 33
0.001563 2228
0.918995 49
0.167334 49
0.160137 49
0.159951 5
0.396011 11
0.812708 33
0.004268 182
13.884366 237
5.979035 619
0.392829 48
0.182653 48
0.160073 48
6.339999 1
0.056056 1
0.255882 1
0.376428 17
0.439679 53
4.096300 16
0.480717 32
0.001714 20
1.405635 609
0.504084 49
1.192210 49
1.943553 1
0.083748 1
0.232244 1
0.107927 1
0.347894 1
0.111994 1
0.074891 2
0.749442 1
0.312746 1
0.014792 1
0.305601 1
0.310417 3
0.151959 3
0.128152 1
0.114884 1
0.316946 3
0.120299 1
0.114683 5
0.349990 33
0.000199 20
0.519175 1
0.311826 1
0.231999 1
0.039842 1
0.088216 1
0.176573 33
0.004291 124
12.043400 1
0.247516 1
0.224126 1
0.096296 1
0.143776 1
0.191883 1
0.592281 1
0.103986 1
0.096047 1
0.583918 1
0.128018 1
0.127825 1
0.288170 1
0.215707 1
0.144154 1
0.119766 1
0.047902 1
0.305091 33
0.004697 20
3.443515 619
1.071219 1
0.167800 1
0.177315 32
0.002332 198
8.088268 242
0.296918 609
0.959583 1
0.095621 1
0.192053 1
0.111780 1
0.120055 1
0.088036 1
0.152117 33
0.109658 84
0.001481 8
0.000015 73
13.288318 16
0.880839 41
2.321644 88
0.026232 18
3.324135 1
0.055508 1
0.192582 1
0.051488 1
0.104016 1
0.143654 1
0.304311 1
1.247851 1
0.232214 1
0.108009 2
1.220096 1
0.632017 1
0.288785 5
0.568473 33
0.003929 197
4.539049 619
0.304110 53
0.183528 53
0.176137 53
0.168359 53
2.983863 1
0.063554 1
0.175948 1
0.119967 1
0.152246 1
0.088159 1
0.104270 32
0.066726 83
0.001751 81
3.626592 16
7.335899 40
2.373835 87
0.029526 18
2.901664 18
0.783668 5
0.179843 24
0.100019 24
0.183767 24
0.369439 56
1.475361 1
0.115533 1
0.176079 1
0.063974 1
0.080226 1
0.239909 32
0.001920 201
5.938327 242
2.024072 1
0.319400 1
0.055915 1
0.255989 1
0.216178 1
0.223906 1
0.304088 1
0.256775 32
0.059595 15
0.387707 20
0.560257 32
0.008258 1003
4.479539 26
1.496143 32
0.008965 969
5.439000 48
0.176014 48
0.295829 11
0.248151 32
0.003826 160
4.324078 48
0.183814 48
0.167705 48
0.200155 26
0.336936 32
0.005575 120
7.554292 609
0.472934 52
0.198653 52
0.175966 52
0.175969 52
6.568072 1
0.079729 1
0.264093 1
0.168076 1
0.512111 3
0.200057 3
0.167746 3
0.184049 3
2.623929 1
0.167843 1
0.007492 1
0.192308 1
0.184412 1
0.175966 1
0.375747 3
0.500302 3
0.030950 3
0.029863 3
0.030602 3
0.029830 3
0.031936 1
0.030181 1
0.029444 1
0.030261 1
0.029512 1
0.030365 1
0.029715 1
0.030139 1
0.030297 1
0.029766 1
0.030090 1
0.029544 1
4.053454 1
0.063820 1
0.256183 1
0.255878 1
0.344134 1
0.111780 1
0.095971 1
0.246842 1
1.937484 1
0.156539 6
0.379719 33
0.000373 23
3.671867 16
0.495603 33
0.004810 432
0.000013 23
4.459471 237
8.707965 17
0.912392 33
0.003479 23
1.852417 619
0.480442 48
0.174824 48
0.752342 1
0.711869 1
0.287946 1
0.343973 1
0.087841 1
1.096373 1
0.415920 1
0.511797 1
0.128220 1
0.576014 1
0.559901 1
0.344131 1
0.183775 1
0.150073 4
1.282228 1
0.172668 6
0.395789 32
0.003280 258
9.980564 609
0.768027 49
0.002683 81
1.264294 41
0.000044 43
0.007050 3037
0.000631 195
1.030579 72
0.779278 48
0.002428 8
0.000029 73
5.563877 40
0.000051 42
0.006691 112
0.000090 10
0.000352 8
0.000011 116
1.408598 11
0.000026 6
