0.318567 124
1.276057 1
0.099431 1
0.252199 1
0.359175 1
0.372617 1
1.477436 1
0.252815 10
0.828325 11
0.006575 1089
0.000635 124
2.616314 1
0.146267 1
0.340114 1
0.137201 1
0.096770 1
0.179828 1
0.201849 1
0.269567 1
0.131803 1
0.356342 1
4.440206 11
1.443262 66
0.000431 66
0.000590 68
0.000368 69
0.363718 52
1.716010 12
0.000084 21
0.807683 12
0.000067 21
0.405077 12
0.000073 21
1.215373 12
0.000025 21
1.110267 12
0.070132 62
0.169466 81
0.510963 75
0.490855 69
0.060476 74
0.000156 34
0.000094 37
0.065892 39
0.073924 57
0.305612 59
0.059815 33
0.192772 79
0.189531 47
0.000064 41
0.000062 48
15.871651 165
2.273615 78
0.672267 75
0.667813 85
1.339276 45
0.056270 57
0.134468 461
0.000420 39
1.607387 66
3.840255 91
2.380048 51
0.787876 47
0.437659 92
0.005543 92
1.020711 31
0.009539 92
38.343017 51
18.279059 57
3.042664 50
10.669411 50
0.005156 92
0.614951 36
0.013797 92
0.004776 92
0.578359 31
0.009263 92
0.402989 36
0.003533 92
0.395147 115
0.384661 116
0.380593 119
0.378201 118
0.006020 92
0.404002 36
0.003730 92
0.302913 36
0.003927 92
0.721245 36
0.012552 85
0.000233 131
0.000167 87
0.000333 92
0.000134 285
0.226142 52
1.720974 12
0.000031 21
0.606416 12
0.000004 21
0.606423 12
0.000072 21
1.213791 12
0.000137 21
4.673211 12
0.070881 62
0.142906 81
0.525739 75
0.512898 74
0.076863 69
0.062186 74
0.000845 34
0.000170 37
0.059936 39
0.079875 57
0.211489 59
0.058422 33
0.213448 79
0.144253 47
0.000050 41
0.000054 48
15.912148 165
2.194538 78
0.665608 75
0.708619 85
1.381110 45
0.061225 57
0.138823 461
0.000418 39
1.634569 66
3.775524 91
2.528919 51
0.910276 47
0.431936 92
0.005667 92
1.069450 31
0.009825 92
41.694040 51
2.617653 57
2.981609 50
11.151883 50
0.005012 92
0.615523 36
0.013192 131
0.000603 92
0.005144 92
0.595987 31
0.009186 92
0.405985 36
0.003661 92
0.406471 36
0.003580 92
0.304050 36
0.003567 92
0.215732 31
0.003712 92
0.721799 36
0.012663 87
0.000302 131
0.000444 246
0.228682 54
1.717601 12
0.000068 21
0.605730 12
0.000030 21
0.607626 12
0.000084 21
1.213996 12
0.000093 21
5.552005 12
0.071863 64
0.143782 83
0.525088 79
0.576235 76
0.076114 71
0.061573 76
0.000164 36
0.000751 39
0.060301 41
0.073306 59
0.210413 61
0.058707 35
0.273502 81
0.152181 49
0.000117 43
0.000132 50
15.906872 171
2.520689 82
0.701895 77
0.736056 87
0.993146 47
0.032232 59
0.134399 475
0.000434 41
1.701820 68
3.913866 93
2.479525 53
1.079601 49
0.435437 92
0.005634 92
1.071481 33
0.009765 92
35.751340 53
2.508578 59
3.017123 52
9.987810 52
0.005249 92
0.614115 38
0.013401 131
0.000291 131
0.000869 92
0.004310 92
0.594913 33
0.009076 92
0.399400 38
0.003335 92
0.391118 38
0.003472 92
0.397183 38
0.012236 246
0.229641 55
1.718867 12
0.000027 21
0.605835 12
0.000046 21
0.607497 12
0.000030 21
0.202770 12
0.000092 21
1.012927 12
0.000170 21
6.021321 12
0.085299 65
0.149019 84
0.524977 81
0.644822 77
0.087619 72
0.065392 77
0.001073 37
0.000162 40
0.074280 42
0.076823 60
0.217103 62
0.062085 36
0.257356 82
0.153929 50
0.000020 44
0.000039 51
15.918335 174
2.230435 84
0.641756 78
0.682899 88
1.374546 48
0.031819 60
0.139053 482
0.000741 42
1.728746 69
3.960671 94
2.423982 54
1.214093 50
0.432727 92
0.006443 92
1.054987 34
0.009549 92
41.243966 54
2.803608 60
3.001955 53
11.999385 53
0.005229 92
0.613524 39
0.013585 131
0.000569 131
0.000056 369
0.085091 124
21.360807 11
0.000253 124
0.206434 11
0.000171 124
0.152638 11
0.000164 124
1.104919 1
0.131533 1
0.264006 1
0.101861 1
0.087453 1
0.183586 1
0.116008 1
0.172802 1
0.153918 1
0.238765 1
0.100768 1
0.204452 1
1.696543 1
0.353879 1
0.585179 1
0.090886 1
0.334238 11
2.059187 53
0.028612 19
0.000162 26
4.947441 31
0.871230 2
0.014819 787
0.000935 37
6.889714 31
0.518444 2
0.010084 787
0.001012 37
7.027355 39
0.198090 39
0.185316 39
0.276995 33
0.349247 2
0.008950 841
0.000939 37
1.718501 39
0.196800 39
0.198495 39
0.192396 39
5.983511 33
1.339245 2
0.009868 841
0.000920 37
3.464676 39
0.294986 39
0.210373 39
7.060906 8
0.004129 124
0.676005 1
0.125112 1
0.332947 1
0.097796 1
0.086341 1
0.275581 1
0.178242 1
0.179157 1
1.646350 1
0.121508 1
0.269162 1
0.241869 1
0.083540 1
0.203628 1
0.278694 1
0.183182 1
0.236874 1
0.187160 1
0.426380 4
0.160937 4
0.299018 1
0.409174 4
0.786021 1
0.418918 1
0.645397 11
3.858961 48
1.159658 61
1.182119 47
1.119743 60
1.164722 45
1.133482 58
1.274281 45
1.120152 58
0.460302 124
6.981324 11
0.000295 124
0.263667 11
0.000171 124
0.192715 11
0.000163 8
0.000042 116
1.888487 1
0.168607 1
0.088229 1
0.081553 1
0.252609 1
0.291126 1
0.277359 10
1.299734 11
0.089804 80
0.000196 47
0.000005 26
0.000078 11
0.014107 14
0.046609 28
0.023336 83
0.003966 21
0.097245 28
0.005399 1972
0.003154 1968
0.002863 1973
0.001854 1579
1.345994 641
0.504569 561
0.030849 738
0.032089 716
0.029504 561
0.025268 691
0.031670 683
0.030304 651
0.034697 653
0.391761 689
0.707420 12
0.013012 117
0.173864 689
0.709067 12
0.038035 191
0.677027 13
0.234392 55
0.125521 1
0.128011 1
0.000104 19
0.005283 84
0.002381 14
0.127640 28
0.002880 18
0.418992 30
0.193960 1
0.097236 1
0.022097 103
0.004900 124
0.885581 11
0.000282 124
0.224335 11
0.000410 124
0.171632 11
0.000208 124
0.468732 1
0.148267 1
0.283240 1
0.081839 1
0.079248 1
0.118117 1
0.141832 1
0.092172 1
1.042762 1
0.263968 1
0.377712 11
1.491219 66
0.000424 66
0.000438 68
0.000617 69
0.408120 52
1.716106 12
0.000085 21
0.808132 12
0.000021 21
0.606106 12
0.000038 21
1.215878 12
0.000229 21
6.086418 12
0.068346 62
0.135467 81
0.545046 75
0.487464 69
0.058030 74
0.000272 34
0.000201 37
0.064711 39
0.069720 57
0.269276 59
0.058549 33
0.256906 79
0.210530 47
0.000094 41
0.000101 48
15.933980 165
2.166702 78
0.628410 75
0.683801 85
1.384201 45
0.033831 57
0.131949 461
0.000474 39
1.665720 66
3.769193 91
2.393297 51
0.803245 47
0.425611 92
0.005536 92
1.066835 31
0.009801 92
45.809104 51
2.492883 57
2.985566 50
10.794835 50
0.005271 92
0.620942 36
0.013470 92
0.004716 92
0.563476 31
0.009549 92
0.403649 36
0.003415 92
0.404809 116
0.389569 117
0.388674 123
0.389299 120
0.382283 119
0.005681 92
0.404185 36
0.003594 92
0.308801 36
0.003987 92
0.827870 36
0.012855 85
0.000336 131
0.000163 167
0.000461 367
0.000152 10
0.213414 52
1.724969 12
0.000066 21
0.606765 12
0.000106 21
0.809828 12
0.000136 21
1.215490 12
0.000131 21
4.794781 12
0.071836 62
0.149125 81
0.509648 75
0.503708 74
0.070754 69
0.061892 74
0.000154 34
0.000087 37
0.067710 39
0.070038 57
0.201964 59
0.059025 33
0.263969 79
0.148505 47
0.000050 89
15.917483 165
2.332296 78
0.650790 75
0.679511 85
1.287102 45
0.038448 57
0.132686 461
0.000402 39
1.589393 66
3.819143 91
2.375385 51
0.908903 47
0.429151 92
0.005579 92
1.095664 31
0.009690 92
34.651860 51
2.690888 57
3.086201 50
11.823697 50
0.005218 92
0.627190 36
0.013080 131
0.000612 92
0.004679 92
0.588107 31
0.009227 92
0.418833 36
0.003651 92
0.403232 36
0.003534 92
0.304324 36
0.003606 92
0.211331 31
0.003724 92
0.697548 36
0.012647 87
0.000204 88
0.000270 215
0.000143 162
0.219619 54
1.715433 12
0.000064 21
0.605441 12
0.000055 21
0.606557 12
0.000253 21
1.213767 12
0.000234 21
5.688436 12
0.071156 64
0.143517 83
0.535561 79
0.559247 76
0.074588 71
0.067026 76
0.000217 36
0.000214 39
0.072488 41
0.082051 59
0.220387 61
0.059589 35
0.272017 81
0.146577 49
0.000043 43
0.000047 50
15.937912 171
2.237109 82
1.222321 77
0.704702 87
0.755719 47
0.060372 59
0.131118 475
0.000425 41
1.678766 68
3.790283 93
2.377454 53
1.074101 49
0.438209 92
0.005636 92
1.071424 33
0.009504 92
44.111450 53
2.616167 59
3.048338 52
11.413586 52
0.005026 92
0.621082 38
0.013247 131
0.000305 92
0.000106 47
0.000142 88
0.000841 92
0.004705 92
0.597497 33
0.009227 92
0.405106 38
0.003418 92
0.391378 38
0.003632 92
0.398869 38
0.012844 246
0.225113 55
1.726510 12
0.000066 21
0.809804 12
0.000112 21
0.606930 12
0.000071 21
1.214453 12
0.000200 21
8.217949 12
0.072776 65
0.145912 84
0.531387 81
0.655404 77
0.083168 72
0.060344 77
0.000150 37
0.000143 40
0.061871 42
0.085681 60
0.281541 62
0.061107 36
0.286572 82
0.150921 50
0.000422 44
0.000041 51
15.930368 174
2.076675 84
0.625836 78
0.698885 88
0.521265 48
0.030780 60
0.137697 482
0.014154 42
1.623926 69
3.880013 94
2.454298 54
1.195211 50
0.432748 92
0.005631 92
1.079999 34
0.009988 92
45.517863 54
2.747038 60
2.947774 53
9.933259 53
0.005147 92
0.613776 39
0.013360 131
0.000297 131
0.000589 92
0.004703 92
0.599531 34
0.009228 92
0.399587 39
0.003627 92
0.391876 39
0.003509 92
0.393537 39
0.012300 92
0.000229 162
0.094260 124
25.282767 1
0.125717 1
0.333358 1
0.083769 1
0.106992 1
0.160025 1
0.153733 1
0.166188 1
0.149355 1
0.206314 1
0.246842 1
0.288748 1
0.256320 1
0.157984 1
0.063435 1
0.145775 1
0.161437 1
0.135625 1
2.420008 11
2.061034 526
0.029020 21
0.000039 28
3.630692 19
0.739314 2
0.006832 59
0.001423 71
1.001072 71
0.999615 71
1.000620 71
0.771570 2
0.001854 198
4.124881 17
0.815603 2
0.005310 57
0.001112 71
1.001373 71
0.999265 71
1.000685 71
0.999748 71
0.664566 2
0.001788 196
5.436013 17
0.799844 2
0.010669 88
1.770470 43
0.270039 43
0.173305 43
0.172746 43
0.392734 8
0.003809 124
0.929108 18
0.585280 1
0.534358 11
2.031342 526
0.028828 22
0.000183 29
4.127736 19
0.806047 2
0.136166 92
1.088654 45
0.205895 45
0.179342 45
0.171301 45
4.905227 17
0.855975 2
0.005251 57
0.003050 78
1.000886 78
1.002034 78
1.001849 78
0.474119 2
0.002006 198
4.798192 17
0.881333 2
0.008851 57
0.002682 72
0.998809 72
0.999419 72
0.595341 2
0.001717 198
0.622073 8
0.001232 124
1.239679 17
