0.702230 77
1.741689 1
0.088074 1
0.231858 1
0.464388 1
0.343828 1
0.680051 1
0.296799 10
0.839359 2
0.000010 9
0.042857 1025
0.000028 1025
0.000117 1027
0.000335 1030
0.000015 2056
0.000122 1026
0.000134 1029
0.000426 578
0.001668 77
8.446290 1
0.147845 1
0.336224 1
0.096297 1
0.071619 1
0.167975 1
0.119749 1
0.120137 1
0.168130 1
0.167794 1
0.072111 1
0.104047 1
0.087491 1
0.152161 1
0.416450 2
0.000010 9
1.351565 310
0.015874 77
0.472337 1
0.095876 1
0.296263 1
0.095755 1
0.071992 1
0.168023 1
0.104060 1
0.127923 1
0.368361 1
0.303877 1
1.944092 2
0.000009 9
1.361651 74
0.000436 68
0.438068 60
1.849258 12
0.000136 21
0.804292 12
0.000014 21
0.603175 12
0.000040 21
1.206470 12
0.000010 21
2.671185 12
0.078515 70
0.189075 89
0.742892 91
0.413312 77
0.283994 82
0.000152 42
0.000101 47
0.087278 47
0.071000 65
0.432766 67
0.170325 41
0.327566 87
0.272292 55
0.000089 49
0.000071 56
15.869932 189
2.002202 94
0.578650 83
0.609622 93
0.671801 53
0.050636 65
0.164797 517
0.000765 47
1.532474 74
3.196545 99
1.929092 59
0.951737 55
0.398247 92
0.006071 92
1.049383 39
0.019352 92
16.874277 44
0.003145 92
161.964663 44
0.003301 92
0.349352 44
0.003616 92
0.395797 44
0.006979 92
0.379048 44
0.003130 92
0.231760 44
0.003202 92
0.332000 44
0.006143 92
0.218154 44
0.021885 92
0.000243 162
0.295152 54
1.847165 12
0.000057 21
0.805018 12
0.000053 21
0.603839 12
0.000040 21
1.206585 12
0.000060 21
2.024564 12
0.076833 64
0.179840 83
0.629973 79
0.464341 76
0.099109 71
0.234804 76
0.000172 36
0.000169 41
0.091965 41
0.076143 59
0.241663 61
0.139583 35
0.289508 81
0.193290 49
0.000074 43
0.000074 50
15.968893 171
1.770221 82
0.573647 77
0.629309 87
0.867866 47
0.051679 59
0.163294 475
0.000614 41
1.550159 68
3.299688 93
2.058707 53
1.134159 49
0.389477 92
0.006838 92
1.067852 33
0.010150 92
16.164040 38
0.006098 92
37.449960 38
0.006077 92
0.411772 38
0.004091 92
1.028356 38
0.006426 92
0.356653 38
0.005190 92
1.456538 38
0.003252 92
0.841843 38
0.003641 92
0.626347 33
0.005849 92
0.388999 38
0.006935 92
4.655845 38
0.013068 246
0.099622 77
4.916347 1
0.192041 1
0.088288 1
1.143798 4
0.191832 4
0.176224 4
0.223943 1
0.080004 1
0.343881 1
0.112356 1
0.055676 1
0.160086 1
0.128053 1
0.224051 1
0.175688 1
0.176219 1
0.088135 1
0.248118 1
0.559888 1
0.207717 1
0.064054 1
0.144025 1
0.159801 1
0.120130 1
0.464371 2
0.000009 9
2.265067 53
0.025157 20
2.278137 1
0.295535 1
0.135907 1
0.376485 3
0.183914 3
0.840006 1
0.111809 1
0.199848 1
0.151953 1
0.167982 1
0.680307 3
0.544285 1
0.335805 1
0.225303 2
0.039198 17
5.859644 33
0.496041 19
4.488707 41
0.719437 2
0.988135 62
2.435733 2
0.126017 130
0.044541 17
7.117810 15
6.971578 23
3.640335 19
7.628368 51
0.463781 2
0.937554 62
2.766166 2
0.085379 4095
0.000026 2550
0.003126 4095
0.000015 2101
0.001514 4095
0.000010 1160
0.003169 4095
0.000037 2588
0.002823 4095
0.000037 2713
0.002703 4095
0.000092 2899
0.010832 6550
0.001979 4095
0.000057 2765
0.002107 4095
0.000047 2827
0.002724 4095
0.000025 2832
0.002447 4095
0.000045 2949
0.002496 4095
0.000030 2788
0.002361 4095
0.000026 2837
0.002521 4095
0.000025 2837
0.002354 4095
0.000022 2807
0.002506 4095
0.000017 2922
0.003097 4095
0.000026 2818
0.002270 4095
0.000036 2855
0.009278 4095
0.000017 2870
0.002458 4095
0.000163 2824
0.002161 4095
0.000025 2856
0.002111 4095
0.000017 2841
0.002104 4095
0.000047 2830
0.002143 4095
0.000037 2795
0.002067 4095
0.000032 2828
0.002179 4095
0.000031 2897
0.002032 4095
0.000114 2788
0.002727 7016
0.006605 4095
0.000018 2764
0.002219 4095
0.000040 2833
0.002400 4095
0.000021 2818
0.002432 4095
0.000074 2477
0.006996 4095
0.000025 2954
0.002783 4095
0.000023 2610
0.002764 4095
0.000043 2742
0.002767 4095
0.000040 2384
0.002962 4095
0.000025 2219
0.002086 2512
0.045371 17
5.858259 67
0.592000 2
0.950189 62
2.248923 2
0.079426 193
0.104743 17
3.880080 1
0.071454 1
0.344255 1
0.284071 1
0.756055 1
0.111804 1
0.322850 2
0.509112 1
0.194734 8
0.510314 2
0.001501 25
6.169876 34
0.600617 2
0.010811 229
0.001314 76
5.451090 34
0.327992 3
0.500288 3
0.099673 3
0.183913 3
0.192218 3
0.200193 3
0.495874 2
0.003095 1508
3.853260 8
0.004682 20
1.019493 8
0.003030 77
0.891538 11
0.000009 6
