0.730810 124
0.456674 11
0.000096 8
0.000019 116
0.199755 11
0.000101 8
0.000021 116
0.295911 1
0.199944 1
0.240057 2
0.000008 9
0.003574 15
0.000016 129
0.000010 131
0.000018 116
0.000213 8
0.000008 116
2.404155 11
0.000069 8
0.000015 116
0.183858 11
0.000074 8
0.000007 116
10.600116 1
0.247978 1
0.480360 102
0.303761 231
0.000010 9
0.000112 8
0.000016 116
6.432283 52
1.947837 88
0.000009 9
0.826681 256
0.018768 124
0.530263 1
0.048033 1
0.311847 1
0.199907 1
0.384363 1
0.215703 1
0.257158 10
0.527010 2
0.000010 9
0.062517 1025
0.000011 662
0.000041 368
0.000097 1029
0.000108 633
0.000006 395
0.000099 676
0.000006 353
0.000164 381
0.000033 649
0.000119 531
0.000009 137
0.000007 362
0.000162 1030
0.000125 76
1.320473 4
0.000017 159
0.000065 1030
0.000077 1031
0.000026 1029
0.000047 363
0.000008 590
0.000022 17
0.560093 28
0.002232 8
0.000010 116
0.621445 11
0.000122 8
0.000020 116
1.263784 1
0.087928 1
0.247962 1
0.079959 1
0.047944 1
0.127967 1
0.152106 1
0.144094 1
0.127843 1
0.248109 1
0.272092 2
0.000009 9
1.103951 69
0.265697 55
1.211557 12
0.000064 21
1.207617 12
0.000146 21
0.603473 12
0.000136 21
0.402353 12
0.000036 21
2.443341 12
0.094270 65
0.185839 84
0.679756 81
0.708616 72
0.081028 77
0.000207 37
0.082397 42
0.118510 60
0.398781 36
0.261599 82
0.264770 50
0.000038 44
0.000049 51
15.905068 174
1.449280 84
0.496466 78
0.520357 88
1.368219 48
0.030010 60
0.165513 482
1.104868 94
1.976095 124
38.597996 1
0.111937 1
0.383806 1
0.071991 1
0.120026 1
0.200024 1
0.152048 1
0.120264 1
0.223666 1
0.199951 1
0.096169 1
0.272003 2
0.000011 9
2.225982 24
0.000111 31
0.606548 1
0.111745 1
0.183970 1
0.448065 1
0.648090 1
0.343876 1
0.367911 1
0.216873 2
0.026628 49
3.100819 1
0.271987 1
0.128665 1
0.231705 2
0.010484 135
3.597233 1
0.263820 1
0.352063 1
0.095835 1
0.207953 1
0.216030 1
0.112037 1
0.095972 1
0.207890 1
1.872435 1
0.231610 1
0.200017 1
0.376190 1
0.191973 1
0.136155 1
0.191970 1
0.243662 1
1.079745 3
1.784804 1
0.327616 1
0.191950 1
0.103983 1
0.404072 1
0.247673 1
0.183884 1
0.055969 1
0.740869 2
0.091137 105
1.724436 1
0.339999 1
0.107928 1
0.232409 2
0.011210 131
3.396567 1
0.191861 1
1.384213 1
0.151587 1
0.256267 1
0.096043 1
0.079731 1
0.232355 1
0.095789 1
0.112238 1
0.199766 1
0.256002 1
1.592209 1
0.559907 1
0.167782 1
2.288308 1
0.143860 1
0.143676 1
0.104073 1
0.272178 1
0.232454 1
0.143399 1
0.136040 1
0.271936 2
0.110662 39
0.019136 31
0.034199 29
1.500421 107
0.146834 193
0.079210 193
0.078448 193
0.600142 192
0.042176 193
0.092325 193
0.178641 192
0.336132 192
0.315575 192
0.318935 192
0.317538 192
0.311243 192
0.321396 192
0.319522 192
0.320540 192
0.319583 192
0.314379 192
0.313549 192
0.310977 192
0.314064 192
0.315800 192
0.321136 192
0.318421 192
0.316244 192
0.310062 192
0.311379 192
0.311889 192
0.312675 192
0.315206 192
0.310310 192
0.696935 192
0.313613 192
0.315936 192
0.310089 192
0.309947 192
0.321470 192
0.315604 192
0.319030 192
0.313314 192
0.312253 192
0.322883 192
0.315846 192
0.335344 385
0.303543 192
0.309738 192
0.314108 192
0.316467 192
0.322153 192
0.314445 192
0.316823 192
0.316618 192
0.309648 192
0.314473 192
0.317754 192
0.311108 192
0.312118 192
0.286819 193
3.772913 125
0.015169 110
0.214837 107
0.010964 418
0.011006 722
0.011008 1588
0.010930 532
0.011010 706
0.011010 583
0.010964 679
0.011200 166
0.290084 36
0.099348 5996
0.000010 186
0.010368 910
0.357629 192
0.167161 396
0.144430 192
0.092307 193
0.122126 193
0.022021 193
0.108520 192
0.270891 193
0.060461 192
0.109152 193
0.146719 193
0.075957 192
0.316280 192
0.107823 193
0.213548 192
0.312758 192
0.132468 193
0.179901 192
0.326034 192
0.334381 192
0.282754 193
0.032577 192
0.172463 193
0.003926 193
0.133956 192
0.056470 193
0.034672 269
0.212905 193
0.017182 192
0.049807 193
0.157133 193
0.082017 193
0.027350 192
0.095892 193
0.163709 193
0.056817 192
0.074645 193
0.060818 193
0.189029 192
0.001848 193
0.230711 193
0.090626 192
0.331270 192
0.317728 192
0.317345 192
0.328836 192
0.310108 192
0.310190 192
0.317346 192
0.311377 192
0.098419 193
0.339432 192
0.312793 192
0.093932 193
0.352129 385
0.097434 193
0.321919 192
0.254454 193
0.158239 192
0.329744 192
0.453226 192
0.354649 192
0.436967 192
0.629960 192
0.408937 385
0.435049 192
0.395080 192
0.574357 192
0.345809 192
0.320057 192
0.342841 192
0.398981 192
0.465414 192
0.373491 192
0.346187 192
0.321838 192
0.504996 192
0.327424 192
0.384921 192
0.310816 192
0.459356 192
0.384211 192
0.339500 192
0.403898 192
0.363001 192
0.378913 192
0.399880 192
0.307372 192
0.304819 192
0.318998 192
0.422119 192
0.353730 192
0.416795 192
0.350158 192
0.524584 192
0.417435 192
0.436418 192
0.321827 192
0.355854 192
0.331606 192
0.635672 192
0.366722 192
0.507004 192
0.341682 192
0.341298 192
0.578023 192
0.327012 192
0.342985 192
0.389145 192
0.379984 192
0.344972 192
0.400327 192
0.362659 192
0.397704 192
0.365101 192
0.475824 192
0.456087 192
0.368432 192
0.354523 192
0.336856 192
0.336316 192
0.715772 192
0.655676 192
0.400029 192
0.355425 192
0.313036 192
0.336147 192
0.307885 192
0.333997 192
0.315526 192
0.317204 192
0.405364 192
0.350906 192
0.397915 192
0.317152 192
0.386790 192
0.384210 192
0.328131 192
0.343167 192
0.312159 192
0.120762 193
0.212518 192
0.311919 192
0.351315 192
0.340802 192
0.370284 192
0.464624 192
0.325510 192
0.319537 192
0.326935 192
0.452093 192
0.313920 192
0.471083 192
0.335059 192
0.328954 192
0.655579 192
0.328275 192
0.372499 192
0.410294 192
0.425628 192
0.315662 192
0.313812 192
0.444481 192
0.321411 192
0.341344 192
0.479091 192
0.371060 192
0.478407 192
0.318202 192
0.489172 192
0.343080 192
0.323136 192
0.411031 192
0.337343 192
0.347300 192
0.390108 192
0.430148 192
0.312221 192
0.337083 192
0.313545 192
0.368355 192
0.356509 192
0.442119 192
0.342948 192
0.341976 192
0.489438 192
0.315935 192
0.330021 192
0.502363 192
0.328833 192
0.395728 192
0.399902 192
0.362961 192
0.492379 192
0.329419 192
0.377841 192
1.164864 192
0.537183 192
0.325333 192
0.571756 192
0.488252 192
0.336943 192
0.453602 192
0.345245 192
0.388082 192
0.358167 192
0.376540 192
0.377356 192
0.375811 192
0.357070 192
0.383907 192
0.334038 192
0.309991 192
0.315223 192
0.385406 192
0.373674 192
0.447223 192
0.494703 192
0.312204 192
0.351216 192
0.325230 192
0.386375 192
0.465051 192
1.281648 192
0.385356 192
0.424784 192
0.310081 192
0.990713 192
0.464632 192
0.371349 192
0.342130 192
0.494212 192
0.314991 192
0.313964 192
0.355920 192
0.440812 192
0.310055 192
0.330657 192
0.456259 192
0.353310 192
0.371681 192
0.670464 192
0.356865 192
0.488184 192
0.331868 192
0.418660 192
0.372556 192
0.344349 192
0.309957 192
0.315377 192
0.330198 192
0.600572 192
0.320894 192
0.477453 192
0.341881 192
0.326024 192
0.366722 192
0.455379 192
0.329086 192
0.375554 192
0.330652 192
0.324210 192
0.424212 192
0.328551 192
0.373075 192
0.330843 192
0.325019 192
0.361220 192
0.319679 192
0.388139 192
0.319797 192
0.312398 192
0.314910 192
0.318589 192
0.375504 192
0.327701 192
0.428787 192
0.335316 192
0.338194 192
0.318939 192
0.312069 192
0.320087 192
0.365930 192
0.549677 192
0.381066 192
0.484044 192
0.345423 192
0.334098 192
0.317628 192
0.340175 192
0.352886 192
0.373694 192
0.325104 192
0.354131 192
0.385289 192
0.425717 192
0.372026 192
0.333930 192
0.328422 192
0.479049 192
1.061570 192
0.384420 192
0.424652 192
1.117521 192
1.184431 192
0.333240 192
0.337944 192
0.315080 192
0.311339 192
0.361947 192
0.327153 192
0.316969 192
0.331271 192
0.315444 192
0.321563 192
0.365014 192
0.311147 192
0.310389 192
0.330053 192
0.357376 192
0.316555 192
0.327103 192
0.340615 192
0.311255 192
0.313043 192
0.311851 192
0.314772 192
0.322548 192
0.310872 192
0.312110 192
0.321923 192
0.319188 192
0.325991 192
0.354707 192
0.347042 192
0.353454 192
0.369227 192
0.325539 192
0.322268 192
0.412081 192
0.328578 192
0.325173 192
0.370442 192
0.324144 192
0.312306 192
0.324592 192
0.323708 192
0.361626 192
0.319176 192
0.388992 192
0.319276 192
0.312496 192
0.314780 192
0.318593 192
0.326694 192
0.315215 192
0.345977 192
0.347841 192
0.368809 192
0.325559 192
0.310721 192
0.313127 192
0.329784 192
0.405258 192
0.377396 192
0.363104 192
0.317038 192
0.324873 192
0.313818 192
0.372370 192
0.316788 192
0.320855 192
0.323054 192
0.311357 192
0.318152 192
0.398709 192
0.310176 192
0.334391 192
0.371781 192
0.334917 192
0.328699 192
0.326165 192
0.334835 192
0.345807 192
0.404094 192
0.319105 192
0.327985 192
0.394874 192
0.345947 192
0.324851 192
0.342337 192
0.318297 192
0.323738 192
0.316220 192
0.351118 192
0.362667 192
0.345035 192
0.315855 192
0.316106 192
0.382863 192
0.313290 192
0.322455 192
0.333799 192
0.340573 192
0.342412 192
0.316753 192
0.376701 192
0.312457 192
0.323534 192
0.380452 192
0.335247 192
0.340283 192
0.341367 192
0.328431 192
0.327680 192
0.328640 192
0.317018 192
0.313177 192
0.365890 192
0.320485 192
0.325852 192
0.344326 192
0.310474 192
0.315703 192
0.317081 192
0.377027 192
0.325435 192
0.409610 192
0.327574 192
0.325382 192
0.325371 192
0.324921 192
0.313037 192
0.361498 192
0.332397 192
0.312227 192
0.314706 192
0.316288 192
0.346624 192
0.316203 192
0.316298 192
0.312141 192
0.328362 192
0.361240 192
0.376310 192
0.387483 192
0.330908 192
0.316672 192
0.311640 192
0.311392 192
0.314171 192
0.325864 192
0.449458 192
0.376606 192
0.364529 192
0.315628 192
0.324784 192
0.314629 192
0.310147 192
0.310453 192
0.320228 192
0.339100 192
0.314159 192
0.368160 192
0.398941 192
0.310300 192
0.334129 192
0.313720 192
0.337978 192
0.327002 192
0.313445 192
0.322653 192
0.317867 192
0.321036 192
0.320937 192
0.324981 192
0.334699 192
0.468956 192
0.365460 192
0.322783 192
0.312126 192
0.319546 192
0.329386 192
0.322275 192
0.339738 192
0.313978 192
0.320906 192
0.334188 192
0.341004 192
0.316870 192
0.336813 192
0.324101 192
0.320046 192
0.415158 192
0.345439 192
0.310379 192
0.309881 192
0.362053 192
0.355862 192
0.354532 192
0.314872 192
0.322386 192
0.318166 192
0.313038 192
0.322242 192
0.399828 192
0.315882 192
0.502338 192
0.322822 192
0.328041 192
0.348301 192
0.346179 192
0.367756 192
0.327924 192
0.331284 192
0.349288 192
0.333271 192
0.327491 192
0.324787 192
0.330112 192
0.320304 192
0.312800 192
0.312039 192
0.340940 192
0.310487 192
0.372013 192
0.334694 192
0.314362 192
0.316039 192
0.315686 192
0.312510 192
0.310605 192
0.379645 192
0.352576 192
0.325347 192
0.312670 192
0.350024 192
0.313788 192
0.313991 192
0.330996 192
0.394930 192
0.426035 192
0.355257 192
0.310960 192
0.321997 192
0.321236 192
0.627560 192
0.327384 192
0.312379 192
0.326773 192
0.314338 192
0.313147 192
0.347683 192
0.325720 192
0.315379 192
0.324380 192
0.322416 192
0.323460 192
0.317853 192
0.323013 192
0.310209 192
0.315070 192
0.320708 192
0.319736 192
0.322386 192
0.314192 192
0.375038 192
0.366173 192
0.322241 192
0.320153 192
0.312736 192
0.327724 192
0.322744 192
0.339037 192
0.314204 192
0.321046 192
0.491010 192
0.322559 192
0.334393 192
0.327296 192
0.312803 192
0.310717 192
0.310175 192
0.324730 192
0.310763 192
0.310343 192
0.360691 192
0.356748 192
0.325155 192
0.310504 192
0.329476 192
0.372503 192
0.321778 192
0.356844 192
0.314997 192
0.316311 192
0.376688 192
0.312825 192
0.312793 192
0.321331 192
0.335344 192
0.333282 192
0.318426 192
0.345443 192
0.327078 192
0.385496 192
0.317652 192
0.337396 192
0.319496 192
0.311421 192
0.317404 192
0.316632 192
0.310712 192
0.314871 192
0.418128 192
0.315123 192
0.346046 192
0.351915 192
0.311301 192
0.320419 192
0.352205 192
0.339588 192
0.312929 192
0.320783 192
0.310049 192
0.328318 192
0.322954 192
0.322018 192
0.320685 192
0.311979 192
0.334404 192
0.371805 192
0.355399 192
0.310543 192
0.322637 192
0.321157 192
0.323079 192
0.312395 192
0.315323 192
0.311518 192
0.538965 192
1.007376 192
1.009400 192
0.313054 192
0.312340 192
0.318088 192
0.329986 192
0.329900 192
0.478330 192
0.389811 192
0.329696 192
0.310730 192
0.318895 192
0.321062 192
0.312908 192
0.563649 192
1.009276 192
0.350016 192
0.314290 192
0.346713 192
0.330734 192
0.502457 192
0.414848 192
0.381392 192
0.324334 192
0.310436 192
0.392529 192
0.329876 192
0.313898 192
0.318471 192
0.315991 192
0.323655 192
0.416702 192
0.345608 192
0.312421 192
0.321547 192
0.316289 192
0.353998 192
0.315694 192
0.460031 192
0.313234 192
0.318732 192
0.426061 192
0.364294 192
0.315819 192
0.310733 192
0.325892 192
0.339267 192
0.340305 192
0.204530 2
0.005198 28
0.029216 41
1.455624 23
0.367922 2
0.145940 39
0.015556 31
0.030068 44
0.010132 107
0.128893 125
0.019000 110
0.135948 107
0.011031 261
0.010967 348
0.010998 1361
0.010937 1056
0.011040 572
0.006925 438
0.011062 678
0.010984 514
0.011096 166
0.173038 36
0.104954 25
0.034183 4095
0.000018 2352
0.010750 949
0.012857 42
0.591092 192
0.313596 192
0.310559 192
0.322622 192
0.312734 192
0.315418 192
0.316497 192
0.340646 192
0.315977 192
0.214705 409
0.001436 66
0.004473 302
0.036422 53
0.043979 49
0.047086 760
0.000825 383
0.016587 2093
0.006874 190
0.001126 190
0.010563 2470
0.007464 1903
0.011414 760
0.011054 3040
0.006179 2093
0.009100 763
0.005894 190
0.010735 190
0.019690 1330
0.010319 1140
0.011034 760
0.010975 1140
0.011064 1140
0.011007 1140
0.010951 1140
0.010938 950
0.011123 1140
0.010966 1330
0.011015 1140
0.010866 760
0.010996 1330
0.011083 950
0.010908 1140
0.010971 950
0.011055 950
0.011000 190
0.004533 193
0.014405 1523
0.011344 1523
0.007837 573
0.013642 1523
0.012357 1523
0.010124 1333
0.013428 1713
0.011958 1333
0.010007 1523
0.016546 2470
0.005221 1713
0.015783 2283
0.016523 1900
0.011330 2090
0.010061 2090
0.010431 2093
0.017286 1713
0.011549 1333
0.012383 1333
0.013938 1523
0.014562 1713
0.017917 3040
0.010891 2280
0.002662 953
0.018338 950
0.010933 950
0.011039 950
0.010975 950
0.011052 1140
0.001564 193
0.083555 2090
0.000614 383
0.016312 190
0.011060 380
0.010925 190
0.013985 190
0.010919 190
0.025094 190
0.010949 190
0.011012 190
0.011007 380
0.010927 380
0.011001 380
0.011236 380
0.010841 190
0.005324 190
0.031490 190
0.011167 190
0.010953 190
0.011243 190
0.020831 190
0.021033 380
0.021962 190
0.020981 190
0.010955 190
0.011155 190
0.010867 190
0.031073 190
0.024247 190
0.040954 190
0.031809 190
0.041016 190
0.007146 190
0.020836 190
0.010944 190
0.011032 190
0.011208 190
0.010724 190
0.013024 190
0.018019 190
0.011021 190
0.012603 190
0.025518 190
0.067922 380
0.015994 570
0.010927 380
0.011001 380
0.011184 190
0.010819 190
0.011016 380
0.009480 190
0.017551 380
0.010940 190
0.010985 380
0.011032 190
0.011053 190
0.011079 190
0.010848 190
0.011022 380
0.011002 190
0.011168 190
0.010797 380
0.010977 190
0.011087 190
0.010975 190
0.010993 380
0.010975 190
0.011227 380
0.010791 190
0.011020 380
0.010606 190
0.010342 380
0.010972 380
0.011389 190
0.005043 380
0.011604 190
0.088184 190
0.107016 190
0.096106 190
0.122837 190
0.011720 193
0.027515 573
0.018230 5311
0.000019 579
0.000185 193
0.016193 190
0.044067 380
0.005228 190
0.011850 380
0.010833 190
0.010993 380
0.045705 190
0.011547 190
0.020803 190
0.011020 190
0.021011 190
0.010925 190
0.011063 190
0.021050 190
0.011296 190
0.010562 380
0.011038 190
0.011038 190
0.053042 190
0.044974 190
0.031007 190
0.039009 190
0.010981 380
0.011035 190
0.011153 380
0.010838 380
0.010941 380
0.007020 190
0.011028 190
0.031047 190
0.011066 190
0.021969 190
0.010923 570
0.010989 380
0.010975 380
0.011384 380
0.021738 380
0.022952 190
0.021970 190
0.041545 190
0.026448 190
0.010977 380
0.010940 190
0.010994 190
0.011025 190
0.011171 380
0.010868 380
0.010940 380
0.011076 570
0.010909 190
0.023133 190
0.011162 190
0.020871 190
0.010918 190
0.021019 190
0.020991 190
0.010962 190
0.022176 190
0.010817 190
0.022034 190
0.010924 190
0.011076 190
0.011004 190
0.010982 190
0.010955 190
0.022258 190
0.020795 190
0.010955 190
0.023059 190
0.020985 190
0.010952 190
0.011068 190
0.007201 190
0.011788 380
0.010952 190
0.011009 380
0.011274 190
0.010765 190
0.001025 193
0.033056 760
0.010820 760
0.011000 760
0.011066 760
0.011233 760
0.010714 760
0.010990 950
0.011001 1140
0.004915 573
0.017216 570
0.011003 1330
0.010911 1140
0.011332 2090
0.021926 1710
0.015088 950
0.008036 1523
0.033814 193
0.004915 193
0.003600 193
0.003323 193
0.003522 193
0.003492 193
0.004129 193
0.003715 193
0.003605 193
0.003090 193
0.003548 193
0.003472 193
0.003381 193
0.003496 193
0.003641 193
0.003598 193
0.003494 193
0.003510 193
0.003490 193
0.003294 193
0.003477 193
0.003398 193
0.003850 193
0.003515 193
0.003171 193
0.003490 193
0.003463 193
0.003553 193
0.003500 193
0.003487 193
0.003418 193
0.003584 193
0.052062 1673
0.024863 41
11.283850 1
0.342441 1
1.152226 1
0.079727 1
0.056004 1
0.087802 1
0.284108 1
1.904084 1
0.271956 1
0.092260 1
0.199716 1
0.007486 1
0.556299 3
0.568319 1
0.383716 1
0.463938 1
0.160024 1
0.132233 1
0.155926 1
0.672866 2
0.000514 41
1.654492 1
0.167739 1
0.072138 1
0.111818 1
0.864339 1
0.144163 1
0.087634 1
0.272175 1
0.087852 1
0.184069 1
0.416457 1
0.264717 4
0.343400 2
0.034371 115
0.005826 4095
0.000029 3325
0.018911 4095
0.000028 2814
0.000147 701
1.396361 36
1.399855 1
0.231818 1
0.215902 1
0.984321 1
1.543937 1
0.248230 1
0.282966 1
0.220805 1
0.135994 1
0.120107 1
0.128124 1
0.767890 1
0.159837 1
0.632156 1
4.903916 1
0.480295 1
0.303994 1
0.095908 1
0.352274 1
0.223539 1
0.168137 1
0.095996 1
0.544179 1
0.199789 1
0.320095 1
0.177334 189
0.816785 280
0.151299 186
1.054721 39
0.095959 1
0.119790 91
0.400255 36
0.063697 1
0.704407 35
0.143613 1
0.304856 19
0.003948 88
0.331461 36
0.111736 1
0.097608 92
0.470609 15
0.968037 3
1.048093 3
0.499522 3
0.148071 3
0.235938 3
0.232036 3
0.128011 1
0.071936 1
0.136040 1
0.207345 5
0.872802 1
0.143846 1
0.519977 3
8.097981 2
0.033574 122
0.002748 4095
0.000177 3851
0.000195 424
0.022011 4095
0.000238 3824
0.000070 588
1.482947 36
0.252040 19
0.187976 20
0.267872 20
0.356352 44
0.884215 173
1.367746 241
0.308284 114
1.395771 39
0.175804 1
0.076820 26
0.001464 84
0.466030 36
0.095849 1
0.095942 89
0.880169 36
0.159894 1
0.049398 92
1.478978 1
0.207881 1
0.087670 1
0.176082 1
0.199885 1
0.223992 1
0.136265 1
0.175756 1
0.112183 1
0.328010 1
1.072198 1
0.615884 1
0.175909 1
0.103999 2
0.864186 1
0.111570 1
2.304436 1
0.175911 1
0.384023 3
0.487940 1
0.135185 4
0.433059 2
0.031930 47
0.001865 78
0.003428 1213
0.021778 1441
1.188766 36
0.328201 19
0.207715 20
0.208051 20
0.424126 44
0.961694 2537
1.238748 458
0.200705 278
0.400401 185
0.893820 55
0.176143 1
0.096795 29
0.001813 94
0.405723 36
0.159994 1
0.337541 92
4.190779 58
0.375989 2
0.015802 237
0.075658 103
0.231804 94
0.026564 95
0.004648 92
0.004395 105
0.016515 91
0.002952 98
0.064276 94
0.011580 95
0.003027 92
0.003465 105
0.003639 91
0.002674 98
0.047663 32
0.004687 39
0.005556 32
0.175537 31
0.781854 36
0.238548 30
0.034834 44
0.001278 52
0.001243 33
0.066002 42
0.812337 24
3.948113 31
0.038592 44
0.001151 34
0.001158 53
0.027879 32
0.005320 34
0.005354 40
0.007764 36
0.007147 38
0.007824 49
0.141686 42
0.011452 39
0.010691 35
0.151319 36
0.002449 32
0.029054 34
0.014241 36
0.028484 32
0.046526 60
0.150034 65
0.008680 43
0.404073 47
0.006777 27
0.010375 32
0.001570 25
0.061213 30
0.001332 56
0.005137 40
0.011144 46
0.001382 47
0.002830 29
4.275805 34
2.467397 92
0.034213 41
1.839106 1
0.295979 1
0.375616 1
0.095908 1
0.224784 10
0.002971 47
0.404543 1
0.231782 1
0.080124 1
0.144306 1
0.096800 10
0.002757 124
1.115788 1
0.104004 1
0.408013 1
0.103980 1
0.064083 1
0.255948 1
0.096028 1
0.224036 1
0.159985 1
0.095923 1
0.200059 1
0.207989 1
0.079979 1
0.104034 1
0.103978 2
0.000010 9
2.302459 60
62.208225 48
1.259626 84
0.770554 69
0.667951 72
0.072158 77
0.000265 37
0.072862 42
0.141793 60
0.281377 36
0.272169 82
0.166567 50
0.000051 44
0.000058 51
15.842684 48
0.026511 60
0.154375 482
1.118421 94
1.960299 192
0.136077 8
0.000007 116
0.757617 1
0.167768 1
3.218021 1
0.222102 1
0.528125 4
0.175648 1
0.064224 1
0.143831 1
0.152003 1
0.176029 1
0.151918 1
0.200120 1
0.120082 1
0.431934 2
0.000008 9
2.110470 53
0.024456 55
0.658010 1
0.511584 1
0.119820 1
0.199997 1
0.184205 1
0.135905 1
0.296107 1
0.409316 2
0.054350 49
0.672469 1
0.519878 1
0.095897 1
0.200264 2
0.019644 131
6.254572 43
0.177807 43
0.159956 43
0.871938 1
0.388204 1
0.440042 39
0.223869 43
0.344207 43
0.367760 43
5.812290 38
0.471777 2
0.001978 41
3.560249 35
0.606198 79
16.477174 1
0.253686 1
0.152412 1
0.119909 1
0.215822 1
0.528651 136
0.327315 1
0.232155 1
2.860044 1
0.552104 1
2.111672 1
0.127996 1
0.192666 1
0.127802 1
0.271992 1
0.076035 1
0.264209 1
0.199876 1
0.191969 1
0.167974 1
0.151451 1
0.240301 1
0.340196 1
0.191721 1
0.176654 1
2.479757 2
0.005801 163
0.005795 69
0.083180 150
0.101574 12
0.278886 40
0.261460 598
1.211176 1
0.099744 1
0.199993 1
0.047856 1
0.143994 1
0.216475 2
0.002237 144
11.157175 1
0.244861 1
0.167791 1
0.143941 1
0.192115 1
1.112766 136
0.367136 1
0.168125 1
0.255615 1
0.480388 3
0.191651 1
0.295853 3
0.304234 1
0.272090 1
0.912063 1
0.515803 1
0.303854 1
0.260089 1
0.408281 1
0.663937 1
0.152021 1
0.376304 2
0.010976 163
0.002930 69
0.001614 150
0.093155 12
0.232484 40
0.283698 582
0.558835 1
0.095614 1
0.199925 1
0.152219 1
0.464077 1
0.087756 1
0.277335 6
0.635462 2
0.001302 433
5.566484 58
0.567948 2
0.019357 237
0.082961 103
0.224050 94
0.026670 95
0.004897 92
0.004761 105
0.017375 91
0.003569 98
0.066117 94
0.012706 95
0.003492 92
0.003894 105
0.003476 91
0.002729 98
0.051856 32
0.004186 32
0.003368 39
0.084946 32
0.219969 31
0.792499 36
0.253430 30
0.036220 44
0.001408 52
0.001360 33
0.067226 42
0.832235 24
4.159332 31
0.042854 44
0.001261 34
0.001123 53
0.031425 32
0.005832 34
0.005633 40
0.007440 36
0.007986 38
0.007611 49
0.152511 42
0.014542 39
0.011567 35
0.151716 36
0.002460 32
0.030095 34
0.017164 36
0.028575 32
0.043875 60
0.150471 65
0.011730 43
0.414414 47
0.007453 27
0.011725 32
0.001613 25
0.080048 30
0.001511 56
0.006066 40
0.012643 46
0.001476 47
0.003234 29
4.374458 34
2.395476 92
0.030688 77
2.728966 55
1.192119 2
0.344103 23
0.135106 77
2.520947 1
0.111313 1
0.079864 1
0.144140 1
0.248286 1
0.359782 1
0.112064 1
0.192037 1
0.064076 1
0.251579 1
0.420329 1
0.175966 1
0.268332 3
0.715927 1
0.107871 1
1.364069 1
0.199973 1
0.291840 3
1.480304 1
0.231398 4
0.681040 2
0.050864 47
0.001216 78
0.000834 12
0.005175 2260
0.002342 2354
0.028369 100
1.839252 41
0.535901 89
0.272053 52
0.383673 51
0.168140 51
0.175972 51
0.183976 51
0.168117 51
0.167792 51
0.167872 51
0.192089 51
0.192097 51
0.215865 52
0.440113 51
0.488810 18
0.214990 90
0.143708 1
0.096634 29
0.002262 101
0.441213 36
0.200266 1
0.232934 128
0.679217 79
0.191947 79
0.191707 79
0.251924 1
0.152035 1
3.496090 1
0.376191 1
0.351836 3
0.167912 3
0.474590 2
0.101339 2
0.280242 2
0.160584 2
0.119328 2
0.528248 2
0.160020 2
0.247897 2
0.207860 2
0.152198 1
0.576255 2
0.319695 2
0.303797 1
2.936306 2
0.303969 2
0.103918 2
0.120007 2
0.179837 2
0.468165 1
0.983895 1
0.560091 1
0.432088 3
0.183942 3
0.728106 1
0.440098 1
0.423933 1
0.223735 1
0.236462 1
0.095766 1
0.164035 1
0.271902 1
0.139768 1
0.272268 1
0.359899 1
3.136203 1
0.327981 1
0.199789 1
0.239609 1
0.639922 2
0.232045 1
0.191970 2
0.128292 2
0.183888 2
0.207997 2
0.256049 2
0.231791 2
0.072079 2
0.223981 2
0.199896 2
0.120312 1
0.216062 2
0.127784 2
0.168069 2
0.271880 2
0.344539 2
1.359982 2
0.231611 2
0.104081 2
0.191882 1
0.456026 2
0.095845 2
0.080025 2
0.136082 1
0.176122 2
0.128120 2
0.135761 2
0.087859 2
0.111975 2
0.143858 2
0.136310 2
0.263936 2
1.272440 79
1.880100 1
0.295819 1
0.199807 1
0.120140 1
0.402706 57
6.007143 8
0.002001 8
0.000008 116
1.063820 1
0.248052 1
0.111799 1
0.176202 1
0.424104 2
0.000008 9
0.000052 6
