0.691068 79
1.980753 1
0.175827 1
0.380061 1
0.143985 1
0.120034 1
0.267902 1
0.132187 1
0.171941 1
0.336132 1
0.871993 1
0.583949 11
1.153486 65
0.436058 51
1.226351 12
0.000025 21
1.004805 12
0.000062 21
0.602476 12
0.003538 21
0.398496 12
0.000056 21
3.938064 12
0.097994 61
0.163675 80
0.313766 450
0.747567 75
0.696832 68
0.080346 73
0.000294 33
0.073485 38
0.129329 56
0.392237 58
0.997290 32
0.331052 78
0.262036 46
0.000116 40
0.000107 47
31.192441 162
1.371900 76
0.591289 74
0.625474 84
0.964783 44
0.053978 56
0.161499 454
0.000910 38
2.371534 92
1.859876 48
0.608616 41
0.276635 51
0.033831 49
1.347471 54
0.000173 56
0.000234 57
9.425555 44
0.000214 51
0.000207 80
0.012535 79
0.000224 79
0.009735 107
1.404275 85
0.208542 100
0.002412 90
0.002700 130
0.003405 127
0.307021 119
0.002462 120
0.002544 83
0.002453 104
0.003001 51
0.000214 80
0.000205 83
0.002156 103
0.000181 79
0.010497 83
0.001471 112
0.002954 119
0.000172 104
0.001242 114
0.002390 106
0.000174 107
0.000878 110
0.005030 110
0.000153 107
0.000167 105
0.000246 111
0.000883 117
0.000183 118
0.000171 111
0.000780 117
0.000227 109
0.000170 115
0.004030 120
0.000136 109
0.000175 109
0.000258 107
0.001905 102
0.000146 103
0.009959 88
0.000238 88
0.000194 112
0.000188 51
0.000194 84
0.000190 86
0.000382 87
0.010031 90
0.000165 84
0.010434 89
0.000213 121
0.000200 119
0.000194 87
0.000199 88
0.003058 124
0.010337 110
0.000137 97
0.000181 85
0.000172 86
0.000322 90
0.000167 90
0.000195 86
0.000198 90
0.005518 85
0.000226 92
0.000194 92
0.000189 51
0.000190 84
0.010260 93
0.000118 87
0.000209 118
0.000199 111
0.000208 93
0.000194 51
0.000252 89
0.000185 109
0.008636 113
0.000194 88
0.000421 51
0.000200 88
0.000197 87
1.992499 56
0.116369 22
0.000105 43
0.007466 22
0.000193 102
0.000163 101
0.000173 102
0.000157 33
0.000140 101
0.000179 101
0.000127 101
0.000155 101
0.000115 101
0.000160 101
0.000125 50
0.000201 101
0.000160 101
0.000156 101
0.000157 101
0.000157 101
0.000157 101
0.000152 101
0.000212 101
0.000150 101
0.000158 101
0.000153 101
0.000151 101
0.000151 101
0.000209 101
0.000157 101
0.000153 101
0.000154 101
0.000155 101
0.000151 101
0.000224 101
0.000163 101
0.000158 101
0.000151 101
0.000149 101
0.000161 101
0.000225 101
0.000149 101
0.000149 101
0.000154 101
0.000158 101
0.000150 101
0.000205 101
0.000151 101
0.000134 22
0.000149 41
0.000154 102
0.000151 66
0.000198 22
0.000145 47
0.000148 42
0.000150 43
0.243263 86
0.000273 157
0.591103 96
3.221463 102
0.000192 97
0.000202 86
0.016958 51
0.000203 104
0.000289 85
0.000219 89
0.000170 73
0.033066 47
0.070025 46
0.191361 48
0.000124 41
0.190395 101
0.023105 101
0.024813 101
0.009698 101
0.215465 101
0.019909 101
0.011265 101
0.007575 101
0.015333 101
0.018102 101
0.009567 101
0.012456 101
0.011206 101
0.018920 101
0.013798 101
0.040926 101
0.015051 101
0.010988 101
0.011214 101
0.013023 101
0.013050 101
0.025547 101
0.012863 101
0.058165 101
0.796496 101
1.214216 101
0.099481 101
0.011708 101
0.039131 101
0.010752 101
0.009652 101
1.038970 101
0.123363 101
0.053348 101
0.173568 101
0.071021 101
0.677421 101
0.029796 101
0.022309 101
0.009953 101
0.003657 101
0.003656 101
0.003566 101
0.001892 101
0.005914 101
0.004023 101
0.004063 101
0.003747 101
0.005302 101
0.003547 101
0.005359 101
0.003931 101
0.003865 101
0.003593 101
0.004078 101
0.001786 101
0.004377 101
0.005599 101
0.003657 101
0.001638 101
0.003753 101
0.005920 101
0.003608 101
0.003574 101
0.004310 101
0.003661 101
0.003553 101
0.003398 101
0.001514 101
0.006307 101
0.003903 101
0.003791 101
0.003270 101
0.003353 101
0.001542 101
0.006727 101
0.004100 101
0.960411 101
0.000140 22
0.000285 32
0.000176 92
0.000157 98
0.000157 96
0.000147 22
0.000182 43
0.000153 51
0.000162 54
0.000197 74
0.000202 50
0.000210 54
0.000244 55
0.000199 55
0.000213 57
0.000240 58
0.000264 61
0.000249 55
0.000210 60
0.000210 59
0.000274 58
0.000208 64
0.000204 60
0.000251 59
0.000197 58
0.000241 68
0.000205 56
0.000236 57
0.000234 64
0.000223 61
0.000231 61
0.000267 57
0.000235 59
0.000210 61
0.000212 58
0.000233 59
0.000210 56
0.000255 63
0.000229 59
0.000206 63
0.000224 22
0.000672 31
0.095155 79
0.840106 11
0.000105 8
0.000022 71
0.472190 11
0.000092 8
0.000021 71
0.215874 11
0.000081 8
0.000009 71
0.176060 11
0.000087 8
0.000023 71
0.167517 1
0.168071 1
0.311729 1
0.104181 1
0.056139 1
0.192341 1
0.111426 1
0.191756 1
0.159957 1
0.240122 1
0.176318 1
0.520153 11
2.382494 17
1.753962 1
0.144021 1
0.135722 1
0.336214 1
0.284325 1
0.139621 1
0.320382 1
0.544800 2
0.056522 14
0.639274 16
0.206721 16
0.224168 16
0.980187 1
0.187838 1
0.544010 3
0.095522 1
0.276356 1
0.448054 1
0.087706 1
0.492941 2
0.004915 617
2.734810 16
0.207773 16
0.167661 16
4.144347 1
0.303904 1
0.529119 42
0.359884 16
0.831677 16
0.215594 16
5.763096 101
0.421531 16
3.263986 17
0.456429 2
0.072309 66
3.583485 25
0.343970 2
0.044962 61
3.853176 45
0.693699 2
0.043172 37
0.005355 14
5.069122 124
0.001443 10
0.516050 16
4.049352 29
0.487375 2
0.009782 626
0.074293 14
3.677025 31
0.511093 2
0.022184 14
3.864974 1
0.103862 1
0.215931 1
2.072509 1
0.447899 1
0.111763 1
0.064106 1
0.352732 2
0.001765 14
3.688736 89
0.396600 16
4.125107 60
0.563436 2
0.003866 92
0.001471 98
0.002402 165
0.001258 38
0.032859 58
0.098684 324
0.011879 546
0.006134 33
0.160696 38
0.010632 97
0.083040 43
9.284120 28
0.011689 171
0.140335 87
0.001673 14
1.105566 16
0.190842 16
0.200325 16
0.240014 16
2.853445 107
0.986413 16
3.872182 74
0.456394 2
0.015136 14
4.640849 12
0.535755 2
0.094960 14
3.714501 38
0.511046 2
0.177302 40
0.180888 60
0.009809 67
0.643583 20
6.078421 114
0.365442 2
0.065539 102
0.235516 94
0.026402 95
0.004798 92
0.004980 105
0.020574 98
0.073766 94
0.012142 95
0.003196 92
0.003548 105
0.005277 98
0.050801 32
0.004960 39
0.007711 32
0.297016 31
1.135207 36
0.280186 30
0.035061 44
0.001253 52
0.001136 33
0.061351 42
0.806142 24
3.975219 31
0.049796 44
0.001182 34
0.001036 53
0.033379 32
0.005303 34
0.005839 40
0.007726 36
0.008449 38
0.012587 49
0.303493 42
0.012963 39
0.012663 35
0.246334 36
0.002870 32
0.049602 34
0.024384 36
0.033440 32
0.050341 60
0.195943 65
0.023137 43
0.564169 47
0.010530 27
0.174924 32
0.002873 25
0.190440 30
0.001481 56
0.018372 40
0.018785 46
0.001472 47
0.003093 29
4.134731 34
2.292744 92
0.036986 17
43.840042 92
0.007673 21
1.117986 2
0.002072 17
5.173539 17
0.487924 2
0.003354 17
3.076699 24
0.544116 2
0.057406 127
0.000781 12
0.003842 1209
1.978047 1
1.863743 1
0.891737 36
2.108210 19
0.132089 19
0.391970 19
0.495871 35
0.159943 35
0.087928 19
0.240014 19
0.335997 19
0.616150 19
0.167561 19
0.680550 19
0.313626 2463
0.734679 43
4.839616 40
1.128818 39
0.431218 44
1.440264 164
0.311791 81
0.512245 149
1.167773 40
0.255733 40
0.183952 40
0.216172 40
0.264002 42
0.352127 40
0.303923 89
0.072501 62
0.215856 53
0.215623 60
0.384738 175
0.440802 127
1.078550 102
0.319654 40
0.215954 41
0.224116 40
0.255947 40
0.240205 40
0.343762 40
0.272644 90
0.080133 62
0.320093 53
0.223434 61
0.344429 124
0.472381 76
1.158976 100
0.088349 19
0.119421 97
0.799972 36
0.240040 19
0.128412 23
0.000950 101
0.430777 36
0.119971 19
0.056212 7
0.100747 61
5.274724 20
2.128884 16
0.363745 16
0.191539 16
0.176100 16
1.084543 1
0.083906 1
0.175806 1
0.703758 1
0.136580 1
0.119811 1
0.479983 2
0.108619 49
0.001784 8
0.000007 71
16.976709 11
2.568444 11
9.289357 53
0.052644 17
1.158946 19
0.191461 19
0.143449 19
0.912222 1
0.103853 1
0.680207 3
0.183697 3
0.800509 1
0.223692 1
0.111994 1
0.160310 1
0.191702 1
0.295847 1
0.360173 1
0.256851 2
0.043869 14
2.715542 1
0.095962 1
0.503831 1
0.152112 1
0.087606 1
0.440607 2
0.007549 672
10.267574 128
0.001411 7
0.531434 16
0.488420 16
0.167490 16
4.137732 33
0.438869 2
0.014733 79
1.496638 1
0.123607 2
0.053209 50
0.002402 14
3.588017 53
0.597769 2
0.067002 89
1.500034 1
1.727895 2
0.000395 53
0.005341 38
0.002487 14
0.919926 16
0.192004 16
0.183749 16
3.508649 142
0.001468 3
0.474271 16
0.655894 16
0.175654 16
0.176263 16
0.175954 16
2.889810 33
2.151180 2
0.013249 628
0.023622 14
4.292060 35
0.494902 2
0.019792 14
3.479341 56
0.556373 2
0.007521 257
0.001432 98
0.001553 38
0.019387 58
0.097442 324
0.022370 542
0.004922 33
0.181998 38
0.011487 97
0.090174 43
12.239298 28
0.000920 171
0.091186 87
0.000915 14
0.889174 16
0.191737 16
0.192292 16
0.175628 16
0.917051 74
3.411156 2
0.020315 14
3.524108 12
0.527546 2
0.069958 14
4.291939 38
0.915013 2
0.180309 40
0.055192 60
0.009292 67
0.583543 20
4.970039 85
0.010955 27
0.000717 2
0.457522 2
0.116692 102
0.227048 94
0.023960 95
0.004533 92
0.004603 105
0.017595 98
0.059681 94
0.011021 95
0.002894 92
0.003277 105
0.004569 98
0.045852 32
0.004614 39
0.007434 32
0.174802 31
0.808642 36
0.271870 30
0.033366 44
0.001299 52
0.001137 33
0.061215 42
0.799068 24
4.018329 31
0.049107 44
0.001203 34
0.001033 53
0.033545 32
0.005416 34
0.005523 40
0.007320 36
0.007520 38
0.010453 49
0.142300 42
0.012819 39
0.012493 35
0.228286 36
0.003354 32
0.036509 34
0.022353 36
0.035067 32
0.052773 60
0.159835 65
0.009967 43
0.468480 47
0.008994 27
0.102510 32
0.001609 25
0.115370 30
0.001475 56
0.006193 40
0.012440 46
0.001458 47
0.003229 29
4.110236 34
2.272784 92
0.049832 17
1.236823 19
0.500065 19
0.029784 19
0.030847 19
0.029527 19
0.029970 19
0.029754 19
0.029860 19
0.029700 19
0.029911 19
0.538776 104
2.041720 19
0.368007 125
0.688053 19
4.463586 1
0.280186 1
0.496271 1
0.263830 1
0.976492 104
3.519891 3
0.500243 3
0.029370 3
0.031243 3
0.030814 3
0.030105 3
0.029771 3
0.030339 3
0.030520 3
0.030651 3
0.030151 3
0.029474 3
0.030623 3
0.030315 3
0.031120 3
0.029554 3
0.029410 3
0.030225 3
0.030044 3
0.029912 3
0.030004 3
0.029770 3
0.030176 3
0.030243 3
0.029867 3
0.029732 3
0.030163 3
0.030276 3
0.029676 3
0.029992 3
0.030642 3
0.029300 3
0.030402 3
0.029782 3
0.030490 3
0.029649 3
0.030381 3
0.030363 3
0.030526 3
0.029422 3
0.030445 3
0.029514 3
0.030610 3
0.029112 3
0.030613 3
0.029757 3
0.030066 3
0.030121 3
0.030718 3
0.030237 3
0.029603 3
0.030760 3
0.030119 3
0.029840 3
0.217105 3
0.199936 3
0.500572 3
0.030105 3
0.029949 3
0.030039 3
0.030827 3
0.028882 3
0.030060 3
0.030310 3
0.030085 3
3.064004 69
0.811628 19
0.639838 19
0.184444 19
0.167253 19
4.737103 26
0.991789 2
0.047420 52
0.016730 69
3.088911 33
0.463877 2
0.049977 63
3.190692 37
0.614483 2
0.040898 55
1.030919 36
0.021969 17
3.313671 19
0.183944 19
0.176073 19
0.356029 76
0.548291 19
3.864083 28
0.455395 2
0.002351 29
0.011154 668
0.000130 6
0.275052 25
4.224099 29
4.556631 2
0.084069 17
4.795326 19
0.591963 2
4.856897 17
0.686959 19
0.199204 19
0.176538 19
0.178131 64
0.325303 19
4.051142 42
0.581569 2
0.018112 17
3.471458 47
1.054393 19
3.124017 11
0.487789 2
0.224829 17
3.060481 29
0.538980 2
0.063652 17
5.088000 19
0.175517 19
0.243815 69
0.268629 19
3.562401 82
0.549844 2
0.070826 17
1.136711 19
0.183795 19
0.160499 19
3.297606 48
0.486361 2
0.000972 17
3.552561 29
0.526890 2
0.025479 81
4.070743 21
0.303789 2
0.011754 89
1.551792 1
0.083686 2
0.001844 81
3.574707 17
0.471702 2
0.016337 74
14.627927 1
0.279493 1
2.572219 1
0.199919 1
0.512166 1
0.079930 1
0.192783 1
1.583310 2
0.002483 26
3.901543 1
0.239879 1
0.407888 1
0.127911 1
0.175941 1
0.368053 1
3.156410 1
0.243612 1
0.096441 1
0.259849 1
1.599887 1
2.728547 1
0.983880 1
0.215710 1
0.560142 3
0.111516 1
0.784199 3
0.183582 4
0.592438 1
0.464209 17
0.271671 17
0.391960 17
0.104073 17
0.079880 17
0.103935 17
0.207991 17
0.320933 2
0.003913 17
1.595862 21
0.199700 54
0.419968 28
0.191957 59
0.167874 1
0.496103 19
0.183811 19
0.183923 19
4.312215 1
2.488138 3
0.567892 1
2.103850 1
0.096062 1
0.384607 2
0.023774 277
32.380064 19
0.231626 19
0.184027 19
0.808001 1
0.095646 1
0.664351 3
0.183907 3
1.672572 1
0.103885 1
0.479594 3
0.095855 1
0.327966 1
0.328686 1
0.079436 1
0.328585 2
0.008364 1155
18.283414 21
0.600043 2
0.010569 89
1.493221 1
0.127913 2
0.001764 81
7.959741 29
0.418442 2
0.011359 81
5.116655 19
0.203871 19
1.236298 1
0.479729 1
0.127800 1
0.592677 2
0.013271 487
26.203283 6
0.005257 14
1.921882 12
0.504703 86
0.915318 118
1.144701 86
0.191410 108
1.256054 90
0.500254 118
0.029662 36
0.029477 1
0.030157 1
0.030309 1
0.029541 1
0.029936 1
0.029597 1
0.030484 1
0.029402 1
0.029913 1
0.721382 16
0.176144 16
0.151817 16
3.200815 29
0.519136 2
0.032972 78
8.534821 1
0.240361 1
0.303624 1
0.136017 1
0.079516 1
0.392335 1
1.088402 1
0.215866 1
0.335737 1
0.063689 1
0.064052 1
0.160214 1
0.224124 1
4.424231 1
0.100090 1
0.363918 1
0.207957 1
0.151821 1
0.175533 1
0.096270 1
0.440502 2
0.008066 119
51.695522 1
0.368444 1
0.263892 1
0.279755 1
0.111959 1
0.111807 1
0.192022 1
1.544134 1
0.416183 1
0.087892 1
0.127978 1
0.432177 2
0.005016 160
4.691282 8
0.033810 17
1.877855 1
0.143765 1
0.087892 1
0.192776 1
0.095277 1
0.224210 1
0.071942 1
0.152499 1
0.135337 1
0.167870 1
0.056079 1
0.200472 2
0.078028 98
0.081005 49
0.001803 8
0.000008 71
51.632180 11
0.206185 9
0.936109 5
0.400075 11
69.609444 53
0.027355 17
1.845698 2
0.213996 2
0.087760 2
0.184309 2
0.272051 3
0.159605 3
0.176021 3
0.168188 3
1.008207 1
0.095731 1
0.127967 1
0.120460 1
0.175138 1
0.160170 1
0.252020 1
0.533816 2
0.052488 14
1.190027 1
0.288180 1
0.167597 1
1.305122 2
0.022304 484
4.368798 1
1.504600 3
2.167401 1
0.079717 1
0.504550 2
0.004308 592
8.244126 17
0.511842 2
0.051372 71
8.469392 29
0.439210 2
0.013996 75
1.265801 1
0.063824 2
0.026821 49
0.002566 14
4.111243 21
0.519504 2
0.018409 61
4.277955 17
0.800080 2
0.096227 74
3.223065 16
0.191708 16
0.151884 16
0.927965 1
0.136469 1
0.152027 1
0.321023 2
0.017037 222
2.749747 16
0.184178 16
0.167934 16
18.734704 2
0.001911 14
0.179194 16
0.168342 16
0.159970 16
0.528006 1
0.344342 1
0.640058 1
0.111635 1
0.071726 1
0.657002 2
0.008503 1096
7.057013 16
0.497897 16
0.029683 16
0.029877 16
0.029220 16
0.030502 16
0.029952 16
0.029626 16
0.030227 16
0.203914 38
1.111094 16
4.591729 1
0.199802 1
0.417467 42
0.494846 16
1.328122 16
0.175962 16
0.160027 16
4.114270 45
0.743821 2
0.060983 41
0.002522 14
3.719993 36
2.314410 2
0.011189 630
0.024013 14
2.948547 16
0.175837 16
0.175718 16
0.184328 16
4.650188 39
0.478220 2
0.016138 14
3.224124 20
0.752677 2
0.003646 14
4.267961 14
0.719973 2
0.001548 14
3.333544 11
0.536375 2
0.007169 14
3.746501 40
0.590534 2
0.019588 14
4.733614 82
0.522998 2
0.056974 14
3.422658 1
0.088074 1
0.191601 1
0.103985 1
0.151873 1
0.087721 1
0.344753 2
25.042988 298
9.585496 8
0.004332 17
0.747060 19
0.208191 19
0.191427 19
0.111955 19
0.376200 1
0.168055 1
0.119957 1
0.119789 1
0.104007 1
0.200031 1
0.039777 1
0.136088 1
0.159992 1
0.160348 1
0.063941 1
0.192132 2
25.060978 301
7.345005 1
0.261822 1
1.008352 3
0.175588 3
0.223841 1
0.208164 1
0.103831 1
0.143988 1
0.168190 1
0.167808 1
0.608405 1
0.664220 2
0.048434 14
1.287356 16
0.208113 16
0.183803 16
2.272169 1
0.136041 1
0.711939 1
0.167874 1
0.127761 1
0.336575 2
0.008408 1197
23.299404 16
0.231820 16
0.183957 16
1.097910 25
0.342795 8
0.003777 79
1.555095 1
0.119832 1
0.280007 1
0.088185 1
0.039832 1
0.159749 1
0.104078 1
0.152177 1
0.272058 1
0.112240 1
0.247766 1
0.087775 1
1.080034 4
0.288047 9
0.175970 9
0.215930 2
0.000010 9
0.978323 2703
0.017015 79
4.473049 1
0.067817 1
0.284086 1
0.084262 1
0.071819 1
0.175933 1
0.127935 1
0.104462 1
0.151383 1
0.076174 1
0.163832 1
0.188205 1
0.084037 1
0.079774 1
0.264303 2
0.000008 9
2.527954 56
5.054229 80
0.766266 65
0.684909 68
0.084591 73
0.000209 33
0.086571 38
0.132061 56
0.294357 58
0.080430 32
0.269215 78
0.224959 46
0.000049 40
0.000065 47
122.845888 44
0.041798 56
0.159457 454
0.000215 38
1.531048 92
1.884918 184
0.159118 79
5.111961 1
0.095991 1
0.263593 1
0.080019 1
0.032024 1
0.184319 1
0.087544 1
0.120079 1
0.136212 1
0.191622 1
0.096545 1
0.271436 2
0.000009 9
2.219576 53
0.025278 17
10.344088 1
0.191552 1
0.092027 1
0.656576 1
0.611678 1
0.299940 1
0.243843 1
0.612402 3
1.172033 1
0.321432 2
0.052450 14
0.554122 16
0.207661 16
0.255943 1
0.136486 1
0.367576 1
0.176070 1
0.096141 1
0.376848 2
0.011180 1197
4.661638 25
0.622180 19
0.207903 19
0.176207 19
3.808161 1
0.231885 1
0.626742 62
0.437458 19
0.919947 19
0.175571 19
5.282987 94
1.933301 19
1.655954 1
0.103706 1
0.240227 1
0.368248 1
0.231414 1
0.128132 1
0.232200 1
0.432564 21
3.031714 1
0.203677 1
0.076017 1
0.144136 1
0.183957 1
0.156080 1
0.568062 1
0.548189 2
0.046513 14
0.565479 16
0.183841 16
0.143861 16
3.785681 56
2.230580 1
0.648165 2
0.175356 1
0.368271 2
0.111894 2
0.200132 2
0.584040 2
0.600131 2
0.360048 2
0.095967 2
0.111548 2
0.112202 1
0.511988 3
0.500698 3
0.029395 3
0.030754 3
0.029610 3
0.029571 3
0.124206 3
0.215985 3
0.247764 3
0.488438 1
0.495935 3
0.223906 1
0.256013 1
0.231902 1
0.095665 1
0.320293 1
0.808172 16
4.032619 23
1.279558 2
0.002520 14
0.925721 16
0.175369 16
0.399908 1
0.098418 1
0.231331 1
0.077918 1
0.095929 1
0.120004 1
0.224291 1
0.640722 1
0.255796 1
0.095662 1
0.079839 1
0.259186 2
0.006143 1149
5.907400 16
0.182898 16
0.225752 29
0.331815 16
5.781168 61
0.814802 2
0.031796 55
0.058498 39
0.014057 14
0.870914 16
0.175426 16
0.168198 16
3.280585 44
0.631801 16
3.088537 24
0.823682 2
0.002143 14
3.205390 1
0.095914 1
0.327869 1
0.408090 3
0.119989 1
0.136058 1
0.111898 1
0.143849 1
1.144351 1
0.711977 1
0.320192 1
0.095470 1
0.056050 1
0.312633 2
0.002546 609
5.574320 47
1.123825 2
0.000315 14
7.510549 1
0.488210 1
0.223578 1
0.248468 1
0.127753 1
0.103478 1
0.120185 1
0.528985 1
0.599169 1
0.288516 1
0.095510 1
0.055809 1
1.297187 2
0.007374 14
7.594471 43
0.830389 2
0.040164 51
0.052126 43
15.002081 14
4.780782 1
0.247828 1
0.319979 1
0.079939 1
0.095707 1
0.176389 1
0.264001 1
0.728028 1
0.576032 1
0.055638 1
0.080060 1
0.336498 2
0.021031 14
0.642990 16
0.175515 16
0.184158 16
0.184310 16
0.952304 1
0.071115 1
0.232132 1
0.112123 1
0.103618 1
0.136120 1
0.151923 1
0.312507 1
0.279828 1
0.095914 1
0.095666 1
0.560892 2
0.004083 1149
1.187830 16
0.175666 16
0.183980 16
0.175841 16
0.296133 1
0.263710 1
0.280504 1
0.359744 1
0.096374 1
0.215523 1
0.304010 1
0.208367 1
0.095610 1
0.352526 1
0.535580 3
0.199783 1
0.688503 16
1.939415 27
1.029580 8
0.004864 79
7.041388 11
0.000015 6
