0.788037 77
1.273994 1
0.108171 1
0.307643 1
0.076266 1
0.023801 1
0.219593 1
0.136769 1
0.175619 1
0.228098 1
0.239979 1
0.096100 1
0.103689 1
0.136038 1
0.152114 1
0.215881 2
0.000011 9
2.238356 362
0.032901 77
1.872932 1
0.087675 1
0.320762 1
0.079693 1
0.055862 1
0.207760 1
0.136188 1
0.176042 1
0.159880 1
0.431970 1
0.824080 2
0.000018 9
2.229379 67
0.000830 67
0.000504 68
0.499450 61
2.762684 12
0.000080 21
4.025894 12
0.000048 21
5.233469 33
1.006446 12
0.000057 21
2.215989 12
0.000061 21
2.969646 12
0.094266 63
0.193149 89
0.808433 77
0.703338 70
0.275055 75
0.000137 35
0.000097 40
0.105913 40
0.153297 58
0.422333 60
0.479930 34
0.461746 80
0.331198 48
0.000081 42
0.000056 49
107.897960 168
1.995485 80
0.740144 76
0.680865 86
1.383079 46
0.040271 58
0.097114 549
0.000695 40
1.852216 67
3.851245 61
2.771581 12
0.000046 21
3.024710 12
0.000049 21
1.813316 12
0.000093 21
0.805859 12
0.000054 21
2.416728 12
0.000344 21
0.200752 12
0.000057 21
1.738366 12
0.158114 63
0.222938 89
0.895252 76
0.843382 75
0.091529 70
0.284654 75
0.000214 35
0.000152 40
0.123895 40
0.116789 58
0.325705 60
0.530225 34
0.428610 80
0.229354 48
0.000100 42
0.000050 49
107.883887 168
1.948152 80
0.653855 76
0.682380 86
0.620397 46
0.033128 58
0.090605 549
0.000596 40
1.705294 67
3.821321 62
2.810054 12
0.000082 21
3.225672 12
0.000099 21
2.013692 12
0.000055 21
1.007572 12
0.000252 21
2.217166 12
0.000124 21
0.201135 12
0.000040 21
2.125627 12
0.135118 64
0.220134 90
0.895481 78
0.912321 76
0.082906 71
0.310407 76
0.000168 36
0.000128 41
0.110262 41
0.104278 59
0.364774 61
0.500797 35
0.496297 81
0.255561 49
0.000062 43
0.000083 50
107.971729 171
1.882538 82
0.695467 77
0.763977 87
1.440816 47
0.038738 59
0.124206 558
0.000435 41
1.779711 68
3.640308 53
0.877623 49
0.456298 92
0.016453 92
55.746367 32
6.136269 32
1.642585 33
0.020933 92
0.007902 92
1.331584 32
0.269906 32
0.019118 92
1.640431 37
0.717741 37
0.004634 92
0.805332 154
0.000531 37
0.018132 37
0.005560 92
6.207494 37
0.246702 37
0.004671 92
33.769375 37
14.832979 37
0.003669 92
11.185927 37
6.332376 37
0.006079 92
1.954533 37
0.020895 37
0.005101 92
0.891351 37
0.031622 37
0.013873 92
5.842742 37
0.591274 37
0.005199 92
4.233720 37
0.122081 37
0.004679 92
0.030112 38
0.635475 295
0.000361 37
0.008503 92
0.033213 38
1.079267 37
0.004924 92
0.023760 38
0.487891 37
0.004763 92
0.024546 38
0.654514 37
0.004761 92
0.015894 38
0.663236 37
0.004613 92
0.019259 38
0.574839 37
0.005065 92
0.019739 38
1.708165 37
0.004518 92
0.018286 38
0.515185 37
0.007696 92
0.021373 32
0.000036 2
0.000031 4
0.740154 37
0.070723 92
0.013301 92
1.133125 32
0.025118 32
0.191932 33
0.025740 92
8.415170 38
7.739858 37
3.286788 37
0.007776 92
0.038815 38
0.011682 38
1.004442 38
0.004197 92
0.032109 38
0.002831 38
0.550479 38
0.004554 92
0.033565 38
0.002164 38
0.469314 33
0.008203 92
0.039953 38
0.009290 38
6.078993 38
0.003764 92
0.024148 38
0.007516 38
47.575969 38
0.004240 92
12.273116 32
1.526143 33
0.598673 32
0.004732 92
0.028025 38
0.013328 32
0.000159 6
21.311165 38
0.005432 92
0.026367 39
18.117093 37
0.881015 37
0.005007 92
0.026947 39
0.010893 38
1.802821 37
0.007971 92
0.036494 38
0.016842 38
0.967994 38
0.004090 92
0.027488 39
0.018245 38
1.423190 37
0.008710 92
0.022608 39
0.035434 38
0.671834 62
0.005557 92
0.033969 38
0.008043 38
0.404490 38
0.009135 92
0.034316 38
0.010947 38
0.430313 62
0.004742 92
0.027471 39
0.014349 38
0.528092 37
0.008973 92
0.042027 39
0.408266 37
0.034073 37
0.004928 92
0.027369 39
0.422134 37
0.028501 37
0.004915 92
0.025406 39
0.009958 38
0.636874 37
0.004748 92
0.026009 39
0.012116 38
0.685711 37
0.004817 92
0.027816 39
0.009949 38
0.599458 37
0.004782 92
0.029931 38
0.006110 38
0.766875 38
0.007977 4
0.000040 2
0.000030 80
0.000030 2
0.000024 4
0.029643 38
0.008387 38
0.737477 38
0.004019 92
0.031602 38
0.007102 38
0.384824 38
0.004056 92
0.026847 38
0.007425 38
0.789624 38
0.007047 92
0.034115 38
0.010290 38
0.912079 296
0.000418 38
0.005498 92
0.029219 38
0.009422 38
1.092634 38
0.057906 255
0.000321 336
0.168032 77
3.142529 74
0.250704 74
0.252756 74
7.620404 1
0.087970 1
0.583977 1
0.103972 1
0.055927 1
0.184008 1
0.136007 1
0.216030 1
0.616089 1
0.552058 1
0.136011 1
0.399885 1
0.191943 1
0.160083 1
0.119787 1
0.096226 1
0.320014 1
2.144053 2
0.000011 9
3.137805 57
0.059422 19
0.571428 1
0.127883 1
0.119970 1
0.160031 1
0.223990 1
0.664303 1
0.511860 1
0.455882 4
0.248105 1
0.199831 1
1.136112 1
0.519924 1
0.119962 1
0.256043 1
0.255765 1
0.080102 1
0.088051 1
0.247966 1
0.312276 1
0.495479 1
0.128062 1
0.063894 1
0.247966 1
0.560301 2
0.032568 66
0.005038 38
0.000264 11
0.970080 1
0.279844 1
0.500189 2
0.001902 292
0.000095 434
6.918052 1
0.783799 1
0.012629 1
0.611097 1
0.279885 1
0.112252 1
0.119792 1
0.416131 1
0.183953 1
0.280309 1
0.423894 1
0.311782 1
0.232004 1
0.152175 1
0.296063 1
0.383897 1
3.824365 1
0.223679 1
0.272185 1
0.247728 1
0.336101 1
0.376110 1
0.063924 1
0.328156 1
0.144036 1
0.207745 1
2.432367 2
0.173470 28
0.563306 1
0.654918 1
0.616235 2
0.000674 791
3.712428 4
0.001192 19
4.717865 8
0.004239 77
1.099051 17
0.528161 4
0.159549 1
0.308339 2
0.000024 9
3.128863 57
0.041295 19
3.950037 1
0.119935 1
0.135960 1
0.120145 1
0.247957 1
0.608531 1
0.343883 1
0.263696 1
0.352136 1
0.096091 1
0.103559 1
0.288090 1
0.328478 1
0.063895 1
0.071711 1
0.312027 1
0.199925 1
0.207977 1
0.184151 1
0.088003 1
0.095982 1
0.336334 2
0.026109 66
0.015859 38
0.000894 11
0.724831 1
0.471797 1
0.472242 2
0.011822 292
0.000063 499
5.344440 23
1.156210 8
0.006375 8
0.000014 69
0.784863 11
0.000093 8
0.000026 69
0.247744 11
0.000089 8
0.000024 69
1.111941 11
0.000087 8
0.000025 69
0.207899 11
0.000091 8
0.000021 69
0.183482 11
0.000076 8
0.000016 69
1.824005 1
0.623891 4
0.159776 1
0.096455 1
0.207877 1
0.095956 1
0.056066 1
0.151952 1
0.128195 1
0.127989 1
1.200244 1
0.183549 1
0.096073 1
0.224139 1
0.255987 1
0.120099 1
0.215911 1
0.271641 1
0.096421 1
0.152037 1
0.591956 2
0.000015 9
3.092349 57
0.043523 20
1.677690 1
0.331538 1
0.111257 1
0.319981 1
0.235821 1
0.443962 1
0.336035 1
0.522001 2
0.058431 17
5.384113 1
0.231810 1
0.528114 1
0.440193 1
0.279606 1
0.112263 1
0.279920 1
0.800017 1
0.648043 1
0.520025 1
0.255959 1
0.303942 1
0.087954 1
0.360102 1
0.271883 1
0.136002 1
0.112009 1
0.232185 1
0.135880 1
0.135941 1
0.072066 1
0.135810 1
0.968394 1
0.280746 2
0.342674 73
0.048721 17
3.495675 1
0.367805 1
1.248106 1
0.473135 1
1.334869 4
0.168340 4
0.127334 1
0.207794 1
0.144160 1
0.112040 1
0.159838 1
1.216344 1
0.703912 1
0.136129 1
0.375727 1
1.089946 2
0.248397 41
0.048525 17
5.897456 19
0.251818 19
0.227811 19
0.428238 19
1.631973 1
0.471945 1
0.316044 1
0.544361 1
0.543924 1
0.087985 1
0.376067 1
2.944122 1
0.295684 1
0.120175 1
0.087617 1
0.144214 1
0.480208 1
0.215896 1
0.095999 1
0.528191 1
0.079750 1
0.320107 1
1.344585 2
0.212315 15
0.071221 749
0.013058 259
0.016007 17
5.374767 19
0.255881 19
0.216065 19
0.216015 19
0.208050 19
0.207809 19
0.464208 19
1.287909 1
0.167965 1
0.455930 1
0.271911 1
0.216142 1
0.096139 1
0.296046 1
0.295937 1
0.176008 1
0.183867 1
0.111618 1
0.287985 1
0.208369 1
0.224193 1
1.456058 1
0.151946 1
0.095925 1
0.079805 1
0.368261 1
0.383871 1
0.096045 1
0.184227 1
0.111898 1
0.096047 1
0.389375 1
0.145554 1
1.977643 2
0.328500 102
0.008767 129
0.896701 64
0.020042 43
0.001985 122
0.267445 244
0.001935 78
0.118531 27
0.148666 17
1.327194 19
0.199703 19
0.179976 19
0.188153 19
0.199803 19
0.528129 1
0.144043 1
0.171736 1
0.339949 1
0.232005 1
0.121053 1
0.287108 1
0.828337 1
0.087838 1
0.143700 1
0.147787 1
0.940468 1
0.168009 1
0.119988 1
0.920009 1
0.079499 1
0.320184 1
0.864056 1
0.879921 1
0.344007 1
0.079771 1
0.135833 1
0.080094 1
0.328328 1
0.352588 2
0.267433 83
0.012396 17
16.488389 8
0.006523 20
1.233647 8
0.006452 77
0.480299 18
0.944079 15
0.336132 2
0.543763 11
3.243429 53
0.049309 19
0.995677 21
1.980547 2
0.015374 66
0.003284 38
0.000239 11
0.644404 1
0.424040 1
0.551857 2
0.001316 53
0.000071 456
0.000019 282
0.871033 1
0.351966 1
0.135714 1
0.039721 1
0.200148 1
0.584119 3
0.183742 3
0.176048 3
0.168314 3
0.143708 1
0.264185 3
0.208088 3
0.264015 1
0.288117 1
0.175951 1
0.095907 1
0.336205 1
0.336049 1
0.087911 1
0.264026 1
0.096053 1
0.287856 1
0.192361 1
0.111933 1
0.279810 1
0.328038 1
1.824147 1
0.207860 1
0.183855 1
0.247844 1
0.328183 1
0.512184 2
0.020041 26
2.691779 1
0.672145 1
0.135939 1
0.079671 1
0.480307 1
0.327847 1
0.160325 1
0.496106 3
0.175548 3
0.175787 3
0.216084 1
0.376310 1
0.128141 1
0.263727 1
0.112068 1
0.287897 1
0.232203 1
0.096065 1
0.287750 1
0.272124 1
0.904228 1
0.175703 1
0.256169 1
0.127929 1
0.455999 1
0.320038 1
0.112021 1
0.287930 1
0.128013 1
0.496037 1
1.719909 2
0.018405 26
0.749311 1
0.319969 1
0.463985 2
0.000390 292
0.000101 369
2.263736 4
0.001772 19
1.086953 8
0.004003 8
0.000022 69
2.558684 2
0.000007 9
0.000094 8
0.000019 69
0.215933 11
0.000099 8
0.000020 69
0.191683 11
0.000091 8
0.000025 69
0.191804 11
0.000100 8
0.000021 69
0.192100 2
0.000008 9
0.000117 8
0.000026 69
0.207717 11
0.000091 8
0.000021 69
2.168188 17
0.471858 11
0.824036 2
0.000007 9
3.162968 53
0.045351 20
1.792522 1
0.263761 1
0.103764 1
0.312172 1
0.200011 1
0.304259 1
0.311843 1
0.280670 2
0.090227 17
2.725080 1
0.231884 1
0.104086 1
0.271904 1
0.500646 1
0.030036 1
0.030198 1
0.031477 1
0.175883 4
0.303969 4
0.176045 4
0.183752 4
0.272083 1
0.152050 1
1.255994 4
0.167984 4
0.183924 4
0.175921 4
0.183980 4
0.128137 1
0.112153 1
0.447862 1
0.448036 4
0.504217 1
0.071686 1
0.127970 1
0.151859 1
1.496392 1
0.135881 1
0.063912 1
0.216041 1
0.456264 1
0.247712 1
0.136018 1
0.287940 1
0.168160 1
0.279953 1
0.231937 1
0.328034 1
0.616071 1
0.484063 4
0.275973 1
0.087786 1
0.119876 1
0.087993 1
0.320143 1
0.329110 2
0.262589 83
0.012737 17
0.635609 19
0.243942 19
0.187926 19
0.191956 19
0.188022 19
6.048864 109
6.039943 2
0.291197 226
1.667753 1
0.240207 1
0.311814 1
0.351972 2
0.470014 71
0.004933 92
0.513951 26
2.220180 32
0.663035 33
0.582907 55
0.174863 163
0.022164 17
1.412425 19
0.175897 19
0.151976 19
5.126096 28
1.027388 8
0.003569 8
0.000030 69
0.842636 18
2.871900 15
1.380004 11
3.107345 53
0.063762 19
0.757373 21
0.856318 2
0.018756 255
0.000693 19
2.124201 1
0.391859 1
0.128066 1
0.191971 1
0.175790 1
1.280649 1
0.256443 1
0.079355 1
0.264390 1
0.079410 1
0.159882 1
0.232416 1
0.648007 1
0.095806 1
1.344405 1
0.279692 1
0.224170 1
0.103695 1
0.143809 1
0.232230 1
0.200033 1
0.183877 1
0.088122 1
0.079958 1
0.271998 1
0.272124 1
0.048003 1
0.087879 1
0.384285 1
0.047643 1
0.096190 1
0.680066 1
0.135845 1
0.039732 1
0.480254 2
0.451485 19
1.068591 34
0.231917 94
0.832691 2
0.030529 66
0.007205 38
0.000740 11
0.768975 1
0.263862 1
0.416110 2
0.002741 791
5.976253 4
0.000308 19
2.324907 8
0.004285 8
0.000023 69
2.226765 11
0.000024 6
