0.710375 77
2.730456 1
0.536201 4
0.432188 1
0.103472 1
0.231875 1
0.183713 1
0.256101 2
0.000017 9
0.117801 39
0.000010 91
0.000042 42
0.000014 37
0.000005 22
0.000030 32
0.000005 25
0.000012 22
0.000013 25
0.000015 24
0.000514 8
0.000015 69
0.757771 1
0.092221 1
0.255579 1
0.240189 1
0.439784 1
0.184025 1
0.288559 10
0.343421 2
0.000008 9
0.082994 3080
0.000152 378
0.001468 77
3.723987 11
0.000091 8
0.000008 69
0.215526 11
0.000082 77
0.175861 11
0.000087 8
0.000022 69
0.383960 1
0.152064 1
0.504242 1
0.107442 1
0.111896 1
0.124190 1
0.144021 1
0.208057 1
0.976103 1
0.236202 1
0.420027 2
0.000007 9
1.266166 69
0.467667 63
2.324214 12
0.000092 21
2.615286 12
0.000052 21
1.407828 12
0.000061 21
0.603516 12
0.000070 21
2.011201 12
0.000022 21
0.201869 12
0.000074 21
8.786894 12
0.085996 65
0.177551 91
0.697104 81
0.707783 72
0.071027 77
0.000277 37
0.084789 42
0.086232 62
0.000201 60
0.445937 62
0.227860 36
0.324741 82
0.280234 50
0.000064 44
0.000124 51
107.425204 174
1.960636 84
0.692211 78
0.633762 88
1.018699 48
0.028109 60
0.059740 567
1.052092 77
3.842462 11
0.000078 8
0.000017 69
0.183606 11
0.000083 8
0.000017 69
0.175685 11
0.000088 8
0.000017 69
0.256477 1
0.215651 1
0.175750 1
0.112307 1
0.183572 1
0.168042 1
0.080200 1
0.239945 1
0.824262 1
0.175742 1
0.088050 1
0.079875 1
0.104020 1
0.264014 1
0.120040 1
0.080300 1
0.103909 1
0.423962 2
0.000009 9
0.327209 581
0.036485 77
1.732477 11
0.000082 8
0.000018 69
0.183447 11
0.000104 8
0.000022 69
0.440035 1
0.191986 1
0.199814 1
0.112119 1
0.175795 1
0.314430 3
0.677968 1
0.287752 1
0.104136 1
0.080494 7
1.767715 1
0.095735 1
0.144875 8
0.727319 1
0.103969 1
0.279979 8
0.487884 2
0.000020 9
0.377244 191
0.005698 191
1.532837 24
0.017492 191
38.986653 24
0.006840 191
7.179569 29
0.007008 191
1.027906 27
0.000142 2
0.005314 191
0.832256 29
0.006505 191
1.383805 29
0.018251 191
0.793795 29
0.006962 191
0.631727 29
0.012662 191
0.000040 152
0.000017 2
0.077912 77
4.081397 11
0.000090 8
0.000015 69
0.183879 11
0.000080 8
0.000015 69
0.183731 11
0.000067 8
0.000018 69
0.432069 1
0.287917 1
0.136078 1
1.676040 1
0.371813 1
0.544026 1
0.207815 1
0.120047 1
0.079994 1
0.056031 1
0.280494 1
0.227690 1
0.155872 1
0.152061 1
0.199991 1
0.416138 1
0.167801 1
0.191948 1
0.072052 1
1.040519 2
0.000008 9
0.007815 3357
0.000014 817
0.000568 8
0.000012 69
3.231284 1
0.352008 1
1.187973 1
0.155760 1
0.124120 1
0.264169 1
0.915979 1
0.327637 1
0.116046 1
0.492026 1
0.292236 2
0.000008 9
0.000096 8
0.000014 69
1.071659 11
0.000016 6
